[0.087s] Invoking command in '/home/ashmitha/ros_ws/build/msgs': CMAKE_PREFIX_PATH=${CMAKE_PREFIX_PATH}:/opt/ros/foxy CONDA_PROMPT_MODIFIER=(base) /home/ashmitha/.local/bin/cmake /home/ashmitha/ros_ws/src/msgs -DCMAKE_INSTALL_PREFIX=/home/ashmitha/ros_ws/install/msgs
[0.119s] -- Found ament_cmake: 0.9.12 (/opt/ros/foxy/share/ament_cmake/cmake)
[0.122s] [33mCMake Warning (dev) at /opt/ros/foxy/share/ament_cmake_core/cmake/core/python.cmake:22 (find_package):
[0.122s]   Policy CMP0148 is not set: The FindPythonInterp and FindPythonLibs modules
[0.122s]   are removed.  Run "cmake --help-policy CMP0148" for policy details.  Use
[0.123s]   the cmake_policy command to set the policy and suppress this warning.
[0.123s] 
[0.123s] Call Stack (most recent call first):
[0.123s]   /opt/ros/foxy/share/ament_cmake_core/cmake/core/all.cmake:53 (include)
[0.123s]   /opt/ros/foxy/share/ament_cmake_core/cmake/ament_cmake_core-extras.cmake:17 (include)
[0.123s]   /opt/ros/foxy/share/ament_cmake_core/cmake/ament_cmake_coreConfig.cmake:41 (include)
[0.123s]   /opt/ros/foxy/share/ament_cmake/cmake/ament_cmake_export_dependencies-extras.cmake:15 (find_package)
[0.123s]   /opt/ros/foxy/share/ament_cmake/cmake/ament_cmakeConfig.cmake:41 (include)
[0.123s]   CMakeLists.txt:22 (find_package)
[0.123s] This warning is for project developers.  Use -Wno-dev to suppress it.
[0.123s] [0m
[0.141s] -- Found PythonInterp: /home/ashmitha/anaconda3/bin/python3 (found suitable version "3.11.4", minimum required is "3") 
[0.142s] -- Using PYTHON_EXECUTABLE: /home/ashmitha/anaconda3/bin/python3
[0.291s] -- Found ament_lint_auto: 0.9.8 (/opt/ros/foxy/share/ament_lint_auto/cmake)
[0.366s] -- Found rosidl_default_generators: 1.0.1 (/opt/ros/foxy/share/rosidl_default_generators/cmake)
[0.367s] -- Using all available rosidl_typesupport_c: rosidl_typesupport_fastrtps_c;rosidl_typesupport_introspection_c
[0.370s] -- Found rosidl_adapter: 1.3.1 (/opt/ros/foxy/share/rosidl_adapter/cmake)
[0.490s] -- Using all available rosidl_typesupport_cpp: rosidl_typesupport_fastrtps_cpp;rosidl_typesupport_introspection_cpp
[0.507s] [33mCMake Warning (dev) at /opt/ros/foxy/share/rosidl_adapter/cmake/rosidl_adapt_interfaces.cmake:40 (find_package):
[0.507s]   Policy CMP0148 is not set: The FindPythonInterp and FindPythonLibs modules
[0.507s]   are removed.  Run "cmake --help-policy CMP0148" for policy details.  Use
[0.507s]   the cmake_policy command to set the policy and suppress this warning.
[0.507s] 
[0.507s] Call Stack (most recent call first):
[0.507s]   /opt/ros/foxy/share/rosidl_cmake/cmake/rosidl_generate_interfaces.cmake:130 (rosidl_adapt_interfaces)
[0.507s]   CMakeLists.txt:40 (rosidl_generate_interfaces)
[0.507s] This warning is for project developers.  Use -Wno-dev to suppress it.
[0.507s] [0m
[0.520s] -- Found PythonInterp: /home/ashmitha/anaconda3/bin/python3 (found version "3.11.4") 
[0.551s] [31mCMake Error at /opt/ros/foxy/share/rosidl_adapter/cmake/rosidl_adapt_interfaces.cmake:60 (message):
[0.551s]   execute_process(/home/ashmitha/anaconda3/bin/python3 -m rosidl_adapter
[0.551s]   --package-name msgs --arguments-file
[0.551s]   /home/ashmitha/ros_ws/build/msgs/rosidl_adapter__arguments__msgs.json
[0.551s]   --output-dir /home/ashmitha/ros_ws/build/msgs/rosidl_adapter/msgs
[0.551s]   --output-file /home/ashmitha/ros_ws/build/msgs/rosidl_adapter/msgs.idls)
[0.551s]   returned error code 1:
[0.551s] 
[0.552s]   Traceback (most recent call last):
[0.552s] 
[0.552s]     File "<frozen runpy>", line 198, in _run_module_as_main
[0.552s]     File "<frozen runpy>", line 88, in _run_code
[0.552s]     File "/opt/ros/foxy/lib/python3.8/site-packages/rosidl_adapter/__main__.py", line 19, in <module>
[0.552s]       sys.exit(main())
[0.552s]                ^^^^^^
[0.552s]     File "/opt/ros/foxy/lib/python3.8/site-packages/rosidl_adapter/main.py", line 53, in main
[0.552s]       abs_idl_file = convert_to_idl(
[0.552s]                      ^^^^^^^^^^^^^^^
[0.552s]     File "/opt/ros/foxy/lib/python3.8/site-packages/rosidl_adapter/__init__.py", line 28, in convert_to_idl
[0.552s]       from rosidl_adapter.action import convert_action_to_idl
[0.552s]     File "/opt/ros/foxy/lib/python3.8/site-packages/rosidl_adapter/action/__init__.py", line 16, in <module>
[0.552s]       from rosidl_adapter.resource import expand_template
[0.552s]     File "/opt/ros/foxy/lib/python3.8/site-packages/rosidl_adapter/resource/__init__.py", line 20, in <module>
[0.552s]       import em
[0.552s] 
[0.552s]   ModuleNotFoundError: No module named 'em'
[0.552s] 
[0.552s] Call Stack (most recent call first):
[0.552s]   /opt/ros/foxy/share/rosidl_cmake/cmake/rosidl_generate_interfaces.cmake:130 (rosidl_adapt_interfaces)
[0.552s]   CMakeLists.txt:40 (rosidl_generate_interfaces)
[0.552s] 
[0.552s] [0m
[0.552s] -- Configuring incomplete, errors occurred!
[0.559s] Invoked command in '/home/ashmitha/ros_ws/build/msgs' returned '1': CMAKE_PREFIX_PATH=${CMAKE_PREFIX_PATH}:/opt/ros/foxy CONDA_PROMPT_MODIFIER=(base) /home/ashmitha/.local/bin/cmake /home/ashmitha/ros_ws/src/msgs -DCMAKE_INSTALL_PREFIX=/home/ashmitha/ros_ws/install/msgs
