[0.098s] Invoking command in '/home/ashmitha/ros_ws/build/msgs': CMAKE_PREFIX_PATH=${CMAKE_PREFIX_PATH}:/opt/ros/foxy CONDA_PROMPT_MODIFIER=(base) /home/ashmitha/.local/bin/cmake --build /home/ashmitha/ros_ws/build/msgs -- -j8 -l8
[0.127s] -- Found ament_cmake: 0.9.12 (/opt/ros/foxy/share/ament_cmake/cmake)
[0.128s] [33mCMake Warning (dev) at /opt/ros/foxy/share/ament_cmake_core/cmake/core/python.cmake:22 (find_package):
[0.128s]   Policy CMP0148 is not set: The FindPythonInterp and FindPythonLibs modules
[0.128s]   are removed.  Run "cmake --help-policy CMP0148" for policy details.  Use
[0.128s]   the cmake_policy command to set the policy and suppress this warning.
[0.128s] 
[0.128s] Call Stack (most recent call first):
[0.128s]   /opt/ros/foxy/share/ament_cmake_core/cmake/core/all.cmake:53 (include)
[0.128s]   /opt/ros/foxy/share/ament_cmake_core/cmake/ament_cmake_core-extras.cmake:17 (include)
[0.129s]   /opt/ros/foxy/share/ament_cmake_core/cmake/ament_cmake_coreConfig.cmake:41 (include)
[0.129s]   /opt/ros/foxy/share/ament_cmake/cmake/ament_cmake_export_dependencies-extras.cmake:15 (find_package)
[0.129s]   /opt/ros/foxy/share/ament_cmake/cmake/ament_cmakeConfig.cmake:41 (include)
[0.129s]   CMakeLists.txt:8 (find_package)
[0.129s] This warning is for project developers.  Use -Wno-dev to suppress it.
[0.129s] [0m
[0.143s] -- Found PythonInterp: /home/ashmitha/anaconda3/bin/python3 (found suitable version "3.11.4", minimum required is "3") 
[0.143s] -- Using PYTHON_EXECUTABLE: /home/ashmitha/anaconda3/bin/python3
[0.315s] -- Found nav2_common: 0.4.7 (/opt/ros/foxy/share/nav2_common/cmake)
[0.315s] -- Found builtin_interfaces: 1.0.0 (/opt/ros/foxy/share/builtin_interfaces/cmake)
[0.335s] -- Using all available rosidl_typesupport_c: rosidl_typesupport_fastrtps_c;rosidl_typesupport_introspection_c
[0.339s] -- Found rosidl_adapter: 1.3.1 (/opt/ros/foxy/share/rosidl_adapter/cmake)
[0.445s] -- Using all available rosidl_typesupport_cpp: rosidl_typesupport_fastrtps_cpp;rosidl_typesupport_introspection_cpp
[0.462s] -- Found rosidl_default_generators: 1.0.1 (/opt/ros/foxy/share/rosidl_default_generators/cmake)
[0.469s] -- Found action_msgs: 1.0.0 (/opt/ros/foxy/share/action_msgs/cmake)
[0.496s] -- Found nav_msgs: 2.0.5 (/opt/ros/foxy/share/nav_msgs/cmake)
[0.594s] -- Found rclcpp: 2.4.3 (/opt/ros/foxy/share/rclcpp/cmake)
[0.625s] -- Found rmw_implementation_cmake: 1.0.4 (/opt/ros/foxy/share/rmw_implementation_cmake/cmake)
[0.626s] -- Using RMW implementation 'rmw_fastrtps_cpp' as default
[0.627s] -- Performing Test CMAKE_HAVE_LIBC_PTHREAD
[0.671s] -- Performing Test CMAKE_HAVE_LIBC_PTHREAD - Failed
[0.671s] -- Looking for pthread_create in pthreads
[0.700s] -- Looking for pthread_create in pthreads - not found
[0.700s] -- Looking for pthread_create in pthread
[0.742s] -- Looking for pthread_create in pthread - found
[0.743s] -- Found Threads: TRUE  
[0.840s] [33mCMake Warning (dev) at /opt/ros/foxy/share/rosidl_adapter/cmake/rosidl_adapt_interfaces.cmake:40 (find_package):
[0.840s]   Policy CMP0148 is not set: The FindPythonInterp and FindPythonLibs modules
[0.840s]   are removed.  Run "cmake --help-policy CMP0148" for policy details.  Use
[0.840s]   the cmake_policy command to set the policy and suppress this warning.
[0.840s] 
[0.840s] Call Stack (most recent call first):
[0.840s]   /opt/ros/foxy/share/rosidl_cmake/cmake/rosidl_generate_interfaces.cmake:130 (rosidl_adapt_interfaces)
[0.840s]   CMakeLists.txt:22 (rosidl_generate_interfaces)
[0.840s] This warning is for project developers.  Use -Wno-dev to suppress it.
[0.840s] [0m
[0.853s] -- Found PythonInterp: /home/ashmitha/anaconda3/bin/python3 (found version "3.11.4") 
[0.984s] -- Found ament_cmake_ros: 0.9.2 (/opt/ros/foxy/share/ament_cmake_ros/cmake)
[1.129s] -- Using all available rosidl_typesupport_c: rosidl_typesupport_fastrtps_c;rosidl_typesupport_introspection_c
[1.180s] -- Using all available rosidl_typesupport_cpp: rosidl_typesupport_fastrtps_cpp;rosidl_typesupport_introspection_cpp
[1.183s] [33mCMake Warning (dev) at /opt/ros/foxy/share/rosidl_generator_py/cmake/rosidl_generator_py_generate_interfaces.cmake:20 (find_package):
[1.183s]   Policy CMP0148 is not set: The FindPythonInterp and FindPythonLibs modules
[1.184s]   are removed.  Run "cmake --help-policy CMP0148" for policy details.  Use
[1.184s]   the cmake_policy command to set the policy and suppress this warning.
[1.184s] 
[1.184s] Call Stack (most recent call first):
[1.184s]   /opt/ros/foxy/share/ament_cmake_core/cmake/core/ament_execute_extensions.cmake:48 (include)
[1.184s]   /opt/ros/foxy/share/rosidl_cmake/cmake/rosidl_generate_interfaces.cmake:286 (ament_execute_extensions)
[1.184s]   CMakeLists.txt:22 (rosidl_generate_interfaces)
[1.184s] This warning is for project developers.  Use -Wno-dev to suppress it.
[1.184s] [0m
[1.197s] -- Found PythonInterp: /home/ashmitha/anaconda3/bin/python3 (found suitable version "3.11.4", minimum required is "3.5") 
[1.198s] -- Found python_cmake_module: 0.8.1 (/opt/ros/foxy/share/python_cmake_module/cmake)
[1.198s] [33mCMake Warning (dev) at /opt/ros/foxy/share/python_cmake_module/cmake/Modules/FindPythonExtra.cmake:45 (find_package):
[1.198s]   Policy CMP0148 is not set: The FindPythonInterp and FindPythonLibs modules
[1.198s]   are removed.  Run "cmake --help-policy CMP0148" for policy details.  Use
[1.198s]   the cmake_policy command to set the policy and suppress this warning.
[1.198s] 
[1.198s] Call Stack (most recent call first):
[1.198s]   /opt/ros/foxy/share/rosidl_generator_py/cmake/rosidl_generator_py_generate_interfaces.cmake:23 (find_package)
[1.198s]   /opt/ros/foxy/share/ament_cmake_core/cmake/core/ament_execute_extensions.cmake:48 (include)
[1.198s]   /opt/ros/foxy/share/rosidl_cmake/cmake/rosidl_generate_interfaces.cmake:286 (ament_execute_extensions)
[1.198s]   CMakeLists.txt:22 (rosidl_generate_interfaces)
[1.198s] This warning is for project developers.  Use -Wno-dev to suppress it.
[1.198s] [0m
[1.211s] [33mCMake Warning (dev) at /opt/ros/foxy/share/python_cmake_module/cmake/Modules/FindPythonExtra.cmake:133 (find_package):
[1.211s]   Policy CMP0148 is not set: The FindPythonInterp and FindPythonLibs modules
[1.211s]   are removed.  Run "cmake --help-policy CMP0148" for policy details.  Use
[1.211s]   the cmake_policy command to set the policy and suppress this warning.
[1.211s] 
[1.211s] Call Stack (most recent call first):
[1.211s]   /opt/ros/foxy/share/rosidl_generator_py/cmake/rosidl_generator_py_generate_interfaces.cmake:23 (find_package)
[1.211s]   /opt/ros/foxy/share/ament_cmake_core/cmake/core/ament_execute_extensions.cmake:48 (include)
[1.211s]   /opt/ros/foxy/share/rosidl_cmake/cmake/rosidl_generate_interfaces.cmake:286 (ament_execute_extensions)
[1.211s]   CMakeLists.txt:22 (rosidl_generate_interfaces)
[1.211s] This warning is for project developers.  Use -Wno-dev to suppress it.
[1.212s] [0m
[1.212s] -- Using PYTHON_EXECUTABLE: /home/ashmitha/anaconda3/bin/python3
[1.212s] -- Using PYTHON_INCLUDE_DIRS: /home/ashmitha/anaconda3/include/python3.11
[1.212s] -- Using PYTHON_LIBRARIES: /home/ashmitha/anaconda3/lib/libpython3.11.so
[1.294s] -- Using numpy include directory: /home/ashmitha/anaconda3/lib/python3.11/site-packages/numpy/core/include
[1.304s] -- Found ament_lint_auto: 0.9.8 (/opt/ros/foxy/share/ament_lint_auto/cmake)
[1.310s] -- Added test 'copyright' to check source files copyright and LICENSE
[1.311s] -- Added test 'lint_cmake' to check CMake code style
[1.312s] -- Added test 'xmllint' to check XML markup files
[1.313s] -- Configuring done (1.2s)
[1.338s] [33mCMake Warning at /opt/ros/foxy/share/rosidl_generator_py/cmake/rosidl_generator_py_generate_interfaces.cmake:235 (add_library):
[1.338s]   Cannot generate a safe runtime search path for target
[1.338s]   msgs__rosidl_typesupport_fastrtps_c__pyext because files in some
[1.338s]   directories may conflict with libraries in implicit directories:
[1.338s] 
[1.338s]     runtime library [libssl.so.1.1] in /usr/lib/x86_64-linux-gnu may be hidden by files in:
[1.338s]       /home/ashmitha/anaconda3/lib
[1.338s]     runtime library [libcrypto.so.1.1] in /usr/lib/x86_64-linux-gnu may be hidden by files in:
[1.338s]       /home/ashmitha/anaconda3/lib
[1.338s] 
[1.338s]   Some of these libraries may not be found correctly.
[1.338s] Call Stack (most recent call first):
[1.338s]   /opt/ros/foxy/share/ament_cmake_core/cmake/core/ament_execute_extensions.cmake:48 (include)
[1.338s]   /opt/ros/foxy/share/rosidl_cmake/cmake/rosidl_generate_interfaces.cmake:286 (ament_execute_extensions)
[1.338s]   CMakeLists.txt:22 (rosidl_generate_interfaces)
[1.338s] 
[1.338s] [0m
[1.344s] -- Generating done (0.0s)
[1.346s] -- Build files have been written to: /home/ashmitha/ros_ws/build/msgs
[1.360s] [  3%] Built target msgs__cpp
[1.361s] [ 12%] Built target msgs__rosidl_generator_c
[1.368s] [ 22%] Built target msgs__rosidl_typesupport_cpp
[1.369s] [ 32%] Built target msgs__rosidl_typesupport_introspection_cpp
[1.369s] [ 41%] Built target msgs__rosidl_typesupport_introspection_c
[1.369s] [ 51%] Built target msgs__rosidl_typesupport_c
[1.370s] [ 61%] Built target msgs__rosidl_typesupport_fastrtps_cpp
[1.378s] [ 70%] Built target msgs__rosidl_typesupport_fastrtps_c
[1.384s] [ 70%] Built target msgs
[1.390s] [ 74%] Built target msgs__py
[1.399s] [ 80%] Built target msgs__python
[1.407s] [ 93%] Built target msgs__rosidl_typesupport_introspection_c__pyext
[1.408s] [ 93%] Built target msgs__rosidl_typesupport_fastrtps_c__pyext
[1.408s] [100%] Built target msgs__rosidl_typesupport_c__pyext
[1.414s] Invoked command in '/home/ashmitha/ros_ws/build/msgs' returned '0': CMAKE_PREFIX_PATH=${CMAKE_PREFIX_PATH}:/opt/ros/foxy CONDA_PROMPT_MODIFIER=(base) /home/ashmitha/.local/bin/cmake --build /home/ashmitha/ros_ws/build/msgs -- -j8 -l8
[1.467s] Invoking command in '/home/ashmitha/ros_ws/build/msgs': CMAKE_PREFIX_PATH=${CMAKE_PREFIX_PATH}:/opt/ros/foxy CONDA_PROMPT_MODIFIER=(base) /home/ashmitha/.local/bin/cmake --install /home/ashmitha/ros_ws/build/msgs
[1.490s] -- Install configuration: "Release"
[1.490s] -- Up-to-date: /home/ashmitha/ros_ws/install/msgs/share/ament_index/resource_index/rosidl_interfaces/msgs
[1.490s] -- Up-to-date: /home/ashmitha/ros_ws/install/msgs/include/msgs
[1.490s] -- Up-to-date: /home/ashmitha/ros_ws/install/msgs/include/msgs/msg
[1.490s] -- Up-to-date: /home/ashmitha/ros_ws/install/msgs/include/msgs/msg/rosidl_generator_c__visibility_control.h
[1.490s] -- Up-to-date: /home/ashmitha/ros_ws/install/msgs/include/msgs/action
[1.490s] -- Up-to-date: /home/ashmitha/ros_ws/install/msgs/include/msgs/action/teleop.h
[1.490s] -- Up-to-date: /home/ashmitha/ros_ws/install/msgs/include/msgs/action/detail
[1.490s] -- Up-to-date: /home/ashmitha/ros_ws/install/msgs/include/msgs/action/detail/teleop__functions.c
[1.491s] -- Up-to-date: /home/ashmitha/ros_ws/install/msgs/include/msgs/action/detail/teleop__type_support.h
[1.491s] -- Up-to-date: /home/ashmitha/ros_ws/install/msgs/include/msgs/action/detail/teleop__functions.h
[1.491s] -- Up-to-date: /home/ashmitha/ros_ws/install/msgs/include/msgs/action/detail/teleop__struct.h
[1.491s] -- Up-to-date: /home/ashmitha/ros_ws/install/msgs/share/msgs/environment/library_path.sh
[1.491s] -- Installing: /home/ashmitha/ros_ws/install/msgs/share/msgs/environment/library_path.dsv
[1.491s] -- Up-to-date: /home/ashmitha/ros_ws/install/msgs/lib/libmsgs__rosidl_generator_c.so
[1.491s] -- Up-to-date: /home/ashmitha/ros_ws/install/msgs/include/msgs
[1.491s] -- Up-to-date: /home/ashmitha/ros_ws/install/msgs/include/msgs/msg
[1.491s] -- Up-to-date: /home/ashmitha/ros_ws/install/msgs/include/msgs/msg/rosidl_typesupport_fastrtps_c__visibility_control.h
[1.491s] -- Up-to-date: /home/ashmitha/ros_ws/install/msgs/include/msgs/action
[1.491s] -- Up-to-date: /home/ashmitha/ros_ws/install/msgs/include/msgs/action/detail
[1.491s] -- Up-to-date: /home/ashmitha/ros_ws/install/msgs/include/msgs/action/detail/teleop__rosidl_typesupport_fastrtps_c.h
[1.491s] -- Up-to-date: /home/ashmitha/ros_ws/install/msgs/lib/libmsgs__rosidl_typesupport_fastrtps_c.so
[1.491s] -- Up-to-date: /home/ashmitha/ros_ws/install/msgs/include/msgs
[1.491s] -- Up-to-date: /home/ashmitha/ros_ws/install/msgs/include/msgs/msg
[1.492s] -- Up-to-date: /home/ashmitha/ros_ws/install/msgs/include/msgs/msg/rosidl_typesupport_fastrtps_cpp__visibility_control.h
[1.492s] -- Up-to-date: /home/ashmitha/ros_ws/install/msgs/include/msgs/action
[1.492s] -- Up-to-date: /home/ashmitha/ros_ws/install/msgs/include/msgs/action/detail
[1.492s] -- Up-to-date: /home/ashmitha/ros_ws/install/msgs/include/msgs/action/detail/dds_fastrtps
[1.492s] -- Up-to-date: /home/ashmitha/ros_ws/install/msgs/include/msgs/action/detail/teleop__rosidl_typesupport_fastrtps_cpp.hpp
[1.492s] -- Up-to-date: /home/ashmitha/ros_ws/install/msgs/lib/libmsgs__rosidl_typesupport_fastrtps_cpp.so
[1.492s] -- Up-to-date: /home/ashmitha/ros_ws/install/msgs/include/msgs
[1.492s] -- Up-to-date: /home/ashmitha/ros_ws/install/msgs/include/msgs/msg
[1.492s] -- Up-to-date: /home/ashmitha/ros_ws/install/msgs/include/msgs/msg/rosidl_typesupport_introspection_c__visibility_control.h
[1.492s] -- Up-to-date: /home/ashmitha/ros_ws/install/msgs/include/msgs/action
[1.492s] -- Up-to-date: /home/ashmitha/ros_ws/install/msgs/include/msgs/action/detail
[1.492s] -- Up-to-date: /home/ashmitha/ros_ws/install/msgs/include/msgs/action/detail/teleop__type_support.c
[1.492s] -- Up-to-date: /home/ashmitha/ros_ws/install/msgs/include/msgs/action/detail/teleop__rosidl_typesupport_introspection_c.h
[1.492s] -- Up-to-date: /home/ashmitha/ros_ws/install/msgs/lib/libmsgs__rosidl_typesupport_introspection_c.so
[1.492s] -- Up-to-date: /home/ashmitha/ros_ws/install/msgs/lib/libmsgs__rosidl_typesupport_c.so
[1.492s] -- Up-to-date: /home/ashmitha/ros_ws/install/msgs/include/msgs
[1.492s] -- Up-to-date: /home/ashmitha/ros_ws/install/msgs/include/msgs/msg
[1.492s] -- Up-to-date: /home/ashmitha/ros_ws/install/msgs/include/msgs/msg/rosidl_generator_cpp__visibility_control.hpp
[1.492s] -- Up-to-date: /home/ashmitha/ros_ws/install/msgs/include/msgs/action
[1.492s] -- Up-to-date: /home/ashmitha/ros_ws/install/msgs/include/msgs/action/teleop.hpp
[1.492s] -- Up-to-date: /home/ashmitha/ros_ws/install/msgs/include/msgs/action/detail
[1.492s] -- Up-to-date: /home/ashmitha/ros_ws/install/msgs/include/msgs/action/detail/teleop__struct.hpp
[1.493s] -- Up-to-date: /home/ashmitha/ros_ws/install/msgs/include/msgs/action/detail/teleop__type_support.hpp
[1.493s] -- Up-to-date: /home/ashmitha/ros_ws/install/msgs/include/msgs/action/detail/teleop__traits.hpp
[1.493s] -- Up-to-date: /home/ashmitha/ros_ws/install/msgs/include/msgs/action/detail/teleop__builder.hpp
[1.493s] -- Up-to-date: /home/ashmitha/ros_ws/install/msgs/include/msgs
[1.493s] -- Up-to-date: /home/ashmitha/ros_ws/install/msgs/include/msgs/action
[1.493s] -- Up-to-date: /home/ashmitha/ros_ws/install/msgs/include/msgs/action/detail
[1.493s] -- Up-to-date: /home/ashmitha/ros_ws/install/msgs/include/msgs/action/detail/teleop__type_support.cpp
[1.493s] -- Up-to-date: /home/ashmitha/ros_ws/install/msgs/include/msgs/action/detail/teleop__rosidl_typesupport_introspection_cpp.hpp
[1.493s] -- Up-to-date: /home/ashmitha/ros_ws/install/msgs/lib/libmsgs__rosidl_typesupport_introspection_cpp.so
[1.493s] -- Up-to-date: /home/ashmitha/ros_ws/install/msgs/lib/libmsgs__rosidl_typesupport_cpp.so
[1.493s] -- Up-to-date: /home/ashmitha/ros_ws/install/msgs/share/msgs/environment/pythonpath.sh
[1.493s] -- Installing: /home/ashmitha/ros_ws/install/msgs/share/msgs/environment/pythonpath.dsv
[1.493s] -- Installing: /home/ashmitha/ros_ws/install/msgs/lib/python3.11/site-packages/msgs/__init__.py
[1.519s] Compiling '/home/ashmitha/ros_ws/install/msgs/lib/python3.11/site-packages/msgs/__init__.py'...
[1.522s] -- Up-to-date: /home/ashmitha/ros_ws/install/msgs/lib/python3.11/site-packages/msgs/action
[1.523s] -- Up-to-date: /home/ashmitha/ros_ws/install/msgs/lib/python3.11/site-packages/msgs/action/__init__.py
[1.523s] -- Up-to-date: /home/ashmitha/ros_ws/install/msgs/lib/python3.11/site-packages/msgs/action/_teleop.py
[1.523s] -- Up-to-date: /home/ashmitha/ros_ws/install/msgs/lib/python3.11/site-packages/msgs/action/_teleop_s.c
[1.523s] -- Up-to-date: /home/ashmitha/ros_ws/install/msgs/lib/python3.11/site-packages/msgs/msgs_s__rosidl_typesupport_fastrtps_c.cpython-311-x86_64-linux-gnu.so
[1.523s] -- Up-to-date: /home/ashmitha/ros_ws/install/msgs/lib/python3.11/site-packages/msgs/msgs_s__rosidl_typesupport_introspection_c.cpython-311-x86_64-linux-gnu.so
[1.523s] -- Up-to-date: /home/ashmitha/ros_ws/install/msgs/lib/python3.11/site-packages/msgs/msgs_s__rosidl_typesupport_c.cpython-311-x86_64-linux-gnu.so
[1.524s] -- Up-to-date: /home/ashmitha/ros_ws/install/msgs/lib/libmsgs__python.so
[1.524s] -- Up-to-date: /home/ashmitha/ros_ws/install/msgs/share/msgs/action/Teleop.idl
[1.524s] -- Up-to-date: /home/ashmitha/ros_ws/install/msgs/share/msgs/action/Teleop.action
[1.524s] -- Up-to-date: /home/ashmitha/ros_ws/install/msgs/share/ament_index/resource_index/package_run_dependencies/msgs
[1.524s] -- Installing: /home/ashmitha/ros_ws/install/msgs/share/ament_index/resource_index/parent_prefix_path/msgs
[1.524s] -- Up-to-date: /home/ashmitha/ros_ws/install/msgs/share/msgs/environment/ament_prefix_path.sh
[1.524s] -- Installing: /home/ashmitha/ros_ws/install/msgs/share/msgs/environment/ament_prefix_path.dsv
[1.524s] -- Up-to-date: /home/ashmitha/ros_ws/install/msgs/share/msgs/environment/path.sh
[1.524s] -- Installing: /home/ashmitha/ros_ws/install/msgs/share/msgs/environment/path.dsv
[1.524s] -- Up-to-date: /home/ashmitha/ros_ws/install/msgs/share/msgs/local_setup.bash
[1.525s] -- Up-to-date: /home/ashmitha/ros_ws/install/msgs/share/msgs/local_setup.sh
[1.525s] -- Up-to-date: /home/ashmitha/ros_ws/install/msgs/share/msgs/local_setup.zsh
[1.525s] -- Installing: /home/ashmitha/ros_ws/install/msgs/share/msgs/local_setup.dsv
[1.525s] -- Installing: /home/ashmitha/ros_ws/install/msgs/share/msgs/package.dsv
[1.525s] -- Up-to-date: /home/ashmitha/ros_ws/install/msgs/share/ament_index/resource_index/packages/msgs
[1.525s] -- Up-to-date: /home/ashmitha/ros_ws/install/msgs/share/msgs/cmake/msgs__rosidl_generator_cExport.cmake
[1.525s] -- Up-to-date: /home/ashmitha/ros_ws/install/msgs/share/msgs/cmake/msgs__rosidl_generator_cExport-release.cmake
[1.525s] -- Up-to-date: /home/ashmitha/ros_ws/install/msgs/share/msgs/cmake/msgs__rosidl_typesupport_introspection_cExport.cmake
[1.525s] -- Up-to-date: /home/ashmitha/ros_ws/install/msgs/share/msgs/cmake/msgs__rosidl_typesupport_introspection_cExport-release.cmake
[1.526s] -- Up-to-date: /home/ashmitha/ros_ws/install/msgs/share/msgs/cmake/msgs__rosidl_typesupport_cExport.cmake
[1.526s] -- Up-to-date: /home/ashmitha/ros_ws/install/msgs/share/msgs/cmake/msgs__rosidl_typesupport_cExport-release.cmake
[1.526s] -- Up-to-date: /home/ashmitha/ros_ws/install/msgs/share/msgs/cmake/msgs__rosidl_generator_cppExport.cmake
[1.526s] -- Up-to-date: /home/ashmitha/ros_ws/install/msgs/share/msgs/cmake/msgs__rosidl_typesupport_introspection_cppExport.cmake
[1.526s] -- Up-to-date: /home/ashmitha/ros_ws/install/msgs/share/msgs/cmake/msgs__rosidl_typesupport_introspection_cppExport-release.cmake
[1.526s] -- Up-to-date: /home/ashmitha/ros_ws/install/msgs/share/msgs/cmake/msgs__rosidl_typesupport_cppExport.cmake
[1.526s] -- Up-to-date: /home/ashmitha/ros_ws/install/msgs/share/msgs/cmake/msgs__rosidl_typesupport_cppExport-release.cmake
[1.526s] -- Up-to-date: /home/ashmitha/ros_ws/install/msgs/share/msgs/cmake/rosidl_cmake-extras.cmake
[1.526s] -- Up-to-date: /home/ashmitha/ros_ws/install/msgs/share/msgs/cmake/ament_cmake_export_dependencies-extras.cmake
[1.526s] -- Up-to-date: /home/ashmitha/ros_ws/install/msgs/share/msgs/cmake/ament_cmake_export_libraries-extras.cmake
[1.526s] -- Up-to-date: /home/ashmitha/ros_ws/install/msgs/share/msgs/cmake/ament_cmake_export_targets-extras.cmake
[1.526s] -- Up-to-date: /home/ashmitha/ros_ws/install/msgs/share/msgs/cmake/ament_cmake_export_include_directories-extras.cmake
[1.526s] -- Up-to-date: /home/ashmitha/ros_ws/install/msgs/share/msgs/cmake/rosidl_cmake_export_typesupport_libraries-extras.cmake
[1.526s] -- Up-to-date: /home/ashmitha/ros_ws/install/msgs/share/msgs/cmake/rosidl_cmake_export_typesupport_targets-extras.cmake
[1.527s] -- Up-to-date: /home/ashmitha/ros_ws/install/msgs/share/msgs/cmake/msgsConfig.cmake
[1.527s] -- Up-to-date: /home/ashmitha/ros_ws/install/msgs/share/msgs/cmake/msgsConfig-version.cmake
[1.527s] -- Up-to-date: /home/ashmitha/ros_ws/install/msgs/share/msgs/package.xml
[1.530s] Invoked command in '/home/ashmitha/ros_ws/build/msgs' returned '0': CMAKE_PREFIX_PATH=${CMAKE_PREFIX_PATH}:/opt/ros/foxy CONDA_PROMPT_MODIFIER=(base) /home/ashmitha/.local/bin/cmake --install /home/ashmitha/ros_ws/build/msgs
