[0.202s] Invoking command in '/home/ashmitha/ros_ws/build/msgs': CMAKE_PREFIX_PATH=/opt/ros/foxy CONDA_PROMPT_MODIFIER=(base) /home/ashmitha/.local/bin/cmake --build /home/ashmitha/ros_ws/build/msgs -- -j8 -l8
[0.287s] -- Found ament_cmake: 0.9.12 (/opt/ros/foxy/share/ament_cmake/cmake)
[0.290s] [33mCMake Warning (dev) at /opt/ros/foxy/share/ament_cmake_core/cmake/core/python.cmake:22 (find_package):
[0.290s]   Policy CMP0148 is not set: The FindPythonInterp and FindPythonLibs modules
[0.290s]   are removed.  Run "cmake --help-policy CMP0148" for policy details.  Use
[0.290s]   the cmake_policy command to set the policy and suppress this warning.
[0.290s] 
[0.290s] Call Stack (most recent call first):
[0.290s]   /opt/ros/foxy/share/ament_cmake_core/cmake/core/all.cmake:53 (include)
[0.290s]   /opt/ros/foxy/share/ament_cmake_core/cmake/ament_cmake_core-extras.cmake:17 (include)
[0.291s]   /opt/ros/foxy/share/ament_cmake_core/cmake/ament_cmake_coreConfig.cmake:41 (include)
[0.291s]   /opt/ros/foxy/share/ament_cmake/cmake/ament_cmake_export_dependencies-extras.cmake:15 (find_package)
[0.291s]   /opt/ros/foxy/share/ament_cmake/cmake/ament_cmakeConfig.cmake:41 (include)
[0.291s]   CMakeLists.txt:8 (find_package)
[0.291s] This warning is for project developers.  Use -Wno-dev to suppress it.
[0.291s] [0m
[0.315s] -- Using PYTHON_EXECUTABLE: /home/ashmitha/anaconda3/bin/python3
[0.649s] -- Found nav2_common: 0.4.7 (/opt/ros/foxy/share/nav2_common/cmake)
[0.650s] -- Found builtin_interfaces: 1.0.0 (/opt/ros/foxy/share/builtin_interfaces/cmake)
[0.679s] -- Using all available rosidl_typesupport_c: rosidl_typesupport_fastrtps_c;rosidl_typesupport_introspection_c
[0.683s] -- Found rosidl_adapter: 1.3.1 (/opt/ros/foxy/share/rosidl_adapter/cmake)
[0.878s] -- Using all available rosidl_typesupport_cpp: rosidl_typesupport_fastrtps_cpp;rosidl_typesupport_introspection_cpp
[0.909s] -- Found action_msgs: 1.0.0 (/opt/ros/foxy/share/action_msgs/cmake)
[0.956s] -- Found nav_msgs: 2.0.5 (/opt/ros/foxy/share/nav_msgs/cmake)
[1.127s] -- Found rclcpp: 2.4.3 (/opt/ros/foxy/share/rclcpp/cmake)
[1.177s] -- Found rmw_implementation_cmake: 1.0.4 (/opt/ros/foxy/share/rmw_implementation_cmake/cmake)
[1.178s] -- Using RMW implementation 'rmw_fastrtps_cpp' as default
[1.386s] -- Found rosidl_default_generators: 1.0.1 (/opt/ros/foxy/share/rosidl_default_generators/cmake)
[1.400s] [33mCMake Warning (dev) at /opt/ros/foxy/share/rosidl_adapter/cmake/rosidl_adapt_interfaces.cmake:40 (find_package):
[1.400s]   Policy CMP0148 is not set: The FindPythonInterp and FindPythonLibs modules
[1.400s]   are removed.  Run "cmake --help-policy CMP0148" for policy details.  Use
[1.400s]   the cmake_policy command to set the policy and suppress this warning.
[1.400s] 
[1.400s] Call Stack (most recent call first):
[1.400s]   /opt/ros/foxy/share/rosidl_cmake/cmake/rosidl_generate_interfaces.cmake:130 (rosidl_adapt_interfaces)
[1.400s]   CMakeLists.txt:22 (rosidl_generate_interfaces)
[1.401s] This warning is for project developers.  Use -Wno-dev to suppress it.
[1.401s] [0m
[1.421s] -- Found PythonInterp: /home/ashmitha/anaconda3/bin/python3 (found version "3.11.4") 
[1.694s] -- Found ament_cmake_ros: 0.9.2 (/opt/ros/foxy/share/ament_cmake_ros/cmake)
[1.987s] -- Using all available rosidl_typesupport_c: rosidl_typesupport_fastrtps_c;rosidl_typesupport_introspection_c
[2.087s] -- Using all available rosidl_typesupport_cpp: rosidl_typesupport_fastrtps_cpp;rosidl_typesupport_introspection_cpp
[2.095s] [33mCMake Warning (dev) at /opt/ros/foxy/share/rosidl_generator_py/cmake/rosidl_generator_py_generate_interfaces.cmake:20 (find_package):
[2.095s]   Policy CMP0148 is not set: The FindPythonInterp and FindPythonLibs modules
[2.095s]   are removed.  Run "cmake --help-policy CMP0148" for policy details.  Use
[2.096s]   the cmake_policy command to set the policy and suppress this warning.
[2.096s] 
[2.096s] Call Stack (most recent call first):
[2.096s]   /opt/ros/foxy/share/ament_cmake_core/cmake/core/ament_execute_extensions.cmake:48 (include)
[2.096s]   /opt/ros/foxy/share/rosidl_cmake/cmake/rosidl_generate_interfaces.cmake:286 (ament_execute_extensions)
[2.096s]   CMakeLists.txt:22 (rosidl_generate_interfaces)
[2.096s] This warning is for project developers.  Use -Wno-dev to suppress it.
[2.096s] [0m
[2.131s] -- Found PythonInterp: /home/ashmitha/anaconda3/bin/python3 (found suitable version "3.11.4", minimum required is "3.5") 
[2.131s] -- Found python_cmake_module: 0.8.1 (/opt/ros/foxy/share/python_cmake_module/cmake)
[2.132s] [33mCMake Warning (dev) at /opt/ros/foxy/share/python_cmake_module/cmake/Modules/FindPythonExtra.cmake:45 (find_package):
[2.133s]   Policy CMP0148 is not set: The FindPythonInterp and FindPythonLibs modules
[2.133s]   are removed.  Run "cmake --help-policy CMP0148" for policy details.  Use
[2.133s]   the cmake_policy command to set the policy and suppress this warning.
[2.133s] 
[2.133s] Call Stack (most recent call first):
[2.133s]   /opt/ros/foxy/share/rosidl_generator_py/cmake/rosidl_generator_py_generate_interfaces.cmake:23 (find_package)
[2.133s]   /opt/ros/foxy/share/ament_cmake_core/cmake/core/ament_execute_extensions.cmake:48 (include)
[2.133s]   /opt/ros/foxy/share/rosidl_cmake/cmake/rosidl_generate_interfaces.cmake:286 (ament_execute_extensions)
[2.133s]   CMakeLists.txt:22 (rosidl_generate_interfaces)
[2.134s] This warning is for project developers.  Use -Wno-dev to suppress it.
[2.134s] [0m
[2.160s] [33mCMake Warning (dev) at /opt/ros/foxy/share/python_cmake_module/cmake/Modules/FindPythonExtra.cmake:133 (find_package):
[2.160s]   Policy CMP0148 is not set: The FindPythonInterp and FindPythonLibs modules
[2.160s]   are removed.  Run "cmake --help-policy CMP0148" for policy details.  Use
[2.160s]   the cmake_policy command to set the policy and suppress this warning.
[2.160s] 
[2.160s] Call Stack (most recent call first):
[2.161s]   /opt/ros/foxy/share/rosidl_generator_py/cmake/rosidl_generator_py_generate_interfaces.cmake:23 (find_package)
[2.161s]   /opt/ros/foxy/share/ament_cmake_core/cmake/core/ament_execute_extensions.cmake:48 (include)
[2.161s]   /opt/ros/foxy/share/rosidl_cmake/cmake/rosidl_generate_interfaces.cmake:286 (ament_execute_extensions)
[2.161s]   CMakeLists.txt:22 (rosidl_generate_interfaces)
[2.161s] This warning is for project developers.  Use -Wno-dev to suppress it.
[2.161s] [0m
[2.165s] -- Using PYTHON_EXECUTABLE: /home/ashmitha/anaconda3/bin/python3
[2.165s] -- Using PYTHON_INCLUDE_DIRS: /home/ashmitha/anaconda3/include/python3.11
[2.166s] -- Using PYTHON_LIBRARIES: /home/ashmitha/anaconda3/lib/libpython3.11.so
[2.428s] -- Using numpy include directory: /home/ashmitha/anaconda3/lib/python3.11/site-packages/numpy/core/include
[2.450s] -- Configuring done (2.2s)
[2.495s] [33mCMake Warning at /opt/ros/foxy/share/rosidl_generator_py/cmake/rosidl_generator_py_generate_interfaces.cmake:235 (add_library):
[2.495s]   Cannot generate a safe runtime search path for target
[2.495s]   msgs__rosidl_typesupport_fastrtps_c__pyext because files in some
[2.496s]   directories may conflict with libraries in implicit directories:
[2.496s] 
[2.496s]     runtime library [libssl.so.1.1] in /usr/lib/x86_64-linux-gnu may be hidden by files in:
[2.496s]       /home/ashmitha/anaconda3/lib
[2.496s]     runtime library [libcrypto.so.1.1] in /usr/lib/x86_64-linux-gnu may be hidden by files in:
[2.496s]       /home/ashmitha/anaconda3/lib
[2.496s] 
[2.496s]   Some of these libraries may not be found correctly.
[2.496s] Call Stack (most recent call first):
[2.496s]   /opt/ros/foxy/share/ament_cmake_core/cmake/core/ament_execute_extensions.cmake:48 (include)
[2.496s]   /opt/ros/foxy/share/rosidl_cmake/cmake/rosidl_generate_interfaces.cmake:286 (ament_execute_extensions)
[2.497s]   CMakeLists.txt:22 (rosidl_generate_interfaces)
[2.497s] 
[2.497s] [0m
[2.509s] -- Generating done (0.0s)
[2.513s] -- Build files have been written to: /home/ashmitha/ros_ws/build/msgs
[2.561s] [  3%] Built target msgs__cpp
[2.567s] [ 12%] Built target msgs__rosidl_generator_c
[2.580s] [ 22%] Built target msgs__rosidl_typesupport_introspection_cpp
[2.581s] [ 32%] Built target msgs__rosidl_typesupport_cpp
[2.583s] [ 41%] Built target msgs__rosidl_typesupport_c
[2.583s] [ 51%] Built target msgs__rosidl_typesupport_introspection_c
[2.584s] [ 61%] Built target msgs__rosidl_typesupport_fastrtps_cpp
[2.602s] [ 70%] Built target msgs__rosidl_typesupport_fastrtps_c
[2.610s] [ 70%] Built target msgs
[2.618s] [ 74%] Built target msgs__py
[2.632s] [ 80%] Built target msgs__python
[2.650s] [ 93%] Built target msgs__rosidl_typesupport_fastrtps_c__pyext
[2.650s] [ 93%] Built target msgs__rosidl_typesupport_introspection_c__pyext
[2.650s] [100%] Built target msgs__rosidl_typesupport_c__pyext
[2.662s] Invoked command in '/home/ashmitha/ros_ws/build/msgs' returned '0': CMAKE_PREFIX_PATH=/opt/ros/foxy CONDA_PROMPT_MODIFIER=(base) /home/ashmitha/.local/bin/cmake --build /home/ashmitha/ros_ws/build/msgs -- -j8 -l8
[2.790s] Invoking command in '/home/ashmitha/ros_ws/build/msgs': CMAKE_PREFIX_PATH=/opt/ros/foxy CONDA_PROMPT_MODIFIER=(base) /home/ashmitha/.local/bin/cmake --install /home/ashmitha/ros_ws/build/msgs
[2.835s] -- Install configuration: "Release"
[2.835s] -- Up-to-date: /home/ashmitha/ros_ws/install/msgs/share/ament_index/resource_index/rosidl_interfaces/msgs
[2.835s] -- Up-to-date: /home/ashmitha/ros_ws/install/msgs/include/msgs
[2.835s] -- Up-to-date: /home/ashmitha/ros_ws/install/msgs/include/msgs/msg
[2.835s] -- Up-to-date: /home/ashmitha/ros_ws/install/msgs/include/msgs/msg/rosidl_generator_c__visibility_control.h
[2.835s] -- Up-to-date: /home/ashmitha/ros_ws/install/msgs/include/msgs/action
[2.836s] -- Up-to-date: /home/ashmitha/ros_ws/install/msgs/include/msgs/action/teleop.h
[2.836s] -- Up-to-date: /home/ashmitha/ros_ws/install/msgs/include/msgs/action/detail
[2.836s] -- Up-to-date: /home/ashmitha/ros_ws/install/msgs/include/msgs/action/detail/teleop__functions.c
[2.836s] -- Up-to-date: /home/ashmitha/ros_ws/install/msgs/include/msgs/action/detail/teleop__type_support.h
[2.836s] -- Up-to-date: /home/ashmitha/ros_ws/install/msgs/include/msgs/action/detail/teleop__functions.h
[2.836s] -- Up-to-date: /home/ashmitha/ros_ws/install/msgs/include/msgs/action/detail/teleop__struct.h
[2.836s] -- Up-to-date: /home/ashmitha/ros_ws/install/msgs/share/msgs/environment/library_path.sh
[2.836s] -- Installing: /home/ashmitha/ros_ws/install/msgs/share/msgs/environment/library_path.dsv
[2.836s] -- Up-to-date: /home/ashmitha/ros_ws/install/msgs/lib/libmsgs__rosidl_generator_c.so
[2.836s] -- Up-to-date: /home/ashmitha/ros_ws/install/msgs/include/msgs
[2.837s] -- Up-to-date: /home/ashmitha/ros_ws/install/msgs/include/msgs/msg
[2.837s] -- Up-to-date: /home/ashmitha/ros_ws/install/msgs/include/msgs/msg/rosidl_typesupport_fastrtps_c__visibility_control.h
[2.837s] -- Up-to-date: /home/ashmitha/ros_ws/install/msgs/include/msgs/action
[2.837s] -- Up-to-date: /home/ashmitha/ros_ws/install/msgs/include/msgs/action/detail
[2.837s] -- Up-to-date: /home/ashmitha/ros_ws/install/msgs/include/msgs/action/detail/teleop__rosidl_typesupport_fastrtps_c.h
[2.837s] -- Up-to-date: /home/ashmitha/ros_ws/install/msgs/lib/libmsgs__rosidl_typesupport_fastrtps_c.so
[2.838s] -- Up-to-date: /home/ashmitha/ros_ws/install/msgs/include/msgs
[2.838s] -- Up-to-date: /home/ashmitha/ros_ws/install/msgs/include/msgs/msg
[2.838s] -- Up-to-date: /home/ashmitha/ros_ws/install/msgs/include/msgs/msg/rosidl_typesupport_fastrtps_cpp__visibility_control.h
[2.838s] -- Up-to-date: /home/ashmitha/ros_ws/install/msgs/include/msgs/action
[2.838s] -- Up-to-date: /home/ashmitha/ros_ws/install/msgs/include/msgs/action/detail
[2.838s] -- Up-to-date: /home/ashmitha/ros_ws/install/msgs/include/msgs/action/detail/dds_fastrtps
[2.838s] -- Up-to-date: /home/ashmitha/ros_ws/install/msgs/include/msgs/action/detail/teleop__rosidl_typesupport_fastrtps_cpp.hpp
[2.838s] -- Up-to-date: /home/ashmitha/ros_ws/install/msgs/lib/libmsgs__rosidl_typesupport_fastrtps_cpp.so
[2.838s] -- Up-to-date: /home/ashmitha/ros_ws/install/msgs/include/msgs
[2.838s] -- Up-to-date: /home/ashmitha/ros_ws/install/msgs/include/msgs/msg
[2.839s] -- Up-to-date: /home/ashmitha/ros_ws/install/msgs/include/msgs/msg/rosidl_typesupport_introspection_c__visibility_control.h
[2.839s] -- Up-to-date: /home/ashmitha/ros_ws/install/msgs/include/msgs/action
[2.839s] -- Up-to-date: /home/ashmitha/ros_ws/install/msgs/include/msgs/action/detail
[2.839s] -- Up-to-date: /home/ashmitha/ros_ws/install/msgs/include/msgs/action/detail/teleop__type_support.c
[2.839s] -- Up-to-date: /home/ashmitha/ros_ws/install/msgs/include/msgs/action/detail/teleop__rosidl_typesupport_introspection_c.h
[2.839s] -- Up-to-date: /home/ashmitha/ros_ws/install/msgs/lib/libmsgs__rosidl_typesupport_introspection_c.so
[2.839s] -- Up-to-date: /home/ashmitha/ros_ws/install/msgs/lib/libmsgs__rosidl_typesupport_c.so
[2.839s] -- Up-to-date: /home/ashmitha/ros_ws/install/msgs/include/msgs
[2.839s] -- Up-to-date: /home/ashmitha/ros_ws/install/msgs/include/msgs/msg
[2.840s] -- Up-to-date: /home/ashmitha/ros_ws/install/msgs/include/msgs/msg/rosidl_generator_cpp__visibility_control.hpp
[2.840s] -- Up-to-date: /home/ashmitha/ros_ws/install/msgs/include/msgs/action
[2.840s] -- Up-to-date: /home/ashmitha/ros_ws/install/msgs/include/msgs/action/teleop.hpp
[2.840s] -- Up-to-date: /home/ashmitha/ros_ws/install/msgs/include/msgs/action/detail
[2.840s] -- Up-to-date: /home/ashmitha/ros_ws/install/msgs/include/msgs/action/detail/teleop__struct.hpp
[2.840s] -- Up-to-date: /home/ashmitha/ros_ws/install/msgs/include/msgs/action/detail/teleop__type_support.hpp
[2.840s] -- Up-to-date: /home/ashmitha/ros_ws/install/msgs/include/msgs/action/detail/teleop__traits.hpp
[2.840s] -- Up-to-date: /home/ashmitha/ros_ws/install/msgs/include/msgs/action/detail/teleop__builder.hpp
[2.840s] -- Up-to-date: /home/ashmitha/ros_ws/install/msgs/include/msgs
[2.841s] -- Up-to-date: /home/ashmitha/ros_ws/install/msgs/include/msgs/action
[2.841s] -- Up-to-date: /home/ashmitha/ros_ws/install/msgs/include/msgs/action/detail
[2.841s] -- Up-to-date: /home/ashmitha/ros_ws/install/msgs/include/msgs/action/detail/teleop__type_support.cpp
[2.841s] -- Up-to-date: /home/ashmitha/ros_ws/install/msgs/include/msgs/action/detail/teleop__rosidl_typesupport_introspection_cpp.hpp
[2.841s] -- Up-to-date: /home/ashmitha/ros_ws/install/msgs/lib/libmsgs__rosidl_typesupport_introspection_cpp.so
[2.841s] -- Up-to-date: /home/ashmitha/ros_ws/install/msgs/lib/libmsgs__rosidl_typesupport_cpp.so
[2.841s] -- Up-to-date: /home/ashmitha/ros_ws/install/msgs/share/msgs/environment/pythonpath.sh
[2.841s] -- Installing: /home/ashmitha/ros_ws/install/msgs/share/msgs/environment/pythonpath.dsv
[2.841s] -- Installing: /home/ashmitha/ros_ws/install/msgs/lib/python3.11/site-packages/msgs/__init__.py
[2.880s] Compiling '/home/ashmitha/ros_ws/install/msgs/lib/python3.11/site-packages/msgs/__init__.py'...
[2.885s] -- Up-to-date: /home/ashmitha/ros_ws/install/msgs/lib/python3.11/site-packages/msgs/action
[2.885s] -- Up-to-date: /home/ashmitha/ros_ws/install/msgs/lib/python3.11/site-packages/msgs/action/__init__.py
[2.885s] -- Up-to-date: /home/ashmitha/ros_ws/install/msgs/lib/python3.11/site-packages/msgs/action/_teleop.py
[2.886s] -- Up-to-date: /home/ashmitha/ros_ws/install/msgs/lib/python3.11/site-packages/msgs/action/_teleop_s.c
[2.886s] -- Up-to-date: /home/ashmitha/ros_ws/install/msgs/lib/python3.11/site-packages/msgs/msgs_s__rosidl_typesupport_fastrtps_c.cpython-311-x86_64-linux-gnu.so
[2.886s] -- Up-to-date: /home/ashmitha/ros_ws/install/msgs/lib/python3.11/site-packages/msgs/msgs_s__rosidl_typesupport_introspection_c.cpython-311-x86_64-linux-gnu.so
[2.886s] -- Up-to-date: /home/ashmitha/ros_ws/install/msgs/lib/python3.11/site-packages/msgs/msgs_s__rosidl_typesupport_c.cpython-311-x86_64-linux-gnu.so
[2.886s] -- Up-to-date: /home/ashmitha/ros_ws/install/msgs/lib/libmsgs__python.so
[2.886s] -- Up-to-date: /home/ashmitha/ros_ws/install/msgs/share/msgs/action/Teleop.idl
[2.887s] -- Up-to-date: /home/ashmitha/ros_ws/install/msgs/share/msgs/action/Teleop.action
[2.887s] -- Up-to-date: /home/ashmitha/ros_ws/install/msgs/share/ament_index/resource_index/package_run_dependencies/msgs
[2.887s] -- Up-to-date: /home/ashmitha/ros_ws/install/msgs/share/ament_index/resource_index/parent_prefix_path/msgs
[2.887s] -- Up-to-date: /home/ashmitha/ros_ws/install/msgs/share/msgs/environment/ament_prefix_path.sh
[2.887s] -- Installing: /home/ashmitha/ros_ws/install/msgs/share/msgs/environment/ament_prefix_path.dsv
[2.887s] -- Up-to-date: /home/ashmitha/ros_ws/install/msgs/share/msgs/environment/path.sh
[2.887s] -- Installing: /home/ashmitha/ros_ws/install/msgs/share/msgs/environment/path.dsv
[2.888s] -- Up-to-date: /home/ashmitha/ros_ws/install/msgs/share/msgs/local_setup.bash
[2.888s] -- Up-to-date: /home/ashmitha/ros_ws/install/msgs/share/msgs/local_setup.sh
[2.888s] -- Up-to-date: /home/ashmitha/ros_ws/install/msgs/share/msgs/local_setup.zsh
[2.888s] -- Installing: /home/ashmitha/ros_ws/install/msgs/share/msgs/local_setup.dsv
[2.888s] -- Installing: /home/ashmitha/ros_ws/install/msgs/share/msgs/package.dsv
[2.888s] -- Up-to-date: /home/ashmitha/ros_ws/install/msgs/share/ament_index/resource_index/packages/msgs
[2.888s] -- Up-to-date: /home/ashmitha/ros_ws/install/msgs/share/msgs/cmake/msgs__rosidl_generator_cExport.cmake
[2.888s] -- Up-to-date: /home/ashmitha/ros_ws/install/msgs/share/msgs/cmake/msgs__rosidl_generator_cExport-release.cmake
[2.889s] -- Up-to-date: /home/ashmitha/ros_ws/install/msgs/share/msgs/cmake/msgs__rosidl_typesupport_introspection_cExport.cmake
[2.889s] -- Up-to-date: /home/ashmitha/ros_ws/install/msgs/share/msgs/cmake/msgs__rosidl_typesupport_introspection_cExport-release.cmake
[2.889s] -- Up-to-date: /home/ashmitha/ros_ws/install/msgs/share/msgs/cmake/msgs__rosidl_typesupport_cExport.cmake
[2.889s] -- Up-to-date: /home/ashmitha/ros_ws/install/msgs/share/msgs/cmake/msgs__rosidl_typesupport_cExport-release.cmake
[2.889s] -- Up-to-date: /home/ashmitha/ros_ws/install/msgs/share/msgs/cmake/msgs__rosidl_generator_cppExport.cmake
[2.889s] -- Up-to-date: /home/ashmitha/ros_ws/install/msgs/share/msgs/cmake/msgs__rosidl_typesupport_introspection_cppExport.cmake
[2.889s] -- Up-to-date: /home/ashmitha/ros_ws/install/msgs/share/msgs/cmake/msgs__rosidl_typesupport_introspection_cppExport-release.cmake
[2.889s] -- Up-to-date: /home/ashmitha/ros_ws/install/msgs/share/msgs/cmake/msgs__rosidl_typesupport_cppExport.cmake
[2.889s] -- Up-to-date: /home/ashmitha/ros_ws/install/msgs/share/msgs/cmake/msgs__rosidl_typesupport_cppExport-release.cmake
[2.890s] -- Up-to-date: /home/ashmitha/ros_ws/install/msgs/share/msgs/cmake/rosidl_cmake-extras.cmake
[2.890s] -- Up-to-date: /home/ashmitha/ros_ws/install/msgs/share/msgs/cmake/ament_cmake_export_dependencies-extras.cmake
[2.890s] -- Up-to-date: /home/ashmitha/ros_ws/install/msgs/share/msgs/cmake/ament_cmake_export_libraries-extras.cmake
[2.890s] -- Up-to-date: /home/ashmitha/ros_ws/install/msgs/share/msgs/cmake/ament_cmake_export_targets-extras.cmake
[2.890s] -- Up-to-date: /home/ashmitha/ros_ws/install/msgs/share/msgs/cmake/ament_cmake_export_include_directories-extras.cmake
[2.890s] -- Up-to-date: /home/ashmitha/ros_ws/install/msgs/share/msgs/cmake/rosidl_cmake_export_typesupport_libraries-extras.cmake
[2.890s] -- Up-to-date: /home/ashmitha/ros_ws/install/msgs/share/msgs/cmake/rosidl_cmake_export_typesupport_targets-extras.cmake
[2.890s] -- Up-to-date: /home/ashmitha/ros_ws/install/msgs/share/msgs/cmake/msgsConfig.cmake
[2.891s] -- Up-to-date: /home/ashmitha/ros_ws/install/msgs/share/msgs/cmake/msgsConfig-version.cmake
[2.891s] -- Up-to-date: /home/ashmitha/ros_ws/install/msgs/share/msgs/package.xml
[2.898s] Invoked command in '/home/ashmitha/ros_ws/build/msgs' returned '0': CMAKE_PREFIX_PATH=/opt/ros/foxy CONDA_PROMPT_MODIFIER=(base) /home/ashmitha/.local/bin/cmake --install /home/ashmitha/ros_ws/build/msgs
