[0.034s] Invoking command in '/home/ashmitha/ros_ws/build/msgs': CMAKE_PREFIX_PATH=/opt/ros/foxy CONDA_PROMPT_MODIFIER=(base) /home/ashmitha/.local/bin/cmake --build /home/ashmitha/ros_ws/build/msgs -- -j8 -l8
[0.058s] -- Found ament_cmake: 0.9.12 (/opt/ros/foxy/share/ament_cmake/cmake)
[0.059s] [33mCMake Warning (dev) at /opt/ros/foxy/share/ament_cmake_core/cmake/core/python.cmake:22 (find_package):
[0.059s]   Policy CMP0148 is not set: The FindPythonInterp and FindPythonLibs modules
[0.059s]   are removed.  Run "cmake --help-policy CMP0148" for policy details.  Use
[0.059s]   the cmake_policy command to set the policy and suppress this warning.
[0.059s] 
[0.059s] Call Stack (most recent call first):
[0.059s]   /opt/ros/foxy/share/ament_cmake_core/cmake/core/all.cmake:53 (include)
[0.059s]   /opt/ros/foxy/share/ament_cmake_core/cmake/ament_cmake_core-extras.cmake:17 (include)
[0.059s]   /opt/ros/foxy/share/ament_cmake_core/cmake/ament_cmake_coreConfig.cmake:41 (include)
[0.059s]   /opt/ros/foxy/share/ament_cmake/cmake/ament_cmake_export_dependencies-extras.cmake:15 (find_package)
[0.059s]   /opt/ros/foxy/share/ament_cmake/cmake/ament_cmakeConfig.cmake:41 (include)
[0.059s]   CMakeLists.txt:22 (find_package)
[0.059s] This warning is for project developers.  Use -Wno-dev to suppress it.
[0.059s] [0m
[0.071s] -- Found PythonInterp: /home/ashmitha/anaconda3/bin/python3 (found suitable version "3.11.4", minimum required is "3") 
[0.071s] -- Using PYTHON_EXECUTABLE: /home/ashmitha/anaconda3/bin/python3
[0.223s] -- Found nav2_common: 0.4.7 (/opt/ros/foxy/share/nav2_common/cmake)
[0.223s] -- Found ament_lint_auto: 0.9.8 (/opt/ros/foxy/share/ament_lint_auto/cmake)
[0.276s] -- Found rosidl_default_generators: 1.0.1 (/opt/ros/foxy/share/rosidl_default_generators/cmake)
[0.277s] -- Using all available rosidl_typesupport_c: rosidl_typesupport_fastrtps_c;rosidl_typesupport_introspection_c
[0.279s] -- Found rosidl_adapter: 1.3.1 (/opt/ros/foxy/share/rosidl_adapter/cmake)
[0.381s] -- Using all available rosidl_typesupport_cpp: rosidl_typesupport_fastrtps_cpp;rosidl_typesupport_introspection_cpp
[0.397s] [33mCMake Warning (dev) at /opt/ros/foxy/share/rosidl_adapter/cmake/rosidl_adapt_interfaces.cmake:40 (find_package):
[0.397s]   Policy CMP0148 is not set: The FindPythonInterp and FindPythonLibs modules
[0.397s]   are removed.  Run "cmake --help-policy CMP0148" for policy details.  Use
[0.397s]   the cmake_policy command to set the policy and suppress this warning.
[0.397s] 
[0.397s] Call Stack (most recent call first):
[0.397s]   /opt/ros/foxy/share/rosidl_cmake/cmake/rosidl_generate_interfaces.cmake:130 (rosidl_adapt_interfaces)
[0.397s]   CMakeLists.txt:49 (rosidl_generate_interfaces)
[0.398s] This warning is for project developers.  Use -Wno-dev to suppress it.
[0.398s] [0m
[0.410s] -- Found PythonInterp: /home/ashmitha/anaconda3/bin/python3 (found version "3.11.4") 
[0.492s] -- Found ament_cmake_ros: 0.9.2 (/opt/ros/foxy/share/ament_cmake_ros/cmake)
[0.584s] -- Using all available rosidl_typesupport_c: rosidl_typesupport_fastrtps_c;rosidl_typesupport_introspection_c
[0.598s] -- Using all available rosidl_typesupport_cpp: rosidl_typesupport_fastrtps_cpp;rosidl_typesupport_introspection_cpp
[0.600s] [33mCMake Warning (dev) at /opt/ros/foxy/share/rosidl_generator_py/cmake/rosidl_generator_py_generate_interfaces.cmake:20 (find_package):
[0.600s]   Policy CMP0148 is not set: The FindPythonInterp and FindPythonLibs modules
[0.601s]   are removed.  Run "cmake --help-policy CMP0148" for policy details.  Use
[0.601s]   the cmake_policy command to set the policy and suppress this warning.
[0.601s] 
[0.601s] Call Stack (most recent call first):
[0.601s]   /opt/ros/foxy/share/ament_cmake_core/cmake/core/ament_execute_extensions.cmake:48 (include)
[0.601s]   /opt/ros/foxy/share/rosidl_cmake/cmake/rosidl_generate_interfaces.cmake:286 (ament_execute_extensions)
[0.601s]   CMakeLists.txt:49 (rosidl_generate_interfaces)
[0.601s] This warning is for project developers.  Use -Wno-dev to suppress it.
[0.601s] [0m
[0.613s] -- Found PythonInterp: /home/ashmitha/anaconda3/bin/python3 (found suitable version "3.11.4", minimum required is "3.5") 
[0.613s] -- Found python_cmake_module: 0.8.1 (/opt/ros/foxy/share/python_cmake_module/cmake)
[0.613s] [33mCMake Warning (dev) at /opt/ros/foxy/share/python_cmake_module/cmake/Modules/FindPythonExtra.cmake:45 (find_package):
[0.613s]   Policy CMP0148 is not set: The FindPythonInterp and FindPythonLibs modules
[0.613s]   are removed.  Run "cmake --help-policy CMP0148" for policy details.  Use
[0.613s]   the cmake_policy command to set the policy and suppress this warning.
[0.613s] 
[0.613s] Call Stack (most recent call first):
[0.614s]   /opt/ros/foxy/share/rosidl_generator_py/cmake/rosidl_generator_py_generate_interfaces.cmake:23 (find_package)
[0.614s]   /opt/ros/foxy/share/ament_cmake_core/cmake/core/ament_execute_extensions.cmake:48 (include)
[0.614s]   /opt/ros/foxy/share/rosidl_cmake/cmake/rosidl_generate_interfaces.cmake:286 (ament_execute_extensions)
[0.614s]   CMakeLists.txt:49 (rosidl_generate_interfaces)
[0.614s] This warning is for project developers.  Use -Wno-dev to suppress it.
[0.614s] [0m
[0.626s] [33mCMake Warning (dev) at /opt/ros/foxy/share/python_cmake_module/cmake/Modules/FindPythonExtra.cmake:133 (find_package):
[0.626s]   Policy CMP0148 is not set: The FindPythonInterp and FindPythonLibs modules
[0.626s]   are removed.  Run "cmake --help-policy CMP0148" for policy details.  Use
[0.626s]   the cmake_policy command to set the policy and suppress this warning.
[0.626s] 
[0.626s] Call Stack (most recent call first):
[0.626s]   /opt/ros/foxy/share/rosidl_generator_py/cmake/rosidl_generator_py_generate_interfaces.cmake:23 (find_package)
[0.626s]   /opt/ros/foxy/share/ament_cmake_core/cmake/core/ament_execute_extensions.cmake:48 (include)
[0.626s]   /opt/ros/foxy/share/rosidl_cmake/cmake/rosidl_generate_interfaces.cmake:286 (ament_execute_extensions)
[0.626s]   CMakeLists.txt:49 (rosidl_generate_interfaces)
[0.626s] This warning is for project developers.  Use -Wno-dev to suppress it.
[0.626s] [0m
[0.627s] -- Using PYTHON_EXECUTABLE: /home/ashmitha/anaconda3/bin/python3
[0.628s] -- Using PYTHON_INCLUDE_DIRS: /home/ashmitha/anaconda3/include/python3.11
[0.628s] -- Using PYTHON_LIBRARIES: /home/ashmitha/anaconda3/lib/libpython3.11.so
[0.699s] -- Using numpy include directory: /home/ashmitha/anaconda3/lib/python3.11/site-packages/numpy/core/include
[0.708s] -- Added test 'copyright' to check source files copyright and LICENSE
[0.709s] -- Added test 'lint_cmake' to check CMake code style
[0.709s] -- Added test 'xmllint' to check XML markup files
[0.711s] -- Configuring done (0.7s)
[0.731s] [33mCMake Warning at /opt/ros/foxy/share/rosidl_generator_py/cmake/rosidl_generator_py_generate_interfaces.cmake:235 (add_library):
[0.731s]   Cannot generate a safe runtime search path for target
[0.731s]   msgs__rosidl_typesupport_fastrtps_c__pyext because files in some
[0.731s]   directories may conflict with libraries in implicit directories:
[0.731s] 
[0.731s]     runtime library [libssl.so.1.1] in /usr/lib/x86_64-linux-gnu may be hidden by files in:
[0.731s]       /home/ashmitha/anaconda3/lib
[0.731s]     runtime library [libcrypto.so.1.1] in /usr/lib/x86_64-linux-gnu may be hidden by files in:
[0.731s]       /home/ashmitha/anaconda3/lib
[0.731s] 
[0.731s]   Some of these libraries may not be found correctly.
[0.731s] Call Stack (most recent call first):
[0.731s]   /opt/ros/foxy/share/ament_cmake_core/cmake/core/ament_execute_extensions.cmake:48 (include)
[0.731s]   /opt/ros/foxy/share/rosidl_cmake/cmake/rosidl_generate_interfaces.cmake:286 (ament_execute_extensions)
[0.731s]   CMakeLists.txt:49 (rosidl_generate_interfaces)
[0.731s] 
[0.731s] [0m
[0.736s] -- Generating done (0.0s)
[0.738s] -- Build files have been written to: /home/ashmitha/ros_ws/build/msgs
[0.748s] [  3%] [34m[1mGenerating C code for ROS interfaces[0m
[0.750s] [  6%] [34m[1mGenerating C++ code for ROS interfaces[0m
[0.980s] [  6%] Built target msgs__cpp
[0.983s] [  9%] [34m[1mGenerating C++ type support dispatch for ROS interfaces[0m
[0.983s] [ 12%] [34m[1mGenerating C++ type support for eProsima Fast-RTPS[0m
[0.983s] [ 16%] [34m[1mGenerating C++ introspection for ROS interfaces[0m
[0.997s] [ 19%] [32mBuilding C object CMakeFiles/msgs__rosidl_generator_c.dir/rosidl_generator_c/msgs/action/detail/teleop__functions.c.o[0m
[1.188s] [ 22%] [32mBuilding CXX object CMakeFiles/msgs__rosidl_typesupport_cpp.dir/rosidl_typesupport_cpp/msgs/action/teleop__type_support.cpp.o[0m
[1.208s] [ 25%] [32mBuilding CXX object CMakeFiles/msgs__rosidl_typesupport_introspection_cpp.dir/rosidl_typesupport_introspection_cpp/msgs/action/detail/teleop__type_support.cpp.o[0m
[1.234s] [ 29%] [32mBuilding CXX object CMakeFiles/msgs__rosidl_typesupport_fastrtps_cpp.dir/rosidl_typesupport_fastrtps_cpp/msgs/action/detail/dds_fastrtps/teleop__type_support.cpp.o[0m
[1.324s] [ 32%] [32m[1mLinking C shared library libmsgs__rosidl_generator_c.so[0m
[1.343s] [ 32%] Built target msgs__rosidl_generator_c
[1.346s] [ 35%] [34m[1mGenerating C introspection for ROS interfaces[0m
[1.347s] [ 38%] [34m[1mGenerating C type support dispatch for ROS interfaces[0m
[1.422s] [ 41%] [32m[1mLinking CXX shared library libmsgs__rosidl_typesupport_cpp.so[0m
[1.444s] [ 41%] Built target msgs__rosidl_typesupport_cpp
[1.519s] [ 45%] [32m[1mLinking CXX shared library libmsgs__rosidl_typesupport_introspection_cpp.so[0m
[1.565s] [ 45%] Built target msgs__rosidl_typesupport_introspection_cpp
[1.586s] [ 48%] [32mBuilding CXX object CMakeFiles/msgs__rosidl_typesupport_c.dir/rosidl_typesupport_c/msgs/action/teleop__type_support.cpp.o[0m
[1.619s] [ 51%] [32mBuilding C object CMakeFiles/msgs__rosidl_typesupport_introspection_c.dir/rosidl_typesupport_introspection_c/msgs/action/detail/teleop__type_support.c.o[0m
[1.623s] [ 54%] [32m[1mLinking CXX shared library libmsgs__rosidl_typesupport_c.so[0m
[1.642s] [ 54%] Built target msgs__rosidl_typesupport_c
[1.664s] [ 58%] [32m[1mLinking C shared library libmsgs__rosidl_typesupport_introspection_c.so[0m
[1.674s] [ 61%] [32m[1mLinking CXX shared library libmsgs__rosidl_typesupport_fastrtps_cpp.so[0m
[1.677s] [ 61%] Built target msgs__rosidl_typesupport_introspection_c
[1.724s] [ 61%] Built target msgs__rosidl_typesupport_fastrtps_cpp
[1.726s] [ 64%] [34m[1mGenerating C type support for eProsima Fast-RTPS[0m
[1.954s] [ 67%] [32mBuilding CXX object CMakeFiles/msgs__rosidl_typesupport_fastrtps_c.dir/rosidl_typesupport_fastrtps_c/msgs/action/detail/teleop__type_support_c.cpp.o[0m
[2.245s] [ 70%] [32m[1mLinking CXX shared library libmsgs__rosidl_typesupport_fastrtps_c.so[0m
[2.292s] [ 70%] Built target msgs__rosidl_typesupport_fastrtps_c
[2.297s] [ 70%] Built target msgs
[2.302s] [ 74%] [34m[1mGenerating Python code for ROS interfaces[0m
[2.751s] [ 74%] Built target msgs__py
[2.758s] [ 77%] [32mBuilding C object CMakeFiles/msgs__python.dir/rosidl_generator_py/msgs/action/_teleop_s.c.o[0m
[2.942s] [ 80%] [32m[1mLinking C shared library rosidl_generator_py/msgs/libmsgs__python.so[0m
[2.961s] [ 80%] Built target msgs__python
[2.969s] [ 83%] [32mBuilding C object CMakeFiles/msgs__rosidl_typesupport_fastrtps_c__pyext.dir/rosidl_generator_py/msgs/_msgs_s.ep.rosidl_typesupport_fastrtps_c.c.o[0m
[2.969s] [ 87%] [32mBuilding C object CMakeFiles/msgs__rosidl_typesupport_introspection_c__pyext.dir/rosidl_generator_py/msgs/_msgs_s.ep.rosidl_typesupport_introspection_c.c.o[0m
[2.969s] [ 90%] [32mBuilding C object CMakeFiles/msgs__rosidl_typesupport_c__pyext.dir/rosidl_generator_py/msgs/_msgs_s.ep.rosidl_typesupport_c.c.o[0m
[3.099s] [100%] [32m[1mLinking C shared library rosidl_generator_py/msgs/msgs_s__rosidl_typesupport_c.cpython-311-x86_64-linux-gnu.so[0m
[3.099s] [100%] [32m[1mLinking CXX shared library rosidl_generator_py/msgs/msgs_s__rosidl_typesupport_fastrtps_c.cpython-311-x86_64-linux-gnu.so[0m
[3.099s] [100%] [32m[1mLinking C shared library rosidl_generator_py/msgs/msgs_s__rosidl_typesupport_introspection_c.cpython-311-x86_64-linux-gnu.so[0m
[3.116s] [100%] Built target msgs__rosidl_typesupport_introspection_c__pyext
[3.116s] [100%] Built target msgs__rosidl_typesupport_c__pyext
[3.135s] [100%] Built target msgs__rosidl_typesupport_fastrtps_c__pyext
[3.141s] Invoked command in '/home/ashmitha/ros_ws/build/msgs' returned '0': CMAKE_PREFIX_PATH=/opt/ros/foxy CONDA_PROMPT_MODIFIER=(base) /home/ashmitha/.local/bin/cmake --build /home/ashmitha/ros_ws/build/msgs -- -j8 -l8
[3.204s] Invoking command in '/home/ashmitha/ros_ws/build/msgs': CMAKE_PREFIX_PATH=/opt/ros/foxy CONDA_PROMPT_MODIFIER=(base) /home/ashmitha/.local/bin/cmake --install /home/ashmitha/ros_ws/build/msgs
[3.222s] -- Install configuration: "Release"
[3.222s] -- Up-to-date: /home/ashmitha/ros_ws/install/msgs/share/ament_index/resource_index/rosidl_interfaces/msgs
[3.222s] -- Up-to-date: /home/ashmitha/ros_ws/install/msgs/include/msgs
[3.222s] -- Up-to-date: /home/ashmitha/ros_ws/install/msgs/include/msgs/msg
[3.222s] -- Up-to-date: /home/ashmitha/ros_ws/install/msgs/include/msgs/msg/rosidl_generator_c__visibility_control.h
[3.222s] -- Up-to-date: /home/ashmitha/ros_ws/install/msgs/include/msgs/action
[3.222s] -- Installing: /home/ashmitha/ros_ws/install/msgs/include/msgs/action/teleop.h
[3.222s] -- Up-to-date: /home/ashmitha/ros_ws/install/msgs/include/msgs/action/detail
[3.222s] -- Installing: /home/ashmitha/ros_ws/install/msgs/include/msgs/action/detail/teleop__functions.c
[3.222s] -- Installing: /home/ashmitha/ros_ws/install/msgs/include/msgs/action/detail/teleop__type_support.h
[3.222s] -- Installing: /home/ashmitha/ros_ws/install/msgs/include/msgs/action/detail/teleop__functions.h
[3.222s] -- Installing: /home/ashmitha/ros_ws/install/msgs/include/msgs/action/detail/teleop__struct.h
[3.222s] -- Up-to-date: /home/ashmitha/ros_ws/install/msgs/share/msgs/environment/library_path.sh
[3.223s] -- Installing: /home/ashmitha/ros_ws/install/msgs/share/msgs/environment/library_path.dsv
[3.223s] -- Installing: /home/ashmitha/ros_ws/install/msgs/lib/libmsgs__rosidl_generator_c.so
[3.223s] -- Set runtime path of "/home/ashmitha/ros_ws/install/msgs/lib/libmsgs__rosidl_generator_c.so" to ""
[3.223s] -- Up-to-date: /home/ashmitha/ros_ws/install/msgs/include/msgs
[3.223s] -- Up-to-date: /home/ashmitha/ros_ws/install/msgs/include/msgs/msg
[3.223s] -- Up-to-date: /home/ashmitha/ros_ws/install/msgs/include/msgs/msg/rosidl_typesupport_fastrtps_c__visibility_control.h
[3.223s] -- Up-to-date: /home/ashmitha/ros_ws/install/msgs/include/msgs/action
[3.223s] -- Up-to-date: /home/ashmitha/ros_ws/install/msgs/include/msgs/action/detail
[3.223s] -- Installing: /home/ashmitha/ros_ws/install/msgs/include/msgs/action/detail/teleop__rosidl_typesupport_fastrtps_c.h
[3.223s] -- Installing: /home/ashmitha/ros_ws/install/msgs/lib/libmsgs__rosidl_typesupport_fastrtps_c.so
[3.223s] -- Set runtime path of "/home/ashmitha/ros_ws/install/msgs/lib/libmsgs__rosidl_typesupport_fastrtps_c.so" to ""
[3.223s] -- Up-to-date: /home/ashmitha/ros_ws/install/msgs/include/msgs
[3.223s] -- Up-to-date: /home/ashmitha/ros_ws/install/msgs/include/msgs/msg
[3.223s] -- Up-to-date: /home/ashmitha/ros_ws/install/msgs/include/msgs/msg/rosidl_typesupport_fastrtps_cpp__visibility_control.h
[3.223s] -- Up-to-date: /home/ashmitha/ros_ws/install/msgs/include/msgs/action
[3.223s] -- Up-to-date: /home/ashmitha/ros_ws/install/msgs/include/msgs/action/detail
[3.223s] -- Up-to-date: /home/ashmitha/ros_ws/install/msgs/include/msgs/action/detail/dds_fastrtps
[3.223s] -- Installing: /home/ashmitha/ros_ws/install/msgs/include/msgs/action/detail/teleop__rosidl_typesupport_fastrtps_cpp.hpp
[3.223s] -- Installing: /home/ashmitha/ros_ws/install/msgs/lib/libmsgs__rosidl_typesupport_fastrtps_cpp.so
[3.223s] -- Set runtime path of "/home/ashmitha/ros_ws/install/msgs/lib/libmsgs__rosidl_typesupport_fastrtps_cpp.so" to ""
[3.224s] -- Up-to-date: /home/ashmitha/ros_ws/install/msgs/include/msgs
[3.224s] -- Up-to-date: /home/ashmitha/ros_ws/install/msgs/include/msgs/msg
[3.224s] -- Up-to-date: /home/ashmitha/ros_ws/install/msgs/include/msgs/msg/rosidl_typesupport_introspection_c__visibility_control.h
[3.224s] -- Up-to-date: /home/ashmitha/ros_ws/install/msgs/include/msgs/action
[3.224s] -- Up-to-date: /home/ashmitha/ros_ws/install/msgs/include/msgs/action/detail
[3.224s] -- Installing: /home/ashmitha/ros_ws/install/msgs/include/msgs/action/detail/teleop__type_support.c
[3.224s] -- Installing: /home/ashmitha/ros_ws/install/msgs/include/msgs/action/detail/teleop__rosidl_typesupport_introspection_c.h
[3.224s] -- Installing: /home/ashmitha/ros_ws/install/msgs/lib/libmsgs__rosidl_typesupport_introspection_c.so
[3.224s] -- Set runtime path of "/home/ashmitha/ros_ws/install/msgs/lib/libmsgs__rosidl_typesupport_introspection_c.so" to ""
[3.224s] -- Installing: /home/ashmitha/ros_ws/install/msgs/lib/libmsgs__rosidl_typesupport_c.so
[3.224s] -- Set runtime path of "/home/ashmitha/ros_ws/install/msgs/lib/libmsgs__rosidl_typesupport_c.so" to ""
[3.224s] -- Up-to-date: /home/ashmitha/ros_ws/install/msgs/include/msgs
[3.224s] -- Up-to-date: /home/ashmitha/ros_ws/install/msgs/include/msgs/msg
[3.224s] -- Up-to-date: /home/ashmitha/ros_ws/install/msgs/include/msgs/msg/rosidl_generator_cpp__visibility_control.hpp
[3.224s] -- Up-to-date: /home/ashmitha/ros_ws/install/msgs/include/msgs/action
[3.224s] -- Installing: /home/ashmitha/ros_ws/install/msgs/include/msgs/action/teleop.hpp
[3.224s] -- Up-to-date: /home/ashmitha/ros_ws/install/msgs/include/msgs/action/detail
[3.224s] -- Installing: /home/ashmitha/ros_ws/install/msgs/include/msgs/action/detail/teleop__struct.hpp
[3.224s] -- Installing: /home/ashmitha/ros_ws/install/msgs/include/msgs/action/detail/teleop__type_support.hpp
[3.224s] -- Installing: /home/ashmitha/ros_ws/install/msgs/include/msgs/action/detail/teleop__traits.hpp
[3.224s] -- Installing: /home/ashmitha/ros_ws/install/msgs/include/msgs/action/detail/teleop__builder.hpp
[3.224s] -- Up-to-date: /home/ashmitha/ros_ws/install/msgs/include/msgs
[3.224s] -- Up-to-date: /home/ashmitha/ros_ws/install/msgs/include/msgs/action
[3.225s] -- Up-to-date: /home/ashmitha/ros_ws/install/msgs/include/msgs/action/detail
[3.225s] -- Installing: /home/ashmitha/ros_ws/install/msgs/include/msgs/action/detail/teleop__type_support.cpp
[3.225s] -- Installing: /home/ashmitha/ros_ws/install/msgs/include/msgs/action/detail/teleop__rosidl_typesupport_introspection_cpp.hpp
[3.225s] -- Installing: /home/ashmitha/ros_ws/install/msgs/lib/libmsgs__rosidl_typesupport_introspection_cpp.so
[3.225s] -- Set runtime path of "/home/ashmitha/ros_ws/install/msgs/lib/libmsgs__rosidl_typesupport_introspection_cpp.so" to ""
[3.225s] -- Installing: /home/ashmitha/ros_ws/install/msgs/lib/libmsgs__rosidl_typesupport_cpp.so
[3.225s] -- Set runtime path of "/home/ashmitha/ros_ws/install/msgs/lib/libmsgs__rosidl_typesupport_cpp.so" to ""
[3.225s] -- Up-to-date: /home/ashmitha/ros_ws/install/msgs/share/msgs/environment/pythonpath.sh
[3.225s] -- Installing: /home/ashmitha/ros_ws/install/msgs/share/msgs/environment/pythonpath.dsv
[3.225s] -- Installing: /home/ashmitha/ros_ws/install/msgs/lib/python3.11/site-packages/msgs/__init__.py
[3.246s] Compiling '/home/ashmitha/ros_ws/install/msgs/lib/python3.11/site-packages/msgs/__init__.py'...
[3.250s] -- Up-to-date: /home/ashmitha/ros_ws/install/msgs/lib/python3.11/site-packages/msgs/action
[3.250s] -- Installing: /home/ashmitha/ros_ws/install/msgs/lib/python3.11/site-packages/msgs/action/__init__.py
[3.250s] -- Installing: /home/ashmitha/ros_ws/install/msgs/lib/python3.11/site-packages/msgs/action/_teleop.py
[3.250s] -- Installing: /home/ashmitha/ros_ws/install/msgs/lib/python3.11/site-packages/msgs/action/_teleop_s.c
[3.250s] -- Installing: /home/ashmitha/ros_ws/install/msgs/lib/python3.11/site-packages/msgs/msgs_s__rosidl_typesupport_fastrtps_c.cpython-311-x86_64-linux-gnu.so
[3.250s] -- Set runtime path of "/home/ashmitha/ros_ws/install/msgs/lib/python3.11/site-packages/msgs/msgs_s__rosidl_typesupport_fastrtps_c.cpython-311-x86_64-linux-gnu.so" to ""
[3.250s] -- Installing: /home/ashmitha/ros_ws/install/msgs/lib/python3.11/site-packages/msgs/msgs_s__rosidl_typesupport_introspection_c.cpython-311-x86_64-linux-gnu.so
[3.251s] -- Set runtime path of "/home/ashmitha/ros_ws/install/msgs/lib/python3.11/site-packages/msgs/msgs_s__rosidl_typesupport_introspection_c.cpython-311-x86_64-linux-gnu.so" to ""
[3.251s] -- Installing: /home/ashmitha/ros_ws/install/msgs/lib/python3.11/site-packages/msgs/msgs_s__rosidl_typesupport_c.cpython-311-x86_64-linux-gnu.so
[3.251s] -- Set runtime path of "/home/ashmitha/ros_ws/install/msgs/lib/python3.11/site-packages/msgs/msgs_s__rosidl_typesupport_c.cpython-311-x86_64-linux-gnu.so" to ""
[3.251s] -- Installing: /home/ashmitha/ros_ws/install/msgs/lib/libmsgs__python.so
[3.251s] -- Set runtime path of "/home/ashmitha/ros_ws/install/msgs/lib/libmsgs__python.so" to ""
[3.251s] -- Installing: /home/ashmitha/ros_ws/install/msgs/share/msgs/action/Teleop.idl
[3.251s] -- Installing: /home/ashmitha/ros_ws/install/msgs/share/msgs/action/Teleop.action
[3.251s] -- Up-to-date: /home/ashmitha/ros_ws/install/msgs/share/ament_index/resource_index/package_run_dependencies/msgs
[3.251s] -- Up-to-date: /home/ashmitha/ros_ws/install/msgs/share/ament_index/resource_index/parent_prefix_path/msgs
[3.251s] -- Up-to-date: /home/ashmitha/ros_ws/install/msgs/share/msgs/environment/ament_prefix_path.sh
[3.251s] -- Installing: /home/ashmitha/ros_ws/install/msgs/share/msgs/environment/ament_prefix_path.dsv
[3.251s] -- Up-to-date: /home/ashmitha/ros_ws/install/msgs/share/msgs/environment/path.sh
[3.251s] -- Installing: /home/ashmitha/ros_ws/install/msgs/share/msgs/environment/path.dsv
[3.251s] -- Up-to-date: /home/ashmitha/ros_ws/install/msgs/share/msgs/local_setup.bash
[3.252s] -- Up-to-date: /home/ashmitha/ros_ws/install/msgs/share/msgs/local_setup.sh
[3.252s] -- Up-to-date: /home/ashmitha/ros_ws/install/msgs/share/msgs/local_setup.zsh
[3.252s] -- Installing: /home/ashmitha/ros_ws/install/msgs/share/msgs/local_setup.dsv
[3.252s] -- Installing: /home/ashmitha/ros_ws/install/msgs/share/msgs/package.dsv
[3.252s] -- Up-to-date: /home/ashmitha/ros_ws/install/msgs/share/ament_index/resource_index/packages/msgs
[3.252s] -- Up-to-date: /home/ashmitha/ros_ws/install/msgs/share/msgs/cmake/msgs__rosidl_generator_cExport.cmake
[3.252s] -- Up-to-date: /home/ashmitha/ros_ws/install/msgs/share/msgs/cmake/msgs__rosidl_generator_cExport-release.cmake
[3.252s] -- Up-to-date: /home/ashmitha/ros_ws/install/msgs/share/msgs/cmake/msgs__rosidl_typesupport_introspection_cExport.cmake
[3.252s] -- Up-to-date: /home/ashmitha/ros_ws/install/msgs/share/msgs/cmake/msgs__rosidl_typesupport_introspection_cExport-release.cmake
[3.252s] -- Up-to-date: /home/ashmitha/ros_ws/install/msgs/share/msgs/cmake/msgs__rosidl_typesupport_cExport.cmake
[3.252s] -- Up-to-date: /home/ashmitha/ros_ws/install/msgs/share/msgs/cmake/msgs__rosidl_typesupport_cExport-release.cmake
[3.252s] -- Up-to-date: /home/ashmitha/ros_ws/install/msgs/share/msgs/cmake/msgs__rosidl_generator_cppExport.cmake
[3.252s] -- Up-to-date: /home/ashmitha/ros_ws/install/msgs/share/msgs/cmake/msgs__rosidl_typesupport_introspection_cppExport.cmake
[3.252s] -- Up-to-date: /home/ashmitha/ros_ws/install/msgs/share/msgs/cmake/msgs__rosidl_typesupport_introspection_cppExport-release.cmake
[3.252s] -- Up-to-date: /home/ashmitha/ros_ws/install/msgs/share/msgs/cmake/msgs__rosidl_typesupport_cppExport.cmake
[3.252s] -- Up-to-date: /home/ashmitha/ros_ws/install/msgs/share/msgs/cmake/msgs__rosidl_typesupport_cppExport-release.cmake
[3.252s] -- Up-to-date: /home/ashmitha/ros_ws/install/msgs/share/msgs/cmake/rosidl_cmake-extras.cmake
[3.252s] -- Up-to-date: /home/ashmitha/ros_ws/install/msgs/share/msgs/cmake/ament_cmake_export_dependencies-extras.cmake
[3.252s] -- Up-to-date: /home/ashmitha/ros_ws/install/msgs/share/msgs/cmake/ament_cmake_export_libraries-extras.cmake
[3.252s] -- Up-to-date: /home/ashmitha/ros_ws/install/msgs/share/msgs/cmake/ament_cmake_export_targets-extras.cmake
[3.252s] -- Up-to-date: /home/ashmitha/ros_ws/install/msgs/share/msgs/cmake/ament_cmake_export_include_directories-extras.cmake
[3.253s] -- Up-to-date: /home/ashmitha/ros_ws/install/msgs/share/msgs/cmake/rosidl_cmake_export_typesupport_libraries-extras.cmake
[3.253s] -- Up-to-date: /home/ashmitha/ros_ws/install/msgs/share/msgs/cmake/rosidl_cmake_export_typesupport_targets-extras.cmake
[3.253s] -- Up-to-date: /home/ashmitha/ros_ws/install/msgs/share/msgs/cmake/msgsConfig.cmake
[3.253s] -- Up-to-date: /home/ashmitha/ros_ws/install/msgs/share/msgs/cmake/msgsConfig-version.cmake
[3.253s] -- Up-to-date: /home/ashmitha/ros_ws/install/msgs/share/msgs/package.xml
[3.256s] Invoked command in '/home/ashmitha/ros_ws/build/msgs' returned '0': CMAKE_PREFIX_PATH=/opt/ros/foxy CONDA_PROMPT_MODIFIER=(base) /home/ashmitha/.local/bin/cmake --install /home/ashmitha/ros_ws/build/msgs
