[0.134s] Invoking command in '/home/ashmitha/ros_ws/build/behaviors': CMAKE_PREFIX_PATH=${CMAKE_PREFIX_PATH}:/opt/ros/foxy CONDA_PROMPT_MODIFIER=(base) /home/ashmitha/.local/bin/cmake --build /home/ashmitha/ros_ws/build/behaviors -- -j8 -l8
[0.164s] Invoked command in '/home/ashmitha/ros_ws/build/behaviors' returned '0': CMAKE_PREFIX_PATH=${CMAKE_PREFIX_PATH}:/opt/ros/foxy CONDA_PROMPT_MODIFIER=(base) /home/ashmitha/.local/bin/cmake --build /home/ashmitha/ros_ws/build/behaviors -- -j8 -l8
[0.233s] Invoking command in '/home/ashmitha/ros_ws/build/behaviors': CMAKE_PREFIX_PATH=${CMAKE_PREFIX_PATH}:/opt/ros/foxy CONDA_PROMPT_MODIFIER=(base) /home/ashmitha/.local/bin/cmake --install /home/ashmitha/ros_ws/build/behaviors
[0.256s] -- Install configuration: ""
[0.256s] -- Up-to-date: /home/ashmitha/ros_ws/install/behaviors/share/ament_index/resource_index/package_run_dependencies/behaviors
[0.257s] -- Up-to-date: /home/ashmitha/ros_ws/install/behaviors/share/ament_index/resource_index/parent_prefix_path/behaviors
[0.257s] -- Up-to-date: /home/ashmitha/ros_ws/install/behaviors/share/behaviors/environment/ament_prefix_path.sh
[0.257s] -- Up-to-date: /home/ashmitha/ros_ws/install/behaviors/share/behaviors/environment/ament_prefix_path.dsv
[0.257s] -- Up-to-date: /home/ashmitha/ros_ws/install/behaviors/share/behaviors/environment/path.sh
[0.257s] -- Up-to-date: /home/ashmitha/ros_ws/install/behaviors/share/behaviors/environment/path.dsv
[0.257s] -- Up-to-date: /home/ashmitha/ros_ws/install/behaviors/share/behaviors/local_setup.bash
[0.257s] -- Up-to-date: /home/ashmitha/ros_ws/install/behaviors/share/behaviors/local_setup.sh
[0.257s] -- Up-to-date: /home/ashmitha/ros_ws/install/behaviors/share/behaviors/local_setup.zsh
[0.257s] -- Up-to-date: /home/ashmitha/ros_ws/install/behaviors/share/behaviors/local_setup.dsv
[0.257s] -- Installing: /home/ashmitha/ros_ws/install/behaviors/share/behaviors/package.dsv
[0.257s] -- Up-to-date: /home/ashmitha/ros_ws/install/behaviors/share/ament_index/resource_index/packages/behaviors
[0.257s] -- Up-to-date: /home/ashmitha/ros_ws/install/behaviors/share/behaviors/cmake/behaviorsConfig.cmake
[0.258s] -- Up-to-date: /home/ashmitha/ros_ws/install/behaviors/share/behaviors/cmake/behaviorsConfig-version.cmake
[0.258s] -- Up-to-date: /home/ashmitha/ros_ws/install/behaviors/share/behaviors/package.xml
[0.315s] Invoked command in '/home/ashmitha/ros_ws/build/behaviors' returned '0': CMAKE_PREFIX_PATH=${CMAKE_PREFIX_PATH}:/opt/ros/foxy CONDA_PROMPT_MODIFIER=(base) /home/ashmitha/.local/bin/cmake --install /home/ashmitha/ros_ws/build/behaviors
