[0.204s] Invoking command in '/home/ashmitha/ros_ws/build/msgs': CMAKE_PREFIX_PATH=/opt/ros/foxy CONDA_PROMPT_MODIFIER=(base) /home/ashmitha/.local/bin/cmake --build /home/ashmitha/ros_ws/build/msgs -- -j8 -l8
[0.270s] [ 12%] Built target msgs__rosidl_generator_c
[0.279s] [ 12%] Built target msgs__cpp
[0.304s] [ 22%] Built target msgs__rosidl_typesupport_introspection_c
[0.306s] [ 32%] Built target msgs__rosidl_typesupport_c
[0.309s] [ 41%] Built target msgs__rosidl_typesupport_introspection_cpp
[0.314s] [ 54%] Built target msgs__rosidl_typesupport_fastrtps_cpp
[0.314s] [ 61%] Built target msgs__rosidl_typesupport_cpp
[0.333s] [ 70%] Built target msgs__rosidl_typesupport_fastrtps_c
[0.343s] [ 70%] Built target msgs
[0.355s] [ 74%] Built target msgs__py
[0.367s] [ 80%] Built target msgs__python
[0.381s] [ 90%] Built target msgs__rosidl_typesupport_fastrtps_c__pyext
[0.382s] [ 93%] Built target msgs__rosidl_typesupport_introspection_c__pyext
[0.393s] [100%] Built target msgs__rosidl_typesupport_c__pyext
[0.405s] Invoked command in '/home/ashmitha/ros_ws/build/msgs' returned '0': CMAKE_PREFIX_PATH=/opt/ros/foxy CONDA_PROMPT_MODIFIER=(base) /home/ashmitha/.local/bin/cmake --build /home/ashmitha/ros_ws/build/msgs -- -j8 -l8
[0.663s] Invoking command in '/home/ashmitha/ros_ws/build/msgs': CMAKE_PREFIX_PATH=/opt/ros/foxy CONDA_PROMPT_MODIFIER=(base) /home/ashmitha/.local/bin/cmake --install /home/ashmitha/ros_ws/build/msgs
[0.751s] -- Install configuration: "Release"
[0.752s] -- Up-to-date: /home/ashmitha/ros_ws/install/msgs/share/ament_index/resource_index/rosidl_interfaces/msgs
[0.753s] -- Up-to-date: /home/ashmitha/ros_ws/install/msgs/include/msgs
[0.753s] -- Up-to-date: /home/ashmitha/ros_ws/install/msgs/include/msgs/msg
[0.754s] -- Up-to-date: /home/ashmitha/ros_ws/install/msgs/include/msgs/msg/rosidl_generator_c__visibility_control.h
[0.754s] -- Up-to-date: /home/ashmitha/ros_ws/install/msgs/include/msgs/action
[0.755s] -- Up-to-date: /home/ashmitha/ros_ws/install/msgs/include/msgs/action/teleop.h
[0.755s] -- Up-to-date: /home/ashmitha/ros_ws/install/msgs/include/msgs/action/detail
[0.756s] -- Up-to-date: /home/ashmitha/ros_ws/install/msgs/include/msgs/action/detail/teleop__functions.c
[0.756s] -- Up-to-date: /home/ashmitha/ros_ws/install/msgs/include/msgs/action/detail/teleop__type_support.h
[0.756s] -- Up-to-date: /home/ashmitha/ros_ws/install/msgs/include/msgs/action/detail/teleop__functions.h
[0.757s] -- Up-to-date: /home/ashmitha/ros_ws/install/msgs/include/msgs/action/detail/teleop__struct.h
[0.757s] -- Up-to-date: /home/ashmitha/ros_ws/install/msgs/share/msgs/environment/library_path.sh
[0.757s] -- Up-to-date: /home/ashmitha/ros_ws/install/msgs/share/msgs/environment/library_path.dsv
[0.757s] -- Up-to-date: /home/ashmitha/ros_ws/install/msgs/lib/libmsgs__rosidl_generator_c.so
[0.757s] -- Up-to-date: /home/ashmitha/ros_ws/install/msgs/include/msgs
[0.757s] -- Up-to-date: /home/ashmitha/ros_ws/install/msgs/include/msgs/msg
[0.757s] -- Up-to-date: /home/ashmitha/ros_ws/install/msgs/include/msgs/msg/rosidl_typesupport_fastrtps_c__visibility_control.h
[0.757s] -- Up-to-date: /home/ashmitha/ros_ws/install/msgs/include/msgs/action
[0.757s] -- Up-to-date: /home/ashmitha/ros_ws/install/msgs/include/msgs/action/detail
[0.757s] -- Up-to-date: /home/ashmitha/ros_ws/install/msgs/include/msgs/action/detail/teleop__rosidl_typesupport_fastrtps_c.h
[0.758s] -- Up-to-date: /home/ashmitha/ros_ws/install/msgs/lib/libmsgs__rosidl_typesupport_fastrtps_c.so
[0.758s] -- Up-to-date: /home/ashmitha/ros_ws/install/msgs/include/msgs
[0.758s] -- Up-to-date: /home/ashmitha/ros_ws/install/msgs/include/msgs/msg
[0.758s] -- Up-to-date: /home/ashmitha/ros_ws/install/msgs/include/msgs/msg/rosidl_typesupport_fastrtps_cpp__visibility_control.h
[0.758s] -- Up-to-date: /home/ashmitha/ros_ws/install/msgs/include/msgs/action
[0.758s] -- Up-to-date: /home/ashmitha/ros_ws/install/msgs/include/msgs/action/detail
[0.758s] -- Up-to-date: /home/ashmitha/ros_ws/install/msgs/include/msgs/action/detail/dds_fastrtps
[0.758s] -- Up-to-date: /home/ashmitha/ros_ws/install/msgs/include/msgs/action/detail/teleop__rosidl_typesupport_fastrtps_cpp.hpp
[0.758s] -- Up-to-date: /home/ashmitha/ros_ws/install/msgs/lib/libmsgs__rosidl_typesupport_fastrtps_cpp.so
[0.758s] -- Up-to-date: /home/ashmitha/ros_ws/install/msgs/include/msgs
[0.758s] -- Up-to-date: /home/ashmitha/ros_ws/install/msgs/include/msgs/msg
[0.758s] -- Up-to-date: /home/ashmitha/ros_ws/install/msgs/include/msgs/msg/rosidl_typesupport_introspection_c__visibility_control.h
[0.758s] -- Up-to-date: /home/ashmitha/ros_ws/install/msgs/include/msgs/action
[0.758s] -- Up-to-date: /home/ashmitha/ros_ws/install/msgs/include/msgs/action/detail
[0.759s] -- Up-to-date: /home/ashmitha/ros_ws/install/msgs/include/msgs/action/detail/teleop__type_support.c
[0.759s] -- Up-to-date: /home/ashmitha/ros_ws/install/msgs/include/msgs/action/detail/teleop__rosidl_typesupport_introspection_c.h
[0.759s] -- Up-to-date: /home/ashmitha/ros_ws/install/msgs/lib/libmsgs__rosidl_typesupport_introspection_c.so
[0.759s] -- Up-to-date: /home/ashmitha/ros_ws/install/msgs/lib/libmsgs__rosidl_typesupport_c.so
[0.759s] -- Up-to-date: /home/ashmitha/ros_ws/install/msgs/include/msgs
[0.759s] -- Up-to-date: /home/ashmitha/ros_ws/install/msgs/include/msgs/msg
[0.759s] -- Up-to-date: /home/ashmitha/ros_ws/install/msgs/include/msgs/msg/rosidl_generator_cpp__visibility_control.hpp
[0.759s] -- Up-to-date: /home/ashmitha/ros_ws/install/msgs/include/msgs/action
[0.759s] -- Up-to-date: /home/ashmitha/ros_ws/install/msgs/include/msgs/action/teleop.hpp
[0.759s] -- Up-to-date: /home/ashmitha/ros_ws/install/msgs/include/msgs/action/detail
[0.759s] -- Up-to-date: /home/ashmitha/ros_ws/install/msgs/include/msgs/action/detail/teleop__struct.hpp
[0.759s] -- Up-to-date: /home/ashmitha/ros_ws/install/msgs/include/msgs/action/detail/teleop__type_support.hpp
[0.759s] -- Up-to-date: /home/ashmitha/ros_ws/install/msgs/include/msgs/action/detail/teleop__traits.hpp
[0.760s] -- Up-to-date: /home/ashmitha/ros_ws/install/msgs/include/msgs/action/detail/teleop__builder.hpp
[0.760s] -- Up-to-date: /home/ashmitha/ros_ws/install/msgs/include/msgs
[0.760s] -- Up-to-date: /home/ashmitha/ros_ws/install/msgs/include/msgs/action
[0.760s] -- Up-to-date: /home/ashmitha/ros_ws/install/msgs/include/msgs/action/detail
[0.760s] -- Up-to-date: /home/ashmitha/ros_ws/install/msgs/include/msgs/action/detail/teleop__type_support.cpp
[0.760s] -- Up-to-date: /home/ashmitha/ros_ws/install/msgs/include/msgs/action/detail/teleop__rosidl_typesupport_introspection_cpp.hpp
[0.760s] -- Up-to-date: /home/ashmitha/ros_ws/install/msgs/lib/libmsgs__rosidl_typesupport_introspection_cpp.so
[0.760s] -- Up-to-date: /home/ashmitha/ros_ws/install/msgs/lib/libmsgs__rosidl_typesupport_cpp.so
[0.760s] -- Up-to-date: /home/ashmitha/ros_ws/install/msgs/share/msgs/environment/pythonpath.sh
[0.760s] -- Up-to-date: /home/ashmitha/ros_ws/install/msgs/share/msgs/environment/pythonpath.dsv
[0.760s] -- Up-to-date: /home/ashmitha/ros_ws/install/msgs/lib/python3.11/site-packages/msgs/__init__.py
[0.760s] -- Up-to-date: /home/ashmitha/ros_ws/install/msgs/lib/python3.11/site-packages/msgs/action
[0.763s] -- Up-to-date: /home/ashmitha/ros_ws/install/msgs/lib/python3.11/site-packages/msgs/action/__init__.py
[0.763s] -- Up-to-date: /home/ashmitha/ros_ws/install/msgs/lib/python3.11/site-packages/msgs/action/_teleop.py
[0.763s] -- Up-to-date: /home/ashmitha/ros_ws/install/msgs/lib/python3.11/site-packages/msgs/action/_teleop_s.c
[0.763s] -- Up-to-date: /home/ashmitha/ros_ws/install/msgs/lib/python3.11/site-packages/msgs/msgs_s__rosidl_typesupport_fastrtps_c.cpython-311-x86_64-linux-gnu.so
[0.763s] -- Up-to-date: /home/ashmitha/ros_ws/install/msgs/lib/python3.11/site-packages/msgs/msgs_s__rosidl_typesupport_introspection_c.cpython-311-x86_64-linux-gnu.so
[0.764s] -- Up-to-date: /home/ashmitha/ros_ws/install/msgs/lib/python3.11/site-packages/msgs/msgs_s__rosidl_typesupport_c.cpython-311-x86_64-linux-gnu.so
[0.764s] -- Up-to-date: /home/ashmitha/ros_ws/install/msgs/lib/libmsgs__python.so
[0.764s] -- Up-to-date: /home/ashmitha/ros_ws/install/msgs/share/msgs/action/Teleop.idl
[0.764s] -- Up-to-date: /home/ashmitha/ros_ws/install/msgs/share/msgs/action/Teleop.action
[0.765s] -- Up-to-date: /home/ashmitha/ros_ws/install/msgs/share/ament_index/resource_index/package_run_dependencies/msgs
[0.765s] -- Up-to-date: /home/ashmitha/ros_ws/install/msgs/share/ament_index/resource_index/parent_prefix_path/msgs
[0.765s] -- Up-to-date: /home/ashmitha/ros_ws/install/msgs/share/msgs/environment/ament_prefix_path.sh
[0.765s] -- Up-to-date: /home/ashmitha/ros_ws/install/msgs/share/msgs/environment/ament_prefix_path.dsv
[0.765s] -- Up-to-date: /home/ashmitha/ros_ws/install/msgs/share/msgs/environment/path.sh
[0.765s] -- Up-to-date: /home/ashmitha/ros_ws/install/msgs/share/msgs/environment/path.dsv
[0.765s] -- Up-to-date: /home/ashmitha/ros_ws/install/msgs/share/msgs/local_setup.bash
[0.766s] -- Up-to-date: /home/ashmitha/ros_ws/install/msgs/share/msgs/local_setup.sh
[0.766s] -- Up-to-date: /home/ashmitha/ros_ws/install/msgs/share/msgs/local_setup.zsh
[0.766s] -- Up-to-date: /home/ashmitha/ros_ws/install/msgs/share/msgs/local_setup.dsv
[0.766s] -- Installing: /home/ashmitha/ros_ws/install/msgs/share/msgs/package.dsv
[0.766s] -- Up-to-date: /home/ashmitha/ros_ws/install/msgs/share/ament_index/resource_index/packages/msgs
[0.767s] -- Up-to-date: /home/ashmitha/ros_ws/install/msgs/share/msgs/cmake/msgs__rosidl_generator_cExport.cmake
[0.771s] -- Up-to-date: /home/ashmitha/ros_ws/install/msgs/share/msgs/cmake/msgs__rosidl_generator_cExport-release.cmake
[0.771s] -- Up-to-date: /home/ashmitha/ros_ws/install/msgs/share/msgs/cmake/msgs__rosidl_typesupport_introspection_cExport.cmake
[0.771s] -- Up-to-date: /home/ashmitha/ros_ws/install/msgs/share/msgs/cmake/msgs__rosidl_typesupport_introspection_cExport-release.cmake
[0.771s] -- Up-to-date: /home/ashmitha/ros_ws/install/msgs/share/msgs/cmake/msgs__rosidl_typesupport_cExport.cmake
[0.771s] -- Up-to-date: /home/ashmitha/ros_ws/install/msgs/share/msgs/cmake/msgs__rosidl_typesupport_cExport-release.cmake
[0.771s] -- Up-to-date: /home/ashmitha/ros_ws/install/msgs/share/msgs/cmake/msgs__rosidl_generator_cppExport.cmake
[0.772s] -- Up-to-date: /home/ashmitha/ros_ws/install/msgs/share/msgs/cmake/msgs__rosidl_typesupport_introspection_cppExport.cmake
[0.772s] -- Up-to-date: /home/ashmitha/ros_ws/install/msgs/share/msgs/cmake/msgs__rosidl_typesupport_introspection_cppExport-release.cmake
[0.772s] -- Up-to-date: /home/ashmitha/ros_ws/install/msgs/share/msgs/cmake/msgs__rosidl_typesupport_cppExport.cmake
[0.772s] -- Up-to-date: /home/ashmitha/ros_ws/install/msgs/share/msgs/cmake/msgs__rosidl_typesupport_cppExport-release.cmake
[0.772s] -- Up-to-date: /home/ashmitha/ros_ws/install/msgs/share/msgs/cmake/rosidl_cmake-extras.cmake
[0.772s] -- Up-to-date: /home/ashmitha/ros_ws/install/msgs/share/msgs/cmake/ament_cmake_export_dependencies-extras.cmake
[0.772s] -- Up-to-date: /home/ashmitha/ros_ws/install/msgs/share/msgs/cmake/ament_cmake_export_libraries-extras.cmake
[0.772s] -- Up-to-date: /home/ashmitha/ros_ws/install/msgs/share/msgs/cmake/ament_cmake_export_targets-extras.cmake
[0.772s] -- Up-to-date: /home/ashmitha/ros_ws/install/msgs/share/msgs/cmake/ament_cmake_export_include_directories-extras.cmake
[0.772s] -- Up-to-date: /home/ashmitha/ros_ws/install/msgs/share/msgs/cmake/rosidl_cmake_export_typesupport_libraries-extras.cmake
[0.772s] -- Up-to-date: /home/ashmitha/ros_ws/install/msgs/share/msgs/cmake/rosidl_cmake_export_typesupport_targets-extras.cmake
[0.773s] -- Up-to-date: /home/ashmitha/ros_ws/install/msgs/share/msgs/cmake/msgsConfig.cmake
[0.773s] -- Up-to-date: /home/ashmitha/ros_ws/install/msgs/share/msgs/cmake/msgsConfig-version.cmake
[0.773s] -- Up-to-date: /home/ashmitha/ros_ws/install/msgs/share/msgs/package.xml
[0.854s] Invoked command in '/home/ashmitha/ros_ws/build/msgs' returned '0': CMAKE_PREFIX_PATH=/opt/ros/foxy CONDA_PROMPT_MODIFIER=(base) /home/ashmitha/.local/bin/cmake --install /home/ashmitha/ros_ws/build/msgs
