[2.480s] DEBUG:colcon:Command line arguments: ['/usr/bin/colcon', 'build', '--packages-select', 'behaviors']
[2.480s] DEBUG:colcon:Parsed command line arguments: Namespace(allow_overriding=[], ament_cmake_args=None, base_paths=['.'], build_base='build', catkin_cmake_args=None, catkin_skip_building_tests=False, cmake_args=None, cmake_clean_cache=False, cmake_clean_first=False, cmake_force_configure=False, cmake_target=None, cmake_target_skip_unavailable=False, continue_on_error=False, event_handlers=None, executor='parallel', ignore_user_meta=False, install_base='install', log_base=None, log_level=None, main=<bound method BuildVerb.main of <colcon_core.verb.build.BuildVerb object at 0x7fd4d4fcad00>>, merge_install=False, metas=['./colcon.meta'], packages_above=None, packages_above_and_dependencies=None, packages_above_depth=None, packages_end=None, packages_ignore=None, packages_ignore_regex=None, packages_select=['behaviors'], packages_select_build_failed=False, packages_select_by_dep=None, packages_select_regex=None, packages_select_test_failures=False, packages_skip=None, packages_skip_build_finished=False, packages_skip_by_dep=None, packages_skip_regex=None, packages_skip_test_passed=False, packages_skip_up_to=None, packages_start=None, packages_up_to=None, packages_up_to_regex=None, parallel_workers=8, paths=None, symlink_install=False, test_result_base=None, verb_extension=<colcon_core.verb.build.BuildVerb object at 0x7fd4d4fcad00>, verb_name='build', verb_parser=<colcon_defaults.argument_parser.defaults.DefaultArgumentsDecorator object at 0x7fd4d4bd4d60>)
[2.561s] Level 1:colcon.colcon_core.package_discovery:discover_packages(colcon_meta) check parameters
[2.561s] Level 1:colcon.colcon_core.package_discovery:discover_packages(recursive) check parameters
[2.561s] Level 1:colcon.colcon_core.package_discovery:discover_packages(ignore) check parameters
[2.561s] Level 1:colcon.colcon_core.package_discovery:discover_packages(path) check parameters
[2.561s] Level 1:colcon.colcon_core.package_discovery:discover_packages(colcon_meta) discover
[2.561s] Level 1:colcon.colcon_core.package_discovery:discover_packages(recursive) discover
[2.561s] INFO:colcon.colcon_core.package_discovery:Crawling recursively for packages in '/home/ashmitha/ros_ws'
[2.561s] Level 1:colcon.colcon_core.package_identification:_identify(.) by extensions ['ignore', 'ignore_ament_install']
[2.561s] Level 1:colcon.colcon_core.package_identification:_identify(.) by extension 'ignore'
[2.561s] Level 1:colcon.colcon_core.package_identification:_identify(.) by extension 'ignore_ament_install'
[2.561s] Level 1:colcon.colcon_core.package_identification:_identify(.) by extensions ['colcon_pkg']
[2.561s] Level 1:colcon.colcon_core.package_identification:_identify(.) by extension 'colcon_pkg'
[2.561s] Level 1:colcon.colcon_core.package_identification:_identify(.) by extensions ['colcon_meta']
[2.561s] Level 1:colcon.colcon_core.package_identification:_identify(.) by extension 'colcon_meta'
[2.561s] Level 1:colcon.colcon_core.package_identification:_identify(.) by extensions ['ros']
[2.561s] Level 1:colcon.colcon_core.package_identification:_identify(.) by extension 'ros'
[2.574s] Level 1:colcon.colcon_core.package_identification:_identify(.) by extensions ['cmake', 'python']
[2.574s] Level 1:colcon.colcon_core.package_identification:_identify(.) by extension 'cmake'
[2.574s] Level 1:colcon.colcon_core.package_identification:_identify(.) by extension 'python'
[2.574s] Level 1:colcon.colcon_core.package_identification:_identify(.) by extensions ['python_setup_py']
[2.574s] Level 1:colcon.colcon_core.package_identification:_identify(.) by extension 'python_setup_py'
[2.574s] Level 1:colcon.colcon_core.package_identification:_identify(build) by extensions ['ignore', 'ignore_ament_install']
[2.574s] Level 1:colcon.colcon_core.package_identification:_identify(build) by extension 'ignore'
[2.574s] Level 1:colcon.colcon_core.package_identification:_identify(build) ignored
[2.574s] Level 1:colcon.colcon_core.package_identification:_identify(install) by extensions ['ignore', 'ignore_ament_install']
[2.575s] Level 1:colcon.colcon_core.package_identification:_identify(install) by extension 'ignore'
[2.575s] Level 1:colcon.colcon_core.package_identification:_identify(install) ignored
[2.575s] Level 1:colcon.colcon_core.package_identification:_identify(log) by extensions ['ignore', 'ignore_ament_install']
[2.575s] Level 1:colcon.colcon_core.package_identification:_identify(log) by extension 'ignore'
[2.575s] Level 1:colcon.colcon_core.package_identification:_identify(log) ignored
[2.575s] Level 1:colcon.colcon_core.package_identification:_identify(src) by extensions ['ignore', 'ignore_ament_install']
[2.575s] Level 1:colcon.colcon_core.package_identification:_identify(src) by extension 'ignore'
[2.575s] Level 1:colcon.colcon_core.package_identification:_identify(src) by extension 'ignore_ament_install'
[2.575s] Level 1:colcon.colcon_core.package_identification:_identify(src) by extensions ['colcon_pkg']
[2.575s] Level 1:colcon.colcon_core.package_identification:_identify(src) by extension 'colcon_pkg'
[2.575s] Level 1:colcon.colcon_core.package_identification:_identify(src) by extensions ['colcon_meta']
[2.575s] Level 1:colcon.colcon_core.package_identification:_identify(src) by extension 'colcon_meta'
[2.575s] Level 1:colcon.colcon_core.package_identification:_identify(src) by extensions ['ros']
[2.575s] Level 1:colcon.colcon_core.package_identification:_identify(src) by extension 'ros'
[2.575s] Level 1:colcon.colcon_core.package_identification:_identify(src) by extensions ['cmake', 'python']
[2.575s] Level 1:colcon.colcon_core.package_identification:_identify(src) by extension 'cmake'
[2.575s] Level 1:colcon.colcon_core.package_identification:_identify(src) by extension 'python'
[2.575s] Level 1:colcon.colcon_core.package_identification:_identify(src) by extensions ['python_setup_py']
[2.575s] Level 1:colcon.colcon_core.package_identification:_identify(src) by extension 'python_setup_py'
[2.576s] Level 1:colcon.colcon_core.package_identification:_identify(src/behavior_trees) by extensions ['ignore', 'ignore_ament_install']
[2.576s] Level 1:colcon.colcon_core.package_identification:_identify(src/behavior_trees) by extension 'ignore'
[2.576s] Level 1:colcon.colcon_core.package_identification:_identify(src/behavior_trees) by extension 'ignore_ament_install'
[2.576s] Level 1:colcon.colcon_core.package_identification:_identify(src/behavior_trees) by extensions ['colcon_pkg']
[2.576s] Level 1:colcon.colcon_core.package_identification:_identify(src/behavior_trees) by extension 'colcon_pkg'
[2.576s] Level 1:colcon.colcon_core.package_identification:_identify(src/behavior_trees) by extensions ['colcon_meta']
[2.576s] Level 1:colcon.colcon_core.package_identification:_identify(src/behavior_trees) by extension 'colcon_meta'
[2.576s] Level 1:colcon.colcon_core.package_identification:_identify(src/behavior_trees) by extensions ['ros']
[2.576s] Level 1:colcon.colcon_core.package_identification:_identify(src/behavior_trees) by extension 'ros'
[2.578s] DEBUG:colcon.colcon_core.package_identification:Package 'src/behavior_trees' with type 'ros.ament_cmake' and name 'behavior_trees'
[2.578s] Level 1:colcon.colcon_core.package_identification:_identify(src/behaviors) by extensions ['ignore', 'ignore_ament_install']
[2.578s] Level 1:colcon.colcon_core.package_identification:_identify(src/behaviors) by extension 'ignore'
[2.578s] Level 1:colcon.colcon_core.package_identification:_identify(src/behaviors) by extension 'ignore_ament_install'
[2.578s] Level 1:colcon.colcon_core.package_identification:_identify(src/behaviors) by extensions ['colcon_pkg']
[2.578s] Level 1:colcon.colcon_core.package_identification:_identify(src/behaviors) by extension 'colcon_pkg'
[2.578s] Level 1:colcon.colcon_core.package_identification:_identify(src/behaviors) by extensions ['colcon_meta']
[2.578s] Level 1:colcon.colcon_core.package_identification:_identify(src/behaviors) by extension 'colcon_meta'
[2.578s] Level 1:colcon.colcon_core.package_identification:_identify(src/behaviors) by extensions ['ros']
[2.578s] Level 1:colcon.colcon_core.package_identification:_identify(src/behaviors) by extension 'ros'
[2.579s] DEBUG:colcon.colcon_core.package_identification:Package 'src/behaviors' with type 'ros.ament_cmake' and name 'behaviors'
[2.579s] Level 1:colcon.colcon_core.package_identification:_identify(src/msgs) by extensions ['ignore', 'ignore_ament_install']
[2.579s] Level 1:colcon.colcon_core.package_identification:_identify(src/msgs) by extension 'ignore'
[2.579s] Level 1:colcon.colcon_core.package_identification:_identify(src/msgs) by extension 'ignore_ament_install'
[2.579s] Level 1:colcon.colcon_core.package_identification:_identify(src/msgs) by extensions ['colcon_pkg']
[2.580s] Level 1:colcon.colcon_core.package_identification:_identify(src/msgs) by extension 'colcon_pkg'
[2.580s] Level 1:colcon.colcon_core.package_identification:_identify(src/msgs) by extensions ['colcon_meta']
[2.580s] Level 1:colcon.colcon_core.package_identification:_identify(src/msgs) by extension 'colcon_meta'
[2.580s] Level 1:colcon.colcon_core.package_identification:_identify(src/msgs) by extensions ['ros']
[2.580s] Level 1:colcon.colcon_core.package_identification:_identify(src/msgs) by extension 'ros'
[2.580s] DEBUG:colcon.colcon_core.package_identification:Package 'src/msgs' with type 'ros.ament_cmake' and name 'msgs'
[2.580s] Level 1:colcon.colcon_core.package_identification:_identify(src/nav2_test_utils) by extensions ['ignore', 'ignore_ament_install']
[2.580s] Level 1:colcon.colcon_core.package_identification:_identify(src/nav2_test_utils) by extension 'ignore'
[2.581s] Level 1:colcon.colcon_core.package_identification:_identify(src/nav2_test_utils) by extension 'ignore_ament_install'
[2.581s] Level 1:colcon.colcon_core.package_identification:_identify(src/nav2_test_utils) by extensions ['colcon_pkg']
[2.581s] Level 1:colcon.colcon_core.package_identification:_identify(src/nav2_test_utils) by extension 'colcon_pkg'
[2.581s] Level 1:colcon.colcon_core.package_identification:_identify(src/nav2_test_utils) by extensions ['colcon_meta']
[2.581s] Level 1:colcon.colcon_core.package_identification:_identify(src/nav2_test_utils) by extension 'colcon_meta'
[2.581s] Level 1:colcon.colcon_core.package_identification:_identify(src/nav2_test_utils) by extensions ['ros']
[2.581s] Level 1:colcon.colcon_core.package_identification:_identify(src/nav2_test_utils) by extension 'ros'
[2.581s] DEBUG:colcon.colcon_core.package_identification:Package 'src/nav2_test_utils' with type 'ros.ament_cmake' and name 'nav2_test_utils'
[2.581s] Level 1:colcon.colcon_core.package_discovery:discover_packages(recursive) using defaults
[2.581s] Level 1:colcon.colcon_core.package_discovery:discover_packages(ignore) discover
[2.581s] Level 1:colcon.colcon_core.package_discovery:discover_packages(ignore) using defaults
[2.581s] Level 1:colcon.colcon_core.package_discovery:discover_packages(path) discover
[2.582s] Level 1:colcon.colcon_core.package_discovery:discover_packages(path) using defaults
[2.629s] INFO:colcon.colcon_core.package_selection:Skipping not selected package 'behavior_trees' in 'src/behavior_trees'
[2.629s] INFO:colcon.colcon_core.package_selection:Skipping not selected package 'msgs' in 'src/msgs'
[2.629s] INFO:colcon.colcon_core.package_selection:Skipping not selected package 'nav2_test_utils' in 'src/nav2_test_utils'
[2.649s] Level 1:colcon.colcon_core.package_discovery:discover_packages(prefix_path) check parameters
[2.649s] Level 1:colcon.colcon_core.package_discovery:discover_packages(prefix_path) discover
[2.669s] DEBUG:colcon.colcon_installed_package_information.package_discovery:Found 298 installed packages in /opt/ros/foxy
[2.670s] Level 1:colcon.colcon_core.package_discovery:discover_packages(prefix_path) using defaults
[2.724s] Level 5:colcon.colcon_core.verb:set package 'behaviors' build argument 'cmake_args' from command line to 'None'
[2.724s] Level 5:colcon.colcon_core.verb:set package 'behaviors' build argument 'cmake_target' from command line to 'None'
[2.724s] Level 5:colcon.colcon_core.verb:set package 'behaviors' build argument 'cmake_target_skip_unavailable' from command line to 'False'
[2.724s] Level 5:colcon.colcon_core.verb:set package 'behaviors' build argument 'cmake_clean_cache' from command line to 'False'
[2.724s] Level 5:colcon.colcon_core.verb:set package 'behaviors' build argument 'cmake_clean_first' from command line to 'False'
[2.724s] Level 5:colcon.colcon_core.verb:set package 'behaviors' build argument 'cmake_force_configure' from command line to 'False'
[2.724s] Level 5:colcon.colcon_core.verb:set package 'behaviors' build argument 'ament_cmake_args' from command line to 'None'
[2.724s] Level 5:colcon.colcon_core.verb:set package 'behaviors' build argument 'catkin_cmake_args' from command line to 'None'
[2.724s] Level 5:colcon.colcon_core.verb:set package 'behaviors' build argument 'catkin_skip_building_tests' from command line to 'False'
[2.724s] DEBUG:colcon.colcon_core.verb:Building package 'behaviors' with the following arguments: {'ament_cmake_args': None, 'build_base': '/home/ashmitha/ros_ws/build/behaviors', 'catkin_cmake_args': None, 'catkin_skip_building_tests': False, 'cmake_args': None, 'cmake_clean_cache': False, 'cmake_clean_first': False, 'cmake_force_configure': False, 'cmake_target': None, 'cmake_target_skip_unavailable': False, 'install_base': '/home/ashmitha/ros_ws/install/behaviors', 'merge_install': False, 'path': '/home/ashmitha/ros_ws/src/behaviors', 'symlink_install': False, 'test_result_base': None}
[2.733s] INFO:colcon.colcon_core.executor:Executing jobs using 'parallel' executor
[2.744s] DEBUG:colcon.colcon_parallel_executor.executor.parallel:run_until_complete
[2.744s] INFO:colcon.colcon_ros.task.ament_cmake.build:Building ROS package in '/home/ashmitha/ros_ws/src/behaviors' with build type 'ament_cmake'
[2.744s] INFO:colcon.colcon_cmake.task.cmake.build:Building CMake package in '/home/ashmitha/ros_ws/src/behaviors'
[2.756s] INFO:colcon.colcon_core.plugin_system:Skipping extension 'colcon_core.shell.bat': Not used on non-Windows systems
[2.756s] INFO:colcon.colcon_core.shell:Skip shell extension 'powershell' for command environment: Not usable outside of PowerShell
[2.756s] DEBUG:colcon.colcon_core.shell:Skip shell extension 'dsv' for command environment
[2.794s] DEBUG:colcon.colcon_core.event_handler.log_command:Invoking command in '/home/ashmitha/ros_ws/build/behaviors': AMENT_PREFIX_PATH=/home/ashmitha/ros_ws/install/msgs:${AMENT_PREFIX_PATH} CMAKE_PREFIX_PATH=/home/ashmitha/ros_ws/install/msgs:/opt/ros/foxy CONDA_PROMPT_MODIFIER=(base) LD_LIBRARY_PATH=/home/ashmitha/ros_ws/install/msgs/lib:${LD_LIBRARY_PATH} PYTHONPATH=/home/ashmitha/ros_ws/install/msgs/lib/python3.11/site-packages:${PYTHONPATH} /home/ashmitha/.local/bin/cmake --build /home/ashmitha/ros_ws/build/behaviors -- -j8 -l8
[12.010s] DEBUG:colcon.colcon_core.event_handler.log_command:Invoked command in '/home/ashmitha/ros_ws/build/behaviors' returned '2': AMENT_PREFIX_PATH=/home/ashmitha/ros_ws/install/msgs:${AMENT_PREFIX_PATH} CMAKE_PREFIX_PATH=/home/ashmitha/ros_ws/install/msgs:/opt/ros/foxy CONDA_PROMPT_MODIFIER=(base) LD_LIBRARY_PATH=/home/ashmitha/ros_ws/install/msgs/lib:${LD_LIBRARY_PATH} PYTHONPATH=/home/ashmitha/ros_ws/install/msgs/lib/python3.11/site-packages:${PYTHONPATH} /home/ashmitha/.local/bin/cmake --build /home/ashmitha/ros_ws/build/behaviors -- -j8 -l8
[12.066s] Level 1:colcon.colcon_core.environment:create_environment_scripts_only(behaviors)
[12.077s] Level 1:colcon.colcon_core.environment:checking '/home/ashmitha/ros_ws/install/behaviors' for CMake module files
[12.078s] Level 1:colcon.colcon_core.environment:checking '/home/ashmitha/ros_ws/install/behaviors' for CMake config files
[12.078s] Level 1:colcon.colcon_core.shell:create_environment_hook('behaviors', 'cmake_prefix_path')
[12.087s] INFO:colcon.colcon_core.shell:Creating environment hook '/home/ashmitha/ros_ws/install/behaviors/share/behaviors/hook/cmake_prefix_path.ps1'
[12.088s] INFO:colcon.colcon_core.shell:Creating environment descriptor '/home/ashmitha/ros_ws/install/behaviors/share/behaviors/hook/cmake_prefix_path.dsv'
[12.089s] INFO:colcon.colcon_core.shell:Creating environment hook '/home/ashmitha/ros_ws/install/behaviors/share/behaviors/hook/cmake_prefix_path.sh'
[12.089s] Level 1:colcon.colcon_core.environment:checking '/home/ashmitha/ros_ws/install/behaviors/bin'
[12.089s] Level 1:colcon.colcon_core.environment:checking '/home/ashmitha/ros_ws/install/behaviors/lib/pkgconfig/behaviors.pc'
[12.090s] Level 1:colcon.colcon_core.environment:checking '/home/ashmitha/ros_ws/install/behaviors/lib/python3.8/site-packages'
[12.090s] Level 1:colcon.colcon_core.environment:checking '/home/ashmitha/ros_ws/install/behaviors/bin'
[12.099s] INFO:colcon.colcon_core.shell:Creating package script '/home/ashmitha/ros_ws/install/behaviors/share/behaviors/package.ps1'
[12.100s] INFO:colcon.colcon_core.shell:Creating package descriptor '/home/ashmitha/ros_ws/install/behaviors/share/behaviors/package.dsv'
[12.100s] INFO:colcon.colcon_core.shell:Creating package script '/home/ashmitha/ros_ws/install/behaviors/share/behaviors/package.sh'
[12.101s] INFO:colcon.colcon_core.shell:Creating package script '/home/ashmitha/ros_ws/install/behaviors/share/behaviors/package.bash'
[12.102s] INFO:colcon.colcon_core.shell:Creating package script '/home/ashmitha/ros_ws/install/behaviors/share/behaviors/package.zsh'
[12.102s] Level 1:colcon.colcon_core.environment:create_file_with_runtime_dependencies(/home/ashmitha/ros_ws/install/behaviors/share/colcon-core/packages/behaviors)
[12.113s] DEBUG:colcon.colcon_parallel_executor.executor.parallel:closing loop
[12.113s] DEBUG:colcon.colcon_parallel_executor.executor.parallel:loop closed
[12.113s] DEBUG:colcon.colcon_parallel_executor.executor.parallel:run_until_complete finished with '2'
[12.113s] DEBUG:colcon.colcon_core.event_reactor:joining thread
[12.133s] INFO:colcon.colcon_core.plugin_system:Skipping extension 'colcon_notification.desktop_notification.terminal_notifier': Not used on non-Darwin systems
[12.133s] INFO:colcon.colcon_core.plugin_system:Skipping extension 'colcon_notification.desktop_notification.win32': Not used on non-Windows systems
[12.133s] INFO:colcon.colcon_notification.desktop_notification:Sending desktop notification using 'notify2'
[12.149s] ERROR:colcon.colcon_notification.desktop_notification:Exception in desktop notification extension 'notify2': Expected a string or unicode object
Traceback (most recent call last):
  File "/usr/lib/python3/dist-packages/colcon_notification/desktop_notification/__init__.py", line 106, in notify
    retval = extension.notify(
  File "/usr/lib/python3/dist-packages/colcon_notification/desktop_notification/notify2.py", line 51, in notify
    self._last_notification.show()
  File "/usr/lib/python3/dist-packages/notify2.py", line 181, in show
    nid = dbus_iface.Notify(appname,       # app_name       (spec names)
  File "/usr/lib/python3/dist-packages/dbus/proxies.py", line 72, in __call__
    return self._proxy_method(*args, **keywords)
  File "/usr/lib/python3/dist-packages/dbus/proxies.py", line 141, in __call__
    return self._connection.call_blocking(self._named_service,
  File "/usr/lib/python3/dist-packages/dbus/connection.py", line 643, in call_blocking
    message.append(signature=signature, *args)
TypeError: Expected a string or unicode object

[12.149s] INFO:colcon.colcon_notification.desktop_notification:Sending desktop notification using 'notify_send'
[12.157s] DEBUG:colcon.colcon_core.event_reactor:joined thread
[12.169s] INFO:colcon.colcon_core.shell:Creating prefix script '/home/ashmitha/ros_ws/install/local_setup.ps1'
[12.170s] INFO:colcon.colcon_core.shell:Creating prefix util module '/home/ashmitha/ros_ws/install/_local_setup_util_ps1.py'
[12.171s] INFO:colcon.colcon_core.shell:Creating prefix chain script '/home/ashmitha/ros_ws/install/setup.ps1'
[12.183s] INFO:colcon.colcon_core.shell:Creating prefix script '/home/ashmitha/ros_ws/install/local_setup.sh'
[12.184s] INFO:colcon.colcon_core.shell:Creating prefix util module '/home/ashmitha/ros_ws/install/_local_setup_util_sh.py'
[12.184s] INFO:colcon.colcon_core.shell:Creating prefix chain script '/home/ashmitha/ros_ws/install/setup.sh'
[12.194s] INFO:colcon.colcon_core.shell:Creating prefix script '/home/ashmitha/ros_ws/install/local_setup.bash'
[12.195s] INFO:colcon.colcon_core.shell:Creating prefix chain script '/home/ashmitha/ros_ws/install/setup.bash'
[12.205s] INFO:colcon.colcon_core.shell:Creating prefix script '/home/ashmitha/ros_ws/install/local_setup.zsh'
[12.205s] INFO:colcon.colcon_core.shell:Creating prefix chain script '/home/ashmitha/ros_ws/install/setup.zsh'
