-- The C compiler identification is GNU 9.4.0
-- The CXX compiler identification is GNU 9.4.0
-- Detecting C compiler ABI info
-- Detecting C compiler ABI info - done
-- Check for working C compiler: /usr/bin/cc - skipped
-- Detecting C compile features
-- Detecting C compile features - done
-- Detecting CXX compiler ABI info
-- Detecting CXX compiler ABI info - done
-- Check for working CXX compiler: /usr/bin/c++ - skipped
-- Detecting CXX compile features
-- Detecting CXX compile features - done
-- Found ament_cmake: 0.9.12 (/opt/ros/foxy/share/ament_cmake/cmake)
[33mCMake Warning (dev) at /opt/ros/foxy/share/ament_cmake_core/cmake/core/python.cmake:22 (find_package):
  Policy CMP0148 is not set: The FindPythonInterp and FindPythonLibs modules
  are removed.  Run "cmake --help-policy CMP0148" for policy details.  Use
  the cmake_policy command to set the policy and suppress this warning.

Call Stack (most recent call first):
  /opt/ros/foxy/share/ament_cmake_core/cmake/core/all.cmake:53 (include)
  /opt/ros/foxy/share/ament_cmake_core/cmake/ament_cmake_core-extras.cmake:17 (include)
  /opt/ros/foxy/share/ament_cmake_core/cmake/ament_cmake_coreConfig.cmake:41 (include)
  /opt/ros/foxy/share/ament_cmake/cmake/ament_cmake_export_dependencies-extras.cmake:15 (find_package)
  /opt/ros/foxy/share/ament_cmake/cmake/ament_cmakeConfig.cmake:41 (include)
  CMakeLists.txt:19 (find_package)
This warning is for project developers.  Use -Wno-dev to suppress it.
[0m
-- Found PythonInterp: /home/ashmitha/anaconda3/bin/python3 (found suitable version "3.11.4", minimum required is "3") 
-- Using PYTHON_EXECUTABLE: /home/ashmitha/anaconda3/bin/python3
-- Found ament_lint_auto: 0.9.8 (/opt/ros/foxy/share/ament_lint_auto/cmake)
-- Added test 'copyright' to check source files copyright and LICENSE
-- Added test 'lint_cmake' to check CMake code style
-- Added test 'xmllint' to check XML markup files
-- Configuring done (0.5s)
-- Generating done (0.0s)
-- Build files have been written to: /home/ashmitha/ros_ws/build/behaviors
-- Install configuration: ""
-- Installing: /home/ashmitha/ros_ws/install/behaviors/share/ament_index/resource_index/package_run_dependencies/behaviors
-- Installing: /home/ashmitha/ros_ws/install/behaviors/share/ament_index/resource_index/parent_prefix_path/behaviors
-- Installing: /home/ashmitha/ros_ws/install/behaviors/share/behaviors/environment/ament_prefix_path.sh
-- Installing: /home/ashmitha/ros_ws/install/behaviors/share/behaviors/environment/ament_prefix_path.dsv
-- Installing: /home/ashmitha/ros_ws/install/behaviors/share/behaviors/environment/path.sh
-- Installing: /home/ashmitha/ros_ws/install/behaviors/share/behaviors/environment/path.dsv
-- Installing: /home/ashmitha/ros_ws/install/behaviors/share/behaviors/local_setup.bash
-- Installing: /home/ashmitha/ros_ws/install/behaviors/share/behaviors/local_setup.sh
-- Installing: /home/ashmitha/ros_ws/install/behaviors/share/behaviors/local_setup.zsh
-- Installing: /home/ashmitha/ros_ws/install/behaviors/share/behaviors/local_setup.dsv
-- Installing: /home/ashmitha/ros_ws/install/behaviors/share/behaviors/package.dsv
-- Installing: /home/ashmitha/ros_ws/install/behaviors/share/ament_index/resource_index/packages/behaviors
-- Installing: /home/ashmitha/ros_ws/install/behaviors/share/behaviors/cmake/behaviorsConfig.cmake
-- Installing: /home/ashmitha/ros_ws/install/behaviors/share/behaviors/cmake/behaviorsConfig-version.cmake
-- Installing: /home/ashmitha/ros_ws/install/behaviors/share/behaviors/package.xml
