[0.101s] Invoking command in '/home/ashmitha/ros_ws/build/msgs': CMAKE_PREFIX_PATH=${CMAKE_PREFIX_PATH}:/opt/ros/foxy CONDA_PROMPT_MODIFIER=(base) /home/ashmitha/.local/bin/cmake --build /home/ashmitha/ros_ws/build/msgs -- -j8 -l8
[0.132s] -- Found ament_cmake: 0.9.12 (/opt/ros/foxy/share/ament_cmake/cmake)
[0.133s] [33mCMake Warning (dev) at /opt/ros/foxy/share/ament_cmake_core/cmake/core/python.cmake:22 (find_package):
[0.133s]   Policy CMP0148 is not set: The FindPythonInterp and FindPythonLibs modules
[0.133s]   are removed.  Run "cmake --help-policy CMP0148" for policy details.  Use
[0.133s]   the cmake_policy command to set the policy and suppress this warning.
[0.133s] 
[0.133s] Call Stack (most recent call first):
[0.134s]   /opt/ros/foxy/share/ament_cmake_core/cmake/core/all.cmake:53 (include)
[0.134s]   /opt/ros/foxy/share/ament_cmake_core/cmake/ament_cmake_core-extras.cmake:17 (include)
[0.134s]   /opt/ros/foxy/share/ament_cmake_core/cmake/ament_cmake_coreConfig.cmake:41 (include)
[0.134s]   /opt/ros/foxy/share/ament_cmake/cmake/ament_cmake_export_dependencies-extras.cmake:15 (find_package)
[0.134s]   /opt/ros/foxy/share/ament_cmake/cmake/ament_cmakeConfig.cmake:41 (include)
[0.134s]   CMakeLists.txt:8 (find_package)
[0.134s] This warning is for project developers.  Use -Wno-dev to suppress it.
[0.134s] [0m
[0.147s] -- Found PythonInterp: /home/ashmitha/anaconda3/bin/python3 (found suitable version "3.11.4", minimum required is "3") 
[0.148s] -- Using PYTHON_EXECUTABLE: /home/ashmitha/anaconda3/bin/python3
[0.321s] -- Found nav2_common: 0.4.7 (/opt/ros/foxy/share/nav2_common/cmake)
[0.321s] -- Found builtin_interfaces: 1.0.0 (/opt/ros/foxy/share/builtin_interfaces/cmake)
[0.342s] -- Using all available rosidl_typesupport_c: rosidl_typesupport_fastrtps_c;rosidl_typesupport_introspection_c
[0.346s] -- Found rosidl_adapter: 1.3.1 (/opt/ros/foxy/share/rosidl_adapter/cmake)
[0.448s] -- Using all available rosidl_typesupport_cpp: rosidl_typesupport_fastrtps_cpp;rosidl_typesupport_introspection_cpp
[0.466s] -- Found rosidl_default_generators: 1.0.1 (/opt/ros/foxy/share/rosidl_default_generators/cmake)
[0.475s] -- Found action_msgs: 1.0.0 (/opt/ros/foxy/share/action_msgs/cmake)
[0.501s] -- Found nav_msgs: 2.0.5 (/opt/ros/foxy/share/nav_msgs/cmake)
[0.592s] -- Found rclcpp: 2.4.3 (/opt/ros/foxy/share/rclcpp/cmake)
[0.617s] -- Found rmw_implementation_cmake: 1.0.4 (/opt/ros/foxy/share/rmw_implementation_cmake/cmake)
[0.618s] -- Using RMW implementation 'rmw_fastrtps_cpp' as default
[0.706s] [33mCMake Warning (dev) at /opt/ros/foxy/share/rosidl_adapter/cmake/rosidl_adapt_interfaces.cmake:40 (find_package):
[0.706s]   Policy CMP0148 is not set: The FindPythonInterp and FindPythonLibs modules
[0.706s]   are removed.  Run "cmake --help-policy CMP0148" for policy details.  Use
[0.706s]   the cmake_policy command to set the policy and suppress this warning.
[0.706s] 
[0.706s] Call Stack (most recent call first):
[0.706s]   /opt/ros/foxy/share/rosidl_cmake/cmake/rosidl_generate_interfaces.cmake:130 (rosidl_adapt_interfaces)
[0.706s]   CMakeLists.txt:22 (rosidl_generate_interfaces)
[0.706s] This warning is for project developers.  Use -Wno-dev to suppress it.
[0.706s] [0m
[0.719s] -- Found PythonInterp: /home/ashmitha/anaconda3/bin/python3 (found version "3.11.4") 
[0.845s] -- Found ament_cmake_ros: 0.9.2 (/opt/ros/foxy/share/ament_cmake_ros/cmake)
[0.991s] -- Using all available rosidl_typesupport_c: rosidl_typesupport_fastrtps_c;rosidl_typesupport_introspection_c
[1.041s] -- Using all available rosidl_typesupport_cpp: rosidl_typesupport_fastrtps_cpp;rosidl_typesupport_introspection_cpp
[1.044s] [33mCMake Warning (dev) at /opt/ros/foxy/share/rosidl_generator_py/cmake/rosidl_generator_py_generate_interfaces.cmake:20 (find_package):
[1.044s]   Policy CMP0148 is not set: The FindPythonInterp and FindPythonLibs modules
[1.044s]   are removed.  Run "cmake --help-policy CMP0148" for policy details.  Use
[1.045s]   the cmake_policy command to set the policy and suppress this warning.
[1.045s] 
[1.045s] Call Stack (most recent call first):
[1.045s]   /opt/ros/foxy/share/ament_cmake_core/cmake/core/ament_execute_extensions.cmake:48 (include)
[1.045s]   /opt/ros/foxy/share/rosidl_cmake/cmake/rosidl_generate_interfaces.cmake:286 (ament_execute_extensions)
[1.045s]   CMakeLists.txt:22 (rosidl_generate_interfaces)
[1.045s] This warning is for project developers.  Use -Wno-dev to suppress it.
[1.045s] [0m
[1.058s] -- Found PythonInterp: /home/ashmitha/anaconda3/bin/python3 (found suitable version "3.11.4", minimum required is "3.5") 
[1.058s] -- Found python_cmake_module: 0.8.1 (/opt/ros/foxy/share/python_cmake_module/cmake)
[1.058s] [33mCMake Warning (dev) at /opt/ros/foxy/share/python_cmake_module/cmake/Modules/FindPythonExtra.cmake:45 (find_package):
[1.058s]   Policy CMP0148 is not set: The FindPythonInterp and FindPythonLibs modules
[1.058s]   are removed.  Run "cmake --help-policy CMP0148" for policy details.  Use
[1.058s]   the cmake_policy command to set the policy and suppress this warning.
[1.058s] 
[1.058s] Call Stack (most recent call first):
[1.058s]   /opt/ros/foxy/share/rosidl_generator_py/cmake/rosidl_generator_py_generate_interfaces.cmake:23 (find_package)
[1.058s]   /opt/ros/foxy/share/ament_cmake_core/cmake/core/ament_execute_extensions.cmake:48 (include)
[1.058s]   /opt/ros/foxy/share/rosidl_cmake/cmake/rosidl_generate_interfaces.cmake:286 (ament_execute_extensions)
[1.058s]   CMakeLists.txt:22 (rosidl_generate_interfaces)
[1.058s] This warning is for project developers.  Use -Wno-dev to suppress it.
[1.058s] [0m
[1.070s] [33mCMake Warning (dev) at /opt/ros/foxy/share/python_cmake_module/cmake/Modules/FindPythonExtra.cmake:133 (find_package):
[1.070s]   Policy CMP0148 is not set: The FindPythonInterp and FindPythonLibs modules
[1.070s]   are removed.  Run "cmake --help-policy CMP0148" for policy details.  Use
[1.071s]   the cmake_policy command to set the policy and suppress this warning.
[1.071s] 
[1.071s] Call Stack (most recent call first):
[1.071s]   /opt/ros/foxy/share/rosidl_generator_py/cmake/rosidl_generator_py_generate_interfaces.cmake:23 (find_package)
[1.071s]   /opt/ros/foxy/share/ament_cmake_core/cmake/core/ament_execute_extensions.cmake:48 (include)
[1.071s]   /opt/ros/foxy/share/rosidl_cmake/cmake/rosidl_generate_interfaces.cmake:286 (ament_execute_extensions)
[1.071s]   CMakeLists.txt:22 (rosidl_generate_interfaces)
[1.071s] This warning is for project developers.  Use -Wno-dev to suppress it.
[1.071s] [0m
[1.072s] -- Using PYTHON_EXECUTABLE: /home/ashmitha/anaconda3/bin/python3
[1.072s] -- Using PYTHON_INCLUDE_DIRS: /home/ashmitha/anaconda3/include/python3.11
[1.072s] -- Using PYTHON_LIBRARIES: /home/ashmitha/anaconda3/lib/libpython3.11.so
[1.157s] -- Using numpy include directory: /home/ashmitha/anaconda3/lib/python3.11/site-packages/numpy/core/include
[1.167s] [31mCMake Error at CMakeLists.txt:27 (add_action_files):
[1.167s]   Unknown CMake command "add_action_files".
[1.167s] 
[1.167s] [0m
[1.167s] -- Configuring incomplete, errors occurred!
[1.173s] make: *** [Makefile:719: cmake_check_build_system] Error 1
[1.179s] Invoked command in '/home/ashmitha/ros_ws/build/msgs' returned '2': CMAKE_PREFIX_PATH=${CMAKE_PREFIX_PATH}:/opt/ros/foxy CONDA_PROMPT_MODIFIER=(base) /home/ashmitha/.local/bin/cmake --build /home/ashmitha/ros_ws/build/msgs -- -j8 -l8
