[  3%] Built target msgs__cpp
[ 12%] Built target msgs__rosidl_generator_c
[ 22%] Built target msgs__rosidl_typesupport_cpp
[ 32%] Built target msgs__rosidl_typesupport_introspection_cpp
[ 45%] Built target msgs__rosidl_typesupport_fastrtps_cpp
[ 51%] Built target msgs__rosidl_typesupport_c
[ 61%] Built target msgs__rosidl_typesupport_introspection_c
[ 70%] Built target msgs__rosidl_typesupport_fastrtps_c
[ 70%] Built target msgs
[ 74%] Built target msgs__py
[ 80%] Built target msgs__python
[ 87%] Built target msgs__rosidl_typesupport_fastrtps_c__pyext
[ 93%] Built target msgs__rosidl_typesupport_c__pyext
[100%] Built target msgs__rosidl_typesupport_introspection_c__pyext
-- Install configuration: ""
-- Up-to-date: /home/ashmitha/ros_ws/install/msgs/share/ament_index/resource_index/rosidl_interfaces/msgs
-- Up-to-date: /home/ashmitha/ros_ws/install/msgs/include/msgs
-- Up-to-date: /home/ashmitha/ros_ws/install/msgs/include/msgs/msg
-- Up-to-date: /home/ashmitha/ros_ws/install/msgs/include/msgs/msg/rosidl_generator_c__visibility_control.h
-- Up-to-date: /home/ashmitha/ros_ws/install/msgs/include/msgs/action
-- Installing: /home/ashmitha/ros_ws/install/msgs/include/msgs/action/teleop.h
-- Up-to-date: /home/ashmitha/ros_ws/install/msgs/include/msgs/action/detail
-- Installing: /home/ashmitha/ros_ws/install/msgs/include/msgs/action/detail/teleop__functions.c
-- Installing: /home/ashmitha/ros_ws/install/msgs/include/msgs/action/detail/teleop__type_support.h
-- Installing: /home/ashmitha/ros_ws/install/msgs/include/msgs/action/detail/teleop__functions.h
-- Installing: /home/ashmitha/ros_ws/install/msgs/include/msgs/action/detail/teleop__struct.h
-- Up-to-date: /home/ashmitha/ros_ws/install/msgs/share/msgs/environment/library_path.sh
-- Installing: /home/ashmitha/ros_ws/install/msgs/share/msgs/environment/library_path.dsv
-- Installing: /home/ashmitha/ros_ws/install/msgs/lib/libmsgs__rosidl_generator_c.so
-- Set runtime path of "/home/ashmitha/ros_ws/install/msgs/lib/libmsgs__rosidl_generator_c.so" to ""
-- Up-to-date: /home/ashmitha/ros_ws/install/msgs/include/msgs
-- Up-to-date: /home/ashmitha/ros_ws/install/msgs/include/msgs/msg
-- Up-to-date: /home/ashmitha/ros_ws/install/msgs/include/msgs/msg/rosidl_typesupport_fastrtps_c__visibility_control.h
-- Up-to-date: /home/ashmitha/ros_ws/install/msgs/include/msgs/action
-- Up-to-date: /home/ashmitha/ros_ws/install/msgs/include/msgs/action/detail
-- Installing: /home/ashmitha/ros_ws/install/msgs/include/msgs/action/detail/teleop__rosidl_typesupport_fastrtps_c.h
-- Installing: /home/ashmitha/ros_ws/install/msgs/lib/libmsgs__rosidl_typesupport_fastrtps_c.so
-- Set runtime path of "/home/ashmitha/ros_ws/install/msgs/lib/libmsgs__rosidl_typesupport_fastrtps_c.so" to ""
-- Up-to-date: /home/ashmitha/ros_ws/install/msgs/include/msgs
-- Up-to-date: /home/ashmitha/ros_ws/install/msgs/include/msgs/msg
-- Up-to-date: /home/ashmitha/ros_ws/install/msgs/include/msgs/msg/rosidl_typesupport_fastrtps_cpp__visibility_control.h
-- Up-to-date: /home/ashmitha/ros_ws/install/msgs/include/msgs/action
-- Up-to-date: /home/ashmitha/ros_ws/install/msgs/include/msgs/action/detail
-- Up-to-date: /home/ashmitha/ros_ws/install/msgs/include/msgs/action/detail/dds_fastrtps
-- Installing: /home/ashmitha/ros_ws/install/msgs/include/msgs/action/detail/teleop__rosidl_typesupport_fastrtps_cpp.hpp
-- Installing: /home/ashmitha/ros_ws/install/msgs/lib/libmsgs__rosidl_typesupport_fastrtps_cpp.so
-- Set runtime path of "/home/ashmitha/ros_ws/install/msgs/lib/libmsgs__rosidl_typesupport_fastrtps_cpp.so" to ""
-- Up-to-date: /home/ashmitha/ros_ws/install/msgs/include/msgs
-- Up-to-date: /home/ashmitha/ros_ws/install/msgs/include/msgs/msg
-- Up-to-date: /home/ashmitha/ros_ws/install/msgs/include/msgs/msg/rosidl_typesupport_introspection_c__visibility_control.h
-- Up-to-date: /home/ashmitha/ros_ws/install/msgs/include/msgs/action
-- Up-to-date: /home/ashmitha/ros_ws/install/msgs/include/msgs/action/detail
-- Installing: /home/ashmitha/ros_ws/install/msgs/include/msgs/action/detail/teleop__type_support.c
-- Installing: /home/ashmitha/ros_ws/install/msgs/include/msgs/action/detail/teleop__rosidl_typesupport_introspection_c.h
-- Installing: /home/ashmitha/ros_ws/install/msgs/lib/libmsgs__rosidl_typesupport_introspection_c.so
-- Set runtime path of "/home/ashmitha/ros_ws/install/msgs/lib/libmsgs__rosidl_typesupport_introspection_c.so" to ""
-- Installing: /home/ashmitha/ros_ws/install/msgs/lib/libmsgs__rosidl_typesupport_c.so
-- Set runtime path of "/home/ashmitha/ros_ws/install/msgs/lib/libmsgs__rosidl_typesupport_c.so" to ""
-- Up-to-date: /home/ashmitha/ros_ws/install/msgs/include/msgs
-- Up-to-date: /home/ashmitha/ros_ws/install/msgs/include/msgs/msg
-- Up-to-date: /home/ashmitha/ros_ws/install/msgs/include/msgs/msg/rosidl_generator_cpp__visibility_control.hpp
-- Up-to-date: /home/ashmitha/ros_ws/install/msgs/include/msgs/action
-- Installing: /home/ashmitha/ros_ws/install/msgs/include/msgs/action/teleop.hpp
-- Up-to-date: /home/ashmitha/ros_ws/install/msgs/include/msgs/action/detail
-- Installing: /home/ashmitha/ros_ws/install/msgs/include/msgs/action/detail/teleop__struct.hpp
-- Installing: /home/ashmitha/ros_ws/install/msgs/include/msgs/action/detail/teleop__type_support.hpp
-- Installing: /home/ashmitha/ros_ws/install/msgs/include/msgs/action/detail/teleop__traits.hpp
-- Installing: /home/ashmitha/ros_ws/install/msgs/include/msgs/action/detail/teleop__builder.hpp
-- Up-to-date: /home/ashmitha/ros_ws/install/msgs/include/msgs
-- Up-to-date: /home/ashmitha/ros_ws/install/msgs/include/msgs/action
-- Up-to-date: /home/ashmitha/ros_ws/install/msgs/include/msgs/action/detail
-- Installing: /home/ashmitha/ros_ws/install/msgs/include/msgs/action/detail/teleop__type_support.cpp
-- Installing: /home/ashmitha/ros_ws/install/msgs/include/msgs/action/detail/teleop__rosidl_typesupport_introspection_cpp.hpp
-- Installing: /home/ashmitha/ros_ws/install/msgs/lib/libmsgs__rosidl_typesupport_introspection_cpp.so
-- Set runtime path of "/home/ashmitha/ros_ws/install/msgs/lib/libmsgs__rosidl_typesupport_introspection_cpp.so" to ""
-- Installing: /home/ashmitha/ros_ws/install/msgs/lib/libmsgs__rosidl_typesupport_cpp.so
-- Set runtime path of "/home/ashmitha/ros_ws/install/msgs/lib/libmsgs__rosidl_typesupport_cpp.so" to ""
-- Up-to-date: /home/ashmitha/ros_ws/install/msgs/share/msgs/environment/pythonpath.sh
-- Installing: /home/ashmitha/ros_ws/install/msgs/share/msgs/environment/pythonpath.dsv
-- Installing: /home/ashmitha/ros_ws/install/msgs/lib/python3.11/site-packages/msgs/__init__.py
Compiling '/home/ashmitha/ros_ws/install/msgs/lib/python3.11/site-packages/msgs/__init__.py'...
-- Up-to-date: /home/ashmitha/ros_ws/install/msgs/lib/python3.11/site-packages/msgs/action
-- Installing: /home/ashmitha/ros_ws/install/msgs/lib/python3.11/site-packages/msgs/action/__init__.py
-- Installing: /home/ashmitha/ros_ws/install/msgs/lib/python3.11/site-packages/msgs/action/_teleop.py
-- Installing: /home/ashmitha/ros_ws/install/msgs/lib/python3.11/site-packages/msgs/action/_teleop_s.c
-- Installing: /home/ashmitha/ros_ws/install/msgs/lib/python3.11/site-packages/msgs/msgs_s__rosidl_typesupport_fastrtps_c.cpython-311-x86_64-linux-gnu.so
-- Set runtime path of "/home/ashmitha/ros_ws/install/msgs/lib/python3.11/site-packages/msgs/msgs_s__rosidl_typesupport_fastrtps_c.cpython-311-x86_64-linux-gnu.so" to ""
-- Installing: /home/ashmitha/ros_ws/install/msgs/lib/python3.11/site-packages/msgs/msgs_s__rosidl_typesupport_introspection_c.cpython-311-x86_64-linux-gnu.so
-- Set runtime path of "/home/ashmitha/ros_ws/install/msgs/lib/python3.11/site-packages/msgs/msgs_s__rosidl_typesupport_introspection_c.cpython-311-x86_64-linux-gnu.so" to ""
-- Installing: /home/ashmitha/ros_ws/install/msgs/lib/python3.11/site-packages/msgs/msgs_s__rosidl_typesupport_c.cpython-311-x86_64-linux-gnu.so
-- Set runtime path of "/home/ashmitha/ros_ws/install/msgs/lib/python3.11/site-packages/msgs/msgs_s__rosidl_typesupport_c.cpython-311-x86_64-linux-gnu.so" to ""
-- Installing: /home/ashmitha/ros_ws/install/msgs/lib/libmsgs__python.so
-- Set runtime path of "/home/ashmitha/ros_ws/install/msgs/lib/libmsgs__python.so" to ""
-- Installing: /home/ashmitha/ros_ws/install/msgs/share/msgs/action/Teleop.idl
-- Installing: /home/ashmitha/ros_ws/install/msgs/share/msgs/action/Teleop.action
-- Up-to-date: /home/ashmitha/ros_ws/install/msgs/share/ament_index/resource_index/package_run_dependencies/msgs
-- Up-to-date: /home/ashmitha/ros_ws/install/msgs/share/ament_index/resource_index/parent_prefix_path/msgs
-- Up-to-date: /home/ashmitha/ros_ws/install/msgs/share/msgs/environment/ament_prefix_path.sh
-- Installing: /home/ashmitha/ros_ws/install/msgs/share/msgs/environment/ament_prefix_path.dsv
-- Up-to-date: /home/ashmitha/ros_ws/install/msgs/share/msgs/environment/path.sh
-- Installing: /home/ashmitha/ros_ws/install/msgs/share/msgs/environment/path.dsv
-- Up-to-date: /home/ashmitha/ros_ws/install/msgs/share/msgs/local_setup.bash
-- Up-to-date: /home/ashmitha/ros_ws/install/msgs/share/msgs/local_setup.sh
-- Up-to-date: /home/ashmitha/ros_ws/install/msgs/share/msgs/local_setup.zsh
-- Installing: /home/ashmitha/ros_ws/install/msgs/share/msgs/local_setup.dsv
-- Installing: /home/ashmitha/ros_ws/install/msgs/share/msgs/package.dsv
-- Up-to-date: /home/ashmitha/ros_ws/install/msgs/share/ament_index/resource_index/packages/msgs
-- Up-to-date: /home/ashmitha/ros_ws/install/msgs/share/msgs/cmake/msgs__rosidl_generator_cExport.cmake
-- Up-to-date: /home/ashmitha/ros_ws/install/msgs/share/msgs/cmake/msgs__rosidl_generator_cExport-noconfig.cmake
-- Up-to-date: /home/ashmitha/ros_ws/install/msgs/share/msgs/cmake/msgs__rosidl_typesupport_introspection_cExport.cmake
-- Up-to-date: /home/ashmitha/ros_ws/install/msgs/share/msgs/cmake/msgs__rosidl_typesupport_introspection_cExport-noconfig.cmake
-- Up-to-date: /home/ashmitha/ros_ws/install/msgs/share/msgs/cmake/msgs__rosidl_typesupport_cExport.cmake
-- Up-to-date: /home/ashmitha/ros_ws/install/msgs/share/msgs/cmake/msgs__rosidl_typesupport_cExport-noconfig.cmake
-- Up-to-date: /home/ashmitha/ros_ws/install/msgs/share/msgs/cmake/msgs__rosidl_generator_cppExport.cmake
-- Up-to-date: /home/ashmitha/ros_ws/install/msgs/share/msgs/cmake/msgs__rosidl_typesupport_introspection_cppExport.cmake
-- Up-to-date: /home/ashmitha/ros_ws/install/msgs/share/msgs/cmake/msgs__rosidl_typesupport_introspection_cppExport-noconfig.cmake
-- Up-to-date: /home/ashmitha/ros_ws/install/msgs/share/msgs/cmake/msgs__rosidl_typesupport_cppExport.cmake
-- Up-to-date: /home/ashmitha/ros_ws/install/msgs/share/msgs/cmake/msgs__rosidl_typesupport_cppExport-noconfig.cmake
-- Up-to-date: /home/ashmitha/ros_ws/install/msgs/share/msgs/cmake/rosidl_cmake-extras.cmake
-- Up-to-date: /home/ashmitha/ros_ws/install/msgs/share/msgs/cmake/ament_cmake_export_dependencies-extras.cmake
-- Up-to-date: /home/ashmitha/ros_ws/install/msgs/share/msgs/cmake/ament_cmake_export_libraries-extras.cmake
-- Up-to-date: /home/ashmitha/ros_ws/install/msgs/share/msgs/cmake/ament_cmake_export_targets-extras.cmake
-- Up-to-date: /home/ashmitha/ros_ws/install/msgs/share/msgs/cmake/ament_cmake_export_include_directories-extras.cmake
-- Up-to-date: /home/ashmitha/ros_ws/install/msgs/share/msgs/cmake/rosidl_cmake_export_typesupport_libraries-extras.cmake
-- Up-to-date: /home/ashmitha/ros_ws/install/msgs/share/msgs/cmake/rosidl_cmake_export_typesupport_targets-extras.cmake
-- Up-to-date: /home/ashmitha/ros_ws/install/msgs/share/msgs/cmake/msgsConfig.cmake
-- Up-to-date: /home/ashmitha/ros_ws/install/msgs/share/msgs/cmake/msgsConfig-version.cmake
-- Installing: /home/ashmitha/ros_ws/install/msgs/share/msgs/package.xml
