[0.110s] Invoking command in '/home/ashmitha/ros_ws/build/msgs': CMAKE_PREFIX_PATH=/opt/ros/foxy CONDA_PROMPT_MODIFIER=(base) /home/ashmitha/.local/bin/cmake --build /home/ashmitha/ros_ws/build/msgs -- -j8 -l8
[0.141s] -- Found ament_cmake: 0.9.12 (/opt/ros/foxy/share/ament_cmake/cmake)
[0.142s] [33mCMake Warning (dev) at /opt/ros/foxy/share/ament_cmake_core/cmake/core/python.cmake:22 (find_package):
[0.142s]   Policy CMP0148 is not set: The FindPythonInterp and FindPythonLibs modules
[0.142s]   are removed.  Run "cmake --help-policy CMP0148" for policy details.  Use
[0.142s]   the cmake_policy command to set the policy and suppress this warning.
[0.142s] 
[0.143s] Call Stack (most recent call first):
[0.143s]   /opt/ros/foxy/share/ament_cmake_core/cmake/core/all.cmake:53 (include)
[0.143s]   /opt/ros/foxy/share/ament_cmake_core/cmake/ament_cmake_core-extras.cmake:17 (include)
[0.143s]   /opt/ros/foxy/share/ament_cmake_core/cmake/ament_cmake_coreConfig.cmake:41 (include)
[0.143s]   /opt/ros/foxy/share/ament_cmake/cmake/ament_cmake_export_dependencies-extras.cmake:15 (find_package)
[0.143s]   /opt/ros/foxy/share/ament_cmake/cmake/ament_cmakeConfig.cmake:41 (include)
[0.143s]   CMakeLists.txt:8 (find_package)
[0.143s] This warning is for project developers.  Use -Wno-dev to suppress it.
[0.143s] [0m
[0.159s] -- Found PythonInterp: /home/ashmitha/anaconda3/bin/python3 (found suitable version "3.11.4", minimum required is "3") 
[0.159s] -- Using PYTHON_EXECUTABLE: /home/ashmitha/anaconda3/bin/python3
[0.345s] -- Found nav2_common: 0.4.7 (/opt/ros/foxy/share/nav2_common/cmake)
[0.345s] -- Found builtin_interfaces: 1.0.0 (/opt/ros/foxy/share/builtin_interfaces/cmake)
[0.362s] -- Using all available rosidl_typesupport_c: rosidl_typesupport_fastrtps_c;rosidl_typesupport_introspection_c
[0.365s] -- Found rosidl_adapter: 1.3.1 (/opt/ros/foxy/share/rosidl_adapter/cmake)
[0.477s] -- Using all available rosidl_typesupport_cpp: rosidl_typesupport_fastrtps_cpp;rosidl_typesupport_introspection_cpp
[0.494s] -- Found action_msgs: 1.0.0 (/opt/ros/foxy/share/action_msgs/cmake)
[0.521s] -- Found nav_msgs: 2.0.5 (/opt/ros/foxy/share/nav_msgs/cmake)
[0.611s] -- Found rclcpp: 2.4.3 (/opt/ros/foxy/share/rclcpp/cmake)
[0.635s] -- Found rmw_implementation_cmake: 1.0.4 (/opt/ros/foxy/share/rmw_implementation_cmake/cmake)
[0.636s] -- Using RMW implementation 'rmw_fastrtps_cpp' as default
[0.727s] -- Found rosidl_default_generators: 1.0.1 (/opt/ros/foxy/share/rosidl_default_generators/cmake)
[0.735s] [33mCMake Warning (dev) at /opt/ros/foxy/share/rosidl_adapter/cmake/rosidl_adapt_interfaces.cmake:40 (find_package):
[0.735s]   Policy CMP0148 is not set: The FindPythonInterp and FindPythonLibs modules
[0.735s]   are removed.  Run "cmake --help-policy CMP0148" for policy details.  Use
[0.735s]   the cmake_policy command to set the policy and suppress this warning.
[0.735s] 
[0.735s] Call Stack (most recent call first):
[0.735s]   /opt/ros/foxy/share/rosidl_cmake/cmake/rosidl_generate_interfaces.cmake:130 (rosidl_adapt_interfaces)
[0.735s]   CMakeLists.txt:22 (rosidl_generate_interfaces)
[0.735s] This warning is for project developers.  Use -Wno-dev to suppress it.
[0.735s] [0m
[0.749s] -- Found PythonInterp: /home/ashmitha/anaconda3/bin/python3 (found version "3.11.4") 
[0.885s] -- Found ament_cmake_ros: 0.9.2 (/opt/ros/foxy/share/ament_cmake_ros/cmake)
[1.038s] -- Using all available rosidl_typesupport_c: rosidl_typesupport_fastrtps_c;rosidl_typesupport_introspection_c
[1.090s] -- Using all available rosidl_typesupport_cpp: rosidl_typesupport_fastrtps_cpp;rosidl_typesupport_introspection_cpp
[1.094s] [33mCMake Warning (dev) at /opt/ros/foxy/share/rosidl_generator_py/cmake/rosidl_generator_py_generate_interfaces.cmake:20 (find_package):
[1.094s]   Policy CMP0148 is not set: The FindPythonInterp and FindPythonLibs modules
[1.094s]   are removed.  Run "cmake --help-policy CMP0148" for policy details.  Use
[1.094s]   the cmake_policy command to set the policy and suppress this warning.
[1.094s] 
[1.094s] Call Stack (most recent call first):
[1.094s]   /opt/ros/foxy/share/ament_cmake_core/cmake/core/ament_execute_extensions.cmake:48 (include)
[1.094s]   /opt/ros/foxy/share/rosidl_cmake/cmake/rosidl_generate_interfaces.cmake:286 (ament_execute_extensions)
[1.094s]   CMakeLists.txt:22 (rosidl_generate_interfaces)
[1.094s] This warning is for project developers.  Use -Wno-dev to suppress it.
[1.094s] [0m
[1.110s] -- Found PythonInterp: /home/ashmitha/anaconda3/bin/python3 (found suitable version "3.11.4", minimum required is "3.5") 
[1.110s] -- Found python_cmake_module: 0.8.1 (/opt/ros/foxy/share/python_cmake_module/cmake)
[1.110s] [33mCMake Warning (dev) at /opt/ros/foxy/share/python_cmake_module/cmake/Modules/FindPythonExtra.cmake:45 (find_package):
[1.110s]   Policy CMP0148 is not set: The FindPythonInterp and FindPythonLibs modules
[1.110s]   are removed.  Run "cmake --help-policy CMP0148" for policy details.  Use
[1.110s]   the cmake_policy command to set the policy and suppress this warning.
[1.111s] 
[1.111s] Call Stack (most recent call first):
[1.111s]   /opt/ros/foxy/share/rosidl_generator_py/cmake/rosidl_generator_py_generate_interfaces.cmake:23 (find_package)
[1.111s]   /opt/ros/foxy/share/ament_cmake_core/cmake/core/ament_execute_extensions.cmake:48 (include)
[1.111s]   /opt/ros/foxy/share/rosidl_cmake/cmake/rosidl_generate_interfaces.cmake:286 (ament_execute_extensions)
[1.111s]   CMakeLists.txt:22 (rosidl_generate_interfaces)
[1.111s] This warning is for project developers.  Use -Wno-dev to suppress it.
[1.111s] [0m
[1.124s] [33mCMake Warning (dev) at /opt/ros/foxy/share/python_cmake_module/cmake/Modules/FindPythonExtra.cmake:133 (find_package):
[1.125s]   Policy CMP0148 is not set: The FindPythonInterp and FindPythonLibs modules
[1.125s]   are removed.  Run "cmake --help-policy CMP0148" for policy details.  Use
[1.125s]   the cmake_policy command to set the policy and suppress this warning.
[1.125s] 
[1.125s] Call Stack (most recent call first):
[1.125s]   /opt/ros/foxy/share/rosidl_generator_py/cmake/rosidl_generator_py_generate_interfaces.cmake:23 (find_package)
[1.125s]   /opt/ros/foxy/share/ament_cmake_core/cmake/core/ament_execute_extensions.cmake:48 (include)
[1.125s]   /opt/ros/foxy/share/rosidl_cmake/cmake/rosidl_generate_interfaces.cmake:286 (ament_execute_extensions)
[1.125s]   CMakeLists.txt:22 (rosidl_generate_interfaces)
[1.125s] This warning is for project developers.  Use -Wno-dev to suppress it.
[1.125s] [0m
[1.126s] -- Using PYTHON_EXECUTABLE: /home/ashmitha/anaconda3/bin/python3
[1.126s] -- Using PYTHON_INCLUDE_DIRS: /home/ashmitha/anaconda3/include/python3.11
[1.126s] -- Using PYTHON_LIBRARIES: /home/ashmitha/anaconda3/lib/libpython3.11.so
[1.220s] -- Using numpy include directory: /home/ashmitha/anaconda3/lib/python3.11/site-packages/numpy/core/include
[1.232s] -- Configuring done (1.1s)
[1.258s] [33mCMake Warning at /opt/ros/foxy/share/rosidl_generator_py/cmake/rosidl_generator_py_generate_interfaces.cmake:235 (add_library):
[1.258s]   Cannot generate a safe runtime search path for target
[1.258s]   msgs__rosidl_typesupport_fastrtps_c__pyext because files in some
[1.258s]   directories may conflict with libraries in implicit directories:
[1.258s] 
[1.258s]     runtime library [libssl.so.1.1] in /usr/lib/x86_64-linux-gnu may be hidden by files in:
[1.258s]       /home/ashmitha/anaconda3/lib
[1.258s]     runtime library [libcrypto.so.1.1] in /usr/lib/x86_64-linux-gnu may be hidden by files in:
[1.258s]       /home/ashmitha/anaconda3/lib
[1.258s] 
[1.258s]   Some of these libraries may not be found correctly.
[1.258s] Call Stack (most recent call first):
[1.258s]   /opt/ros/foxy/share/ament_cmake_core/cmake/core/ament_execute_extensions.cmake:48 (include)
[1.258s]   /opt/ros/foxy/share/rosidl_cmake/cmake/rosidl_generate_interfaces.cmake:286 (ament_execute_extensions)
[1.259s]   CMakeLists.txt:22 (rosidl_generate_interfaces)
[1.259s] 
[1.259s] [0m
[1.265s] -- Generating done (0.0s)
[1.267s] -- Build files have been written to: /home/ashmitha/ros_ws/build/msgs
[1.280s] [  3%] [34m[1mGenerating C code for ROS interfaces[0m
[1.283s] [  6%] [34m[1mGenerating C++ code for ROS interfaces[0m
[1.572s] [  6%] Built target msgs__cpp
[1.575s] [ 12%] [34m[1mGenerating C++ introspection for ROS interfaces[0m
[1.575s] [ 12%] [34m[1mGenerating C++ type support for eProsima Fast-RTPS[0m
[1.575s] [ 16%] [34m[1mGenerating C++ type support dispatch for ROS interfaces[0m
[1.576s] [ 19%] [32mBuilding C object CMakeFiles/msgs__rosidl_generator_c.dir/rosidl_generator_c/msgs/action/detail/teleop__functions.c.o[0m
[1.836s] [ 22%] [32mBuilding CXX object CMakeFiles/msgs__rosidl_typesupport_cpp.dir/rosidl_typesupport_cpp/msgs/action/teleop__type_support.cpp.o[0m
[1.857s] [ 25%] [32mBuilding CXX object CMakeFiles/msgs__rosidl_typesupport_introspection_cpp.dir/rosidl_typesupport_introspection_cpp/msgs/action/detail/teleop__type_support.cpp.o[0m
[1.900s] [ 29%] [32mBuilding CXX object CMakeFiles/msgs__rosidl_typesupport_fastrtps_cpp.dir/rosidl_typesupport_fastrtps_cpp/msgs/action/detail/dds_fastrtps/teleop__type_support.cpp.o[0m
[1.958s] [ 32%] [32m[1mLinking C shared library libmsgs__rosidl_generator_c.so[0m
[1.986s] [ 32%] Built target msgs__rosidl_generator_c
[1.988s] [ 35%] [34m[1mGenerating C introspection for ROS interfaces[0m
[1.989s] [ 38%] [34m[1mGenerating C type support dispatch for ROS interfaces[0m
[2.136s] [ 41%] [32m[1mLinking CXX shared library libmsgs__rosidl_typesupport_cpp.so[0m
[2.161s] [ 41%] Built target msgs__rosidl_typesupport_cpp
[2.165s] [ 45%] [32m[1mLinking CXX shared library libmsgs__rosidl_typesupport_introspection_cpp.so[0m
[2.208s] [ 45%] Built target msgs__rosidl_typesupport_introspection_cpp
[2.300s] [ 48%] [32mBuilding CXX object CMakeFiles/msgs__rosidl_typesupport_c.dir/rosidl_typesupport_c/msgs/action/teleop__type_support.cpp.o[0m
[2.310s] [ 51%] [32mBuilding C object CMakeFiles/msgs__rosidl_typesupport_introspection_c.dir/rosidl_typesupport_introspection_c/msgs/action/detail/teleop__type_support.c.o[0m
[2.339s] [ 54%] [32m[1mLinking CXX shared library libmsgs__rosidl_typesupport_c.so[0m
[2.367s] [ 58%] [32m[1mLinking C shared library libmsgs__rosidl_typesupport_introspection_c.so[0m
[2.370s] [ 58%] Built target msgs__rosidl_typesupport_c
[2.383s] [ 58%] Built target msgs__rosidl_typesupport_introspection_c
[2.434s] [ 61%] [32m[1mLinking CXX shared library libmsgs__rosidl_typesupport_fastrtps_cpp.so[0m
[2.490s] [ 61%] Built target msgs__rosidl_typesupport_fastrtps_cpp
[2.493s] [ 64%] [34m[1mGenerating C type support for eProsima Fast-RTPS[0m
[2.747s] [ 67%] [32mBuilding CXX object CMakeFiles/msgs__rosidl_typesupport_fastrtps_c.dir/rosidl_typesupport_fastrtps_c/msgs/action/detail/teleop__type_support_c.cpp.o[0m
[3.079s] [ 70%] [32m[1mLinking CXX shared library libmsgs__rosidl_typesupport_fastrtps_c.so[0m
[3.141s] [ 70%] Built target msgs__rosidl_typesupport_fastrtps_c
[3.146s] [ 70%] Built target msgs
[3.153s] [ 74%] [34m[1mGenerating Python code for ROS interfaces[0m
[3.642s] [ 74%] Built target msgs__py
[3.651s] [ 77%] [32mBuilding C object CMakeFiles/msgs__python.dir/rosidl_generator_py/msgs/action/_teleop_s.c.o[0m
[3.837s] [ 80%] [32m[1mLinking C shared library rosidl_generator_py/msgs/libmsgs__python.so[0m
[3.861s] [ 80%] Built target msgs__python
[3.870s] [ 83%] [32mBuilding C object CMakeFiles/msgs__rosidl_typesupport_fastrtps_c__pyext.dir/rosidl_generator_py/msgs/_msgs_s.ep.rosidl_typesupport_fastrtps_c.c.o[0m
[3.871s] [ 87%] [32mBuilding C object CMakeFiles/msgs__rosidl_typesupport_c__pyext.dir/rosidl_generator_py/msgs/_msgs_s.ep.rosidl_typesupport_c.c.o[0m
[3.873s] [ 90%] [32mBuilding C object CMakeFiles/msgs__rosidl_typesupport_introspection_c__pyext.dir/rosidl_generator_py/msgs/_msgs_s.ep.rosidl_typesupport_introspection_c.c.o[0m
[4.017s] [ 93%] [32m[1mLinking CXX shared library rosidl_generator_py/msgs/msgs_s__rosidl_typesupport_fastrtps_c.cpython-311-x86_64-linux-gnu.so[0m
[4.017s] [ 96%] [32m[1mLinking C shared library rosidl_generator_py/msgs/msgs_s__rosidl_typesupport_c.cpython-311-x86_64-linux-gnu.so[0m
[4.021s] [100%] [32m[1mLinking C shared library rosidl_generator_py/msgs/msgs_s__rosidl_typesupport_introspection_c.cpython-311-x86_64-linux-gnu.so[0m
[4.039s] [100%] Built target msgs__rosidl_typesupport_c__pyext
[4.042s] [100%] Built target msgs__rosidl_typesupport_introspection_c__pyext
[4.063s] [100%] Built target msgs__rosidl_typesupport_fastrtps_c__pyext
[4.070s] Invoked command in '/home/ashmitha/ros_ws/build/msgs' returned '0': CMAKE_PREFIX_PATH=/opt/ros/foxy CONDA_PROMPT_MODIFIER=(base) /home/ashmitha/.local/bin/cmake --build /home/ashmitha/ros_ws/build/msgs -- -j8 -l8
[4.122s] Invoking command in '/home/ashmitha/ros_ws/build/msgs': CMAKE_PREFIX_PATH=/opt/ros/foxy CONDA_PROMPT_MODIFIER=(base) /home/ashmitha/.local/bin/cmake --install /home/ashmitha/ros_ws/build/msgs
[4.144s] -- Install configuration: "Release"
[4.145s] -- Up-to-date: /home/ashmitha/ros_ws/install/msgs/share/ament_index/resource_index/rosidl_interfaces/msgs
[4.145s] -- Up-to-date: /home/ashmitha/ros_ws/install/msgs/include/msgs
[4.145s] -- Up-to-date: /home/ashmitha/ros_ws/install/msgs/include/msgs/msg
[4.145s] -- Up-to-date: /home/ashmitha/ros_ws/install/msgs/include/msgs/msg/rosidl_generator_c__visibility_control.h
[4.145s] -- Up-to-date: /home/ashmitha/ros_ws/install/msgs/include/msgs/action
[4.146s] -- Installing: /home/ashmitha/ros_ws/install/msgs/include/msgs/action/teleop.h
[4.146s] -- Up-to-date: /home/ashmitha/ros_ws/install/msgs/include/msgs/action/detail
[4.146s] -- Installing: /home/ashmitha/ros_ws/install/msgs/include/msgs/action/detail/teleop__functions.c
[4.146s] -- Installing: /home/ashmitha/ros_ws/install/msgs/include/msgs/action/detail/teleop__type_support.h
[4.146s] -- Installing: /home/ashmitha/ros_ws/install/msgs/include/msgs/action/detail/teleop__functions.h
[4.146s] -- Installing: /home/ashmitha/ros_ws/install/msgs/include/msgs/action/detail/teleop__struct.h
[4.146s] -- Up-to-date: /home/ashmitha/ros_ws/install/msgs/share/msgs/environment/library_path.sh
[4.146s] -- Installing: /home/ashmitha/ros_ws/install/msgs/share/msgs/environment/library_path.dsv
[4.146s] -- Installing: /home/ashmitha/ros_ws/install/msgs/lib/libmsgs__rosidl_generator_c.so
[4.146s] -- Set runtime path of "/home/ashmitha/ros_ws/install/msgs/lib/libmsgs__rosidl_generator_c.so" to ""
[4.146s] -- Up-to-date: /home/ashmitha/ros_ws/install/msgs/include/msgs
[4.146s] -- Up-to-date: /home/ashmitha/ros_ws/install/msgs/include/msgs/msg
[4.147s] -- Up-to-date: /home/ashmitha/ros_ws/install/msgs/include/msgs/msg/rosidl_typesupport_fastrtps_c__visibility_control.h
[4.147s] -- Up-to-date: /home/ashmitha/ros_ws/install/msgs/include/msgs/action
[4.147s] -- Up-to-date: /home/ashmitha/ros_ws/install/msgs/include/msgs/action/detail
[4.147s] -- Installing: /home/ashmitha/ros_ws/install/msgs/include/msgs/action/detail/teleop__rosidl_typesupport_fastrtps_c.h
[4.147s] -- Installing: /home/ashmitha/ros_ws/install/msgs/lib/libmsgs__rosidl_typesupport_fastrtps_c.so
[4.147s] -- Set runtime path of "/home/ashmitha/ros_ws/install/msgs/lib/libmsgs__rosidl_typesupport_fastrtps_c.so" to ""
[4.147s] -- Up-to-date: /home/ashmitha/ros_ws/install/msgs/include/msgs
[4.147s] -- Up-to-date: /home/ashmitha/ros_ws/install/msgs/include/msgs/msg
[4.147s] -- Up-to-date: /home/ashmitha/ros_ws/install/msgs/include/msgs/msg/rosidl_typesupport_fastrtps_cpp__visibility_control.h
[4.147s] -- Up-to-date: /home/ashmitha/ros_ws/install/msgs/include/msgs/action
[4.147s] -- Up-to-date: /home/ashmitha/ros_ws/install/msgs/include/msgs/action/detail
[4.147s] -- Up-to-date: /home/ashmitha/ros_ws/install/msgs/include/msgs/action/detail/dds_fastrtps
[4.147s] -- Installing: /home/ashmitha/ros_ws/install/msgs/include/msgs/action/detail/teleop__rosidl_typesupport_fastrtps_cpp.hpp
[4.148s] -- Installing: /home/ashmitha/ros_ws/install/msgs/lib/libmsgs__rosidl_typesupport_fastrtps_cpp.so
[4.148s] -- Set runtime path of "/home/ashmitha/ros_ws/install/msgs/lib/libmsgs__rosidl_typesupport_fastrtps_cpp.so" to ""
[4.148s] -- Up-to-date: /home/ashmitha/ros_ws/install/msgs/include/msgs
[4.148s] -- Up-to-date: /home/ashmitha/ros_ws/install/msgs/include/msgs/msg
[4.148s] -- Up-to-date: /home/ashmitha/ros_ws/install/msgs/include/msgs/msg/rosidl_typesupport_introspection_c__visibility_control.h
[4.148s] -- Up-to-date: /home/ashmitha/ros_ws/install/msgs/include/msgs/action
[4.148s] -- Up-to-date: /home/ashmitha/ros_ws/install/msgs/include/msgs/action/detail
[4.148s] -- Installing: /home/ashmitha/ros_ws/install/msgs/include/msgs/action/detail/teleop__type_support.c
[4.148s] -- Installing: /home/ashmitha/ros_ws/install/msgs/include/msgs/action/detail/teleop__rosidl_typesupport_introspection_c.h
[4.148s] -- Installing: /home/ashmitha/ros_ws/install/msgs/lib/libmsgs__rosidl_typesupport_introspection_c.so
[4.148s] -- Set runtime path of "/home/ashmitha/ros_ws/install/msgs/lib/libmsgs__rosidl_typesupport_introspection_c.so" to ""
[4.148s] -- Installing: /home/ashmitha/ros_ws/install/msgs/lib/libmsgs__rosidl_typesupport_c.so
[4.149s] -- Set runtime path of "/home/ashmitha/ros_ws/install/msgs/lib/libmsgs__rosidl_typesupport_c.so" to ""
[4.149s] -- Up-to-date: /home/ashmitha/ros_ws/install/msgs/include/msgs
[4.149s] -- Up-to-date: /home/ashmitha/ros_ws/install/msgs/include/msgs/msg
[4.149s] -- Up-to-date: /home/ashmitha/ros_ws/install/msgs/include/msgs/msg/rosidl_generator_cpp__visibility_control.hpp
[4.149s] -- Up-to-date: /home/ashmitha/ros_ws/install/msgs/include/msgs/action
[4.149s] -- Installing: /home/ashmitha/ros_ws/install/msgs/include/msgs/action/teleop.hpp
[4.149s] -- Up-to-date: /home/ashmitha/ros_ws/install/msgs/include/msgs/action/detail
[4.149s] -- Installing: /home/ashmitha/ros_ws/install/msgs/include/msgs/action/detail/teleop__struct.hpp
[4.149s] -- Installing: /home/ashmitha/ros_ws/install/msgs/include/msgs/action/detail/teleop__type_support.hpp
[4.149s] -- Installing: /home/ashmitha/ros_ws/install/msgs/include/msgs/action/detail/teleop__traits.hpp
[4.149s] -- Installing: /home/ashmitha/ros_ws/install/msgs/include/msgs/action/detail/teleop__builder.hpp
[4.149s] -- Up-to-date: /home/ashmitha/ros_ws/install/msgs/include/msgs
[4.150s] -- Up-to-date: /home/ashmitha/ros_ws/install/msgs/include/msgs/action
[4.150s] -- Up-to-date: /home/ashmitha/ros_ws/install/msgs/include/msgs/action/detail
[4.150s] -- Installing: /home/ashmitha/ros_ws/install/msgs/include/msgs/action/detail/teleop__type_support.cpp
[4.150s] -- Installing: /home/ashmitha/ros_ws/install/msgs/include/msgs/action/detail/teleop__rosidl_typesupport_introspection_cpp.hpp
[4.150s] -- Installing: /home/ashmitha/ros_ws/install/msgs/lib/libmsgs__rosidl_typesupport_introspection_cpp.so
[4.150s] -- Set runtime path of "/home/ashmitha/ros_ws/install/msgs/lib/libmsgs__rosidl_typesupport_introspection_cpp.so" to ""
[4.150s] -- Installing: /home/ashmitha/ros_ws/install/msgs/lib/libmsgs__rosidl_typesupport_cpp.so
[4.150s] -- Set runtime path of "/home/ashmitha/ros_ws/install/msgs/lib/libmsgs__rosidl_typesupport_cpp.so" to ""
[4.150s] -- Up-to-date: /home/ashmitha/ros_ws/install/msgs/share/msgs/environment/pythonpath.sh
[4.150s] -- Installing: /home/ashmitha/ros_ws/install/msgs/share/msgs/environment/pythonpath.dsv
[4.150s] -- Installing: /home/ashmitha/ros_ws/install/msgs/lib/python3.11/site-packages/msgs/__init__.py
[4.177s] Compiling '/home/ashmitha/ros_ws/install/msgs/lib/python3.11/site-packages/msgs/__init__.py'...
[4.182s] -- Up-to-date: /home/ashmitha/ros_ws/install/msgs/lib/python3.11/site-packages/msgs/action
[4.182s] -- Installing: /home/ashmitha/ros_ws/install/msgs/lib/python3.11/site-packages/msgs/action/__init__.py
[4.182s] -- Installing: /home/ashmitha/ros_ws/install/msgs/lib/python3.11/site-packages/msgs/action/_teleop.py
[4.182s] -- Installing: /home/ashmitha/ros_ws/install/msgs/lib/python3.11/site-packages/msgs/action/_teleop_s.c
[4.183s] -- Installing: /home/ashmitha/ros_ws/install/msgs/lib/python3.11/site-packages/msgs/msgs_s__rosidl_typesupport_fastrtps_c.cpython-311-x86_64-linux-gnu.so
[4.183s] -- Set runtime path of "/home/ashmitha/ros_ws/install/msgs/lib/python3.11/site-packages/msgs/msgs_s__rosidl_typesupport_fastrtps_c.cpython-311-x86_64-linux-gnu.so" to ""
[4.183s] -- Installing: /home/ashmitha/ros_ws/install/msgs/lib/python3.11/site-packages/msgs/msgs_s__rosidl_typesupport_introspection_c.cpython-311-x86_64-linux-gnu.so
[4.184s] -- Set runtime path of "/home/ashmitha/ros_ws/install/msgs/lib/python3.11/site-packages/msgs/msgs_s__rosidl_typesupport_introspection_c.cpython-311-x86_64-linux-gnu.so" to ""
[4.184s] -- Installing: /home/ashmitha/ros_ws/install/msgs/lib/python3.11/site-packages/msgs/msgs_s__rosidl_typesupport_c.cpython-311-x86_64-linux-gnu.so
[4.184s] -- Set runtime path of "/home/ashmitha/ros_ws/install/msgs/lib/python3.11/site-packages/msgs/msgs_s__rosidl_typesupport_c.cpython-311-x86_64-linux-gnu.so" to ""
[4.184s] -- Installing: /home/ashmitha/ros_ws/install/msgs/lib/libmsgs__python.so
[4.184s] -- Set runtime path of "/home/ashmitha/ros_ws/install/msgs/lib/libmsgs__python.so" to ""
[4.184s] -- Installing: /home/ashmitha/ros_ws/install/msgs/share/msgs/action/Teleop.idl
[4.184s] -- Installing: /home/ashmitha/ros_ws/install/msgs/share/msgs/action/Teleop.action
[4.184s] -- Up-to-date: /home/ashmitha/ros_ws/install/msgs/share/ament_index/resource_index/package_run_dependencies/msgs
[4.185s] -- Up-to-date: /home/ashmitha/ros_ws/install/msgs/share/ament_index/resource_index/parent_prefix_path/msgs
[4.185s] -- Up-to-date: /home/ashmitha/ros_ws/install/msgs/share/msgs/environment/ament_prefix_path.sh
[4.185s] -- Installing: /home/ashmitha/ros_ws/install/msgs/share/msgs/environment/ament_prefix_path.dsv
[4.185s] -- Up-to-date: /home/ashmitha/ros_ws/install/msgs/share/msgs/environment/path.sh
[4.185s] -- Installing: /home/ashmitha/ros_ws/install/msgs/share/msgs/environment/path.dsv
[4.185s] -- Up-to-date: /home/ashmitha/ros_ws/install/msgs/share/msgs/local_setup.bash
[4.185s] -- Up-to-date: /home/ashmitha/ros_ws/install/msgs/share/msgs/local_setup.sh
[4.185s] -- Up-to-date: /home/ashmitha/ros_ws/install/msgs/share/msgs/local_setup.zsh
[4.185s] -- Installing: /home/ashmitha/ros_ws/install/msgs/share/msgs/local_setup.dsv
[4.185s] -- Installing: /home/ashmitha/ros_ws/install/msgs/share/msgs/package.dsv
[4.185s] -- Up-to-date: /home/ashmitha/ros_ws/install/msgs/share/ament_index/resource_index/packages/msgs
[4.185s] -- Up-to-date: /home/ashmitha/ros_ws/install/msgs/share/msgs/cmake/msgs__rosidl_generator_cExport.cmake
[4.186s] -- Up-to-date: /home/ashmitha/ros_ws/install/msgs/share/msgs/cmake/msgs__rosidl_generator_cExport-release.cmake
[4.186s] -- Up-to-date: /home/ashmitha/ros_ws/install/msgs/share/msgs/cmake/msgs__rosidl_typesupport_introspection_cExport.cmake
[4.186s] -- Up-to-date: /home/ashmitha/ros_ws/install/msgs/share/msgs/cmake/msgs__rosidl_typesupport_introspection_cExport-release.cmake
[4.186s] -- Up-to-date: /home/ashmitha/ros_ws/install/msgs/share/msgs/cmake/msgs__rosidl_typesupport_cExport.cmake
[4.186s] -- Up-to-date: /home/ashmitha/ros_ws/install/msgs/share/msgs/cmake/msgs__rosidl_typesupport_cExport-release.cmake
[4.186s] -- Up-to-date: /home/ashmitha/ros_ws/install/msgs/share/msgs/cmake/msgs__rosidl_generator_cppExport.cmake
[4.186s] -- Up-to-date: /home/ashmitha/ros_ws/install/msgs/share/msgs/cmake/msgs__rosidl_typesupport_introspection_cppExport.cmake
[4.186s] -- Up-to-date: /home/ashmitha/ros_ws/install/msgs/share/msgs/cmake/msgs__rosidl_typesupport_introspection_cppExport-release.cmake
[4.186s] -- Up-to-date: /home/ashmitha/ros_ws/install/msgs/share/msgs/cmake/msgs__rosidl_typesupport_cppExport.cmake
[4.186s] -- Up-to-date: /home/ashmitha/ros_ws/install/msgs/share/msgs/cmake/msgs__rosidl_typesupport_cppExport-release.cmake
[4.186s] -- Up-to-date: /home/ashmitha/ros_ws/install/msgs/share/msgs/cmake/rosidl_cmake-extras.cmake
[4.186s] -- Up-to-date: /home/ashmitha/ros_ws/install/msgs/share/msgs/cmake/ament_cmake_export_dependencies-extras.cmake
[4.186s] -- Up-to-date: /home/ashmitha/ros_ws/install/msgs/share/msgs/cmake/ament_cmake_export_libraries-extras.cmake
[4.186s] -- Up-to-date: /home/ashmitha/ros_ws/install/msgs/share/msgs/cmake/ament_cmake_export_targets-extras.cmake
[4.186s] -- Up-to-date: /home/ashmitha/ros_ws/install/msgs/share/msgs/cmake/ament_cmake_export_include_directories-extras.cmake
[4.187s] -- Up-to-date: /home/ashmitha/ros_ws/install/msgs/share/msgs/cmake/rosidl_cmake_export_typesupport_libraries-extras.cmake
[4.187s] -- Up-to-date: /home/ashmitha/ros_ws/install/msgs/share/msgs/cmake/rosidl_cmake_export_typesupport_targets-extras.cmake
[4.187s] -- Up-to-date: /home/ashmitha/ros_ws/install/msgs/share/msgs/cmake/msgsConfig.cmake
[4.187s] -- Up-to-date: /home/ashmitha/ros_ws/install/msgs/share/msgs/cmake/msgsConfig-version.cmake
[4.187s] -- Up-to-date: /home/ashmitha/ros_ws/install/msgs/share/msgs/package.xml
[4.191s] Invoked command in '/home/ashmitha/ros_ws/build/msgs' returned '0': CMAKE_PREFIX_PATH=/opt/ros/foxy CONDA_PROMPT_MODIFIER=(base) /home/ashmitha/.local/bin/cmake --install /home/ashmitha/ros_ws/build/msgs
