[0.053s] Invoking command in '/home/ashmitha/ros_ws/build/behaviors': AMENT_PREFIX_PATH=/home/ashmitha/ros_ws/install/msgs:${AMENT_PREFIX_PATH} CMAKE_PREFIX_PATH=/home/ashmitha/ros_ws/install/msgs:/opt/ros/foxy CONDA_PROMPT_MODIFIER=(base) LD_LIBRARY_PATH=/home/ashmitha/ros_ws/install/msgs/lib:${LD_LIBRARY_PATH} PYTHONPATH=/home/ashmitha/ros_ws/install/msgs/lib/python3.11/site-packages:${PYTHONPATH} /home/ashmitha/.local/bin/cmake --build /home/ashmitha/ros_ws/build/behaviors -- -j8 -l8
[0.130s] [ 16%] [32mBuilding CXX object CMakeFiles/behavior_server_core.dir/src/behavior_server.cpp.o[0m
[0.135s] [ 33%] [32mBuilding CXX object CMakeFiles/nav2_teleop_behavior.dir/plugins/teleop.cpp.o[0m
[2.331s] In file included from [01m[K/home/ashmitha/ros_ws/src/behaviors/include/behaviors/plugins/teleop.hpp:12[m[K,
[2.331s]                  from [01m[K/home/ashmitha/ros_ws/src/behaviors/plugins/teleop.cpp:4[m[K:
[2.331s] [01m[K/home/ashmitha/ros_ws/src/behaviors/include/behaviors/timed_behavior.hpp:68:1:[m[K [01;31m[Kerror: [m[Kexpected class-name before ‘[01m[K{[m[K’ token
[2.331s]    68 | [01;31m[K{[m[K
[2.331s]       | [01;31m[K^[m[K
[2.345s] [01m[K/home/ashmitha/ros_ws/src/behaviors/include/behaviors/timed_behavior.hpp:[m[K In constructor ‘[01m[Knav2_behaviors::TimedBehavior<ActionT>::TimedBehavior()[m[K’:
[2.345s] [01m[K/home/ashmitha/ros_ws/src/behaviors/include/behaviors/timed_behavior.hpp:79:3:[m[K [01;31m[Kerror: [m[Kexpected identifier before ‘[01m[K{[m[K’ token
[2.346s]    79 |   [01;31m[K{[m[K
[2.346s]       |   [01;31m[K^[m[K
[2.349s] [01m[K/home/ashmitha/ros_ws/src/behaviors/include/behaviors/timed_behavior.hpp:[m[K In member function ‘[01m[Kvoid nav2_behaviors::TimedBehavior<ActionT>::configure(const SharedPtr&, const string&, std::shared_ptr<tf2_ros::Buffer>, std::shared_ptr<nav2_costmap_2d::CostmapTopicCollisionChecker>)[m[K’:
[2.349s] [01m[K/home/ashmitha/ros_ws/src/behaviors/include/behaviors/timed_behavior.hpp:138:16:[m[K [01;31m[Kerror: [m[K‘[01m[Knode[m[K’ was not declared in this scope; did you mean ‘[01m[Knode_[m[K’?
[2.349s]   138 |     vel_pub_ = [01;31m[Knode[m[K->template create_publisher<geometry_msgs::msg::Twist>("cmd_vel", 1);
[2.349s]       |                [01;31m[K^~~~[m[K
[2.349s]       |                [32m[Knode_[m[K
[2.349s] [01m[K/home/ashmitha/ros_ws/src/behaviors/include/behaviors/timed_behavior.hpp:138:73:[m[K [01;31m[Kerror: [m[Kexpected primary-expression before ‘[01m[K>[m[K’ token
[2.349s]   138 |     vel_pub_ = node->template create_publisher<geometry_msgs::msg::Twist[01;31m[K>[m[K("cmd_vel", 1);
[2.349s]       |                                                                         [01;31m[K^[m[K
[2.355s] [01m[K/home/ashmitha/ros_ws/src/behaviors/include/behaviors/timed_behavior.hpp:[m[K In member function ‘[01m[Kvoid nav2_behaviors::TimedBehavior<ActionT>::execute()[m[K’:
[2.355s] [01m[K/home/ashmitha/ros_ws/src/behaviors/include/behaviors/timed_behavior.hpp:219:7:[m[K [01;31m[Kerror: [m[K‘[01m[Kelasped_time_[m[K’ was not declared in this scope
[2.355s]   219 |       [01;31m[Kelasped_time_[m[K = steady_clock_.now() - start_time;
[2.356s]       |       [01;31m[K^~~~~~~~~~~~~[m[K
[2.591s] /home/ashmitha/ros_ws/src/behaviors/include/behaviors/timed_behavior.hpp: In instantiation of ‘[01m[Kclass nav2_behaviors::TimedBehavior<msgs::action::Teleop>[m[K’:
[2.591s] [01m[K/home/ashmitha/ros_ws/src/behaviors/include/behaviors/plugins/teleop.hpp:22:27:[m[K   required from here
[2.591s] [01m[K/home/ashmitha/ros_ws/src/behaviors/include/behaviors/timed_behavior.hpp:111:8:[m[K [01;31m[Kerror: [m[K‘[01m[Kvoid nav2_behaviors::TimedBehavior<ActionT>::configure(const SharedPtr&, const string&, std::shared_ptr<tf2_ros::Buffer>, std::shared_ptr<nav2_costmap_2d::CostmapTopicCollisionChecker>) [with ActionT = msgs::action::Teleop; rclcpp_lifecycle::LifecycleNode::SharedPtr = std::shared_ptr<rclcpp_lifecycle::LifecycleNode>; std::string = std::__cxx11::basic_string<char>][m[K’ marked ‘[01m[Koverride[m[K’, but does not override
[2.591s]   111 |   void [01;31m[Kconfigure[m[K(
[2.591s]       |        [01;31m[K^~~~~~~~~[m[K
[2.591s] [01m[K/home/ashmitha/ros_ws/src/behaviors/include/behaviors/timed_behavior.hpp:144:8:[m[K [01;31m[Kerror: [m[K‘[01m[Kvoid nav2_behaviors::TimedBehavior<ActionT>::cleanup() [with ActionT = msgs::action::Teleop][m[K’ marked ‘[01m[Koverride[m[K’, but does not override
[2.591s]   144 |   void [01;31m[Kcleanup[m[K() override
[2.591s]       |        [01;31m[K^~~~~~~[m[K
[2.591s] [01m[K/home/ashmitha/ros_ws/src/behaviors/include/behaviors/timed_behavior.hpp:152:8:[m[K [01;31m[Kerror: [m[K‘[01m[Kvoid nav2_behaviors::TimedBehavior<ActionT>::activate() [with ActionT = msgs::action::Teleop][m[K’ marked ‘[01m[Koverride[m[K’, but does not override
[2.592s]   152 |   void [01;31m[Kactivate[m[K() override
[2.592s]       |        [01;31m[K^~~~~~~~[m[K
[2.592s] [01m[K/home/ashmitha/ros_ws/src/behaviors/include/behaviors/timed_behavior.hpp:161:8:[m[K [01;31m[Kerror: [m[K‘[01m[Kvoid nav2_behaviors::TimedBehavior<ActionT>::deactivate() [with ActionT = msgs::action::Teleop][m[K’ marked ‘[01m[Koverride[m[K’, but does not override
[2.592s]   161 |   void [01;31m[Kdeactivate[m[K() override
[2.592s]       |        [01;31m[K^~~~~~~~~~[m[K
[2.660s] [01m[K/home/ashmitha/ros_ws/src/behaviors/plugins/teleop.cpp:[m[K In member function ‘[01m[Kvirtual void nav2_behaviors::Teleop::onConfigure()[m[K’:
[2.660s] [01m[K/home/ashmitha/ros_ws/src/behaviors/plugins/teleop.cpp:135:9:[m[K [01;31m[Kerror: [m[K‘[01m[Knode[m[K’ was not declared in this scope; did you mean ‘[01m[Knode_[m[K’?
[2.660s]   135 |         [01;31m[Knode[m[K->get_parameter("projection_time", projection_time_);
[2.661s]       |         [01;31m[K^~~~[m[K
[2.661s]       |         [32m[Knode_[m[K
[2.661s] [01m[K/home/ashmitha/ros_ws/src/behaviors/plugins/teleop.cpp:141:68:[m[K [01;31m[Kerror: [m[Kexpected primary-expression before ‘[01m[K>[m[K’ token
[2.661s]   141 |         vel_pub_ = node->create_publisher<geometry_msgs::msg::Twist[01;31m[K>[m[K(
[2.661s]       |                                                                    [01;31m[K^[m[K
[2.661s] [01m[K/home/ashmitha/ros_ws/src/behaviors/plugins/teleop.cpp:142:13:[m[K [01;31m[Kerror: [m[Kleft operand of comma operator has no effect [[01;31m[K-Werror=unused-value[m[K]
[2.661s]   142 |             [01;31m[Kcmd_vel_teleop[m[K, rclcpp::SystemDefaultsQoS()
[2.661s]       |             [01;31m[K^~~~~~~~~~~~~~[m[K
[2.661s] [01m[K/home/ashmitha/ros_ws/src/behaviors/plugins/teleop.cpp:145:77:[m[K [01;31m[Kerror: [m[Kexpected primary-expression before ‘[01m[K>[m[K’ token
[2.661s]   145 |         preempt_teleop_sub_ = node->create_subscription<std_msgs::msg::Empty[01;31m[K>[m[K(
[2.661s]       |                                                                             [01;31m[K^[m[K
[2.662s] [01m[K/home/ashmitha/ros_ws/src/behaviors/plugins/teleop.cpp:146:13:[m[K [01;31m[Kerror: [m[Kleft operand of comma operator has no effect [[01;31m[K-Werror=unused-value[m[K]
[2.662s]   146 |             [01;31m[K"preempt_teleop"[m[K, rclcpp::SystemDefaultsQoS(),
[2.662s]       |             [01;31m[K^~~~~~~~~~~~~~~~[m[K
[2.680s] [01m[K/home/ashmitha/ros_ws/src/behaviors/plugins/teleop.cpp:[m[K In member function ‘[01m[Kvirtual nav2_behaviors::Status nav2_behaviors::Teleop::onCycleUpdate()[m[K’:
[2.680s] [01m[K/home/ashmitha/ros_ws/src/behaviors/plugins/teleop.cpp:164:32:[m[K [01;31m[Kerror: [m[K‘[01m[Kelasped_time_[m[K’ was not declared in this scope; did you mean ‘[01m[Kend_time_[m[K’?
[2.680s]   164 |         feedback_->time_left = [01;31m[Kelasped_time_[m[K;
[2.680s]       |                                [01;31m[K^~~~~~~~~~~~~[m[K
[2.680s]       |                                [32m[Kend_time_[m[K
[2.732s] [01m[K/home/ashmitha/ros_ws/src/behaviors/plugins/teleop.cpp:253:33:[m[K [01;31m[Kerror: [m[K‘[01m[Klocal_frame_[m[K’ was not declared in this scope; did you mean ‘[01m[Kglobal_frame_[m[K’?
[2.732s]   253 |             current_pose, *tf_, [01;31m[Klocal_frame_[m[K, robot_base_frame_,
[2.732s]       |                                 [01;31m[K^~~~~~~~~~~~[m[K
[2.732s]       |                                 [32m[Kglobal_frame_[m[K
[2.899s] [01m[K/home/ashmitha/ros_ws/src/behaviors/src/behavior_server.cpp:[m[K In constructor ‘[01m[Kbehavior_server::BehaviorServer::BehaviorServer(const rclcpp::NodeOptions&)[m[K’:
[2.899s] [01m[K/home/ashmitha/ros_ws/src/behaviors/src/behavior_server.cpp:25:60:[m[K [01;31m[Kerror: [m[Kunused parameter ‘[01m[Koptions[m[K’ [[01;31m[K-Werror=unused-parameter[m[K]
[2.899s]    25 | BehaviorServer::BehaviorServer([01;31m[Kconst rclcpp::NodeOptions & options[m[K)
[2.899s]       |                                [01;31m[K~~~~~~~~~~~~~~~~~~~~~~~~~~~~^~~~~~~[m[K
[3.438s] In file included from [01m[K/opt/ros/foxy/include/class_loader/class_loader_core.hpp:57[m[K,
[3.438s]                  from [01m[K/opt/ros/foxy/include/class_loader/class_loader.hpp:55[m[K,
[3.438s]                  from [01m[K/opt/ros/foxy/include/pluginlib/class_list_macros.hpp:40[m[K,
[3.438s]                  from [01m[K/home/ashmitha/ros_ws/src/behaviors/plugins/teleop.cpp:275[m[K:
[3.438s] /opt/ros/foxy/include/class_loader/meta_object.hpp: In instantiation of ‘[01m[KB* class_loader::impl::MetaObject<C, B>::create() const [with C = nav2_behaviors::Teleop; B = nav2_core::Recovery][m[K’:
[3.438s] [01m[K/opt/ros/foxy/include/class_loader/meta_object.hpp:216:7:[m[K   required from here
[3.438s] [01m[K/opt/ros/foxy/include/class_loader/meta_object.hpp:218:16:[m[K [01;31m[Kerror: [m[Kcannot convert ‘[01m[Knav2_behaviors::Teleop*[m[K’ to ‘[01m[Knav2_core::Recovery*[m[K’ in return
[3.439s]   218 |     return new [01;31m[KC[m[K;
[3.439s]       |                [01;31m[K^[m[K
[3.560s] cc1plus: all warnings being treated as errors
[3.582s] make[2]: *** [CMakeFiles/nav2_teleop_behavior.dir/build.make:76: CMakeFiles/nav2_teleop_behavior.dir/plugins/teleop.cpp.o] Error 1
[3.582s] make[1]: *** [CMakeFiles/Makefile2:141: CMakeFiles/nav2_teleop_behavior.dir/all] Error 2
[3.583s] make[1]: *** Waiting for unfinished jobs....
[10.342s] cc1plus: all warnings being treated as errors
[10.368s] make[2]: *** [CMakeFiles/behavior_server_core.dir/build.make:76: CMakeFiles/behavior_server_core.dir/src/behavior_server.cpp.o] Error 1
[10.368s] make[1]: *** [CMakeFiles/Makefile2:167: CMakeFiles/behavior_server_core.dir/all] Error 2
[10.368s] make: *** [Makefile:146: all] Error 2
[10.373s] Invoked command in '/home/ashmitha/ros_ws/build/behaviors' returned '2': AMENT_PREFIX_PATH=/home/ashmitha/ros_ws/install/msgs:${AMENT_PREFIX_PATH} CMAKE_PREFIX_PATH=/home/ashmitha/ros_ws/install/msgs:/opt/ros/foxy CONDA_PROMPT_MODIFIER=(base) LD_LIBRARY_PATH=/home/ashmitha/ros_ws/install/msgs/lib:${LD_LIBRARY_PATH} PYTHONPATH=/home/ashmitha/ros_ws/install/msgs/lib/python3.11/site-packages:${PYTHONPATH} /home/ashmitha/.local/bin/cmake --build /home/ashmitha/ros_ws/build/behaviors -- -j8 -l8
