[0.107s] Invoking command in '/home/ashmitha/ros_ws/build/msgs': CMAKE_PREFIX_PATH=${CMAKE_PREFIX_PATH}:/opt/ros/foxy CONDA_PROMPT_MODIFIER=(base) /home/ashmitha/.local/bin/cmake --build /home/ashmitha/ros_ws/build/msgs -- -j8 -l8
[0.136s] -- Found ament_cmake: 0.9.12 (/opt/ros/foxy/share/ament_cmake/cmake)
[0.137s] [33mCMake Warning (dev) at /opt/ros/foxy/share/ament_cmake_core/cmake/core/python.cmake:22 (find_package):
[0.137s]   Policy CMP0148 is not set: The FindPythonInterp and FindPythonLibs modules
[0.137s]   are removed.  Run "cmake --help-policy CMP0148" for policy details.  Use
[0.137s]   the cmake_policy command to set the policy and suppress this warning.
[0.137s] 
[0.137s] Call Stack (most recent call first):
[0.137s]   /opt/ros/foxy/share/ament_cmake_core/cmake/core/all.cmake:53 (include)
[0.137s]   /opt/ros/foxy/share/ament_cmake_core/cmake/ament_cmake_core-extras.cmake:17 (include)
[0.137s]   /opt/ros/foxy/share/ament_cmake_core/cmake/ament_cmake_coreConfig.cmake:41 (include)
[0.137s]   /opt/ros/foxy/share/ament_cmake/cmake/ament_cmake_export_dependencies-extras.cmake:15 (find_package)
[0.137s]   /opt/ros/foxy/share/ament_cmake/cmake/ament_cmakeConfig.cmake:41 (include)
[0.137s]   CMakeLists.txt:8 (find_package)
[0.137s] This warning is for project developers.  Use -Wno-dev to suppress it.
[0.137s] [0m
[0.152s] -- Found PythonInterp: /home/ashmitha/anaconda3/bin/python3 (found suitable version "3.11.4", minimum required is "3") 
[0.152s] -- Using PYTHON_EXECUTABLE: /home/ashmitha/anaconda3/bin/python3
[0.329s] -- Found nav2_common: 0.4.7 (/opt/ros/foxy/share/nav2_common/cmake)
[0.329s] -- Found builtin_interfaces: 1.0.0 (/opt/ros/foxy/share/builtin_interfaces/cmake)
[0.346s] -- Using all available rosidl_typesupport_c: rosidl_typesupport_fastrtps_c;rosidl_typesupport_introspection_c
[0.349s] -- Found rosidl_adapter: 1.3.1 (/opt/ros/foxy/share/rosidl_adapter/cmake)
[0.451s] -- Using all available rosidl_typesupport_cpp: rosidl_typesupport_fastrtps_cpp;rosidl_typesupport_introspection_cpp
[0.468s] -- Found rosidl_default_generators: 1.0.1 (/opt/ros/foxy/share/rosidl_default_generators/cmake)
[0.475s] -- Found action_msgs: 1.0.0 (/opt/ros/foxy/share/action_msgs/cmake)
[0.500s] -- Found nav_msgs: 2.0.5 (/opt/ros/foxy/share/nav_msgs/cmake)
[0.590s] -- Found rclcpp: 2.4.3 (/opt/ros/foxy/share/rclcpp/cmake)
[0.614s] -- Found rmw_implementation_cmake: 1.0.4 (/opt/ros/foxy/share/rmw_implementation_cmake/cmake)
[0.615s] -- Using RMW implementation 'rmw_fastrtps_cpp' as default
[0.702s] [33mCMake Warning (dev) at /opt/ros/foxy/share/rosidl_adapter/cmake/rosidl_adapt_interfaces.cmake:40 (find_package):
[0.702s]   Policy CMP0148 is not set: The FindPythonInterp and FindPythonLibs modules
[0.702s]   are removed.  Run "cmake --help-policy CMP0148" for policy details.  Use
[0.702s]   the cmake_policy command to set the policy and suppress this warning.
[0.702s] 
[0.702s] Call Stack (most recent call first):
[0.702s]   /opt/ros/foxy/share/rosidl_cmake/cmake/rosidl_generate_interfaces.cmake:130 (rosidl_adapt_interfaces)
[0.702s]   CMakeLists.txt:22 (rosidl_generate_interfaces)
[0.702s] This warning is for project developers.  Use -Wno-dev to suppress it.
[0.703s] [0m
[0.715s] -- Found PythonInterp: /home/ashmitha/anaconda3/bin/python3 (found version "3.11.4") 
[0.843s] -- Found ament_cmake_ros: 0.9.2 (/opt/ros/foxy/share/ament_cmake_ros/cmake)
[0.985s] -- Using all available rosidl_typesupport_c: rosidl_typesupport_fastrtps_c;rosidl_typesupport_introspection_c
[1.035s] -- Using all available rosidl_typesupport_cpp: rosidl_typesupport_fastrtps_cpp;rosidl_typesupport_introspection_cpp
[1.038s] [33mCMake Warning (dev) at /opt/ros/foxy/share/rosidl_generator_py/cmake/rosidl_generator_py_generate_interfaces.cmake:20 (find_package):
[1.038s]   Policy CMP0148 is not set: The FindPythonInterp and FindPythonLibs modules
[1.038s]   are removed.  Run "cmake --help-policy CMP0148" for policy details.  Use
[1.038s]   the cmake_policy command to set the policy and suppress this warning.
[1.038s] 
[1.038s] Call Stack (most recent call first):
[1.038s]   /opt/ros/foxy/share/ament_cmake_core/cmake/core/ament_execute_extensions.cmake:48 (include)
[1.039s]   /opt/ros/foxy/share/rosidl_cmake/cmake/rosidl_generate_interfaces.cmake:286 (ament_execute_extensions)
[1.039s]   CMakeLists.txt:22 (rosidl_generate_interfaces)
[1.039s] This warning is for project developers.  Use -Wno-dev to suppress it.
[1.039s] [0m
[1.052s] -- Found PythonInterp: /home/ashmitha/anaconda3/bin/python3 (found suitable version "3.11.4", minimum required is "3.5") 
[1.052s] -- Found python_cmake_module: 0.8.1 (/opt/ros/foxy/share/python_cmake_module/cmake)
[1.052s] [33mCMake Warning (dev) at /opt/ros/foxy/share/python_cmake_module/cmake/Modules/FindPythonExtra.cmake:45 (find_package):
[1.052s]   Policy CMP0148 is not set: The FindPythonInterp and FindPythonLibs modules
[1.052s]   are removed.  Run "cmake --help-policy CMP0148" for policy details.  Use
[1.052s]   the cmake_policy command to set the policy and suppress this warning.
[1.052s] 
[1.052s] Call Stack (most recent call first):
[1.052s]   /opt/ros/foxy/share/rosidl_generator_py/cmake/rosidl_generator_py_generate_interfaces.cmake:23 (find_package)
[1.052s]   /opt/ros/foxy/share/ament_cmake_core/cmake/core/ament_execute_extensions.cmake:48 (include)
[1.052s]   /opt/ros/foxy/share/rosidl_cmake/cmake/rosidl_generate_interfaces.cmake:286 (ament_execute_extensions)
[1.052s]   CMakeLists.txt:22 (rosidl_generate_interfaces)
[1.053s] This warning is for project developers.  Use -Wno-dev to suppress it.
[1.053s] [0m
[1.065s] [33mCMake Warning (dev) at /opt/ros/foxy/share/python_cmake_module/cmake/Modules/FindPythonExtra.cmake:133 (find_package):
[1.065s]   Policy CMP0148 is not set: The FindPythonInterp and FindPythonLibs modules
[1.065s]   are removed.  Run "cmake --help-policy CMP0148" for policy details.  Use
[1.065s]   the cmake_policy command to set the policy and suppress this warning.
[1.065s] 
[1.065s] Call Stack (most recent call first):
[1.065s]   /opt/ros/foxy/share/rosidl_generator_py/cmake/rosidl_generator_py_generate_interfaces.cmake:23 (find_package)
[1.065s]   /opt/ros/foxy/share/ament_cmake_core/cmake/core/ament_execute_extensions.cmake:48 (include)
[1.065s]   /opt/ros/foxy/share/rosidl_cmake/cmake/rosidl_generate_interfaces.cmake:286 (ament_execute_extensions)
[1.065s]   CMakeLists.txt:22 (rosidl_generate_interfaces)
[1.066s] This warning is for project developers.  Use -Wno-dev to suppress it.
[1.066s] [0m
[1.066s] -- Using PYTHON_EXECUTABLE: /home/ashmitha/anaconda3/bin/python3
[1.066s] -- Using PYTHON_INCLUDE_DIRS: /home/ashmitha/anaconda3/include/python3.11
[1.066s] -- Using PYTHON_LIBRARIES: /home/ashmitha/anaconda3/lib/libpython3.11.so
[1.151s] -- Using numpy include directory: /home/ashmitha/anaconda3/lib/python3.11/site-packages/numpy/core/include
[1.161s] [31mCMake Error at CMakeLists.txt:27 (add_action_files):
[1.161s]   Unknown CMake command "add_action_files".
[1.161s] 
[1.161s] [0m
[1.161s] -- Configuring incomplete, errors occurred!
[1.168s] make: *** [Makefile:719: cmake_check_build_system] Error 1
[1.172s] Invoked command in '/home/ashmitha/ros_ws/build/msgs' returned '2': CMAKE_PREFIX_PATH=${CMAKE_PREFIX_PATH}:/opt/ros/foxy CONDA_PROMPT_MODIFIER=(base) /home/ashmitha/.local/bin/cmake --build /home/ashmitha/ros_ws/build/msgs -- -j8 -l8
