[0.076s] Invoking command in '/home/ashmitha/ros_ws/build/msgs': CMAKE_PREFIX_PATH=/opt/ros/foxy CONDA_PROMPT_MODIFIER=(base) /home/ashmitha/.local/bin/cmake --build /home/ashmitha/ros_ws/build/msgs -- -j8 -l8
[0.103s] -- Found ament_cmake: 0.9.12 (/opt/ros/foxy/share/ament_cmake/cmake)
[0.104s] [33mCMake Warning (dev) at /opt/ros/foxy/share/ament_cmake_core/cmake/core/python.cmake:22 (find_package):
[0.104s]   Policy CMP0148 is not set: The FindPythonInterp and FindPythonLibs modules
[0.104s]   are removed.  Run "cmake --help-policy CMP0148" for policy details.  Use
[0.104s]   the cmake_policy command to set the policy and suppress this warning.
[0.104s] 
[0.104s] Call Stack (most recent call first):
[0.104s]   /opt/ros/foxy/share/ament_cmake_core/cmake/core/all.cmake:53 (include)
[0.104s]   /opt/ros/foxy/share/ament_cmake_core/cmake/ament_cmake_core-extras.cmake:17 (include)
[0.104s]   /opt/ros/foxy/share/ament_cmake_core/cmake/ament_cmake_coreConfig.cmake:41 (include)
[0.104s]   /opt/ros/foxy/share/ament_cmake/cmake/ament_cmake_export_dependencies-extras.cmake:15 (find_package)
[0.104s]   /opt/ros/foxy/share/ament_cmake/cmake/ament_cmakeConfig.cmake:41 (include)
[0.104s]   CMakeLists.txt:22 (find_package)
[0.104s] This warning is for project developers.  Use -Wno-dev to suppress it.
[0.104s] [0m
[0.119s] -- Found PythonInterp: /home/ashmitha/anaconda3/bin/python3 (found suitable version "3.11.4", minimum required is "3") 
[0.119s] -- Using PYTHON_EXECUTABLE: /home/ashmitha/anaconda3/bin/python3
[0.255s] -- Found ament_lint_auto: 0.9.8 (/opt/ros/foxy/share/ament_lint_auto/cmake)
[0.323s] -- Found rosidl_default_generators: 1.0.1 (/opt/ros/foxy/share/rosidl_default_generators/cmake)
[0.324s] -- Using all available rosidl_typesupport_c: rosidl_typesupport_fastrtps_c;rosidl_typesupport_introspection_c
[0.326s] -- Found rosidl_adapter: 1.3.1 (/opt/ros/foxy/share/rosidl_adapter/cmake)
[0.448s] -- Using all available rosidl_typesupport_cpp: rosidl_typesupport_fastrtps_cpp;rosidl_typesupport_introspection_cpp
[0.547s] -- Found ament_cmake_ros: 0.9.2 (/opt/ros/foxy/share/ament_cmake_ros/cmake)
[0.642s] -- Using all available rosidl_typesupport_c: rosidl_typesupport_fastrtps_c;rosidl_typesupport_introspection_c
[0.658s] -- Using all available rosidl_typesupport_cpp: rosidl_typesupport_fastrtps_cpp;rosidl_typesupport_introspection_cpp
[0.661s] [33mCMake Warning (dev) at /opt/ros/foxy/share/rosidl_generator_py/cmake/rosidl_generator_py_generate_interfaces.cmake:20 (find_package):
[0.661s]   Policy CMP0148 is not set: The FindPythonInterp and FindPythonLibs modules
[0.661s]   are removed.  Run "cmake --help-policy CMP0148" for policy details.  Use
[0.661s]   the cmake_policy command to set the policy and suppress this warning.
[0.661s] 
[0.661s] Call Stack (most recent call first):
[0.661s]   /opt/ros/foxy/share/ament_cmake_core/cmake/core/ament_execute_extensions.cmake:48 (include)
[0.661s]   /opt/ros/foxy/share/rosidl_cmake/cmake/rosidl_generate_interfaces.cmake:286 (ament_execute_extensions)
[0.662s]   CMakeLists.txt:41 (rosidl_generate_interfaces)
[0.662s] This warning is for project developers.  Use -Wno-dev to suppress it.
[0.662s] [0m
[0.677s] -- Found PythonInterp: /home/ashmitha/anaconda3/bin/python3 (found suitable version "3.11.4", minimum required is "3.5") 
[0.677s] -- Found python_cmake_module: 0.8.1 (/opt/ros/foxy/share/python_cmake_module/cmake)
[0.677s] [33mCMake Warning (dev) at /opt/ros/foxy/share/python_cmake_module/cmake/Modules/FindPythonExtra.cmake:45 (find_package):
[0.677s]   Policy CMP0148 is not set: The FindPythonInterp and FindPythonLibs modules
[0.677s]   are removed.  Run "cmake --help-policy CMP0148" for policy details.  Use
[0.677s]   the cmake_policy command to set the policy and suppress this warning.
[0.677s] 
[0.678s] Call Stack (most recent call first):
[0.678s]   /opt/ros/foxy/share/rosidl_generator_py/cmake/rosidl_generator_py_generate_interfaces.cmake:23 (find_package)
[0.678s]   /opt/ros/foxy/share/ament_cmake_core/cmake/core/ament_execute_extensions.cmake:48 (include)
[0.678s]   /opt/ros/foxy/share/rosidl_cmake/cmake/rosidl_generate_interfaces.cmake:286 (ament_execute_extensions)
[0.678s]   CMakeLists.txt:41 (rosidl_generate_interfaces)
[0.678s] This warning is for project developers.  Use -Wno-dev to suppress it.
[0.678s] [0m
[0.691s] [33mCMake Warning (dev) at /opt/ros/foxy/share/python_cmake_module/cmake/Modules/FindPythonExtra.cmake:133 (find_package):
[0.691s]   Policy CMP0148 is not set: The FindPythonInterp and FindPythonLibs modules
[0.692s]   are removed.  Run "cmake --help-policy CMP0148" for policy details.  Use
[0.692s]   the cmake_policy command to set the policy and suppress this warning.
[0.692s] 
[0.692s] Call Stack (most recent call first):
[0.692s]   /opt/ros/foxy/share/rosidl_generator_py/cmake/rosidl_generator_py_generate_interfaces.cmake:23 (find_package)
[0.692s]   /opt/ros/foxy/share/ament_cmake_core/cmake/core/ament_execute_extensions.cmake:48 (include)
[0.692s]   /opt/ros/foxy/share/rosidl_cmake/cmake/rosidl_generate_interfaces.cmake:286 (ament_execute_extensions)
[0.692s]   CMakeLists.txt:41 (rosidl_generate_interfaces)
[0.692s] This warning is for project developers.  Use -Wno-dev to suppress it.
[0.692s] [0m
[0.692s] -- Using PYTHON_EXECUTABLE: /home/ashmitha/anaconda3/bin/python3
[0.693s] -- Using PYTHON_INCLUDE_DIRS: /home/ashmitha/anaconda3/include/python3.11
[0.693s] -- Using PYTHON_LIBRARIES: /home/ashmitha/anaconda3/lib/libpython3.11.so
[0.766s] -- Using numpy include directory: /home/ashmitha/anaconda3/lib/python3.11/site-packages/numpy/core/include
[0.775s] -- Added test 'copyright' to check source files copyright and LICENSE
[0.776s] -- Added test 'lint_cmake' to check CMake code style
[0.776s] -- Added test 'xmllint' to check XML markup files
[0.778s] -- Configuring done (0.7s)
[0.798s] [33mCMake Warning at /opt/ros/foxy/share/rosidl_generator_py/cmake/rosidl_generator_py_generate_interfaces.cmake:235 (add_library):
[0.798s]   Cannot generate a safe runtime search path for target
[0.798s]   msgs__rosidl_typesupport_fastrtps_c__pyext because files in some
[0.798s]   directories may conflict with libraries in implicit directories:
[0.798s] 
[0.798s]     runtime library [libssl.so.1.1] in /usr/lib/x86_64-linux-gnu may be hidden by files in:
[0.798s]       /home/ashmitha/anaconda3/lib
[0.799s]     runtime library [libcrypto.so.1.1] in /usr/lib/x86_64-linux-gnu may be hidden by files in:
[0.799s]       /home/ashmitha/anaconda3/lib
[0.799s] 
[0.799s]   Some of these libraries may not be found correctly.
[0.799s] Call Stack (most recent call first):
[0.799s]   /opt/ros/foxy/share/ament_cmake_core/cmake/core/ament_execute_extensions.cmake:48 (include)
[0.799s]   /opt/ros/foxy/share/rosidl_cmake/cmake/rosidl_generate_interfaces.cmake:286 (ament_execute_extensions)
[0.799s]   CMakeLists.txt:41 (rosidl_generate_interfaces)
[0.799s] 
[0.799s] [0m
[0.805s] -- Generating done (0.0s)
[0.807s] -- Build files have been written to: /home/ashmitha/ros_ws/build/msgs
[0.818s] [  3%] [34m[1mGenerating C code for ROS interfaces[0m
[0.821s] [  6%] [34m[1mGenerating C++ code for ROS interfaces[0m
[0.960s] Error processing idl file: /home/ashmitha/ros_ws/build/msgs/rosidl_adapter/msgs/action/Teleop.idl
[0.961s] Traceback (most recent call last):
[0.961s]   File "/opt/ros/foxy/share/rosidl_generator_c/cmake/../../../lib/rosidl_generator_c/rosidl_generator_c", line 40, in <module>
[0.961s]     sys.exit(main())
[0.961s]              ^^^^^^
[0.961s]   File "/opt/ros/foxy/share/rosidl_generator_c/cmake/../../../lib/rosidl_generator_c/rosidl_generator_c", line 34, in main
[0.961s]     return generate_c(
[0.961s]            ^^^^^^^^^^^
[0.961s]   File "/opt/ros/foxy/lib/python3.8/site-packages/rosidl_generator_c/__init__.py", line 37, in generate_c
[0.961s]     generate_files(
[0.961s]   File "/opt/ros/foxy/lib/python3.8/site-packages/rosidl_cmake/__init__.py", line 96, in generate_files
[0.961s]     raise(e)
[0.962s]   File "/opt/ros/foxy/lib/python3.8/site-packages/rosidl_cmake/__init__.py", line 87, in generate_files
[0.962s]     expand_template(
[0.962s]   File "/opt/ros/foxy/lib/python3.8/site-packages/rosidl_cmake/__init__.py", line 131, in expand_template
[0.962s]     em.BUFFERED_OPT: True,
[0.962s]     ^^^^^^^^^^^^^^^
[0.962s] AttributeError: module 'em' has no attribute 'BUFFERED_OPT'
[0.962s] Error processing idl file: /home/ashmitha/ros_ws/build/msgs/rosidl_adapter/msgs/action/Teleop.idl
[0.962s] Traceback (most recent call last):
[0.962s]   File "/opt/ros/foxy/share/rosidl_generator_cpp/cmake/../../../lib/rosidl_generator_cpp/rosidl_generator_cpp", line 40, in <module>
[0.962s]     sys.exit(main())
[0.962s]              ^^^^^^
[0.962s]   File "/opt/ros/foxy/share/rosidl_generator_cpp/cmake/../../../lib/rosidl_generator_cpp/rosidl_generator_cpp", line 34, in main
[0.962s]     return generate_cpp(
[0.962s]            ^^^^^^^^^^^^^
[0.962s]   File "/opt/ros/foxy/lib/python3.8/site-packages/rosidl_generator_cpp/__init__.py", line 39, in generate_cpp
[0.963s]     generate_files(
[0.963s]   File "/opt/ros/foxy/lib/python3.8/site-packages/rosidl_cmake/__init__.py", line 96, in generate_files
[0.963s]     raise(e)
[0.963s]   File "/opt/ros/foxy/lib/python3.8/site-packages/rosidl_cmake/__init__.py", line 87, in generate_files
[0.963s]     expand_template(
[0.963s]   File "/opt/ros/foxy/lib/python3.8/site-packages/rosidl_cmake/__init__.py", line 131, in expand_template
[0.963s]     em.BUFFERED_OPT: True,
[0.963s]     ^^^^^^^^^^^^^^^
[0.963s] AttributeError: module 'em' has no attribute 'BUFFERED_OPT'
[0.976s] make[2]: *** [CMakeFiles/msgs__rosidl_generator_c.dir/build.make:94: rosidl_generator_c/msgs/action/teleop.h] Error 1
[0.976s] make[1]: *** [CMakeFiles/Makefile2:209: CMakeFiles/msgs__rosidl_generator_c.dir/all] Error 2
[0.976s] make[1]: *** Waiting for unfinished jobs....
[0.976s] make[2]: *** [CMakeFiles/msgs__cpp.dir/build.make:104: rosidl_generator_cpp/msgs/action/teleop.hpp] Error 1
[0.976s] make[1]: *** [CMakeFiles/Makefile2:342: CMakeFiles/msgs__cpp.dir/all] Error 2
[0.977s] make: *** [Makefile:146: all] Error 2
[0.980s] Invoked command in '/home/ashmitha/ros_ws/build/msgs' returned '2': CMAKE_PREFIX_PATH=/opt/ros/foxy CONDA_PROMPT_MODIFIER=(base) /home/ashmitha/.local/bin/cmake --build /home/ashmitha/ros_ws/build/msgs -- -j8 -l8
