[0.151s] Invoking command in '/home/ashmitha/ros_ws/build/msgs': CMAKE_PREFIX_PATH=/opt/ros/foxy CONDA_PROMPT_MODIFIER=(base) /home/ashmitha/.local/bin/cmake --build /home/ashmitha/ros_ws/build/msgs -- -j8 -l8
[0.233s] [  3%] Built target msgs__cpp
[0.235s] [ 12%] Built target msgs__rosidl_generator_c
[0.253s] [ 22%] Built target msgs__rosidl_typesupport_introspection_cpp
[0.253s] [ 32%] Built target msgs__rosidl_typesupport_c
[0.259s] [ 41%] Built target msgs__rosidl_typesupport_fastrtps_cpp
[0.263s] [ 51%] Built target msgs__rosidl_typesupport_introspection_c
[0.265s] [ 61%] Built target msgs__rosidl_typesupport_cpp
[0.279s] [ 70%] Built target msgs__rosidl_typesupport_fastrtps_c
[0.288s] [ 70%] Built target msgs
[0.302s] [ 74%] Built target msgs__py
[0.322s] [ 80%] Built target msgs__python
[0.341s] [ 87%] Built target msgs__rosidl_typesupport_c__pyext
[0.341s] [ 93%] Built target msgs__rosidl_typesupport_introspection_c__pyext
[0.341s] [100%] Built target msgs__rosidl_typesupport_fastrtps_c__pyext
[0.367s] Invoked command in '/home/ashmitha/ros_ws/build/msgs' returned '0': CMAKE_PREFIX_PATH=/opt/ros/foxy CONDA_PROMPT_MODIFIER=(base) /home/ashmitha/.local/bin/cmake --build /home/ashmitha/ros_ws/build/msgs -- -j8 -l8
[0.530s] Invoking command in '/home/ashmitha/ros_ws/build/msgs': CMAKE_PREFIX_PATH=/opt/ros/foxy CONDA_PROMPT_MODIFIER=(base) /home/ashmitha/.local/bin/cmake --install /home/ashmitha/ros_ws/build/msgs
[0.561s] -- Install configuration: "Release"
[0.562s] -- Up-to-date: /home/ashmitha/ros_ws/install/msgs/share/ament_index/resource_index/rosidl_interfaces/msgs
[0.562s] -- Up-to-date: /home/ashmitha/ros_ws/install/msgs/include/msgs
[0.562s] -- Up-to-date: /home/ashmitha/ros_ws/install/msgs/include/msgs/msg
[0.562s] -- Up-to-date: /home/ashmitha/ros_ws/install/msgs/include/msgs/msg/rosidl_generator_c__visibility_control.h
[0.562s] -- Up-to-date: /home/ashmitha/ros_ws/install/msgs/include/msgs/action
[0.562s] -- Up-to-date: /home/ashmitha/ros_ws/install/msgs/include/msgs/action/teleop.h
[0.562s] -- Up-to-date: /home/ashmitha/ros_ws/install/msgs/include/msgs/action/detail
[0.563s] -- Up-to-date: /home/ashmitha/ros_ws/install/msgs/include/msgs/action/detail/teleop__functions.c
[0.563s] -- Up-to-date: /home/ashmitha/ros_ws/install/msgs/include/msgs/action/detail/teleop__type_support.h
[0.564s] -- Up-to-date: /home/ashmitha/ros_ws/install/msgs/include/msgs/action/detail/teleop__functions.h
[0.564s] -- Up-to-date: /home/ashmitha/ros_ws/install/msgs/include/msgs/action/detail/teleop__struct.h
[0.564s] -- Up-to-date: /home/ashmitha/ros_ws/install/msgs/share/msgs/environment/library_path.sh
[0.564s] -- Up-to-date: /home/ashmitha/ros_ws/install/msgs/share/msgs/environment/library_path.dsv
[0.564s] -- Up-to-date: /home/ashmitha/ros_ws/install/msgs/lib/libmsgs__rosidl_generator_c.so
[0.565s] -- Up-to-date: /home/ashmitha/ros_ws/install/msgs/include/msgs
[0.565s] -- Up-to-date: /home/ashmitha/ros_ws/install/msgs/include/msgs/msg
[0.565s] -- Up-to-date: /home/ashmitha/ros_ws/install/msgs/include/msgs/msg/rosidl_typesupport_fastrtps_c__visibility_control.h
[0.565s] -- Up-to-date: /home/ashmitha/ros_ws/install/msgs/include/msgs/action
[0.565s] -- Up-to-date: /home/ashmitha/ros_ws/install/msgs/include/msgs/action/detail
[0.566s] -- Up-to-date: /home/ashmitha/ros_ws/install/msgs/include/msgs/action/detail/teleop__rosidl_typesupport_fastrtps_c.h
[0.566s] -- Up-to-date: /home/ashmitha/ros_ws/install/msgs/lib/libmsgs__rosidl_typesupport_fastrtps_c.so
[0.566s] -- Up-to-date: /home/ashmitha/ros_ws/install/msgs/include/msgs
[0.566s] -- Up-to-date: /home/ashmitha/ros_ws/install/msgs/include/msgs/msg
[0.566s] -- Up-to-date: /home/ashmitha/ros_ws/install/msgs/include/msgs/msg/rosidl_typesupport_fastrtps_cpp__visibility_control.h
[0.566s] -- Up-to-date: /home/ashmitha/ros_ws/install/msgs/include/msgs/action
[0.567s] -- Up-to-date: /home/ashmitha/ros_ws/install/msgs/include/msgs/action/detail
[0.567s] -- Up-to-date: /home/ashmitha/ros_ws/install/msgs/include/msgs/action/detail/dds_fastrtps
[0.567s] -- Up-to-date: /home/ashmitha/ros_ws/install/msgs/include/msgs/action/detail/teleop__rosidl_typesupport_fastrtps_cpp.hpp
[0.567s] -- Up-to-date: /home/ashmitha/ros_ws/install/msgs/lib/libmsgs__rosidl_typesupport_fastrtps_cpp.so
[0.567s] -- Up-to-date: /home/ashmitha/ros_ws/install/msgs/include/msgs
[0.567s] -- Up-to-date: /home/ashmitha/ros_ws/install/msgs/include/msgs/msg
[0.567s] -- Up-to-date: /home/ashmitha/ros_ws/install/msgs/include/msgs/msg/rosidl_typesupport_introspection_c__visibility_control.h
[0.567s] -- Up-to-date: /home/ashmitha/ros_ws/install/msgs/include/msgs/action
[0.567s] -- Up-to-date: /home/ashmitha/ros_ws/install/msgs/include/msgs/action/detail
[0.567s] -- Up-to-date: /home/ashmitha/ros_ws/install/msgs/include/msgs/action/detail/teleop__type_support.c
[0.568s] -- Up-to-date: /home/ashmitha/ros_ws/install/msgs/include/msgs/action/detail/teleop__rosidl_typesupport_introspection_c.h
[0.568s] -- Up-to-date: /home/ashmitha/ros_ws/install/msgs/lib/libmsgs__rosidl_typesupport_introspection_c.so
[0.568s] -- Up-to-date: /home/ashmitha/ros_ws/install/msgs/lib/libmsgs__rosidl_typesupport_c.so
[0.568s] -- Up-to-date: /home/ashmitha/ros_ws/install/msgs/include/msgs
[0.568s] -- Up-to-date: /home/ashmitha/ros_ws/install/msgs/include/msgs/msg
[0.568s] -- Up-to-date: /home/ashmitha/ros_ws/install/msgs/include/msgs/msg/rosidl_generator_cpp__visibility_control.hpp
[0.568s] -- Up-to-date: /home/ashmitha/ros_ws/install/msgs/include/msgs/action
[0.568s] -- Up-to-date: /home/ashmitha/ros_ws/install/msgs/include/msgs/action/teleop.hpp
[0.568s] -- Up-to-date: /home/ashmitha/ros_ws/install/msgs/include/msgs/action/detail
[0.568s] -- Up-to-date: /home/ashmitha/ros_ws/install/msgs/include/msgs/action/detail/teleop__struct.hpp
[0.569s] -- Up-to-date: /home/ashmitha/ros_ws/install/msgs/include/msgs/action/detail/teleop__type_support.hpp
[0.569s] -- Up-to-date: /home/ashmitha/ros_ws/install/msgs/include/msgs/action/detail/teleop__traits.hpp
[0.569s] -- Up-to-date: /home/ashmitha/ros_ws/install/msgs/include/msgs/action/detail/teleop__builder.hpp
[0.569s] -- Up-to-date: /home/ashmitha/ros_ws/install/msgs/include/msgs
[0.569s] -- Up-to-date: /home/ashmitha/ros_ws/install/msgs/include/msgs/action
[0.569s] -- Up-to-date: /home/ashmitha/ros_ws/install/msgs/include/msgs/action/detail
[0.569s] -- Up-to-date: /home/ashmitha/ros_ws/install/msgs/include/msgs/action/detail/teleop__type_support.cpp
[0.569s] -- Up-to-date: /home/ashmitha/ros_ws/install/msgs/include/msgs/action/detail/teleop__rosidl_typesupport_introspection_cpp.hpp
[0.569s] -- Up-to-date: /home/ashmitha/ros_ws/install/msgs/lib/libmsgs__rosidl_typesupport_introspection_cpp.so
[0.569s] -- Up-to-date: /home/ashmitha/ros_ws/install/msgs/lib/libmsgs__rosidl_typesupport_cpp.so
[0.569s] -- Up-to-date: /home/ashmitha/ros_ws/install/msgs/share/msgs/environment/pythonpath.sh
[0.569s] -- Up-to-date: /home/ashmitha/ros_ws/install/msgs/share/msgs/environment/pythonpath.dsv
[0.569s] -- Up-to-date: /home/ashmitha/ros_ws/install/msgs/lib/python3.11/site-packages/msgs/__init__.py
[0.603s] -- Up-to-date: /home/ashmitha/ros_ws/install/msgs/lib/python3.11/site-packages/msgs/action
[0.603s] -- Up-to-date: /home/ashmitha/ros_ws/install/msgs/lib/python3.11/site-packages/msgs/action/__init__.py
[0.603s] -- Up-to-date: /home/ashmitha/ros_ws/install/msgs/lib/python3.11/site-packages/msgs/action/_teleop.py
[0.604s] -- Up-to-date: /home/ashmitha/ros_ws/install/msgs/lib/python3.11/site-packages/msgs/action/_teleop_s.c
[0.604s] -- Up-to-date: /home/ashmitha/ros_ws/install/msgs/lib/python3.11/site-packages/msgs/msgs_s__rosidl_typesupport_fastrtps_c.cpython-311-x86_64-linux-gnu.so
[0.604s] -- Up-to-date: /home/ashmitha/ros_ws/install/msgs/lib/python3.11/site-packages/msgs/msgs_s__rosidl_typesupport_introspection_c.cpython-311-x86_64-linux-gnu.so
[0.605s] -- Up-to-date: /home/ashmitha/ros_ws/install/msgs/lib/python3.11/site-packages/msgs/msgs_s__rosidl_typesupport_c.cpython-311-x86_64-linux-gnu.so
[0.606s] -- Up-to-date: /home/ashmitha/ros_ws/install/msgs/lib/libmsgs__python.so
[0.606s] -- Up-to-date: /home/ashmitha/ros_ws/install/msgs/share/msgs/action/Teleop.idl
[0.607s] -- Up-to-date: /home/ashmitha/ros_ws/install/msgs/share/msgs/action/Teleop.action
[0.607s] -- Up-to-date: /home/ashmitha/ros_ws/install/msgs/share/ament_index/resource_index/package_run_dependencies/msgs
[0.607s] -- Up-to-date: /home/ashmitha/ros_ws/install/msgs/share/ament_index/resource_index/parent_prefix_path/msgs
[0.608s] -- Up-to-date: /home/ashmitha/ros_ws/install/msgs/share/msgs/environment/ament_prefix_path.sh
[0.608s] -- Up-to-date: /home/ashmitha/ros_ws/install/msgs/share/msgs/environment/ament_prefix_path.dsv
[0.608s] -- Up-to-date: /home/ashmitha/ros_ws/install/msgs/share/msgs/environment/path.sh
[0.608s] -- Up-to-date: /home/ashmitha/ros_ws/install/msgs/share/msgs/environment/path.dsv
[0.608s] -- Up-to-date: /home/ashmitha/ros_ws/install/msgs/share/msgs/local_setup.bash
[0.608s] -- Up-to-date: /home/ashmitha/ros_ws/install/msgs/share/msgs/local_setup.sh
[0.609s] -- Up-to-date: /home/ashmitha/ros_ws/install/msgs/share/msgs/local_setup.zsh
[0.609s] -- Up-to-date: /home/ashmitha/ros_ws/install/msgs/share/msgs/local_setup.dsv
[0.610s] -- Installing: /home/ashmitha/ros_ws/install/msgs/share/msgs/package.dsv
[0.610s] -- Up-to-date: /home/ashmitha/ros_ws/install/msgs/share/ament_index/resource_index/packages/msgs
[0.611s] -- Up-to-date: /home/ashmitha/ros_ws/install/msgs/share/msgs/cmake/msgs__rosidl_generator_cExport.cmake
[0.611s] -- Up-to-date: /home/ashmitha/ros_ws/install/msgs/share/msgs/cmake/msgs__rosidl_generator_cExport-release.cmake
[0.612s] -- Up-to-date: /home/ashmitha/ros_ws/install/msgs/share/msgs/cmake/msgs__rosidl_typesupport_introspection_cExport.cmake
[0.612s] -- Up-to-date: /home/ashmitha/ros_ws/install/msgs/share/msgs/cmake/msgs__rosidl_typesupport_introspection_cExport-release.cmake
[0.612s] -- Up-to-date: /home/ashmitha/ros_ws/install/msgs/share/msgs/cmake/msgs__rosidl_typesupport_cExport.cmake
[0.613s] -- Up-to-date: /home/ashmitha/ros_ws/install/msgs/share/msgs/cmake/msgs__rosidl_typesupport_cExport-release.cmake
[0.613s] -- Up-to-date: /home/ashmitha/ros_ws/install/msgs/share/msgs/cmake/msgs__rosidl_generator_cppExport.cmake
[0.614s] -- Up-to-date: /home/ashmitha/ros_ws/install/msgs/share/msgs/cmake/msgs__rosidl_typesupport_introspection_cppExport.cmake
[0.615s] -- Up-to-date: /home/ashmitha/ros_ws/install/msgs/share/msgs/cmake/msgs__rosidl_typesupport_introspection_cppExport-release.cmake
[0.615s] -- Up-to-date: /home/ashmitha/ros_ws/install/msgs/share/msgs/cmake/msgs__rosidl_typesupport_cppExport.cmake
[0.615s] -- Up-to-date: /home/ashmitha/ros_ws/install/msgs/share/msgs/cmake/msgs__rosidl_typesupport_cppExport-release.cmake
[0.616s] -- Up-to-date: /home/ashmitha/ros_ws/install/msgs/share/msgs/cmake/rosidl_cmake-extras.cmake
[0.616s] -- Up-to-date: /home/ashmitha/ros_ws/install/msgs/share/msgs/cmake/ament_cmake_export_dependencies-extras.cmake
[0.617s] -- Up-to-date: /home/ashmitha/ros_ws/install/msgs/share/msgs/cmake/ament_cmake_export_libraries-extras.cmake
[0.617s] -- Up-to-date: /home/ashmitha/ros_ws/install/msgs/share/msgs/cmake/ament_cmake_export_targets-extras.cmake
[0.618s] -- Up-to-date: /home/ashmitha/ros_ws/install/msgs/share/msgs/cmake/ament_cmake_export_include_directories-extras.cmake
[0.618s] -- Up-to-date: /home/ashmitha/ros_ws/install/msgs/share/msgs/cmake/rosidl_cmake_export_typesupport_libraries-extras.cmake
[0.619s] -- Up-to-date: /home/ashmitha/ros_ws/install/msgs/share/msgs/cmake/rosidl_cmake_export_typesupport_targets-extras.cmake
[0.619s] -- Up-to-date: /home/ashmitha/ros_ws/install/msgs/share/msgs/cmake/msgsConfig.cmake
[0.619s] -- Up-to-date: /home/ashmitha/ros_ws/install/msgs/share/msgs/cmake/msgsConfig-version.cmake
[0.619s] -- Up-to-date: /home/ashmitha/ros_ws/install/msgs/share/msgs/package.xml
[0.694s] Invoked command in '/home/ashmitha/ros_ws/build/msgs' returned '0': CMAKE_PREFIX_PATH=/opt/ros/foxy CONDA_PROMPT_MODIFIER=(base) /home/ashmitha/.local/bin/cmake --install /home/ashmitha/ros_ws/build/msgs
