[0.081s] Invoking command in '/home/ashmitha/ros_ws/build/msgs': CMAKE_PREFIX_PATH=/opt/ros/foxy CONDA_PROMPT_MODIFIER=(base) /home/ashmitha/.local/bin/cmake --build /home/ashmitha/ros_ws/build/msgs -- -j8 -l8
[0.105s] -- Found ament_cmake: 0.9.12 (/opt/ros/foxy/share/ament_cmake/cmake)
[0.106s] [33mCMake Warning (dev) at /opt/ros/foxy/share/ament_cmake_core/cmake/core/python.cmake:22 (find_package):
[0.106s]   Policy CMP0148 is not set: The FindPythonInterp and FindPythonLibs modules
[0.106s]   are removed.  Run "cmake --help-policy CMP0148" for policy details.  Use
[0.106s]   the cmake_policy command to set the policy and suppress this warning.
[0.106s] 
[0.106s] Call Stack (most recent call first):
[0.106s]   /opt/ros/foxy/share/ament_cmake_core/cmake/core/all.cmake:53 (include)
[0.106s]   /opt/ros/foxy/share/ament_cmake_core/cmake/ament_cmake_core-extras.cmake:17 (include)
[0.106s]   /opt/ros/foxy/share/ament_cmake_core/cmake/ament_cmake_coreConfig.cmake:41 (include)
[0.106s]   /opt/ros/foxy/share/ament_cmake/cmake/ament_cmake_export_dependencies-extras.cmake:15 (find_package)
[0.106s]   /opt/ros/foxy/share/ament_cmake/cmake/ament_cmakeConfig.cmake:41 (include)
[0.106s]   CMakeLists.txt:22 (find_package)
[0.106s] This warning is for project developers.  Use -Wno-dev to suppress it.
[0.106s] [0m
[0.121s] -- Found PythonInterp: /home/ashmitha/anaconda3/bin/python3 (found suitable version "3.11.4", minimum required is "3") 
[0.121s] -- Using PYTHON_EXECUTABLE: /home/ashmitha/anaconda3/bin/python3
[0.287s] -- Found ament_lint_auto: 0.9.8 (/opt/ros/foxy/share/ament_lint_auto/cmake)
[0.351s] -- Found rosidl_default_generators: 1.0.1 (/opt/ros/foxy/share/rosidl_default_generators/cmake)
[0.351s] -- Using all available rosidl_typesupport_c: rosidl_typesupport_fastrtps_c;rosidl_typesupport_introspection_c
[0.354s] -- Found rosidl_adapter: 1.3.1 (/opt/ros/foxy/share/rosidl_adapter/cmake)
[0.468s] -- Using all available rosidl_typesupport_cpp: rosidl_typesupport_fastrtps_cpp;rosidl_typesupport_introspection_cpp
[0.566s] -- Found ament_cmake_ros: 0.9.2 (/opt/ros/foxy/share/ament_cmake_ros/cmake)
[0.657s] -- Using all available rosidl_typesupport_c: rosidl_typesupport_fastrtps_c;rosidl_typesupport_introspection_c
[0.670s] -- Using all available rosidl_typesupport_cpp: rosidl_typesupport_fastrtps_cpp;rosidl_typesupport_introspection_cpp
[0.673s] [33mCMake Warning (dev) at /opt/ros/foxy/share/rosidl_generator_py/cmake/rosidl_generator_py_generate_interfaces.cmake:20 (find_package):
[0.673s]   Policy CMP0148 is not set: The FindPythonInterp and FindPythonLibs modules
[0.673s]   are removed.  Run "cmake --help-policy CMP0148" for policy details.  Use
[0.673s]   the cmake_policy command to set the policy and suppress this warning.
[0.673s] 
[0.673s] Call Stack (most recent call first):
[0.673s]   /opt/ros/foxy/share/ament_cmake_core/cmake/core/ament_execute_extensions.cmake:48 (include)
[0.673s]   /opt/ros/foxy/share/rosidl_cmake/cmake/rosidl_generate_interfaces.cmake:286 (ament_execute_extensions)
[0.673s]   CMakeLists.txt:45 (rosidl_generate_interfaces)
[0.674s] This warning is for project developers.  Use -Wno-dev to suppress it.
[0.674s] [0m
[0.686s] -- Found PythonInterp: /home/ashmitha/anaconda3/bin/python3 (found suitable version "3.11.4", minimum required is "3.5") 
[0.686s] -- Found python_cmake_module: 0.8.1 (/opt/ros/foxy/share/python_cmake_module/cmake)
[0.686s] [33mCMake Warning (dev) at /opt/ros/foxy/share/python_cmake_module/cmake/Modules/FindPythonExtra.cmake:45 (find_package):
[0.687s]   Policy CMP0148 is not set: The FindPythonInterp and FindPythonLibs modules
[0.687s]   are removed.  Run "cmake --help-policy CMP0148" for policy details.  Use
[0.687s]   the cmake_policy command to set the policy and suppress this warning.
[0.687s] 
[0.687s] Call Stack (most recent call first):
[0.687s]   /opt/ros/foxy/share/rosidl_generator_py/cmake/rosidl_generator_py_generate_interfaces.cmake:23 (find_package)
[0.687s]   /opt/ros/foxy/share/ament_cmake_core/cmake/core/ament_execute_extensions.cmake:48 (include)
[0.687s]   /opt/ros/foxy/share/rosidl_cmake/cmake/rosidl_generate_interfaces.cmake:286 (ament_execute_extensions)
[0.687s]   CMakeLists.txt:45 (rosidl_generate_interfaces)
[0.687s] This warning is for project developers.  Use -Wno-dev to suppress it.
[0.687s] [0m
[0.699s] [33mCMake Warning (dev) at /opt/ros/foxy/share/python_cmake_module/cmake/Modules/FindPythonExtra.cmake:133 (find_package):
[0.699s]   Policy CMP0148 is not set: The FindPythonInterp and FindPythonLibs modules
[0.699s]   are removed.  Run "cmake --help-policy CMP0148" for policy details.  Use
[0.699s]   the cmake_policy command to set the policy and suppress this warning.
[0.700s] 
[0.700s] Call Stack (most recent call first):
[0.700s]   /opt/ros/foxy/share/rosidl_generator_py/cmake/rosidl_generator_py_generate_interfaces.cmake:23 (find_package)
[0.700s]   /opt/ros/foxy/share/ament_cmake_core/cmake/core/ament_execute_extensions.cmake:48 (include)
[0.700s]   /opt/ros/foxy/share/rosidl_cmake/cmake/rosidl_generate_interfaces.cmake:286 (ament_execute_extensions)
[0.700s]   CMakeLists.txt:45 (rosidl_generate_interfaces)
[0.700s] This warning is for project developers.  Use -Wno-dev to suppress it.
[0.700s] [0m
[0.701s] -- Using PYTHON_EXECUTABLE: /home/ashmitha/anaconda3/bin/python3
[0.701s] -- Using PYTHON_INCLUDE_DIRS: /home/ashmitha/anaconda3/include/python3.11
[0.701s] -- Using PYTHON_LIBRARIES: /home/ashmitha/anaconda3/lib/libpython3.11.so
[0.772s] -- Using numpy include directory: /home/ashmitha/anaconda3/lib/python3.11/site-packages/numpy/core/include
[0.781s] -- Added test 'copyright' to check source files copyright and LICENSE
[0.782s] -- Added test 'lint_cmake' to check CMake code style
[0.782s] -- Added test 'xmllint' to check XML markup files
[0.784s] -- Configuring done (0.7s)
[0.803s] [33mCMake Warning at /opt/ros/foxy/share/rosidl_generator_py/cmake/rosidl_generator_py_generate_interfaces.cmake:235 (add_library):
[0.803s]   Cannot generate a safe runtime search path for target
[0.803s]   msgs__rosidl_typesupport_fastrtps_c__pyext because files in some
[0.803s]   directories may conflict with libraries in implicit directories:
[0.803s] 
[0.803s]     runtime library [libssl.so.1.1] in /usr/lib/x86_64-linux-gnu may be hidden by files in:
[0.803s]       /home/ashmitha/anaconda3/lib
[0.803s]     runtime library [libcrypto.so.1.1] in /usr/lib/x86_64-linux-gnu may be hidden by files in:
[0.803s]       /home/ashmitha/anaconda3/lib
[0.803s] 
[0.804s]   Some of these libraries may not be found correctly.
[0.804s] Call Stack (most recent call first):
[0.804s]   /opt/ros/foxy/share/ament_cmake_core/cmake/core/ament_execute_extensions.cmake:48 (include)
[0.804s]   /opt/ros/foxy/share/rosidl_cmake/cmake/rosidl_generate_interfaces.cmake:286 (ament_execute_extensions)
[0.804s]   CMakeLists.txt:45 (rosidl_generate_interfaces)
[0.804s] 
[0.804s] [0m
[0.809s] -- Generating done (0.0s)
[0.810s] -- Build files have been written to: /home/ashmitha/ros_ws/build/msgs
[0.825s] [ 12%] Built target msgs__cpp
[0.825s] [ 12%] Built target msgs__rosidl_generator_c
[0.831s] [ 22%] Built target msgs__rosidl_typesupport_c
[0.831s] [ 32%] Built target msgs__rosidl_typesupport_cpp
[0.832s] [ 41%] Built target msgs__rosidl_typesupport_introspection_cpp
[0.832s] [ 51%] Built target msgs__rosidl_typesupport_introspection_c
[0.833s] [ 61%] Built target msgs__rosidl_typesupport_fastrtps_cpp
[0.840s] [ 70%] Built target msgs__rosidl_typesupport_fastrtps_c
[0.846s] [ 70%] Built target msgs
[0.852s] [ 74%] Built target msgs__py
[0.859s] [ 80%] Built target msgs__python
[0.867s] [ 87%] Built target msgs__rosidl_typesupport_fastrtps_c__pyext
[0.867s] [100%] Built target msgs__rosidl_typesupport_introspection_c__pyext
[0.867s] [100%] Built target msgs__rosidl_typesupport_c__pyext
[0.873s] Invoked command in '/home/ashmitha/ros_ws/build/msgs' returned '0': CMAKE_PREFIX_PATH=/opt/ros/foxy CONDA_PROMPT_MODIFIER=(base) /home/ashmitha/.local/bin/cmake --build /home/ashmitha/ros_ws/build/msgs -- -j8 -l8
[0.915s] Invoking command in '/home/ashmitha/ros_ws/build/msgs': CMAKE_PREFIX_PATH=/opt/ros/foxy CONDA_PROMPT_MODIFIER=(base) /home/ashmitha/.local/bin/cmake --install /home/ashmitha/ros_ws/build/msgs
[0.933s] -- Install configuration: ""
[0.933s] -- Up-to-date: /home/ashmitha/ros_ws/install/msgs/share/ament_index/resource_index/rosidl_interfaces/msgs
[0.933s] -- Up-to-date: /home/ashmitha/ros_ws/install/msgs/include/msgs
[0.934s] -- Up-to-date: /home/ashmitha/ros_ws/install/msgs/include/msgs/msg
[0.934s] -- Up-to-date: /home/ashmitha/ros_ws/install/msgs/include/msgs/msg/rosidl_generator_c__visibility_control.h
[0.934s] -- Up-to-date: /home/ashmitha/ros_ws/install/msgs/include/msgs/action
[0.934s] -- Up-to-date: /home/ashmitha/ros_ws/install/msgs/include/msgs/action/teleop.h
[0.934s] -- Up-to-date: /home/ashmitha/ros_ws/install/msgs/include/msgs/action/detail
[0.934s] -- Up-to-date: /home/ashmitha/ros_ws/install/msgs/include/msgs/action/detail/teleop__functions.c
[0.934s] -- Up-to-date: /home/ashmitha/ros_ws/install/msgs/include/msgs/action/detail/teleop__type_support.h
[0.934s] -- Up-to-date: /home/ashmitha/ros_ws/install/msgs/include/msgs/action/detail/teleop__functions.h
[0.934s] -- Up-to-date: /home/ashmitha/ros_ws/install/msgs/include/msgs/action/detail/teleop__struct.h
[0.934s] -- Up-to-date: /home/ashmitha/ros_ws/install/msgs/share/msgs/environment/library_path.sh
[0.934s] -- Installing: /home/ashmitha/ros_ws/install/msgs/share/msgs/environment/library_path.dsv
[0.935s] -- Up-to-date: /home/ashmitha/ros_ws/install/msgs/lib/libmsgs__rosidl_generator_c.so
[0.935s] -- Up-to-date: /home/ashmitha/ros_ws/install/msgs/include/msgs
[0.935s] -- Up-to-date: /home/ashmitha/ros_ws/install/msgs/include/msgs/msg
[0.935s] -- Up-to-date: /home/ashmitha/ros_ws/install/msgs/include/msgs/msg/rosidl_typesupport_fastrtps_c__visibility_control.h
[0.935s] -- Up-to-date: /home/ashmitha/ros_ws/install/msgs/include/msgs/action
[0.935s] -- Up-to-date: /home/ashmitha/ros_ws/install/msgs/include/msgs/action/detail
[0.935s] -- Up-to-date: /home/ashmitha/ros_ws/install/msgs/include/msgs/action/detail/teleop__rosidl_typesupport_fastrtps_c.h
[0.935s] -- Up-to-date: /home/ashmitha/ros_ws/install/msgs/lib/libmsgs__rosidl_typesupport_fastrtps_c.so
[0.935s] -- Up-to-date: /home/ashmitha/ros_ws/install/msgs/include/msgs
[0.935s] -- Up-to-date: /home/ashmitha/ros_ws/install/msgs/include/msgs/msg
[0.935s] -- Up-to-date: /home/ashmitha/ros_ws/install/msgs/include/msgs/msg/rosidl_typesupport_fastrtps_cpp__visibility_control.h
[0.935s] -- Up-to-date: /home/ashmitha/ros_ws/install/msgs/include/msgs/action
[0.935s] -- Up-to-date: /home/ashmitha/ros_ws/install/msgs/include/msgs/action/detail
[0.935s] -- Up-to-date: /home/ashmitha/ros_ws/install/msgs/include/msgs/action/detail/dds_fastrtps
[0.935s] -- Up-to-date: /home/ashmitha/ros_ws/install/msgs/include/msgs/action/detail/teleop__rosidl_typesupport_fastrtps_cpp.hpp
[0.935s] -- Up-to-date: /home/ashmitha/ros_ws/install/msgs/lib/libmsgs__rosidl_typesupport_fastrtps_cpp.so
[0.935s] -- Up-to-date: /home/ashmitha/ros_ws/install/msgs/include/msgs
[0.935s] -- Up-to-date: /home/ashmitha/ros_ws/install/msgs/include/msgs/msg
[0.935s] -- Up-to-date: /home/ashmitha/ros_ws/install/msgs/include/msgs/msg/rosidl_typesupport_introspection_c__visibility_control.h
[0.935s] -- Up-to-date: /home/ashmitha/ros_ws/install/msgs/include/msgs/action
[0.935s] -- Up-to-date: /home/ashmitha/ros_ws/install/msgs/include/msgs/action/detail
[0.936s] -- Up-to-date: /home/ashmitha/ros_ws/install/msgs/include/msgs/action/detail/teleop__type_support.c
[0.936s] -- Up-to-date: /home/ashmitha/ros_ws/install/msgs/include/msgs/action/detail/teleop__rosidl_typesupport_introspection_c.h
[0.936s] -- Up-to-date: /home/ashmitha/ros_ws/install/msgs/lib/libmsgs__rosidl_typesupport_introspection_c.so
[0.936s] -- Up-to-date: /home/ashmitha/ros_ws/install/msgs/lib/libmsgs__rosidl_typesupport_c.so
[0.936s] -- Up-to-date: /home/ashmitha/ros_ws/install/msgs/include/msgs
[0.936s] -- Up-to-date: /home/ashmitha/ros_ws/install/msgs/include/msgs/msg
[0.936s] -- Up-to-date: /home/ashmitha/ros_ws/install/msgs/include/msgs/msg/rosidl_generator_cpp__visibility_control.hpp
[0.936s] -- Up-to-date: /home/ashmitha/ros_ws/install/msgs/include/msgs/action
[0.936s] -- Up-to-date: /home/ashmitha/ros_ws/install/msgs/include/msgs/action/teleop.hpp
[0.936s] -- Up-to-date: /home/ashmitha/ros_ws/install/msgs/include/msgs/action/detail
[0.936s] -- Up-to-date: /home/ashmitha/ros_ws/install/msgs/include/msgs/action/detail/teleop__struct.hpp
[0.936s] -- Up-to-date: /home/ashmitha/ros_ws/install/msgs/include/msgs/action/detail/teleop__type_support.hpp
[0.936s] -- Up-to-date: /home/ashmitha/ros_ws/install/msgs/include/msgs/action/detail/teleop__traits.hpp
[0.936s] -- Up-to-date: /home/ashmitha/ros_ws/install/msgs/include/msgs/action/detail/teleop__builder.hpp
[0.936s] -- Up-to-date: /home/ashmitha/ros_ws/install/msgs/include/msgs
[0.936s] -- Up-to-date: /home/ashmitha/ros_ws/install/msgs/include/msgs/action
[0.936s] -- Up-to-date: /home/ashmitha/ros_ws/install/msgs/include/msgs/action/detail
[0.936s] -- Up-to-date: /home/ashmitha/ros_ws/install/msgs/include/msgs/action/detail/teleop__type_support.cpp
[0.936s] -- Up-to-date: /home/ashmitha/ros_ws/install/msgs/include/msgs/action/detail/teleop__rosidl_typesupport_introspection_cpp.hpp
[0.936s] -- Up-to-date: /home/ashmitha/ros_ws/install/msgs/lib/libmsgs__rosidl_typesupport_introspection_cpp.so
[0.936s] -- Up-to-date: /home/ashmitha/ros_ws/install/msgs/lib/libmsgs__rosidl_typesupport_cpp.so
[0.936s] -- Up-to-date: /home/ashmitha/ros_ws/install/msgs/share/msgs/environment/pythonpath.sh
[0.936s] -- Installing: /home/ashmitha/ros_ws/install/msgs/share/msgs/environment/pythonpath.dsv
[0.936s] -- Installing: /home/ashmitha/ros_ws/install/msgs/lib/python3.11/site-packages/msgs/__init__.py
[0.956s] Compiling '/home/ashmitha/ros_ws/install/msgs/lib/python3.11/site-packages/msgs/__init__.py'...
[0.958s] -- Up-to-date: /home/ashmitha/ros_ws/install/msgs/lib/python3.11/site-packages/msgs/action
[0.959s] -- Up-to-date: /home/ashmitha/ros_ws/install/msgs/lib/python3.11/site-packages/msgs/action/__init__.py
[0.959s] -- Up-to-date: /home/ashmitha/ros_ws/install/msgs/lib/python3.11/site-packages/msgs/action/_teleop.py
[0.959s] -- Up-to-date: /home/ashmitha/ros_ws/install/msgs/lib/python3.11/site-packages/msgs/action/_teleop_s.c
[0.959s] -- Up-to-date: /home/ashmitha/ros_ws/install/msgs/lib/python3.11/site-packages/msgs/msgs_s__rosidl_typesupport_fastrtps_c.cpython-311-x86_64-linux-gnu.so
[0.959s] -- Up-to-date: /home/ashmitha/ros_ws/install/msgs/lib/python3.11/site-packages/msgs/msgs_s__rosidl_typesupport_introspection_c.cpython-311-x86_64-linux-gnu.so
[0.959s] -- Up-to-date: /home/ashmitha/ros_ws/install/msgs/lib/python3.11/site-packages/msgs/msgs_s__rosidl_typesupport_c.cpython-311-x86_64-linux-gnu.so
[0.959s] -- Up-to-date: /home/ashmitha/ros_ws/install/msgs/lib/libmsgs__python.so
[0.959s] -- Up-to-date: /home/ashmitha/ros_ws/install/msgs/share/msgs/action/Teleop.idl
[0.959s] -- Up-to-date: /home/ashmitha/ros_ws/install/msgs/share/msgs/action/Teleop.action
[0.959s] -- Installing: /home/ashmitha/ros_ws/install/msgs/share/ament_index/resource_index/package_run_dependencies/msgs
[0.959s] -- Up-to-date: /home/ashmitha/ros_ws/install/msgs/share/ament_index/resource_index/parent_prefix_path/msgs
[0.959s] -- Up-to-date: /home/ashmitha/ros_ws/install/msgs/share/msgs/environment/ament_prefix_path.sh
[0.959s] -- Installing: /home/ashmitha/ros_ws/install/msgs/share/msgs/environment/ament_prefix_path.dsv
[0.960s] -- Up-to-date: /home/ashmitha/ros_ws/install/msgs/share/msgs/environment/path.sh
[0.960s] -- Installing: /home/ashmitha/ros_ws/install/msgs/share/msgs/environment/path.dsv
[0.960s] -- Up-to-date: /home/ashmitha/ros_ws/install/msgs/share/msgs/local_setup.bash
[0.960s] -- Up-to-date: /home/ashmitha/ros_ws/install/msgs/share/msgs/local_setup.sh
[0.960s] -- Up-to-date: /home/ashmitha/ros_ws/install/msgs/share/msgs/local_setup.zsh
[0.960s] -- Installing: /home/ashmitha/ros_ws/install/msgs/share/msgs/local_setup.dsv
[0.960s] -- Installing: /home/ashmitha/ros_ws/install/msgs/share/msgs/package.dsv
[0.960s] -- Up-to-date: /home/ashmitha/ros_ws/install/msgs/share/ament_index/resource_index/packages/msgs
[0.960s] -- Up-to-date: /home/ashmitha/ros_ws/install/msgs/share/msgs/cmake/msgs__rosidl_generator_cExport.cmake
[0.960s] -- Up-to-date: /home/ashmitha/ros_ws/install/msgs/share/msgs/cmake/msgs__rosidl_generator_cExport-noconfig.cmake
[0.960s] -- Up-to-date: /home/ashmitha/ros_ws/install/msgs/share/msgs/cmake/msgs__rosidl_typesupport_introspection_cExport.cmake
[0.960s] -- Up-to-date: /home/ashmitha/ros_ws/install/msgs/share/msgs/cmake/msgs__rosidl_typesupport_introspection_cExport-noconfig.cmake
[0.960s] -- Up-to-date: /home/ashmitha/ros_ws/install/msgs/share/msgs/cmake/msgs__rosidl_typesupport_cExport.cmake
[0.960s] -- Up-to-date: /home/ashmitha/ros_ws/install/msgs/share/msgs/cmake/msgs__rosidl_typesupport_cExport-noconfig.cmake
[0.960s] -- Up-to-date: /home/ashmitha/ros_ws/install/msgs/share/msgs/cmake/msgs__rosidl_generator_cppExport.cmake
[0.960s] -- Up-to-date: /home/ashmitha/ros_ws/install/msgs/share/msgs/cmake/msgs__rosidl_typesupport_introspection_cppExport.cmake
[0.960s] -- Up-to-date: /home/ashmitha/ros_ws/install/msgs/share/msgs/cmake/msgs__rosidl_typesupport_introspection_cppExport-noconfig.cmake
[0.960s] -- Up-to-date: /home/ashmitha/ros_ws/install/msgs/share/msgs/cmake/msgs__rosidl_typesupport_cppExport.cmake
[0.960s] -- Up-to-date: /home/ashmitha/ros_ws/install/msgs/share/msgs/cmake/msgs__rosidl_typesupport_cppExport-noconfig.cmake
[0.961s] -- Up-to-date: /home/ashmitha/ros_ws/install/msgs/share/msgs/cmake/rosidl_cmake-extras.cmake
[0.961s] -- Up-to-date: /home/ashmitha/ros_ws/install/msgs/share/msgs/cmake/ament_cmake_export_dependencies-extras.cmake
[0.961s] -- Up-to-date: /home/ashmitha/ros_ws/install/msgs/share/msgs/cmake/ament_cmake_export_libraries-extras.cmake
[0.961s] -- Up-to-date: /home/ashmitha/ros_ws/install/msgs/share/msgs/cmake/ament_cmake_export_targets-extras.cmake
[0.961s] -- Up-to-date: /home/ashmitha/ros_ws/install/msgs/share/msgs/cmake/ament_cmake_export_include_directories-extras.cmake
[0.961s] -- Up-to-date: /home/ashmitha/ros_ws/install/msgs/share/msgs/cmake/rosidl_cmake_export_typesupport_libraries-extras.cmake
[0.961s] -- Up-to-date: /home/ashmitha/ros_ws/install/msgs/share/msgs/cmake/rosidl_cmake_export_typesupport_targets-extras.cmake
[0.961s] -- Up-to-date: /home/ashmitha/ros_ws/install/msgs/share/msgs/cmake/msgsConfig.cmake
[0.961s] -- Up-to-date: /home/ashmitha/ros_ws/install/msgs/share/msgs/cmake/msgsConfig-version.cmake
[0.961s] -- Installing: /home/ashmitha/ros_ws/install/msgs/share/msgs/package.xml
[0.965s] Invoked command in '/home/ashmitha/ros_ws/build/msgs' returned '0': CMAKE_PREFIX_PATH=/opt/ros/foxy CONDA_PROMPT_MODIFIER=(base) /home/ashmitha/.local/bin/cmake --install /home/ashmitha/ros_ws/build/msgs
