[0.079s] Invoking command in '/home/ashmitha/ros_ws/build/msgs': CMAKE_PREFIX_PATH=/opt/ros/foxy CONDA_PROMPT_MODIFIER=(base) /home/ashmitha/.local/bin/cmake --build /home/ashmitha/ros_ws/build/msgs -- -j8 -l8
[0.106s] -- Found ament_cmake: 0.9.12 (/opt/ros/foxy/share/ament_cmake/cmake)
[0.108s] [33mCMake Warning (dev) at /opt/ros/foxy/share/ament_cmake_core/cmake/core/python.cmake:22 (find_package):
[0.108s]   Policy CMP0148 is not set: The FindPythonInterp and FindPythonLibs modules
[0.109s]   are removed.  Run "cmake --help-policy CMP0148" for policy details.  Use
[0.109s]   the cmake_policy command to set the policy and suppress this warning.
[0.109s] 
[0.109s] Call Stack (most recent call first):
[0.110s]   /opt/ros/foxy/share/ament_cmake_core/cmake/core/all.cmake:53 (include)
[0.110s]   /opt/ros/foxy/share/ament_cmake_core/cmake/ament_cmake_core-extras.cmake:17 (include)
[0.110s]   /opt/ros/foxy/share/ament_cmake_core/cmake/ament_cmake_coreConfig.cmake:41 (include)
[0.111s]   /opt/ros/foxy/share/ament_cmake/cmake/ament_cmake_export_dependencies-extras.cmake:15 (find_package)
[0.111s]   /opt/ros/foxy/share/ament_cmake/cmake/ament_cmakeConfig.cmake:41 (include)
[0.111s]   CMakeLists.txt:22 (find_package)
[0.111s] This warning is for project developers.  Use -Wno-dev to suppress it.
[0.111s] [0m
[0.124s] -- Using PYTHON_EXECUTABLE: /home/ashmitha/anaconda3/bin/python3
[0.264s] -- Found ament_lint_auto: 0.9.8 (/opt/ros/foxy/share/ament_lint_auto/cmake)
[0.334s] -- Found rosidl_default_generators: 1.0.1 (/opt/ros/foxy/share/rosidl_default_generators/cmake)
[0.335s] -- Using all available rosidl_typesupport_c: rosidl_typesupport_fastrtps_c;rosidl_typesupport_introspection_c
[0.338s] -- Found rosidl_adapter: 1.3.1 (/opt/ros/foxy/share/rosidl_adapter/cmake)
[0.460s] -- Using all available rosidl_typesupport_cpp: rosidl_typesupport_fastrtps_cpp;rosidl_typesupport_introspection_cpp
[0.561s] -- Found ament_cmake_ros: 0.9.2 (/opt/ros/foxy/share/ament_cmake_ros/cmake)
[0.658s] -- Using all available rosidl_typesupport_c: rosidl_typesupport_fastrtps_c;rosidl_typesupport_introspection_c
[0.671s] -- Using all available rosidl_typesupport_cpp: rosidl_typesupport_fastrtps_cpp;rosidl_typesupport_introspection_cpp
[0.674s] [33mCMake Warning (dev) at /opt/ros/foxy/share/rosidl_generator_py/cmake/rosidl_generator_py_generate_interfaces.cmake:20 (find_package):
[0.674s]   Policy CMP0148 is not set: The FindPythonInterp and FindPythonLibs modules
[0.674s]   are removed.  Run "cmake --help-policy CMP0148" for policy details.  Use
[0.674s]   the cmake_policy command to set the policy and suppress this warning.
[0.674s] 
[0.674s] Call Stack (most recent call first):
[0.674s]   /opt/ros/foxy/share/ament_cmake_core/cmake/core/ament_execute_extensions.cmake:48 (include)
[0.674s]   /opt/ros/foxy/share/rosidl_cmake/cmake/rosidl_generate_interfaces.cmake:286 (ament_execute_extensions)
[0.674s]   CMakeLists.txt:43 (rosidl_generate_interfaces)
[0.674s] This warning is for project developers.  Use -Wno-dev to suppress it.
[0.674s] [0m
[0.687s] -- Found PythonInterp: /home/ashmitha/anaconda3/bin/python3 (found suitable version "3.11.4", minimum required is "3.5") 
[0.687s] -- Found python_cmake_module: 0.8.1 (/opt/ros/foxy/share/python_cmake_module/cmake)
[0.687s] [33mCMake Warning (dev) at /opt/ros/foxy/share/python_cmake_module/cmake/Modules/FindPythonExtra.cmake:45 (find_package):
[0.687s]   Policy CMP0148 is not set: The FindPythonInterp and FindPythonLibs modules
[0.687s]   are removed.  Run "cmake --help-policy CMP0148" for policy details.  Use
[0.687s]   the cmake_policy command to set the policy and suppress this warning.
[0.687s] 
[0.687s] Call Stack (most recent call first):
[0.687s]   /opt/ros/foxy/share/rosidl_generator_py/cmake/rosidl_generator_py_generate_interfaces.cmake:23 (find_package)
[0.687s]   /opt/ros/foxy/share/ament_cmake_core/cmake/core/ament_execute_extensions.cmake:48 (include)
[0.687s]   /opt/ros/foxy/share/rosidl_cmake/cmake/rosidl_generate_interfaces.cmake:286 (ament_execute_extensions)
[0.687s]   CMakeLists.txt:43 (rosidl_generate_interfaces)
[0.688s] This warning is for project developers.  Use -Wno-dev to suppress it.
[0.688s] [0m
[0.700s] [33mCMake Warning (dev) at /opt/ros/foxy/share/python_cmake_module/cmake/Modules/FindPythonExtra.cmake:133 (find_package):
[0.700s]   Policy CMP0148 is not set: The FindPythonInterp and FindPythonLibs modules
[0.701s]   are removed.  Run "cmake --help-policy CMP0148" for policy details.  Use
[0.701s]   the cmake_policy command to set the policy and suppress this warning.
[0.701s] 
[0.701s] Call Stack (most recent call first):
[0.701s]   /opt/ros/foxy/share/rosidl_generator_py/cmake/rosidl_generator_py_generate_interfaces.cmake:23 (find_package)
[0.701s]   /opt/ros/foxy/share/ament_cmake_core/cmake/core/ament_execute_extensions.cmake:48 (include)
[0.701s]   /opt/ros/foxy/share/rosidl_cmake/cmake/rosidl_generate_interfaces.cmake:286 (ament_execute_extensions)
[0.701s]   CMakeLists.txt:43 (rosidl_generate_interfaces)
[0.701s] This warning is for project developers.  Use -Wno-dev to suppress it.
[0.701s] [0m
[0.702s] -- Using PYTHON_EXECUTABLE: /home/ashmitha/anaconda3/bin/python3
[0.702s] -- Using PYTHON_INCLUDE_DIRS: /home/ashmitha/anaconda3/include/python3.11
[0.702s] -- Using PYTHON_LIBRARIES: /home/ashmitha/anaconda3/lib/libpython3.11.so
[0.778s] -- Using numpy include directory: /home/ashmitha/anaconda3/lib/python3.11/site-packages/numpy/core/include
[0.788s] -- Added test 'copyright' to check source files copyright and LICENSE
[0.788s] -- Added test 'flake8' to check Python code syntax and style conventions
[0.789s] -- Added test 'lint_cmake' to check CMake code style
[0.789s] -- Added test 'pep257' to check Python code against some of the style conventions in PEP 257
[0.789s] -- Added test 'xmllint' to check XML markup files
[0.791s] -- Configuring done (0.7s)
[0.811s] [33mCMake Warning at /opt/ros/foxy/share/rosidl_generator_py/cmake/rosidl_generator_py_generate_interfaces.cmake:235 (add_library):
[0.812s]   Cannot generate a safe runtime search path for target
[0.812s]   msgs__rosidl_typesupport_fastrtps_c__pyext because files in some
[0.812s]   directories may conflict with libraries in implicit directories:
[0.812s] 
[0.812s]     runtime library [libssl.so.1.1] in /usr/lib/x86_64-linux-gnu may be hidden by files in:
[0.812s]       /home/ashmitha/anaconda3/lib
[0.812s]     runtime library [libcrypto.so.1.1] in /usr/lib/x86_64-linux-gnu may be hidden by files in:
[0.812s]       /home/ashmitha/anaconda3/lib
[0.812s] 
[0.812s]   Some of these libraries may not be found correctly.
[0.812s] Call Stack (most recent call first):
[0.812s]   /opt/ros/foxy/share/ament_cmake_core/cmake/core/ament_execute_extensions.cmake:48 (include)
[0.812s]   /opt/ros/foxy/share/rosidl_cmake/cmake/rosidl_generate_interfaces.cmake:286 (ament_execute_extensions)
[0.812s]   CMakeLists.txt:43 (rosidl_generate_interfaces)
[0.812s] 
[0.812s] [0m
[0.818s] -- Generating done (0.0s)
[0.820s] -- Build files have been written to: /home/ashmitha/ros_ws/build/msgs
[0.830s] [  3%] [34m[1mGenerating C code for ROS interfaces[0m
[0.833s] [  6%] [34m[1mGenerating C++ code for ROS interfaces[0m
[0.977s] Error processing idl file: /home/ashmitha/ros_ws/build/msgs/rosidl_adapter/msgs/action/Teleop.idl
[0.977s] Traceback (most recent call last):
[0.977s]   File "/opt/ros/foxy/share/rosidl_generator_c/cmake/../../../lib/rosidl_generator_c/rosidl_generator_c", line 40, in <module>
[0.977s]     sys.exit(main())
[0.977s]              ^^^^^^
[0.977s]   File "/opt/ros/foxy/share/rosidl_generator_c/cmake/../../../lib/rosidl_generator_c/rosidl_generator_c", line 34, in main
[0.977s]     return generate_c(
[0.977s]            ^^^^^^^^^^^
[0.977s]   File "/opt/ros/foxy/lib/python3.8/site-packages/rosidl_generator_c/__init__.py", line 37, in generate_c
[0.977s]     generate_files(
[0.978s]   File "/opt/ros/foxy/lib/python3.8/site-packages/rosidl_cmake/__init__.py", line 96, in generate_files
[0.978s]     raise(e)
[0.978s]   File "/opt/ros/foxy/lib/python3.8/site-packages/rosidl_cmake/__init__.py", line 87, in generate_files
[0.978s]     expand_template(
[0.978s]   File "/opt/ros/foxy/lib/python3.8/site-packages/rosidl_cmake/__init__.py", line 131, in expand_template
[0.978s]     em.BUFFERED_OPT: True,
[0.978s]     ^^^^^^^^^^^^^^^
[0.978s] AttributeError: module 'em' has no attribute 'BUFFERED_OPT'
[0.981s] Error processing idl file: /home/ashmitha/ros_ws/build/msgs/rosidl_adapter/msgs/action/Teleop.idl
[0.981s] Traceback (most recent call last):
[0.981s]   File "/opt/ros/foxy/share/rosidl_generator_cpp/cmake/../../../lib/rosidl_generator_cpp/rosidl_generator_cpp", line 40, in <module>
[0.982s]     sys.exit(main())
[0.982s]              ^^^^^^
[0.982s]   File "/opt/ros/foxy/share/rosidl_generator_cpp/cmake/../../../lib/rosidl_generator_cpp/rosidl_generator_cpp", line 34, in main
[0.982s]     return generate_cpp(
[0.982s]            ^^^^^^^^^^^^^
[0.982s]   File "/opt/ros/foxy/lib/python3.8/site-packages/rosidl_generator_cpp/__init__.py", line 39, in generate_cpp
[0.982s]     generate_files(
[0.982s]   File "/opt/ros/foxy/lib/python3.8/site-packages/rosidl_cmake/__init__.py", line 96, in generate_files
[0.982s]     raise(e)
[0.982s]   File "/opt/ros/foxy/lib/python3.8/site-packages/rosidl_cmake/__init__.py", line 87, in generate_files
[0.982s]     expand_template(
[0.982s]   File "/opt/ros/foxy/lib/python3.8/site-packages/rosidl_cmake/__init__.py", line 131, in expand_template
[0.983s]     em.BUFFERED_OPT: True,
[0.983s]     ^^^^^^^^^^^^^^^
[0.983s] AttributeError: module 'em' has no attribute 'BUFFERED_OPT'
[0.991s] make[2]: *** [CMakeFiles/msgs__rosidl_generator_c.dir/build.make:94: rosidl_generator_c/msgs/action/teleop.h] Error 1
[0.992s] make[1]: *** [CMakeFiles/Makefile2:209: CMakeFiles/msgs__rosidl_generator_c.dir/all] Error 2
[0.992s] make[1]: *** Waiting for unfinished jobs....
[0.996s] make[2]: *** [CMakeFiles/msgs__cpp.dir/build.make:104: rosidl_generator_cpp/msgs/action/teleop.hpp] Error 1
[0.996s] make[1]: *** [CMakeFiles/Makefile2:342: CMakeFiles/msgs__cpp.dir/all] Error 2
[0.996s] make: *** [Makefile:146: all] Error 2
[1.000s] Invoked command in '/home/ashmitha/ros_ws/build/msgs' returned '2': CMAKE_PREFIX_PATH=/opt/ros/foxy CONDA_PROMPT_MODIFIER=(base) /home/ashmitha/.local/bin/cmake --build /home/ashmitha/ros_ws/build/msgs -- -j8 -l8
