[0.108s] Invoking command in '/home/ashmitha/ros_ws/build/msgs': CMAKE_PREFIX_PATH=/opt/ros/foxy CONDA_PROMPT_MODIFIER=(base) /home/ashmitha/.local/bin/cmake --build /home/ashmitha/ros_ws/build/msgs -- -j8 -l8
[0.152s] -- Found ament_cmake: 0.9.12 (/opt/ros/foxy/share/ament_cmake/cmake)
[0.154s] [33mCMake Warning (dev) at /opt/ros/foxy/share/ament_cmake_core/cmake/core/python.cmake:22 (find_package):
[0.154s]   Policy CMP0148 is not set: The FindPythonInterp and FindPythonLibs modules
[0.154s]   are removed.  Run "cmake --help-policy CMP0148" for policy details.  Use
[0.154s]   the cmake_policy command to set the policy and suppress this warning.
[0.154s] 
[0.155s] Call Stack (most recent call first):
[0.155s]   /opt/ros/foxy/share/ament_cmake_core/cmake/core/all.cmake:53 (include)
[0.155s]   /opt/ros/foxy/share/ament_cmake_core/cmake/ament_cmake_core-extras.cmake:17 (include)
[0.155s]   /opt/ros/foxy/share/ament_cmake_core/cmake/ament_cmake_coreConfig.cmake:41 (include)
[0.155s]   /opt/ros/foxy/share/ament_cmake/cmake/ament_cmake_export_dependencies-extras.cmake:15 (find_package)
[0.155s]   /opt/ros/foxy/share/ament_cmake/cmake/ament_cmakeConfig.cmake:41 (include)
[0.155s]   CMakeLists.txt:22 (find_package)
[0.155s] This warning is for project developers.  Use -Wno-dev to suppress it.
[0.155s] [0m
[0.180s] -- Found PythonInterp: /home/ashmitha/anaconda3/bin/python3 (found suitable version "3.11.4", minimum required is "3") 
[0.180s] -- Using PYTHON_EXECUTABLE: /home/ashmitha/anaconda3/bin/python3
[0.426s] -- Found ament_lint_auto: 0.9.8 (/opt/ros/foxy/share/ament_lint_auto/cmake)
[0.514s] -- Found rosidl_default_generators: 1.0.1 (/opt/ros/foxy/share/rosidl_default_generators/cmake)
[0.517s] -- Using all available rosidl_typesupport_c: rosidl_typesupport_fastrtps_c;rosidl_typesupport_introspection_c
[0.521s] -- Found rosidl_adapter: 1.3.1 (/opt/ros/foxy/share/rosidl_adapter/cmake)
[0.678s] -- Using all available rosidl_typesupport_cpp: rosidl_typesupport_fastrtps_cpp;rosidl_typesupport_introspection_cpp
[0.700s] [33mCMake Warning (dev) at /opt/ros/foxy/share/rosidl_adapter/cmake/rosidl_adapt_interfaces.cmake:40 (find_package):
[0.700s]   Policy CMP0148 is not set: The FindPythonInterp and FindPythonLibs modules
[0.700s]   are removed.  Run "cmake --help-policy CMP0148" for policy details.  Use
[0.700s]   the cmake_policy command to set the policy and suppress this warning.
[0.700s] 
[0.700s] Call Stack (most recent call first):
[0.700s]   /opt/ros/foxy/share/rosidl_cmake/cmake/rosidl_generate_interfaces.cmake:130 (rosidl_adapt_interfaces)
[0.701s]   CMakeLists.txt:45 (rosidl_generate_interfaces)
[0.701s] This warning is for project developers.  Use -Wno-dev to suppress it.
[0.701s] [0m
[0.719s] -- Found PythonInterp: /home/ashmitha/anaconda3/bin/python3 (found version "3.11.4") 
[0.840s] -- Found ament_cmake_ros: 0.9.2 (/opt/ros/foxy/share/ament_cmake_ros/cmake)
[0.977s] -- Using all available rosidl_typesupport_c: rosidl_typesupport_fastrtps_c;rosidl_typesupport_introspection_c
[0.996s] -- Using all available rosidl_typesupport_cpp: rosidl_typesupport_fastrtps_cpp;rosidl_typesupport_introspection_cpp
[1.000s] [33mCMake Warning (dev) at /opt/ros/foxy/share/rosidl_generator_py/cmake/rosidl_generator_py_generate_interfaces.cmake:20 (find_package):
[1.000s]   Policy CMP0148 is not set: The FindPythonInterp and FindPythonLibs modules
[1.000s]   are removed.  Run "cmake --help-policy CMP0148" for policy details.  Use
[1.000s]   the cmake_policy command to set the policy and suppress this warning.
[1.000s] 
[1.001s] Call Stack (most recent call first):
[1.001s]   /opt/ros/foxy/share/ament_cmake_core/cmake/core/ament_execute_extensions.cmake:48 (include)
[1.001s]   /opt/ros/foxy/share/rosidl_cmake/cmake/rosidl_generate_interfaces.cmake:286 (ament_execute_extensions)
[1.001s]   CMakeLists.txt:45 (rosidl_generate_interfaces)
[1.001s] This warning is for project developers.  Use -Wno-dev to suppress it.
[1.001s] [0m
[1.020s] -- Found PythonInterp: /home/ashmitha/anaconda3/bin/python3 (found suitable version "3.11.4", minimum required is "3.5") 
[1.020s] -- Found python_cmake_module: 0.8.1 (/opt/ros/foxy/share/python_cmake_module/cmake)
[1.020s] [33mCMake Warning (dev) at /opt/ros/foxy/share/python_cmake_module/cmake/Modules/FindPythonExtra.cmake:45 (find_package):
[1.020s]   Policy CMP0148 is not set: The FindPythonInterp and FindPythonLibs modules
[1.020s]   are removed.  Run "cmake --help-policy CMP0148" for policy details.  Use
[1.020s]   the cmake_policy command to set the policy and suppress this warning.
[1.020s] 
[1.020s] Call Stack (most recent call first):
[1.020s]   /opt/ros/foxy/share/rosidl_generator_py/cmake/rosidl_generator_py_generate_interfaces.cmake:23 (find_package)
[1.020s]   /opt/ros/foxy/share/ament_cmake_core/cmake/core/ament_execute_extensions.cmake:48 (include)
[1.021s]   /opt/ros/foxy/share/rosidl_cmake/cmake/rosidl_generate_interfaces.cmake:286 (ament_execute_extensions)
[1.021s]   CMakeLists.txt:45 (rosidl_generate_interfaces)
[1.021s] This warning is for project developers.  Use -Wno-dev to suppress it.
[1.021s] [0m
[1.041s] [33mCMake Warning (dev) at /opt/ros/foxy/share/python_cmake_module/cmake/Modules/FindPythonExtra.cmake:133 (find_package):
[1.041s]   Policy CMP0148 is not set: The FindPythonInterp and FindPythonLibs modules
[1.041s]   are removed.  Run "cmake --help-policy CMP0148" for policy details.  Use
[1.041s]   the cmake_policy command to set the policy and suppress this warning.
[1.041s] 
[1.041s] Call Stack (most recent call first):
[1.041s]   /opt/ros/foxy/share/rosidl_generator_py/cmake/rosidl_generator_py_generate_interfaces.cmake:23 (find_package)
[1.041s]   /opt/ros/foxy/share/ament_cmake_core/cmake/core/ament_execute_extensions.cmake:48 (include)
[1.041s]   /opt/ros/foxy/share/rosidl_cmake/cmake/rosidl_generate_interfaces.cmake:286 (ament_execute_extensions)
[1.041s]   CMakeLists.txt:45 (rosidl_generate_interfaces)
[1.041s] This warning is for project developers.  Use -Wno-dev to suppress it.
[1.041s] [0m
[1.043s] -- Using PYTHON_EXECUTABLE: /home/ashmitha/anaconda3/bin/python3
[1.043s] -- Using PYTHON_INCLUDE_DIRS: /home/ashmitha/anaconda3/include/python3.11
[1.043s] -- Using PYTHON_LIBRARIES: /home/ashmitha/anaconda3/lib/libpython3.11.so
[1.150s] -- Using numpy include directory: /home/ashmitha/anaconda3/lib/python3.11/site-packages/numpy/core/include
[1.165s] -- Added test 'copyright' to check source files copyright and LICENSE
[1.166s] -- Added test 'lint_cmake' to check CMake code style
[1.166s] -- Added test 'xmllint' to check XML markup files
[1.170s] -- Configuring done (1.0s)
[1.198s] [33mCMake Warning at /opt/ros/foxy/share/rosidl_generator_py/cmake/rosidl_generator_py_generate_interfaces.cmake:235 (add_library):
[1.198s]   Cannot generate a safe runtime search path for target
[1.198s]   msgs__rosidl_typesupport_fastrtps_c__pyext because files in some
[1.198s]   directories may conflict with libraries in implicit directories:
[1.199s] 
[1.199s]     runtime library [libssl.so.1.1] in /usr/lib/x86_64-linux-gnu may be hidden by files in:
[1.199s]       /home/ashmitha/anaconda3/lib
[1.199s]     runtime library [libcrypto.so.1.1] in /usr/lib/x86_64-linux-gnu may be hidden by files in:
[1.199s]       /home/ashmitha/anaconda3/lib
[1.199s] 
[1.199s]   Some of these libraries may not be found correctly.
[1.199s] Call Stack (most recent call first):
[1.199s]   /opt/ros/foxy/share/ament_cmake_core/cmake/core/ament_execute_extensions.cmake:48 (include)
[1.199s]   /opt/ros/foxy/share/rosidl_cmake/cmake/rosidl_generate_interfaces.cmake:286 (ament_execute_extensions)
[1.199s]   CMakeLists.txt:45 (rosidl_generate_interfaces)
[1.199s] 
[1.199s] [0m
[1.207s] -- Generating done (0.0s)
[1.210s] -- Build files have been written to: /home/ashmitha/ros_ws/build/msgs
[1.225s] [  3%] [34m[1mGenerating C code for ROS interfaces[0m
[1.230s] [  6%] [34m[1mGenerating C++ code for ROS interfaces[0m
[1.579s] [  9%] [32mBuilding C object CMakeFiles/msgs__rosidl_generator_c.dir/rosidl_generator_c/msgs/action/detail/teleop__functions.c.o[0m
[1.585s] [  9%] Built target msgs__cpp
[1.589s] [ 12%] [34m[1mGenerating C++ type support for eProsima Fast-RTPS[0m
[1.589s] [ 16%] [34m[1mGenerating C++ introspection for ROS interfaces[0m
[1.590s] [ 19%] [34m[1mGenerating C++ type support dispatch for ROS interfaces[0m
[1.758s] [ 22%] [32m[1mLinking C shared library libmsgs__rosidl_generator_c.so[0m
[1.783s] [ 22%] Built target msgs__rosidl_generator_c
[1.787s] [ 25%] [34m[1mGenerating C introspection for ROS interfaces[0m
[1.788s] [ 29%] [34m[1mGenerating C type support dispatch for ROS interfaces[0m
[1.910s] [ 32%] [32mBuilding CXX object CMakeFiles/msgs__rosidl_typesupport_cpp.dir/rosidl_typesupport_cpp/msgs/action/teleop__type_support.cpp.o[0m
[2.017s] [ 35%] [32mBuilding CXX object CMakeFiles/msgs__rosidl_typesupport_introspection_cpp.dir/rosidl_typesupport_introspection_cpp/msgs/action/detail/teleop__type_support.cpp.o[0m
[2.079s] [ 38%] [32mBuilding CXX object CMakeFiles/msgs__rosidl_typesupport_fastrtps_cpp.dir/rosidl_typesupport_fastrtps_cpp/msgs/action/detail/dds_fastrtps/teleop__type_support.cpp.o[0m
[2.168s] [ 41%] [32mBuilding C object CMakeFiles/msgs__rosidl_typesupport_introspection_c.dir/rosidl_typesupport_introspection_c/msgs/action/detail/teleop__type_support.c.o[0m
[2.199s] [ 45%] [32mBuilding CXX object CMakeFiles/msgs__rosidl_typesupport_c.dir/rosidl_typesupport_c/msgs/action/teleop__type_support.cpp.o[0m
[2.229s] [ 48%] [32m[1mLinking C shared library libmsgs__rosidl_typesupport_introspection_c.so[0m
[2.256s] [ 51%] [32m[1mLinking CXX shared library libmsgs__rosidl_typesupport_c.so[0m
[2.259s] [ 51%] Built target msgs__rosidl_typesupport_introspection_c
[2.300s] [ 51%] Built target msgs__rosidl_typesupport_c
[2.351s] [ 54%] [32m[1mLinking CXX shared library libmsgs__rosidl_typesupport_cpp.so[0m
[2.383s] [ 54%] Built target msgs__rosidl_typesupport_cpp
[2.404s] [ 58%] [32m[1mLinking CXX shared library libmsgs__rosidl_typesupport_introspection_cpp.so[0m
[2.464s] [ 58%] Built target msgs__rosidl_typesupport_introspection_cpp
[2.617s] [ 61%] [32m[1mLinking CXX shared library libmsgs__rosidl_typesupport_fastrtps_cpp.so[0m
[2.689s] [ 61%] Built target msgs__rosidl_typesupport_fastrtps_cpp
[2.693s] [ 64%] [34m[1mGenerating C type support for eProsima Fast-RTPS[0m
[2.994s] [ 67%] [32mBuilding CXX object CMakeFiles/msgs__rosidl_typesupport_fastrtps_c.dir/rosidl_typesupport_fastrtps_c/msgs/action/detail/teleop__type_support_c.cpp.o[0m
[3.337s] [ 70%] [32m[1mLinking CXX shared library libmsgs__rosidl_typesupport_fastrtps_c.so[0m
[3.409s] [ 70%] Built target msgs__rosidl_typesupport_fastrtps_c
[3.418s] [ 70%] Built target msgs
[3.427s] [ 74%] [34m[1mGenerating Python code for ROS interfaces[0m
[3.951s] [ 74%] Built target msgs__py
[3.962s] [ 77%] [32mBuilding C object CMakeFiles/msgs__python.dir/rosidl_generator_py/msgs/action/_teleop_s.c.o[0m
[4.050s] [ 80%] [32m[1mLinking C shared library rosidl_generator_py/msgs/libmsgs__python.so[0m
[4.078s] [ 80%] Built target msgs__python
[4.089s] [ 83%] [32mBuilding C object CMakeFiles/msgs__rosidl_typesupport_introspection_c__pyext.dir/rosidl_generator_py/msgs/_msgs_s.ep.rosidl_typesupport_introspection_c.c.o[0m
[4.089s] [ 87%] [32mBuilding C object CMakeFiles/msgs__rosidl_typesupport_fastrtps_c__pyext.dir/rosidl_generator_py/msgs/_msgs_s.ep.rosidl_typesupport_fastrtps_c.c.o[0m
[4.089s] [ 90%] [32mBuilding C object CMakeFiles/msgs__rosidl_typesupport_c__pyext.dir/rosidl_generator_py/msgs/_msgs_s.ep.rosidl_typesupport_c.c.o[0m
[4.188s] [ 93%] [32m[1mLinking CXX shared library rosidl_generator_py/msgs/msgs_s__rosidl_typesupport_fastrtps_c.cpython-311-x86_64-linux-gnu.so[0m
[4.190s] [ 96%] [32m[1mLinking C shared library rosidl_generator_py/msgs/msgs_s__rosidl_typesupport_c.cpython-311-x86_64-linux-gnu.so[0m
[4.190s] [100%] [32m[1mLinking C shared library rosidl_generator_py/msgs/msgs_s__rosidl_typesupport_introspection_c.cpython-311-x86_64-linux-gnu.so[0m
[4.217s] [100%] Built target msgs__rosidl_typesupport_introspection_c__pyext
[4.218s] [100%] Built target msgs__rosidl_typesupport_c__pyext
[4.241s] [100%] Built target msgs__rosidl_typesupport_fastrtps_c__pyext
