[0.080s] Invoking command in '/home/ashmitha/ros_ws/build/msgs': CMAKE_PREFIX_PATH=/opt/ros/foxy CONDA_PROMPT_MODIFIER=(base) /home/ashmitha/.local/bin/cmake --build /home/ashmitha/ros_ws/build/msgs -- -j8 -l8
[0.107s] -- Found ament_cmake: 0.9.12 (/opt/ros/foxy/share/ament_cmake/cmake)
[0.108s] [33mCMake Warning (dev) at /opt/ros/foxy/share/ament_cmake_core/cmake/core/python.cmake:22 (find_package):
[0.108s]   Policy CMP0148 is not set: The FindPythonInterp and FindPythonLibs modules
[0.108s]   are removed.  Run "cmake --help-policy CMP0148" for policy details.  Use
[0.108s]   the cmake_policy command to set the policy and suppress this warning.
[0.108s] 
[0.108s] Call Stack (most recent call first):
[0.108s]   /opt/ros/foxy/share/ament_cmake_core/cmake/core/all.cmake:53 (include)
[0.108s]   /opt/ros/foxy/share/ament_cmake_core/cmake/ament_cmake_core-extras.cmake:17 (include)
[0.108s]   /opt/ros/foxy/share/ament_cmake_core/cmake/ament_cmake_coreConfig.cmake:41 (include)
[0.109s]   /opt/ros/foxy/share/ament_cmake/cmake/ament_cmake_export_dependencies-extras.cmake:15 (find_package)
[0.109s]   /opt/ros/foxy/share/ament_cmake/cmake/ament_cmakeConfig.cmake:41 (include)
[0.109s]   CMakeLists.txt:22 (find_package)
[0.109s] This warning is for project developers.  Use -Wno-dev to suppress it.
[0.109s] [0m
[0.129s] -- Found PythonInterp: /home/ashmitha/anaconda3/bin/python3 (found suitable version "3.11.4", minimum required is "3") 
[0.130s] -- Using PYTHON_EXECUTABLE: /home/ashmitha/anaconda3/bin/python3
[0.310s] -- Found ament_lint_auto: 0.9.8 (/opt/ros/foxy/share/ament_lint_auto/cmake)
[0.374s] [31mCMake Error at CMakeLists.txt:41 (rosidl_target_interfaces):
[0.374s]   Unknown CMake command "rosidl_target_interfaces".
[0.374s] 
[0.374s] [0m
[0.374s] -- Configuring incomplete, errors occurred!
[0.375s] make: *** [Makefile:719: cmake_check_build_system] Error 1
[0.449s] Invoked command in '/home/ashmitha/ros_ws/build/msgs' returned '2': CMAKE_PREFIX_PATH=/opt/ros/foxy CONDA_PROMPT_MODIFIER=(base) /home/ashmitha/.local/bin/cmake --build /home/ashmitha/ros_ws/build/msgs -- -j8 -l8
