In file included from [01m[K/home/ashmitha/ros_ws/src/behaviors/include/behaviors/plugins/teleop.hpp:12[m[K,
                 from [01m[K/home/ashmitha/ros_ws/src/behaviors/plugins/teleop.cpp:4[m[K:
/home/ashmitha/ros_ws/src/behaviors/include/behaviors/timed_behavior.hpp: In instantiation of ‘[01m[Kclass nav2_behaviors::TimedBehavior<msgs::action::Teleop>[m[K’:
[01m[K/home/ashmitha/ros_ws/src/behaviors/include/behaviors/plugins/teleop.hpp:22:27:[m[K   required from here
[01m[K/home/ashmitha/ros_ws/src/behaviors/include/behaviors/timed_behavior.hpp:111:16:[m[K [01;31m[Kerror: [m[K‘[01m[Kvoid nav2_behaviors::TimedBehavior<ActionT>::configure(const SharedPtr&, const string&, std::shared_ptr<tf2_ros::Buffer>, std::shared_ptr<nav2_costmap_2d::CostmapTopicCollisionChecker>) [with ActionT = msgs::action::Teleop; rclcpp_lifecycle::LifecycleNode::SharedPtr = std::shared_ptr<rclcpp_lifecycle::LifecycleNode>; std::string = std::__cxx11::basic_string<char>][m[K’ marked ‘[01m[Koverride[m[K’, but does not override
  111 |   virtual void [01;31m[Kconfigure[m[K(
      |                [01;31m[K^~~~~~~~~[m[K
In file included from [01m[K/opt/ros/foxy/include/class_loader/class_loader_core.hpp:57[m[K,
                 from [01m[K/opt/ros/foxy/include/class_loader/class_loader.hpp:55[m[K,
                 from [01m[K/opt/ros/foxy/include/pluginlib/class_list_macros.hpp:40[m[K,
                 from [01m[K/home/ashmitha/ros_ws/src/behaviors/plugins/teleop.cpp:276[m[K:
/opt/ros/foxy/include/class_loader/meta_object.hpp: In instantiation of ‘[01m[KB* class_loader::impl::MetaObject<C, B>::create() const [with C = nav2_behaviors::Teleop; B = nav2_core::Recovery][m[K’:
[01m[K/opt/ros/foxy/include/class_loader/meta_object.hpp:216:7:[m[K   required from here
[01m[K/opt/ros/foxy/include/class_loader/meta_object.hpp:218:12:[m[K [01;31m[Kerror: [m[Kinvalid new-expression of abstract class type ‘[01m[Knav2_behaviors::Teleop[m[K’
  218 |     return [01;31m[Knew C[m[K;
      |            [01;31m[K^~~~~[m[K
In file included from [01m[K/home/ashmitha/ros_ws/src/behaviors/plugins/teleop.cpp:4[m[K:
[01m[K/home/ashmitha/ros_ws/src/behaviors/include/behaviors/plugins/teleop.hpp:22:11:[m[K [01;36m[Knote: [m[K  because the following virtual functions are pure within ‘[01m[Knav2_behaviors::Teleop[m[K’:
   22 |     class [01;36m[KTeleop[m[K : public TimedBehavior<TeleopAction>
      |           [01;36m[K^~~~~~[m[K
In file included from [01m[K/home/ashmitha/ros_ws/src/behaviors/include/behaviors/timed_behavior.hpp:37[m[K,
                 from [01m[K/home/ashmitha/ros_ws/src/behaviors/include/behaviors/plugins/teleop.hpp:12[m[K,
                 from [01m[K/home/ashmitha/ros_ws/src/behaviors/plugins/teleop.cpp:4[m[K:
[01m[K/opt/ros/foxy/include/nav2_core/recovery.hpp:49:16:[m[K [01;36m[Knote: [m[K	‘[01m[Kvirtual void nav2_core::Recovery::configure(rclcpp_lifecycle::LifecycleNode::SharedPtr, const string&, std::shared_ptr<tf2_ros::Buffer>, std::shared_ptr<nav2_costmap_2d::CostmapTopicCollisionChecker>)[m[K’
   49 |   virtual void [01;36m[Kconfigure[m[K(
      |                [01;36m[K^~~~~~~~~[m[K
In file included from [01m[K/home/ashmitha/ros_ws/src/behaviors/include/behaviors/plugins/teleop.hpp:12[m[K,
                 from [01m[K/home/ashmitha/ros_ws/src/behaviors/plugins/teleop.cpp:4[m[K:
/home/ashmitha/ros_ws/src/behaviors/include/behaviors/timed_behavior.hpp: In instantiation of ‘[01m[Kvoid nav2_behaviors::TimedBehavior<ActionT>::configure(const SharedPtr&, const string&, std::shared_ptr<tf2_ros::Buffer>, std::shared_ptr<nav2_costmap_2d::CostmapTopicCollisionChecker>) [with ActionT = msgs::action::Teleop; rclcpp_lifecycle::LifecycleNode::SharedPtr = std::shared_ptr<rclcpp_lifecycle::LifecycleNode>; std::string = std::__cxx11::basic_string<char>][m[K’:
[01m[K/home/ashmitha/ros_ws/src/behaviors/include/behaviors/timed_behavior.hpp:111:16:[m[K   required from here
[01m[K/home/ashmitha/ros_ws/src/behaviors/include/behaviors/timed_behavior.hpp:130:12:[m[K [01;31m[Kerror: [m[Kunused variable ‘[01m[Kaction_server_result_timeout[m[K’ [[01;31m[K-Werror=unused-variable[m[K]
  130 |     double [01;31m[Kaction_server_result_timeout[m[K;
      |            [01;31m[K^~~~~~~~~~~~~~~~~~~~~~~~~~~~[m[K
In file included from [01m[K/usr/include/x86_64-linux-gnu/c++/9/bits/c++allocator.h:33[m[K,
                 from [01m[K/usr/include/c++/9/bits/allocator.h:46[m[K,
                 from [01m[K/usr/include/c++/9/bits/stl_tree.h:64[m[K,
                 from [01m[K/usr/include/c++/9/map:60[m[K,
                 from [01m[K/home/ashmitha/ros_ws/src/behaviors/plugins/teleop.cpp:2[m[K:
/usr/include/c++/9/ext/new_allocator.h: In instantiation of ‘[01m[Kvoid __gnu_cxx::new_allocator<_Tp>::construct(_Up*, _Args&& ...) [with _Up = nav2_util::SimpleActionServer<msgs::action::Teleop, rclcpp::Node>; _Args = {std::shared_ptr<rclcpp_lifecycle::LifecycleNode>&, std::__cxx11::basic_string<char, std::char_traits<char>, std::allocator<char> >&, std::_Bind<void (nav2_behaviors::TimedBehavior<msgs::action::Teleop>::*(nav2_behaviors::TimedBehavior<msgs::action::Teleop>*))()>}; _Tp = nav2_util::SimpleActionServer<msgs::action::Teleop, rclcpp::Node>][m[K’:
[01m[K/usr/include/c++/9/bits/alloc_traits.h:483:4:[m[K   required from ‘[01m[Kstatic void std::allocator_traits<std::allocator<_Tp1> >::construct(std::allocator_traits<std::allocator<_Tp1> >::allocator_type&, _Up*, _Args&& ...) [with _Up = nav2_util::SimpleActionServer<msgs::action::Teleop, rclcpp::Node>; _Args = {std::shared_ptr<rclcpp_lifecycle::LifecycleNode>&, std::__cxx11::basic_string<char, std::char_traits<char>, std::allocator<char> >&, std::_Bind<void (nav2_behaviors::TimedBehavior<msgs::action::Teleop>::*(nav2_behaviors::TimedBehavior<msgs::action::Teleop>*))()>}; _Tp = nav2_util::SimpleActionServer<msgs::action::Teleop, rclcpp::Node>; std::allocator_traits<std::allocator<_Tp1> >::allocator_type = std::allocator<nav2_util::SimpleActionServer<msgs::action::Teleop, rclcpp::Node> >][m[K’
[01m[K/usr/include/c++/9/bits/shared_ptr_base.h:548:39:[m[K   required from ‘[01m[Kstd::_Sp_counted_ptr_inplace<_Tp, _Alloc, _Lp>::_Sp_counted_ptr_inplace(_Alloc, _Args&& ...) [with _Args = {std::shared_ptr<rclcpp_lifecycle::LifecycleNode>&, std::__cxx11::basic_string<char, std::char_traits<char>, std::allocator<char> >&, std::_Bind<void (nav2_behaviors::TimedBehavior<msgs::action::Teleop>::*(nav2_behaviors::TimedBehavior<msgs::action::Teleop>*))()>}; _Tp = nav2_util::SimpleActionServer<msgs::action::Teleop, rclcpp::Node>; _Alloc = std::allocator<nav2_util::SimpleActionServer<msgs::action::Teleop, rclcpp::Node> >; __gnu_cxx::_Lock_policy _Lp = __gnu_cxx::_S_atomic][m[K’
[01m[K/usr/include/c++/9/bits/shared_ptr_base.h:679:16:[m[K   required from ‘[01m[Kstd::__shared_count<_Lp>::__shared_count(_Tp*&, std::_Sp_alloc_shared_tag<_Alloc>, _Args&& ...) [with _Tp = nav2_util::SimpleActionServer<msgs::action::Teleop, rclcpp::Node>; _Alloc = std::allocator<nav2_util::SimpleActionServer<msgs::action::Teleop, rclcpp::Node> >; _Args = {std::shared_ptr<rclcpp_lifecycle::LifecycleNode>&, std::__cxx11::basic_string<char, std::char_traits<char>, std::allocator<char> >&, std::_Bind<void (nav2_behaviors::TimedBehavior<msgs::action::Teleop>::*(nav2_behaviors::TimedBehavior<msgs::action::Teleop>*))()>}; __gnu_cxx::_Lock_policy _Lp = __gnu_cxx::_S_atomic][m[K’
[01m[K/usr/include/c++/9/bits/shared_ptr_base.h:1344:71:[m[K   required from ‘[01m[Kstd::__shared_ptr<_Tp, _Lp>::__shared_ptr(std::_Sp_alloc_shared_tag<_Tp>, _Args&& ...) [with _Alloc = std::allocator<nav2_util::SimpleActionServer<msgs::action::Teleop, rclcpp::Node> >; _Args = {std::shared_ptr<rclcpp_lifecycle::LifecycleNode>&, std::__cxx11::basic_string<char, std::char_traits<char>, std::allocator<char> >&, std::_Bind<void (nav2_behaviors::TimedBehavior<msgs::action::Teleop>::*(nav2_behaviors::TimedBehavior<msgs::action::Teleop>*))()>}; _Tp = nav2_util::SimpleActionServer<msgs::action::Teleop, rclcpp::Node>; __gnu_cxx::_Lock_policy _Lp = __gnu_cxx::_S_atomic][m[K’
[01m[K/usr/include/c++/9/bits/shared_ptr.h:359:59:[m[K   required from ‘[01m[Kstd::shared_ptr<_Tp>::shared_ptr(std::_Sp_alloc_shared_tag<_Tp>, _Args&& ...) [with _Alloc = std::allocator<nav2_util::SimpleActionServer<msgs::action::Teleop, rclcpp::Node> >; _Args = {std::shared_ptr<rclcpp_lifecycle::LifecycleNode>&, std::__cxx11::basic_string<char, std::char_traits<char>, std::allocator<char> >&, std::_Bind<void (nav2_behaviors::TimedBehavior<msgs::action::Teleop>::*(nav2_behaviors::TimedBehavior<msgs::action::Teleop>*))()>}; _Tp = nav2_util::SimpleActionServer<msgs::action::Teleop, rclcpp::Node>][m[K’
[01m[K/usr/include/c++/9/bits/shared_ptr.h:701:14:[m[K   required from ‘[01m[Kstd::shared_ptr<_Tp> std::allocate_shared(const _Alloc&, _Args&& ...) [with _Tp = nav2_util::SimpleActionServer<msgs::action::Teleop, rclcpp::Node>; _Alloc = std::allocator<nav2_util::SimpleActionServer<msgs::action::Teleop, rclcpp::Node> >; _Args = {std::shared_ptr<rclcpp_lifecycle::LifecycleNode>&, std::__cxx11::basic_string<char, std::char_traits<char>, std::allocator<char> >&, std::_Bind<void (nav2_behaviors::TimedBehavior<msgs::action::Teleop>::*(nav2_behaviors::TimedBehavior<msgs::action::Teleop>*))()>}][m[K’
[01m[K/usr/include/c++/9/bits/shared_ptr.h:717:39:[m[K   required from ‘[01m[Kstd::shared_ptr<_Tp> std::make_shared(_Args&& ...) [with _Tp = nav2_util::SimpleActionServer<msgs::action::Teleop, rclcpp::Node>; _Args = {std::shared_ptr<rclcpp_lifecycle::LifecycleNode>&, std::__cxx11::basic_string<char, std::char_traits<char>, std::allocator<char> >&, std::_Bind<void (nav2_behaviors::TimedBehavior<msgs::action::Teleop>::*(nav2_behaviors::TimedBehavior<msgs::action::Teleop>*))()>}][m[K’
[01m[K/home/ashmitha/ros_ws/src/behaviors/include/behaviors/timed_behavior.hpp:132:52:[m[K   required from ‘[01m[Kvoid nav2_behaviors::TimedBehavior<ActionT>::configure(const SharedPtr&, const string&, std::shared_ptr<tf2_ros::Buffer>, std::shared_ptr<nav2_costmap_2d::CostmapTopicCollisionChecker>) [with ActionT = msgs::action::Teleop; rclcpp_lifecycle::LifecycleNode::SharedPtr = std::shared_ptr<rclcpp_lifecycle::LifecycleNode>; std::string = std::__cxx11::basic_string<char>][m[K’
[01m[K/home/ashmitha/ros_ws/src/behaviors/include/behaviors/timed_behavior.hpp:111:16:[m[K   required from here
[01m[K/usr/include/c++/9/ext/new_allocator.h:146:4:[m[K [01;31m[Kerror: [m[Kno matching function for call to ‘[01m[Knav2_util::SimpleActionServer<msgs::action::Teleop, rclcpp::Node>::SimpleActionServer(std::shared_ptr<rclcpp_lifecycle::LifecycleNode>&, std::__cxx11::basic_string<char>&, std::_Bind<void (nav2_behaviors::TimedBehavior<msgs::action::Teleop>::*(nav2_behaviors::TimedBehavior<msgs::action::Teleop>*))()>)[m[K’
  146 |  { [01;31m[K::new((void *)__p) _Up(std::forward<_Args>(__args)...)[m[K; }
      |    [01;31m[K^~~~~~~~~~~~~~~~~~~~~~~~~~~~~~~~~~~~~~~~~~~~~~~~~~~~~~[m[K
In file included from [01m[K/home/ashmitha/ros_ws/src/behaviors/include/behaviors/timed_behavior.hpp:35[m[K,
                 from [01m[K/home/ashmitha/ros_ws/src/behaviors/include/behaviors/plugins/teleop.hpp:12[m[K,
                 from [01m[K/home/ashmitha/ros_ws/src/behaviors/plugins/teleop.cpp:4[m[K:
[01m[K/opt/ros/foxy/include/nav2_util/simple_action_server.hpp:51:12:[m[K [01;36m[Knote: [m[Kcandidate: ‘[01m[Knav2_util::SimpleActionServer<ActionT, nodeT>::SimpleActionServer(rclcpp::node_interfaces::NodeBaseInterface::SharedPtr, rclcpp::node_interfaces::NodeClockInterface::SharedPtr, rclcpp::node_interfaces::NodeLoggingInterface::SharedPtr, rclcpp::node_interfaces::NodeWaitablesInterface::SharedPtr, const string&, nav2_util::SimpleActionServer<ActionT, nodeT>::ExecuteCallback, bool, std::chrono::milliseconds) [with ActionT = msgs::action::Teleop; nodeT = rclcpp::Node; rclcpp::node_interfaces::NodeBaseInterface::SharedPtr = std::shared_ptr<rclcpp::node_interfaces::NodeBaseInterface>; rclcpp::node_interfaces::NodeClockInterface::SharedPtr = std::shared_ptr<rclcpp::node_interfaces::NodeClockInterface>; rclcpp::node_interfaces::NodeLoggingInterface::SharedPtr = std::shared_ptr<rclcpp::node_interfaces::NodeLoggingInterface>; rclcpp::node_interfaces::NodeWaitablesInterface::SharedPtr = std::shared_ptr<rclcpp::node_interfaces::NodeWaitablesInterface>; std::string = std::__cxx11::basic_string<char>; nav2_util::SimpleActionServer<ActionT, nodeT>::ExecuteCallback = std::function<void()>; std::chrono::milliseconds = std::chrono::duration<long int, std::ratio<1, 1000> >][m[K’
   51 |   explicit [01;36m[KSimpleActionServer[m[K(
      |            [01;36m[K^~~~~~~~~~~~~~~~~~[m[K
[01m[K/opt/ros/foxy/include/nav2_util/simple_action_server.hpp:51:12:[m[K [01;36m[Knote: [m[K  candidate expects 8 arguments, 3 provided
[01m[K/opt/ros/foxy/include/nav2_util/simple_action_server.hpp:37:12:[m[K [01;36m[Knote: [m[Kcandidate: ‘[01m[Knav2_util::SimpleActionServer<ActionT, nodeT>::SimpleActionServer(typename nodeT::SharedPtr, const string&, nav2_util::SimpleActionServer<ActionT, nodeT>::ExecuteCallback, bool, std::chrono::milliseconds) [with ActionT = msgs::action::Teleop; nodeT = rclcpp::Node; typename nodeT::SharedPtr = std::shared_ptr<rclcpp::Node>; std::string = std::__cxx11::basic_string<char>; nav2_util::SimpleActionServer<ActionT, nodeT>::ExecuteCallback = std::function<void()>; std::chrono::milliseconds = std::chrono::duration<long int, std::ratio<1, 1000> >][m[K’
   37 |   explicit [01;36m[KSimpleActionServer[m[K(
      |            [01;36m[K^~~~~~~~~~~~~~~~~~[m[K
[01m[K/opt/ros/foxy/include/nav2_util/simple_action_server.hpp:38:31:[m[K [01;36m[Knote: [m[K  no known conversion for argument 1 from ‘[01m[Kshared_ptr<[01;32m[Krclcpp_lifecycle::LifecycleNode[m[K>[m[K’ to ‘[01m[Kshared_ptr<[01;32m[Krclcpp::Node[m[K>[m[K’
   38 |     [01;36m[Ktypename nodeT::SharedPtr node[m[K,
      |     [01;36m[K~~~~~~~~~~~~~~~~~~~~~~~~~~^~~~[m[K
cc1plus: all warnings being treated as errors
make[2]: *** [CMakeFiles/nav2_teleop_behavior.dir/build.make:76: CMakeFiles/nav2_teleop_behavior.dir/plugins/teleop.cpp.o] Error 1
make[1]: *** [CMakeFiles/Makefile2:141: CMakeFiles/nav2_teleop_behavior.dir/all] Error 2
make: *** [Makefile:146: all] Error 2
