[0.043s] Invoking command in '/home/ashmitha/ros_ws/build/msgs': CMAKE_PREFIX_PATH=/opt/ros/foxy CONDA_PROMPT_MODIFIER=(base) /home/ashmitha/.local/bin/cmake --build /home/ashmitha/ros_ws/build/msgs -- -j8 -l8
[0.078s] -- Found ament_cmake: 0.9.12 (/opt/ros/foxy/share/ament_cmake/cmake)
[0.079s] [33mCMake Warning (dev) at /opt/ros/foxy/share/ament_cmake_core/cmake/core/python.cmake:22 (find_package):
[0.079s]   Policy CMP0148 is not set: The FindPythonInterp and FindPythonLibs modules
[0.079s]   are removed.  Run "cmake --help-policy CMP0148" for policy details.  Use
[0.080s]   the cmake_policy command to set the policy and suppress this warning.
[0.080s] 
[0.080s] Call Stack (most recent call first):
[0.080s]   /opt/ros/foxy/share/ament_cmake_core/cmake/core/all.cmake:53 (include)
[0.080s]   /opt/ros/foxy/share/ament_cmake_core/cmake/ament_cmake_core-extras.cmake:17 (include)
[0.080s]   /opt/ros/foxy/share/ament_cmake_core/cmake/ament_cmake_coreConfig.cmake:41 (include)
[0.080s]   /opt/ros/foxy/share/ament_cmake/cmake/ament_cmake_export_dependencies-extras.cmake:15 (find_package)
[0.080s]   /opt/ros/foxy/share/ament_cmake/cmake/ament_cmakeConfig.cmake:41 (include)
[0.080s]   CMakeLists.txt:8 (find_package)
[0.080s] This warning is for project developers.  Use -Wno-dev to suppress it.
[0.080s] [0m
[0.098s] -- Found PythonInterp: /home/ashmitha/anaconda3/bin/python3 (found suitable version "3.11.4", minimum required is "3") 
[0.098s] -- Using PYTHON_EXECUTABLE: /home/ashmitha/anaconda3/bin/python3
[0.283s] -- Found nav2_common: 0.4.7 (/opt/ros/foxy/share/nav2_common/cmake)
[0.283s] -- Found builtin_interfaces: 1.0.0 (/opt/ros/foxy/share/builtin_interfaces/cmake)
[0.301s] -- Using all available rosidl_typesupport_c: rosidl_typesupport_fastrtps_c;rosidl_typesupport_introspection_c
[0.304s] -- Found rosidl_adapter: 1.3.1 (/opt/ros/foxy/share/rosidl_adapter/cmake)
[0.424s] -- Using all available rosidl_typesupport_cpp: rosidl_typesupport_fastrtps_cpp;rosidl_typesupport_introspection_cpp
[0.444s] -- Found action_msgs: 1.0.0 (/opt/ros/foxy/share/action_msgs/cmake)
[0.471s] -- Found nav_msgs: 2.0.5 (/opt/ros/foxy/share/nav_msgs/cmake)
[0.573s] -- Found rclcpp: 2.4.3 (/opt/ros/foxy/share/rclcpp/cmake)
[0.598s] -- Found rmw_implementation_cmake: 1.0.4 (/opt/ros/foxy/share/rmw_implementation_cmake/cmake)
[0.598s] -- Using RMW implementation 'rmw_fastrtps_cpp' as default
[0.691s] -- Found rosidl_default_generators: 1.0.1 (/opt/ros/foxy/share/rosidl_default_generators/cmake)
[0.698s] [33mCMake Warning (dev) at /opt/ros/foxy/share/rosidl_adapter/cmake/rosidl_adapt_interfaces.cmake:40 (find_package):
[0.698s]   Policy CMP0148 is not set: The FindPythonInterp and FindPythonLibs modules
[0.698s]   are removed.  Run "cmake --help-policy CMP0148" for policy details.  Use
[0.699s]   the cmake_policy command to set the policy and suppress this warning.
[0.699s] 
[0.699s] Call Stack (most recent call first):
[0.699s]   /opt/ros/foxy/share/rosidl_cmake/cmake/rosidl_generate_interfaces.cmake:130 (rosidl_adapt_interfaces)
[0.699s]   CMakeLists.txt:22 (rosidl_generate_interfaces)
[0.699s] This warning is for project developers.  Use -Wno-dev to suppress it.
[0.699s] [0m
[0.715s] -- Found PythonInterp: /home/ashmitha/anaconda3/bin/python3 (found version "3.11.4") 
[0.869s] -- Found ament_cmake_ros: 0.9.2 (/opt/ros/foxy/share/ament_cmake_ros/cmake)
[1.028s] -- Using all available rosidl_typesupport_c: rosidl_typesupport_fastrtps_c;rosidl_typesupport_introspection_c
[1.085s] -- Using all available rosidl_typesupport_cpp: rosidl_typesupport_fastrtps_cpp;rosidl_typesupport_introspection_cpp
[1.089s] [33mCMake Warning (dev) at /opt/ros/foxy/share/rosidl_generator_py/cmake/rosidl_generator_py_generate_interfaces.cmake:20 (find_package):
[1.089s]   Policy CMP0148 is not set: The FindPythonInterp and FindPythonLibs modules
[1.089s]   are removed.  Run "cmake --help-policy CMP0148" for policy details.  Use
[1.089s]   the cmake_policy command to set the policy and suppress this warning.
[1.089s] 
[1.089s] Call Stack (most recent call first):
[1.089s]   /opt/ros/foxy/share/ament_cmake_core/cmake/core/ament_execute_extensions.cmake:48 (include)
[1.089s]   /opt/ros/foxy/share/rosidl_cmake/cmake/rosidl_generate_interfaces.cmake:286 (ament_execute_extensions)
[1.089s]   CMakeLists.txt:22 (rosidl_generate_interfaces)
[1.089s] This warning is for project developers.  Use -Wno-dev to suppress it.
[1.089s] [0m
[1.105s] -- Found PythonInterp: /home/ashmitha/anaconda3/bin/python3 (found suitable version "3.11.4", minimum required is "3.5") 
[1.105s] -- Found python_cmake_module: 0.8.1 (/opt/ros/foxy/share/python_cmake_module/cmake)
[1.105s] [33mCMake Warning (dev) at /opt/ros/foxy/share/python_cmake_module/cmake/Modules/FindPythonExtra.cmake:45 (find_package):
[1.106s]   Policy CMP0148 is not set: The FindPythonInterp and FindPythonLibs modules
[1.106s]   are removed.  Run "cmake --help-policy CMP0148" for policy details.  Use
[1.106s]   the cmake_policy command to set the policy and suppress this warning.
[1.106s] 
[1.106s] Call Stack (most recent call first):
[1.106s]   /opt/ros/foxy/share/rosidl_generator_py/cmake/rosidl_generator_py_generate_interfaces.cmake:23 (find_package)
[1.106s]   /opt/ros/foxy/share/ament_cmake_core/cmake/core/ament_execute_extensions.cmake:48 (include)
[1.106s]   /opt/ros/foxy/share/rosidl_cmake/cmake/rosidl_generate_interfaces.cmake:286 (ament_execute_extensions)
[1.106s]   CMakeLists.txt:22 (rosidl_generate_interfaces)
[1.106s] This warning is for project developers.  Use -Wno-dev to suppress it.
[1.106s] [0m
[1.124s] [33mCMake Warning (dev) at /opt/ros/foxy/share/python_cmake_module/cmake/Modules/FindPythonExtra.cmake:133 (find_package):
[1.124s]   Policy CMP0148 is not set: The FindPythonInterp and FindPythonLibs modules
[1.124s]   are removed.  Run "cmake --help-policy CMP0148" for policy details.  Use
[1.124s]   the cmake_policy command to set the policy and suppress this warning.
[1.124s] 
[1.124s] Call Stack (most recent call first):
[1.124s]   /opt/ros/foxy/share/rosidl_generator_py/cmake/rosidl_generator_py_generate_interfaces.cmake:23 (find_package)
[1.124s]   /opt/ros/foxy/share/ament_cmake_core/cmake/core/ament_execute_extensions.cmake:48 (include)
[1.125s]   /opt/ros/foxy/share/rosidl_cmake/cmake/rosidl_generate_interfaces.cmake:286 (ament_execute_extensions)
[1.125s]   CMakeLists.txt:22 (rosidl_generate_interfaces)
[1.125s] This warning is for project developers.  Use -Wno-dev to suppress it.
[1.125s] [0m
[1.125s] -- Using PYTHON_EXECUTABLE: /home/ashmitha/anaconda3/bin/python3
[1.126s] -- Using PYTHON_INCLUDE_DIRS: /home/ashmitha/anaconda3/include/python3.11
[1.126s] -- Using PYTHON_LIBRARIES: /home/ashmitha/anaconda3/lib/libpython3.11.so
[1.223s] -- Using numpy include directory: /home/ashmitha/anaconda3/lib/python3.11/site-packages/numpy/core/include
[1.240s] -- Configuring done (1.2s)
[1.271s] [33mCMake Warning at /opt/ros/foxy/share/rosidl_generator_py/cmake/rosidl_generator_py_generate_interfaces.cmake:235 (add_library):
[1.271s]   Cannot generate a safe runtime search path for target
[1.271s]   msgs__rosidl_typesupport_fastrtps_c__pyext because files in some
[1.271s]   directories may conflict with libraries in implicit directories:
[1.271s] 
[1.272s]     runtime library [libssl.so.1.1] in /usr/lib/x86_64-linux-gnu may be hidden by files in:
[1.272s]       /home/ashmitha/anaconda3/lib
[1.272s]     runtime library [libcrypto.so.1.1] in /usr/lib/x86_64-linux-gnu may be hidden by files in:
[1.272s]       /home/ashmitha/anaconda3/lib
[1.272s] 
[1.272s]   Some of these libraries may not be found correctly.
[1.272s] Call Stack (most recent call first):
[1.272s]   /opt/ros/foxy/share/ament_cmake_core/cmake/core/ament_execute_extensions.cmake:48 (include)
[1.272s]   /opt/ros/foxy/share/rosidl_cmake/cmake/rosidl_generate_interfaces.cmake:286 (ament_execute_extensions)
[1.272s]   CMakeLists.txt:22 (rosidl_generate_interfaces)
[1.272s] 
[1.272s] [0m
[1.281s] -- Generating done (0.0s)
[1.283s] -- Build files have been written to: /home/ashmitha/ros_ws/build/msgs
[1.304s] [  3%] [32mBuilding C object CMakeFiles/msgs_action__rosidl_generator_c.dir/rosidl_generator_c/msgs/action/detail/teleop__functions.c.o[0m
[1.304s] [  6%] Built target msgs_action__cpp
[1.313s] [  9%] [32mBuilding CXX object CMakeFiles/msgs_action__rosidl_typesupport_introspection_cpp.dir/rosidl_typesupport_introspection_cpp/msgs/action/detail/teleop__type_support.cpp.o[0m
[1.315s] [ 12%] [32mBuilding CXX object CMakeFiles/msgs_action__rosidl_typesupport_fastrtps_cpp.dir/rosidl_typesupport_fastrtps_cpp/msgs/action/detail/dds_fastrtps/teleop__type_support.cpp.o[0m
[1.316s] [ 16%] [32mBuilding CXX object CMakeFiles/msgs_action__rosidl_typesupport_cpp.dir/rosidl_typesupport_cpp/msgs/action/teleop__type_support.cpp.o[0m
[1.706s] [ 19%] [32m[1mLinking CXX shared library libmsgs_action__rosidl_typesupport_cpp.so[0m
[1.751s] [ 22%] Built target msgs_action__rosidl_typesupport_cpp
[1.793s] [ 25%] [32m[1mLinking CXX shared library libmsgs_action__rosidl_typesupport_introspection_cpp.so[0m
[1.846s] [ 29%] [32m[1mLinking C shared library libmsgs_action__rosidl_generator_c.so[0m
[1.859s] [ 32%] Built target msgs_action__rosidl_typesupport_introspection_cpp
[1.874s] [ 35%] Built target msgs_action__rosidl_generator_c
[1.882s] [ 38%] [32mBuilding CXX object CMakeFiles/msgs_action__rosidl_typesupport_c.dir/rosidl_typesupport_c/msgs/action/teleop__type_support.cpp.o[0m
[1.883s] [ 41%] [32mBuilding C object CMakeFiles/msgs_action__rosidl_typesupport_introspection_c.dir/rosidl_typesupport_introspection_c/msgs/action/detail/teleop__type_support.c.o[0m
[1.933s] [ 45%] [32m[1mLinking CXX shared library libmsgs_action__rosidl_typesupport_c.so[0m
[1.954s] [ 48%] [32m[1mLinking C shared library libmsgs_action__rosidl_typesupport_introspection_c.so[0m
[1.955s] [ 51%] [32m[1mLinking CXX shared library libmsgs_action__rosidl_typesupport_fastrtps_cpp.so[0m
[1.964s] [ 54%] Built target msgs_action__rosidl_typesupport_c
[1.974s] [ 58%] Built target msgs_action__rosidl_typesupport_introspection_c
[2.022s] [ 61%] Built target msgs_action__rosidl_typesupport_fastrtps_cpp
[2.031s] [ 64%] [32mBuilding CXX object CMakeFiles/msgs_action__rosidl_typesupport_fastrtps_c.dir/rosidl_typesupport_fastrtps_c/msgs/action/detail/teleop__type_support_c.cpp.o[0m
[2.418s] [ 67%] [32m[1mLinking CXX shared library libmsgs_action__rosidl_typesupport_fastrtps_c.so[0m
[2.488s] [ 70%] Built target msgs_action__rosidl_typesupport_fastrtps_c
[2.496s] [ 70%] Built target msgs_action
[2.504s] [ 74%] [34m[1mGenerating Python code for ROS interfaces[0m
[3.001s] [ 74%] Built target msgs_action__py
[3.009s] [ 77%] [32mBuilding C object CMakeFiles/msgs_action__python.dir/rosidl_generator_py/msgs/action/_teleop_s.c.o[0m
[3.249s] [ 80%] [32m[1mLinking C shared library rosidl_generator_py/msgs/libmsgs_action__python.so[0m
[3.277s] [ 80%] Built target msgs_action__python
[3.288s] [ 87%] [32mBuilding C object CMakeFiles/msgs__rosidl_typesupport_c__pyext.dir/rosidl_generator_py/msgs/_msgs_s.ep.rosidl_typesupport_c.c.o[0m
[3.289s] [ 87%] [32mBuilding C object CMakeFiles/msgs__rosidl_typesupport_fastrtps_c__pyext.dir/rosidl_generator_py/msgs/_msgs_s.ep.rosidl_typesupport_fastrtps_c.c.o[0m
[3.289s] [ 90%] [32mBuilding C object CMakeFiles/msgs__rosidl_typesupport_introspection_c__pyext.dir/rosidl_generator_py/msgs/_msgs_s.ep.rosidl_typesupport_introspection_c.c.o[0m
[3.486s] [ 93%] [32m[1mLinking CXX shared library rosidl_generator_py/msgs/msgs_s__rosidl_typesupport_fastrtps_c.cpython-311-x86_64-linux-gnu.so[0m
[3.493s] [ 96%] [32m[1mLinking C shared library rosidl_generator_py/msgs/msgs_s__rosidl_typesupport_c.cpython-311-x86_64-linux-gnu.so[0m
[3.508s] [100%] [32m[1mLinking C shared library rosidl_generator_py/msgs/msgs_s__rosidl_typesupport_introspection_c.cpython-311-x86_64-linux-gnu.so[0m
[3.524s] [100%] Built target msgs__rosidl_typesupport_c__pyext
[3.539s] [100%] Built target msgs__rosidl_typesupport_introspection_c__pyext
[3.562s] [100%] Built target msgs__rosidl_typesupport_fastrtps_c__pyext
[3.571s] Invoked command in '/home/ashmitha/ros_ws/build/msgs' returned '0': CMAKE_PREFIX_PATH=/opt/ros/foxy CONDA_PROMPT_MODIFIER=(base) /home/ashmitha/.local/bin/cmake --build /home/ashmitha/ros_ws/build/msgs -- -j8 -l8
[3.675s] Invoking command in '/home/ashmitha/ros_ws/build/msgs': CMAKE_PREFIX_PATH=/opt/ros/foxy CONDA_PROMPT_MODIFIER=(base) /home/ashmitha/.local/bin/cmake --install /home/ashmitha/ros_ws/build/msgs
[3.710s] -- Install configuration: "Release"
[3.711s] -- Up-to-date: /home/ashmitha/ros_ws/install/msgs/share/ament_index/resource_index/rosidl_interfaces/msgs
[3.711s] -- Up-to-date: /home/ashmitha/ros_ws/install/msgs/include/msgs
[3.711s] -- Up-to-date: /home/ashmitha/ros_ws/install/msgs/include/msgs/msg
[3.711s] -- Up-to-date: /home/ashmitha/ros_ws/install/msgs/include/msgs/msg/rosidl_generator_c__visibility_control.h
[3.711s] -- Up-to-date: /home/ashmitha/ros_ws/install/msgs/include/msgs/action
[3.711s] -- Up-to-date: /home/ashmitha/ros_ws/install/msgs/include/msgs/action/teleop.h
[3.711s] -- Up-to-date: /home/ashmitha/ros_ws/install/msgs/include/msgs/action/detail
[3.711s] -- Up-to-date: /home/ashmitha/ros_ws/install/msgs/include/msgs/action/detail/teleop__functions.c
[3.711s] -- Up-to-date: /home/ashmitha/ros_ws/install/msgs/include/msgs/action/detail/teleop__type_support.h
[3.712s] -- Up-to-date: /home/ashmitha/ros_ws/install/msgs/include/msgs/action/detail/teleop__functions.h
[3.712s] -- Up-to-date: /home/ashmitha/ros_ws/install/msgs/include/msgs/action/detail/teleop__struct.h
[3.712s] -- Up-to-date: /home/ashmitha/ros_ws/install/msgs/share/msgs/environment/library_path.sh
[3.712s] -- Installing: /home/ashmitha/ros_ws/install/msgs/share/msgs/environment/library_path.dsv
[3.712s] -- Installing: /home/ashmitha/ros_ws/install/msgs/lib/libmsgs_action__rosidl_generator_c.so
[3.712s] -- Set runtime path of "/home/ashmitha/ros_ws/install/msgs/lib/libmsgs_action__rosidl_generator_c.so" to ""
[3.712s] -- Up-to-date: /home/ashmitha/ros_ws/install/msgs/include/msgs
[3.712s] -- Up-to-date: /home/ashmitha/ros_ws/install/msgs/include/msgs/msg
[3.713s] -- Up-to-date: /home/ashmitha/ros_ws/install/msgs/include/msgs/msg/rosidl_typesupport_fastrtps_c__visibility_control.h
[3.713s] -- Up-to-date: /home/ashmitha/ros_ws/install/msgs/include/msgs/action
[3.713s] -- Up-to-date: /home/ashmitha/ros_ws/install/msgs/include/msgs/action/detail
[3.713s] -- Up-to-date: /home/ashmitha/ros_ws/install/msgs/include/msgs/action/detail/teleop__rosidl_typesupport_fastrtps_c.h
[3.713s] -- Installing: /home/ashmitha/ros_ws/install/msgs/lib/libmsgs_action__rosidl_typesupport_fastrtps_c.so
[3.713s] -- Set runtime path of "/home/ashmitha/ros_ws/install/msgs/lib/libmsgs_action__rosidl_typesupport_fastrtps_c.so" to ""
[3.713s] -- Up-to-date: /home/ashmitha/ros_ws/install/msgs/include/msgs
[3.713s] -- Up-to-date: /home/ashmitha/ros_ws/install/msgs/include/msgs/msg
[3.714s] -- Up-to-date: /home/ashmitha/ros_ws/install/msgs/include/msgs/msg/rosidl_typesupport_fastrtps_cpp__visibility_control.h
[3.714s] -- Up-to-date: /home/ashmitha/ros_ws/install/msgs/include/msgs/action
[3.714s] -- Up-to-date: /home/ashmitha/ros_ws/install/msgs/include/msgs/action/detail
[3.714s] -- Up-to-date: /home/ashmitha/ros_ws/install/msgs/include/msgs/action/detail/dds_fastrtps
[3.714s] -- Up-to-date: /home/ashmitha/ros_ws/install/msgs/include/msgs/action/detail/teleop__rosidl_typesupport_fastrtps_cpp.hpp
[3.714s] -- Installing: /home/ashmitha/ros_ws/install/msgs/lib/libmsgs_action__rosidl_typesupport_fastrtps_cpp.so
[3.714s] -- Set runtime path of "/home/ashmitha/ros_ws/install/msgs/lib/libmsgs_action__rosidl_typesupport_fastrtps_cpp.so" to ""
[3.714s] -- Up-to-date: /home/ashmitha/ros_ws/install/msgs/include/msgs
[3.714s] -- Up-to-date: /home/ashmitha/ros_ws/install/msgs/include/msgs/msg
[3.715s] -- Up-to-date: /home/ashmitha/ros_ws/install/msgs/include/msgs/msg/rosidl_typesupport_introspection_c__visibility_control.h
[3.715s] -- Up-to-date: /home/ashmitha/ros_ws/install/msgs/include/msgs/action
[3.715s] -- Up-to-date: /home/ashmitha/ros_ws/install/msgs/include/msgs/action/detail
[3.715s] -- Up-to-date: /home/ashmitha/ros_ws/install/msgs/include/msgs/action/detail/teleop__type_support.c
[3.715s] -- Up-to-date: /home/ashmitha/ros_ws/install/msgs/include/msgs/action/detail/teleop__rosidl_typesupport_introspection_c.h
[3.715s] -- Installing: /home/ashmitha/ros_ws/install/msgs/lib/libmsgs_action__rosidl_typesupport_introspection_c.so
[3.715s] -- Set runtime path of "/home/ashmitha/ros_ws/install/msgs/lib/libmsgs_action__rosidl_typesupport_introspection_c.so" to ""
[3.715s] -- Installing: /home/ashmitha/ros_ws/install/msgs/lib/libmsgs_action__rosidl_typesupport_c.so
[3.715s] -- Set runtime path of "/home/ashmitha/ros_ws/install/msgs/lib/libmsgs_action__rosidl_typesupport_c.so" to ""
[3.716s] -- Up-to-date: /home/ashmitha/ros_ws/install/msgs/include/msgs
[3.716s] -- Up-to-date: /home/ashmitha/ros_ws/install/msgs/include/msgs/msg
[3.716s] -- Up-to-date: /home/ashmitha/ros_ws/install/msgs/include/msgs/msg/rosidl_generator_cpp__visibility_control.hpp
[3.716s] -- Up-to-date: /home/ashmitha/ros_ws/install/msgs/include/msgs/action
[3.716s] -- Up-to-date: /home/ashmitha/ros_ws/install/msgs/include/msgs/action/teleop.hpp
[3.716s] -- Up-to-date: /home/ashmitha/ros_ws/install/msgs/include/msgs/action/detail
[3.716s] -- Up-to-date: /home/ashmitha/ros_ws/install/msgs/include/msgs/action/detail/teleop__struct.hpp
[3.716s] -- Up-to-date: /home/ashmitha/ros_ws/install/msgs/include/msgs/action/detail/teleop__type_support.hpp
[3.716s] -- Up-to-date: /home/ashmitha/ros_ws/install/msgs/include/msgs/action/detail/teleop__traits.hpp
[3.717s] -- Up-to-date: /home/ashmitha/ros_ws/install/msgs/include/msgs/action/detail/teleop__builder.hpp
[3.717s] -- Up-to-date: /home/ashmitha/ros_ws/install/msgs/include/msgs
[3.717s] -- Up-to-date: /home/ashmitha/ros_ws/install/msgs/include/msgs/action
[3.717s] -- Up-to-date: /home/ashmitha/ros_ws/install/msgs/include/msgs/action/detail
[3.717s] -- Up-to-date: /home/ashmitha/ros_ws/install/msgs/include/msgs/action/detail/teleop__type_support.cpp
[3.717s] -- Up-to-date: /home/ashmitha/ros_ws/install/msgs/include/msgs/action/detail/teleop__rosidl_typesupport_introspection_cpp.hpp
[3.717s] -- Installing: /home/ashmitha/ros_ws/install/msgs/lib/libmsgs_action__rosidl_typesupport_introspection_cpp.so
[3.717s] -- Set runtime path of "/home/ashmitha/ros_ws/install/msgs/lib/libmsgs_action__rosidl_typesupport_introspection_cpp.so" to ""
[3.717s] -- Installing: /home/ashmitha/ros_ws/install/msgs/lib/libmsgs_action__rosidl_typesupport_cpp.so
[3.717s] -- Set runtime path of "/home/ashmitha/ros_ws/install/msgs/lib/libmsgs_action__rosidl_typesupport_cpp.so" to ""
[3.717s] -- Up-to-date: /home/ashmitha/ros_ws/install/msgs/share/msgs/environment/pythonpath.sh
[3.718s] -- Installing: /home/ashmitha/ros_ws/install/msgs/share/msgs/environment/pythonpath.dsv
[3.718s] -- Installing: /home/ashmitha/ros_ws/install/msgs/lib/python3.11/site-packages/msgs/__init__.py
[3.751s] Compiling '/home/ashmitha/ros_ws/install/msgs/lib/python3.11/site-packages/msgs/__init__.py'...
[3.755s] -- Up-to-date: /home/ashmitha/ros_ws/install/msgs/lib/python3.11/site-packages/msgs/action
[3.755s] -- Installing: /home/ashmitha/ros_ws/install/msgs/lib/python3.11/site-packages/msgs/action/__init__.py
[3.755s] -- Installing: /home/ashmitha/ros_ws/install/msgs/lib/python3.11/site-packages/msgs/action/_teleop.py
[3.756s] -- Installing: /home/ashmitha/ros_ws/install/msgs/lib/python3.11/site-packages/msgs/action/_teleop_s.c
[3.756s] -- Installing: /home/ashmitha/ros_ws/install/msgs/lib/python3.11/site-packages/msgs/msgs_s__rosidl_typesupport_fastrtps_c.cpython-311-x86_64-linux-gnu.so
[3.756s] -- Set runtime path of "/home/ashmitha/ros_ws/install/msgs/lib/python3.11/site-packages/msgs/msgs_s__rosidl_typesupport_fastrtps_c.cpython-311-x86_64-linux-gnu.so" to ""
[3.756s] -- Installing: /home/ashmitha/ros_ws/install/msgs/lib/python3.11/site-packages/msgs/msgs_s__rosidl_typesupport_introspection_c.cpython-311-x86_64-linux-gnu.so
[3.756s] -- Set runtime path of "/home/ashmitha/ros_ws/install/msgs/lib/python3.11/site-packages/msgs/msgs_s__rosidl_typesupport_introspection_c.cpython-311-x86_64-linux-gnu.so" to ""
[3.756s] -- Installing: /home/ashmitha/ros_ws/install/msgs/lib/python3.11/site-packages/msgs/msgs_s__rosidl_typesupport_c.cpython-311-x86_64-linux-gnu.so
[3.757s] -- Set runtime path of "/home/ashmitha/ros_ws/install/msgs/lib/python3.11/site-packages/msgs/msgs_s__rosidl_typesupport_c.cpython-311-x86_64-linux-gnu.so" to ""
[3.757s] -- Installing: /home/ashmitha/ros_ws/install/msgs/lib/libmsgs_action__python.so
[3.757s] -- Set runtime path of "/home/ashmitha/ros_ws/install/msgs/lib/libmsgs_action__python.so" to ""
[3.757s] -- Up-to-date: /home/ashmitha/ros_ws/install/msgs/share/msgs/action/Teleop.idl
[3.757s] -- Up-to-date: /home/ashmitha/ros_ws/install/msgs/share/msgs/action/Teleop.action
[3.757s] -- Up-to-date: /home/ashmitha/ros_ws/install/msgs/share/ament_index/resource_index/package_run_dependencies/msgs
[3.757s] -- Up-to-date: /home/ashmitha/ros_ws/install/msgs/share/ament_index/resource_index/parent_prefix_path/msgs
[3.757s] -- Up-to-date: /home/ashmitha/ros_ws/install/msgs/share/msgs/environment/ament_prefix_path.sh
[3.758s] -- Installing: /home/ashmitha/ros_ws/install/msgs/share/msgs/environment/ament_prefix_path.dsv
[3.758s] -- Up-to-date: /home/ashmitha/ros_ws/install/msgs/share/msgs/environment/path.sh
[3.758s] -- Installing: /home/ashmitha/ros_ws/install/msgs/share/msgs/environment/path.dsv
[3.758s] -- Up-to-date: /home/ashmitha/ros_ws/install/msgs/share/msgs/local_setup.bash
[3.758s] -- Installing: /home/ashmitha/ros_ws/install/msgs/share/msgs/local_setup.sh
[3.758s] -- Up-to-date: /home/ashmitha/ros_ws/install/msgs/share/msgs/local_setup.zsh
[3.758s] -- Installing: /home/ashmitha/ros_ws/install/msgs/share/msgs/local_setup.dsv
[3.758s] -- Installing: /home/ashmitha/ros_ws/install/msgs/share/msgs/package.dsv
[3.758s] -- Up-to-date: /home/ashmitha/ros_ws/install/msgs/share/ament_index/resource_index/packages/msgs
[3.758s] -- Installing: /home/ashmitha/ros_ws/install/msgs/share/msgs/cmake/msgs_action__rosidl_generator_cExport.cmake
[3.758s] -- Installing: /home/ashmitha/ros_ws/install/msgs/share/msgs/cmake/msgs_action__rosidl_generator_cExport-release.cmake
[3.758s] -- Installing: /home/ashmitha/ros_ws/install/msgs/share/msgs/cmake/msgs_action__rosidl_typesupport_introspection_cExport.cmake
[3.758s] -- Installing: /home/ashmitha/ros_ws/install/msgs/share/msgs/cmake/msgs_action__rosidl_typesupport_introspection_cExport-release.cmake
[3.759s] -- Installing: /home/ashmitha/ros_ws/install/msgs/share/msgs/cmake/msgs_action__rosidl_typesupport_cExport.cmake
[3.759s] -- Installing: /home/ashmitha/ros_ws/install/msgs/share/msgs/cmake/msgs_action__rosidl_typesupport_cExport-release.cmake
[3.759s] -- Installing: /home/ashmitha/ros_ws/install/msgs/share/msgs/cmake/msgs_action__rosidl_generator_cppExport.cmake
[3.759s] -- Installing: /home/ashmitha/ros_ws/install/msgs/share/msgs/cmake/msgs_action__rosidl_typesupport_introspection_cppExport.cmake
[3.759s] -- Installing: /home/ashmitha/ros_ws/install/msgs/share/msgs/cmake/msgs_action__rosidl_typesupport_introspection_cppExport-release.cmake
[3.759s] -- Installing: /home/ashmitha/ros_ws/install/msgs/share/msgs/cmake/msgs_action__rosidl_typesupport_cppExport.cmake
[3.759s] -- Installing: /home/ashmitha/ros_ws/install/msgs/share/msgs/cmake/msgs_action__rosidl_typesupport_cppExport-release.cmake
[3.759s] -- Up-to-date: /home/ashmitha/ros_ws/install/msgs/share/msgs/cmake/rosidl_cmake-extras.cmake
[3.759s] -- Up-to-date: /home/ashmitha/ros_ws/install/msgs/share/msgs/cmake/ament_cmake_export_dependencies-extras.cmake
[3.759s] -- Installing: /home/ashmitha/ros_ws/install/msgs/share/msgs/cmake/ament_cmake_export_libraries-extras.cmake
[3.759s] -- Installing: /home/ashmitha/ros_ws/install/msgs/share/msgs/cmake/ament_cmake_export_targets-extras.cmake
[3.759s] -- Up-to-date: /home/ashmitha/ros_ws/install/msgs/share/msgs/cmake/ament_cmake_export_include_directories-extras.cmake
[3.760s] -- Installing: /home/ashmitha/ros_ws/install/msgs/share/msgs/cmake/rosidl_cmake_export_typesupport_libraries-extras.cmake
[3.760s] -- Installing: /home/ashmitha/ros_ws/install/msgs/share/msgs/cmake/rosidl_cmake_export_typesupport_targets-extras.cmake
[3.760s] -- Up-to-date: /home/ashmitha/ros_ws/install/msgs/share/msgs/cmake/msgsConfig.cmake
[3.760s] -- Up-to-date: /home/ashmitha/ros_ws/install/msgs/share/msgs/cmake/msgsConfig-version.cmake
[3.760s] -- Up-to-date: /home/ashmitha/ros_ws/install/msgs/share/msgs/package.xml
[3.766s] Invoked command in '/home/ashmitha/ros_ws/build/msgs' returned '0': CMAKE_PREFIX_PATH=/opt/ros/foxy CONDA_PROMPT_MODIFIER=(base) /home/ashmitha/.local/bin/cmake --install /home/ashmitha/ros_ws/build/msgs
