[0.047s] Invoking command in '/home/ashmitha/ros_ws/build/behaviors': AMENT_PREFIX_PATH=/home/ashmitha/ros_ws/install/msgs:${AMENT_PREFIX_PATH} CMAKE_PREFIX_PATH=/home/ashmitha/ros_ws/install/msgs:/opt/ros/foxy CONDA_PROMPT_MODIFIER=(base) LD_LIBRARY_PATH=/home/ashmitha/ros_ws/install/msgs/lib:${LD_LIBRARY_PATH} PYTHONPATH=/home/ashmitha/ros_ws/install/msgs/lib/python3.11/site-packages:${PYTHONPATH} /home/ashmitha/.local/bin/cmake --build /home/ashmitha/ros_ws/build/behaviors -- -j8 -l8
[0.087s] -- Found ament_cmake: 0.9.12 (/opt/ros/foxy/share/ament_cmake/cmake)
[0.089s] [33mCMake Warning (dev) at /opt/ros/foxy/share/ament_cmake_core/cmake/core/python.cmake:22 (find_package):
[0.089s]   Policy CMP0148 is not set: The FindPythonInterp and FindPythonLibs modules
[0.089s]   are removed.  Run "cmake --help-policy CMP0148" for policy details.  Use
[0.089s]   the cmake_policy command to set the policy and suppress this warning.
[0.089s] 
[0.089s] Call Stack (most recent call first):
[0.090s]   /opt/ros/foxy/share/ament_cmake_core/cmake/core/all.cmake:53 (include)
[0.090s]   /opt/ros/foxy/share/ament_cmake_core/cmake/ament_cmake_core-extras.cmake:17 (include)
[0.090s]   /opt/ros/foxy/share/ament_cmake_core/cmake/ament_cmake_coreConfig.cmake:41 (include)
[0.090s]   /opt/ros/foxy/share/ament_cmake/cmake/ament_cmake_export_dependencies-extras.cmake:15 (find_package)
[0.090s]   /opt/ros/foxy/share/ament_cmake/cmake/ament_cmakeConfig.cmake:41 (include)
[0.090s]   CMakeLists.txt:7 (find_package)
[0.090s] This warning is for project developers.  Use -Wno-dev to suppress it.
[0.090s] [0m
[0.109s] -- Using PYTHON_EXECUTABLE: /home/ashmitha/anaconda3/bin/python3
[0.312s] -- Found nav2_common: 0.4.7 (/opt/ros/foxy/share/nav2_common/cmake)
[0.312s] -- Found rclcpp: 2.4.3 (/opt/ros/foxy/share/rclcpp/cmake)
[0.354s] -- Using all available rosidl_typesupport_c: rosidl_typesupport_fastrtps_c;rosidl_typesupport_introspection_c
[0.357s] -- Found rosidl_adapter: 1.3.1 (/opt/ros/foxy/share/rosidl_adapter/cmake)
[0.520s] -- Using all available rosidl_typesupport_cpp: rosidl_typesupport_fastrtps_cpp;rosidl_typesupport_introspection_cpp
[0.561s] -- Found rmw_implementation_cmake: 1.0.4 (/opt/ros/foxy/share/rmw_implementation_cmake/cmake)
[0.562s] -- Using RMW implementation 'rmw_fastrtps_cpp' as default
[0.679s] -- Found nav2_behavior_tree: 0.4.7 (/opt/ros/foxy/share/nav2_behavior_tree/cmake)
[1.381s] -- Found eigen3_cmake_module: 0.1.1 (/opt/ros/foxy/share/eigen3_cmake_module/cmake)
[1.687s] -- Found nav2_core: 0.4.7 (/opt/ros/foxy/share/nav2_core/cmake)
[2.609s] -- Found msgs: 0.0.0 (/home/ashmitha/ros_ws/install/msgs/share/msgs/cmake)
[10.698s] -- Configuring incomplete, errors occurred!
[10.698s] [31mCMake Error at /opt/ros/foxy/share/rosidl_cmake/cmake/rosidl_target_interfaces.cmake:44 (message):
[10.699s]   rosidl_target_interfaces() the second argument 'nav2_teleop_behavior'
[10.699s]   concatenated with the third argument 'rosidl_typesupport_cpp' using double
[10.699s]   underscores must be a valid target name
[10.699s] Call Stack (most recent call first):
[10.699s]   CMakeLists.txt:100 (rosidl_target_interfaces)
[10.699s] 
[10.699s] [0m
[10.706s] make: *** [Makefile:349: cmake_check_build_system] Error 1
[10.712s] Invoked command in '/home/ashmitha/ros_ws/build/behaviors' returned '2': AMENT_PREFIX_PATH=/home/ashmitha/ros_ws/install/msgs:${AMENT_PREFIX_PATH} CMAKE_PREFIX_PATH=/home/ashmitha/ros_ws/install/msgs:/opt/ros/foxy CONDA_PROMPT_MODIFIER=(base) LD_LIBRARY_PATH=/home/ashmitha/ros_ws/install/msgs/lib:${LD_LIBRARY_PATH} PYTHONPATH=/home/ashmitha/ros_ws/install/msgs/lib/python3.11/site-packages:${PYTHONPATH} /home/ashmitha/.local/bin/cmake --build /home/ashmitha/ros_ws/build/behaviors -- -j8 -l8
