[0.152s] Invoking command in '/home/ashmitha/ros_ws/build/msgs': CMAKE_PREFIX_PATH=/opt/ros/foxy CONDA_PROMPT_MODIFIER=(base) /home/ashmitha/.local/bin/cmake --build /home/ashmitha/ros_ws/build/msgs -- -j8 -l8
[0.199s] -- Found ament_cmake: 0.9.12 (/opt/ros/foxy/share/ament_cmake/cmake)
[0.201s] [33mCMake Warning (dev) at /opt/ros/foxy/share/ament_cmake_core/cmake/core/python.cmake:22 (find_package):
[0.201s]   Policy CMP0148 is not set: The FindPythonInterp and FindPythonLibs modules
[0.202s]   are removed.  Run "cmake --help-policy CMP0148" for policy details.  Use
[0.202s]   the cmake_policy command to set the policy and suppress this warning.
[0.202s] 
[0.202s] Call Stack (most recent call first):
[0.203s]   /opt/ros/foxy/share/ament_cmake_core/cmake/core/all.cmake:53 (include)
[0.203s]   /opt/ros/foxy/share/ament_cmake_core/cmake/ament_cmake_core-extras.cmake:17 (include)
[0.205s]   /opt/ros/foxy/share/ament_cmake_core/cmake/ament_cmake_coreConfig.cmake:41 (include)
[0.205s]   /opt/ros/foxy/share/ament_cmake/cmake/ament_cmake_export_dependencies-extras.cmake:15 (find_package)
[0.206s]   /opt/ros/foxy/share/ament_cmake/cmake/ament_cmakeConfig.cmake:41 (include)
[0.206s]   CMakeLists.txt:8 (find_package)
[0.206s] This warning is for project developers.  Use -Wno-dev to suppress it.
[0.206s] [0m
[0.226s] -- Found PythonInterp: /home/ashmitha/anaconda3/bin/python3 (found suitable version "3.11.4", minimum required is "3") 
[0.226s] -- Using PYTHON_EXECUTABLE: /home/ashmitha/anaconda3/bin/python3
[0.484s] -- Found nav2_common: 0.4.7 (/opt/ros/foxy/share/nav2_common/cmake)
[0.484s] -- Found builtin_interfaces: 1.0.0 (/opt/ros/foxy/share/builtin_interfaces/cmake)
[0.508s] -- Using all available rosidl_typesupport_c: rosidl_typesupport_fastrtps_c;rosidl_typesupport_introspection_c
[0.512s] -- Found rosidl_adapter: 1.3.1 (/opt/ros/foxy/share/rosidl_adapter/cmake)
[0.649s] -- Using all available rosidl_typesupport_cpp: rosidl_typesupport_fastrtps_cpp;rosidl_typesupport_introspection_cpp
[0.669s] -- Found action_msgs: 1.0.0 (/opt/ros/foxy/share/action_msgs/cmake)
[0.697s] -- Found nav_msgs: 2.0.5 (/opt/ros/foxy/share/nav_msgs/cmake)
[0.806s] -- Found rclcpp: 2.4.3 (/opt/ros/foxy/share/rclcpp/cmake)
[0.835s] -- Found rmw_implementation_cmake: 1.0.4 (/opt/ros/foxy/share/rmw_implementation_cmake/cmake)
[0.838s] -- Using RMW implementation 'rmw_fastrtps_cpp' as default
[0.940s] -- Found rosidl_default_generators: 1.0.1 (/opt/ros/foxy/share/rosidl_default_generators/cmake)
[0.949s] [33mCMake Warning (dev) at /opt/ros/foxy/share/rosidl_adapter/cmake/rosidl_adapt_interfaces.cmake:40 (find_package):
[0.949s]   Policy CMP0148 is not set: The FindPythonInterp and FindPythonLibs modules
[0.949s]   are removed.  Run "cmake --help-policy CMP0148" for policy details.  Use
[0.950s]   the cmake_policy command to set the policy and suppress this warning.
[0.950s] 
[0.950s] Call Stack (most recent call first):
[0.950s]   /opt/ros/foxy/share/rosidl_cmake/cmake/rosidl_generate_interfaces.cmake:130 (rosidl_adapt_interfaces)
[0.950s]   CMakeLists.txt:22 (rosidl_generate_interfaces)
[0.950s] This warning is for project developers.  Use -Wno-dev to suppress it.
[0.950s] [0m
[0.966s] -- Found PythonInterp: /home/ashmitha/anaconda3/bin/python3 (found version "3.11.4") 
[1.127s] -- Found ament_cmake_ros: 0.9.2 (/opt/ros/foxy/share/ament_cmake_ros/cmake)
[1.348s] -- Using all available rosidl_typesupport_c: rosidl_typesupport_fastrtps_c;rosidl_typesupport_introspection_c
[1.422s] -- Using all available rosidl_typesupport_cpp: rosidl_typesupport_fastrtps_cpp;rosidl_typesupport_introspection_cpp
[1.426s] [33mCMake Warning (dev) at /opt/ros/foxy/share/rosidl_generator_py/cmake/rosidl_generator_py_generate_interfaces.cmake:20 (find_package):
[1.426s]   Policy CMP0148 is not set: The FindPythonInterp and FindPythonLibs modules
[1.426s]   are removed.  Run "cmake --help-policy CMP0148" for policy details.  Use
[1.426s]   the cmake_policy command to set the policy and suppress this warning.
[1.426s] 
[1.427s] Call Stack (most recent call first):
[1.427s]   /opt/ros/foxy/share/ament_cmake_core/cmake/core/ament_execute_extensions.cmake:48 (include)
[1.427s]   /opt/ros/foxy/share/rosidl_cmake/cmake/rosidl_generate_interfaces.cmake:286 (ament_execute_extensions)
[1.427s]   CMakeLists.txt:22 (rosidl_generate_interfaces)
[1.427s] This warning is for project developers.  Use -Wno-dev to suppress it.
[1.427s] [0m
[1.446s] -- Found PythonInterp: /home/ashmitha/anaconda3/bin/python3 (found suitable version "3.11.4", minimum required is "3.5") 
[1.446s] -- Found python_cmake_module: 0.8.1 (/opt/ros/foxy/share/python_cmake_module/cmake)
[1.446s] [33mCMake Warning (dev) at /opt/ros/foxy/share/python_cmake_module/cmake/Modules/FindPythonExtra.cmake:45 (find_package):
[1.446s]   Policy CMP0148 is not set: The FindPythonInterp and FindPythonLibs modules
[1.446s]   are removed.  Run "cmake --help-policy CMP0148" for policy details.  Use
[1.446s]   the cmake_policy command to set the policy and suppress this warning.
[1.446s] 
[1.447s] Call Stack (most recent call first):
[1.447s]   /opt/ros/foxy/share/rosidl_generator_py/cmake/rosidl_generator_py_generate_interfaces.cmake:23 (find_package)
[1.447s]   /opt/ros/foxy/share/ament_cmake_core/cmake/core/ament_execute_extensions.cmake:48 (include)
[1.447s]   /opt/ros/foxy/share/rosidl_cmake/cmake/rosidl_generate_interfaces.cmake:286 (ament_execute_extensions)
[1.447s]   CMakeLists.txt:22 (rosidl_generate_interfaces)
[1.447s] This warning is for project developers.  Use -Wno-dev to suppress it.
[1.447s] [0m
[1.465s] [33mCMake Warning (dev) at /opt/ros/foxy/share/python_cmake_module/cmake/Modules/FindPythonExtra.cmake:133 (find_package):
[1.465s]   Policy CMP0148 is not set: The FindPythonInterp and FindPythonLibs modules
[1.465s]   are removed.  Run "cmake --help-policy CMP0148" for policy details.  Use
[1.466s]   the cmake_policy command to set the policy and suppress this warning.
[1.466s] 
[1.466s] Call Stack (most recent call first):
[1.466s]   /opt/ros/foxy/share/rosidl_generator_py/cmake/rosidl_generator_py_generate_interfaces.cmake:23 (find_package)
[1.466s]   /opt/ros/foxy/share/ament_cmake_core/cmake/core/ament_execute_extensions.cmake:48 (include)
[1.466s]   /opt/ros/foxy/share/rosidl_cmake/cmake/rosidl_generate_interfaces.cmake:286 (ament_execute_extensions)
[1.466s]   CMakeLists.txt:22 (rosidl_generate_interfaces)
[1.466s] This warning is for project developers.  Use -Wno-dev to suppress it.
[1.466s] [0m
[1.468s] -- Using PYTHON_EXECUTABLE: /home/ashmitha/anaconda3/bin/python3
[1.468s] -- Using PYTHON_INCLUDE_DIRS: /home/ashmitha/anaconda3/include/python3.11
[1.468s] -- Using PYTHON_LIBRARIES: /home/ashmitha/anaconda3/lib/libpython3.11.so
[1.584s] -- Using numpy include directory: /home/ashmitha/anaconda3/lib/python3.11/site-packages/numpy/core/include
[1.603s] -- Configuring done (1.4s)
[1.642s] [33mCMake Warning at /opt/ros/foxy/share/rosidl_generator_py/cmake/rosidl_generator_py_generate_interfaces.cmake:235 (add_library):
[1.642s]   Cannot generate a safe runtime search path for target
[1.642s]   msgs__rosidl_typesupport_fastrtps_c__pyext because files in some
[1.642s]   directories may conflict with libraries in implicit directories:
[1.642s] 
[1.642s]     runtime library [libssl.so.1.1] in /usr/lib/x86_64-linux-gnu may be hidden by files in:
[1.642s]       /home/ashmitha/anaconda3/lib
[1.642s]     runtime library [libcrypto.so.1.1] in /usr/lib/x86_64-linux-gnu may be hidden by files in:
[1.643s]       /home/ashmitha/anaconda3/lib
[1.643s] 
[1.643s]   Some of these libraries may not be found correctly.
[1.643s] Call Stack (most recent call first):
[1.643s]   /opt/ros/foxy/share/ament_cmake_core/cmake/core/ament_execute_extensions.cmake:48 (include)
[1.643s]   /opt/ros/foxy/share/rosidl_cmake/cmake/rosidl_generate_interfaces.cmake:286 (ament_execute_extensions)
[1.643s]   CMakeLists.txt:22 (rosidl_generate_interfaces)
[1.643s] 
[1.643s] [0m
[1.653s] -- Generating done (0.0s)
[1.656s] -- Build files have been written to: /home/ashmitha/ros_ws/build/msgs
[1.679s] [  3%] Built target msgs__cpp
[1.679s] [ 12%] Built target msgs__rosidl_generator_c
[1.692s] [ 22%] Built target msgs__rosidl_typesupport_introspection_c
[1.692s] [ 32%] Built target msgs__rosidl_typesupport_c
[1.694s] [ 48%] Built target msgs__rosidl_typesupport_introspection_cpp
[1.695s] [ 51%] Built target msgs__rosidl_typesupport_cpp
[1.695s] [ 61%] Built target msgs__rosidl_typesupport_fastrtps_cpp
[1.709s] [ 70%] Built target msgs__rosidl_typesupport_fastrtps_c
[1.718s] [ 70%] Built target msgs
[1.728s] [ 74%] [34m[1mGenerating Python code for ROS interfaces[0m
[2.305s] [ 74%] Built target msgs__py
[2.316s] [ 77%] [32mBuilding C object CMakeFiles/msgs__python.dir/rosidl_generator_py/msgs/action/_teleop_s.c.o[0m
[2.554s] [ 80%] [32m[1mLinking C shared library rosidl_generator_py/msgs/libmsgs__python.so[0m
[2.582s] [ 80%] Built target msgs__python
[2.594s] [ 87%] [32mBuilding C object CMakeFiles/msgs__rosidl_typesupport_introspection_c__pyext.dir/rosidl_generator_py/msgs/_msgs_s.ep.rosidl_typesupport_introspection_c.c.o[0m
[2.594s] [ 87%] [32mBuilding C object CMakeFiles/msgs__rosidl_typesupport_c__pyext.dir/rosidl_generator_py/msgs/_msgs_s.ep.rosidl_typesupport_c.c.o[0m
[2.597s] [ 90%] [32mBuilding C object CMakeFiles/msgs__rosidl_typesupport_fastrtps_c__pyext.dir/rosidl_generator_py/msgs/_msgs_s.ep.rosidl_typesupport_fastrtps_c.c.o[0m
[2.800s] [ 93%] [32m[1mLinking CXX shared library rosidl_generator_py/msgs/msgs_s__rosidl_typesupport_fastrtps_c.cpython-311-x86_64-linux-gnu.so[0m
[2.823s] [ 96%] [32m[1mLinking C shared library rosidl_generator_py/msgs/msgs_s__rosidl_typesupport_c.cpython-311-x86_64-linux-gnu.so[0m
[2.852s] [ 96%] Built target msgs__rosidl_typesupport_c__pyext
[2.862s] [ 96%] Built target msgs__rosidl_typesupport_fastrtps_c__pyext
[2.887s] [100%] [32m[1mLinking C shared library rosidl_generator_py/msgs/msgs_s__rosidl_typesupport_introspection_c.cpython-311-x86_64-linux-gnu.so[0m
[2.914s] [100%] Built target msgs__rosidl_typesupport_introspection_c__pyext
[2.922s] Invoked command in '/home/ashmitha/ros_ws/build/msgs' returned '0': CMAKE_PREFIX_PATH=/opt/ros/foxy CONDA_PROMPT_MODIFIER=(base) /home/ashmitha/.local/bin/cmake --build /home/ashmitha/ros_ws/build/msgs -- -j8 -l8
[2.991s] Invoking command in '/home/ashmitha/ros_ws/build/msgs': CMAKE_PREFIX_PATH=/opt/ros/foxy CONDA_PROMPT_MODIFIER=(base) /home/ashmitha/.local/bin/cmake --install /home/ashmitha/ros_ws/build/msgs
[3.018s] -- Install configuration: "Release"
[3.019s] -- Up-to-date: /home/ashmitha/ros_ws/install/msgs/share/ament_index/resource_index/rosidl_interfaces/msgs
[3.019s] -- Up-to-date: /home/ashmitha/ros_ws/install/msgs/include/msgs
[3.019s] -- Up-to-date: /home/ashmitha/ros_ws/install/msgs/include/msgs/msg
[3.019s] -- Up-to-date: /home/ashmitha/ros_ws/install/msgs/include/msgs/msg/rosidl_generator_c__visibility_control.h
[3.019s] -- Up-to-date: /home/ashmitha/ros_ws/install/msgs/include/msgs/action
[3.019s] -- Up-to-date: /home/ashmitha/ros_ws/install/msgs/include/msgs/action/teleop.h
[3.020s] -- Up-to-date: /home/ashmitha/ros_ws/install/msgs/include/msgs/action/detail
[3.020s] -- Up-to-date: /home/ashmitha/ros_ws/install/msgs/include/msgs/action/detail/teleop__functions.c
[3.020s] -- Up-to-date: /home/ashmitha/ros_ws/install/msgs/include/msgs/action/detail/teleop__type_support.h
[3.020s] -- Up-to-date: /home/ashmitha/ros_ws/install/msgs/include/msgs/action/detail/teleop__functions.h
[3.020s] -- Up-to-date: /home/ashmitha/ros_ws/install/msgs/include/msgs/action/detail/teleop__struct.h
[3.020s] -- Up-to-date: /home/ashmitha/ros_ws/install/msgs/share/msgs/environment/library_path.sh
[3.020s] -- Installing: /home/ashmitha/ros_ws/install/msgs/share/msgs/environment/library_path.dsv
[3.020s] -- Up-to-date: /home/ashmitha/ros_ws/install/msgs/lib/libmsgs__rosidl_generator_c.so
[3.020s] -- Up-to-date: /home/ashmitha/ros_ws/install/msgs/include/msgs
[3.020s] -- Up-to-date: /home/ashmitha/ros_ws/install/msgs/include/msgs/msg
[3.020s] -- Up-to-date: /home/ashmitha/ros_ws/install/msgs/include/msgs/msg/rosidl_typesupport_fastrtps_c__visibility_control.h
[3.020s] -- Up-to-date: /home/ashmitha/ros_ws/install/msgs/include/msgs/action
[3.021s] -- Up-to-date: /home/ashmitha/ros_ws/install/msgs/include/msgs/action/detail
[3.021s] -- Up-to-date: /home/ashmitha/ros_ws/install/msgs/include/msgs/action/detail/teleop__rosidl_typesupport_fastrtps_c.h
[3.021s] -- Up-to-date: /home/ashmitha/ros_ws/install/msgs/lib/libmsgs__rosidl_typesupport_fastrtps_c.so
[3.021s] -- Up-to-date: /home/ashmitha/ros_ws/install/msgs/include/msgs
[3.021s] -- Up-to-date: /home/ashmitha/ros_ws/install/msgs/include/msgs/msg
[3.021s] -- Up-to-date: /home/ashmitha/ros_ws/install/msgs/include/msgs/msg/rosidl_typesupport_fastrtps_cpp__visibility_control.h
[3.021s] -- Up-to-date: /home/ashmitha/ros_ws/install/msgs/include/msgs/action
[3.021s] -- Up-to-date: /home/ashmitha/ros_ws/install/msgs/include/msgs/action/detail
[3.021s] -- Up-to-date: /home/ashmitha/ros_ws/install/msgs/include/msgs/action/detail/dds_fastrtps
[3.021s] -- Up-to-date: /home/ashmitha/ros_ws/install/msgs/include/msgs/action/detail/teleop__rosidl_typesupport_fastrtps_cpp.hpp
[3.021s] -- Up-to-date: /home/ashmitha/ros_ws/install/msgs/lib/libmsgs__rosidl_typesupport_fastrtps_cpp.so
[3.021s] -- Up-to-date: /home/ashmitha/ros_ws/install/msgs/include/msgs
[3.021s] -- Up-to-date: /home/ashmitha/ros_ws/install/msgs/include/msgs/msg
[3.022s] -- Up-to-date: /home/ashmitha/ros_ws/install/msgs/include/msgs/msg/rosidl_typesupport_introspection_c__visibility_control.h
[3.022s] -- Up-to-date: /home/ashmitha/ros_ws/install/msgs/include/msgs/action
[3.022s] -- Up-to-date: /home/ashmitha/ros_ws/install/msgs/include/msgs/action/detail
[3.022s] -- Up-to-date: /home/ashmitha/ros_ws/install/msgs/include/msgs/action/detail/teleop__type_support.c
[3.022s] -- Up-to-date: /home/ashmitha/ros_ws/install/msgs/include/msgs/action/detail/teleop__rosidl_typesupport_introspection_c.h
[3.022s] -- Up-to-date: /home/ashmitha/ros_ws/install/msgs/lib/libmsgs__rosidl_typesupport_introspection_c.so
[3.022s] -- Up-to-date: /home/ashmitha/ros_ws/install/msgs/lib/libmsgs__rosidl_typesupport_c.so
[3.022s] -- Up-to-date: /home/ashmitha/ros_ws/install/msgs/include/msgs
[3.022s] -- Up-to-date: /home/ashmitha/ros_ws/install/msgs/include/msgs/msg
[3.022s] -- Up-to-date: /home/ashmitha/ros_ws/install/msgs/include/msgs/msg/rosidl_generator_cpp__visibility_control.hpp
[3.022s] -- Up-to-date: /home/ashmitha/ros_ws/install/msgs/include/msgs/action
[3.022s] -- Up-to-date: /home/ashmitha/ros_ws/install/msgs/include/msgs/action/teleop.hpp
[3.022s] -- Up-to-date: /home/ashmitha/ros_ws/install/msgs/include/msgs/action/detail
[3.022s] -- Up-to-date: /home/ashmitha/ros_ws/install/msgs/include/msgs/action/detail/teleop__struct.hpp
[3.022s] -- Up-to-date: /home/ashmitha/ros_ws/install/msgs/include/msgs/action/detail/teleop__type_support.hpp
[3.022s] -- Up-to-date: /home/ashmitha/ros_ws/install/msgs/include/msgs/action/detail/teleop__traits.hpp
[3.023s] -- Up-to-date: /home/ashmitha/ros_ws/install/msgs/include/msgs/action/detail/teleop__builder.hpp
[3.023s] -- Up-to-date: /home/ashmitha/ros_ws/install/msgs/include/msgs
[3.023s] -- Up-to-date: /home/ashmitha/ros_ws/install/msgs/include/msgs/action
[3.023s] -- Up-to-date: /home/ashmitha/ros_ws/install/msgs/include/msgs/action/detail
[3.023s] -- Up-to-date: /home/ashmitha/ros_ws/install/msgs/include/msgs/action/detail/teleop__type_support.cpp
[3.023s] -- Up-to-date: /home/ashmitha/ros_ws/install/msgs/include/msgs/action/detail/teleop__rosidl_typesupport_introspection_cpp.hpp
[3.023s] -- Up-to-date: /home/ashmitha/ros_ws/install/msgs/lib/libmsgs__rosidl_typesupport_introspection_cpp.so
[3.023s] -- Up-to-date: /home/ashmitha/ros_ws/install/msgs/lib/libmsgs__rosidl_typesupport_cpp.so
[3.023s] -- Up-to-date: /home/ashmitha/ros_ws/install/msgs/share/msgs/environment/pythonpath.sh
[3.023s] -- Installing: /home/ashmitha/ros_ws/install/msgs/share/msgs/environment/pythonpath.dsv
[3.023s] -- Installing: /home/ashmitha/ros_ws/install/msgs/lib/python3.11/site-packages/msgs/__init__.py
[3.055s] Compiling '/home/ashmitha/ros_ws/install/msgs/lib/python3.11/site-packages/msgs/__init__.py'...
[3.061s] -- Up-to-date: /home/ashmitha/ros_ws/install/msgs/lib/python3.11/site-packages/msgs/action
[3.061s] -- Installing: /home/ashmitha/ros_ws/install/msgs/lib/python3.11/site-packages/msgs/action/__init__.py
[3.061s] -- Installing: /home/ashmitha/ros_ws/install/msgs/lib/python3.11/site-packages/msgs/action/_teleop.py
[3.061s] -- Installing: /home/ashmitha/ros_ws/install/msgs/lib/python3.11/site-packages/msgs/action/_teleop_s.c
[3.061s] -- Installing: /home/ashmitha/ros_ws/install/msgs/lib/python3.11/site-packages/msgs/msgs_s__rosidl_typesupport_fastrtps_c.cpython-311-x86_64-linux-gnu.so
[3.062s] -- Set runtime path of "/home/ashmitha/ros_ws/install/msgs/lib/python3.11/site-packages/msgs/msgs_s__rosidl_typesupport_fastrtps_c.cpython-311-x86_64-linux-gnu.so" to ""
[3.062s] -- Installing: /home/ashmitha/ros_ws/install/msgs/lib/python3.11/site-packages/msgs/msgs_s__rosidl_typesupport_introspection_c.cpython-311-x86_64-linux-gnu.so
[3.062s] -- Set runtime path of "/home/ashmitha/ros_ws/install/msgs/lib/python3.11/site-packages/msgs/msgs_s__rosidl_typesupport_introspection_c.cpython-311-x86_64-linux-gnu.so" to ""
[3.062s] -- Installing: /home/ashmitha/ros_ws/install/msgs/lib/python3.11/site-packages/msgs/msgs_s__rosidl_typesupport_c.cpython-311-x86_64-linux-gnu.so
[3.063s] -- Set runtime path of "/home/ashmitha/ros_ws/install/msgs/lib/python3.11/site-packages/msgs/msgs_s__rosidl_typesupport_c.cpython-311-x86_64-linux-gnu.so" to ""
[3.063s] -- Installing: /home/ashmitha/ros_ws/install/msgs/lib/libmsgs__python.so
[3.063s] -- Set runtime path of "/home/ashmitha/ros_ws/install/msgs/lib/libmsgs__python.so" to ""
[3.063s] -- Up-to-date: /home/ashmitha/ros_ws/install/msgs/share/msgs/action/Teleop.idl
[3.064s] -- Up-to-date: /home/ashmitha/ros_ws/install/msgs/share/msgs/action/Teleop.action
[3.064s] -- Up-to-date: /home/ashmitha/ros_ws/install/msgs/share/ament_index/resource_index/package_run_dependencies/msgs
[3.064s] -- Up-to-date: /home/ashmitha/ros_ws/install/msgs/share/ament_index/resource_index/parent_prefix_path/msgs
[3.064s] -- Up-to-date: /home/ashmitha/ros_ws/install/msgs/share/msgs/environment/ament_prefix_path.sh
[3.064s] -- Installing: /home/ashmitha/ros_ws/install/msgs/share/msgs/environment/ament_prefix_path.dsv
[3.064s] -- Up-to-date: /home/ashmitha/ros_ws/install/msgs/share/msgs/environment/path.sh
[3.064s] -- Installing: /home/ashmitha/ros_ws/install/msgs/share/msgs/environment/path.dsv
[3.064s] -- Up-to-date: /home/ashmitha/ros_ws/install/msgs/share/msgs/local_setup.bash
[3.065s] -- Up-to-date: /home/ashmitha/ros_ws/install/msgs/share/msgs/local_setup.sh
[3.065s] -- Up-to-date: /home/ashmitha/ros_ws/install/msgs/share/msgs/local_setup.zsh
[3.065s] -- Installing: /home/ashmitha/ros_ws/install/msgs/share/msgs/local_setup.dsv
[3.065s] -- Installing: /home/ashmitha/ros_ws/install/msgs/share/msgs/package.dsv
[3.065s] -- Up-to-date: /home/ashmitha/ros_ws/install/msgs/share/ament_index/resource_index/packages/msgs
[3.065s] -- Up-to-date: /home/ashmitha/ros_ws/install/msgs/share/msgs/cmake/msgs__rosidl_generator_cExport.cmake
[3.065s] -- Up-to-date: /home/ashmitha/ros_ws/install/msgs/share/msgs/cmake/msgs__rosidl_generator_cExport-release.cmake
[3.065s] -- Up-to-date: /home/ashmitha/ros_ws/install/msgs/share/msgs/cmake/msgs__rosidl_typesupport_introspection_cExport.cmake
[3.066s] -- Up-to-date: /home/ashmitha/ros_ws/install/msgs/share/msgs/cmake/msgs__rosidl_typesupport_introspection_cExport-release.cmake
[3.066s] -- Up-to-date: /home/ashmitha/ros_ws/install/msgs/share/msgs/cmake/msgs__rosidl_typesupport_cExport.cmake
[3.066s] -- Up-to-date: /home/ashmitha/ros_ws/install/msgs/share/msgs/cmake/msgs__rosidl_typesupport_cExport-release.cmake
[3.066s] -- Up-to-date: /home/ashmitha/ros_ws/install/msgs/share/msgs/cmake/msgs__rosidl_generator_cppExport.cmake
[3.066s] -- Up-to-date: /home/ashmitha/ros_ws/install/msgs/share/msgs/cmake/msgs__rosidl_typesupport_introspection_cppExport.cmake
[3.066s] -- Up-to-date: /home/ashmitha/ros_ws/install/msgs/share/msgs/cmake/msgs__rosidl_typesupport_introspection_cppExport-release.cmake
[3.066s] -- Up-to-date: /home/ashmitha/ros_ws/install/msgs/share/msgs/cmake/msgs__rosidl_typesupport_cppExport.cmake
[3.067s] -- Up-to-date: /home/ashmitha/ros_ws/install/msgs/share/msgs/cmake/msgs__rosidl_typesupport_cppExport-release.cmake
[3.067s] -- Up-to-date: /home/ashmitha/ros_ws/install/msgs/share/msgs/cmake/rosidl_cmake-extras.cmake
[3.067s] -- Up-to-date: /home/ashmitha/ros_ws/install/msgs/share/msgs/cmake/ament_cmake_export_dependencies-extras.cmake
[3.067s] -- Installing: /home/ashmitha/ros_ws/install/msgs/share/msgs/cmake/ament_cmake_export_libraries-extras.cmake
[3.067s] -- Installing: /home/ashmitha/ros_ws/install/msgs/share/msgs/cmake/ament_cmake_export_targets-extras.cmake
[3.067s] -- Up-to-date: /home/ashmitha/ros_ws/install/msgs/share/msgs/cmake/ament_cmake_export_include_directories-extras.cmake
[3.067s] -- Installing: /home/ashmitha/ros_ws/install/msgs/share/msgs/cmake/rosidl_cmake_export_typesupport_libraries-extras.cmake
[3.067s] -- Installing: /home/ashmitha/ros_ws/install/msgs/share/msgs/cmake/rosidl_cmake_export_typesupport_targets-extras.cmake
[3.067s] -- Up-to-date: /home/ashmitha/ros_ws/install/msgs/share/msgs/cmake/msgsConfig.cmake
[3.067s] -- Up-to-date: /home/ashmitha/ros_ws/install/msgs/share/msgs/cmake/msgsConfig-version.cmake
[3.067s] -- Installing: /home/ashmitha/ros_ws/install/msgs/share/msgs/package.xml
[3.073s] Invoked command in '/home/ashmitha/ros_ws/build/msgs' returned '0': CMAKE_PREFIX_PATH=/opt/ros/foxy CONDA_PROMPT_MODIFIER=(base) /home/ashmitha/.local/bin/cmake --install /home/ashmitha/ros_ws/build/msgs
