[0.135s] Invoking command in '/home/ashmitha/ros_ws/build/behavior_trees': CMAKE_PREFIX_PATH=/opt/ros/foxy CONDA_PROMPT_MODIFIER=(base) /home/ashmitha/.local/bin/cmake --build /home/ashmitha/ros_ws/build/behavior_trees -- -j8 -l8
[0.165s] Invoked command in '/home/ashmitha/ros_ws/build/behavior_trees' returned '0': CMAKE_PREFIX_PATH=/opt/ros/foxy CONDA_PROMPT_MODIFIER=(base) /home/ashmitha/.local/bin/cmake --build /home/ashmitha/ros_ws/build/behavior_trees -- -j8 -l8
[0.226s] Invoking command in '/home/ashmitha/ros_ws/build/behavior_trees': CMAKE_PREFIX_PATH=/opt/ros/foxy CONDA_PROMPT_MODIFIER=(base) /home/ashmitha/.local/bin/cmake --install /home/ashmitha/ros_ws/build/behavior_trees
[0.245s] -- Install configuration: ""
[0.245s] -- Up-to-date: /home/ashmitha/ros_ws/install/behavior_trees/share/ament_index/resource_index/package_run_dependencies/behavior_trees
[0.246s] -- Up-to-date: /home/ashmitha/ros_ws/install/behavior_trees/share/ament_index/resource_index/parent_prefix_path/behavior_trees
[0.246s] -- Up-to-date: /home/ashmitha/ros_ws/install/behavior_trees/share/behavior_trees/environment/ament_prefix_path.sh
[0.246s] -- Up-to-date: /home/ashmitha/ros_ws/install/behavior_trees/share/behavior_trees/environment/ament_prefix_path.dsv
[0.246s] -- Up-to-date: /home/ashmitha/ros_ws/install/behavior_trees/share/behavior_trees/environment/path.sh
[0.246s] -- Up-to-date: /home/ashmitha/ros_ws/install/behavior_trees/share/behavior_trees/environment/path.dsv
[0.246s] -- Up-to-date: /home/ashmitha/ros_ws/install/behavior_trees/share/behavior_trees/local_setup.bash
[0.246s] -- Up-to-date: /home/ashmitha/ros_ws/install/behavior_trees/share/behavior_trees/local_setup.sh
[0.246s] -- Up-to-date: /home/ashmitha/ros_ws/install/behavior_trees/share/behavior_trees/local_setup.zsh
[0.246s] -- Up-to-date: /home/ashmitha/ros_ws/install/behavior_trees/share/behavior_trees/local_setup.dsv
[0.246s] -- Installing: /home/ashmitha/ros_ws/install/behavior_trees/share/behavior_trees/package.dsv
[0.246s] -- Up-to-date: /home/ashmitha/ros_ws/install/behavior_trees/share/ament_index/resource_index/packages/behavior_trees
[0.246s] -- Up-to-date: /home/ashmitha/ros_ws/install/behavior_trees/share/behavior_trees/cmake/behavior_treesConfig.cmake
[0.246s] -- Up-to-date: /home/ashmitha/ros_ws/install/behavior_trees/share/behavior_trees/cmake/behavior_treesConfig-version.cmake
[0.247s] -- Up-to-date: /home/ashmitha/ros_ws/install/behavior_trees/share/behavior_trees/package.xml
[0.250s] Invoked command in '/home/ashmitha/ros_ws/build/behavior_trees' returned '0': CMAKE_PREFIX_PATH=/opt/ros/foxy CONDA_PROMPT_MODIFIER=(base) /home/ashmitha/.local/bin/cmake --install /home/ashmitha/ros_ws/build/behavior_trees
