[0.034s] Invoking command in '/home/ashmitha/ros_ws/build/msgs': CMAKE_PREFIX_PATH=/opt/ros/foxy CONDA_PROMPT_MODIFIER=(base) /home/ashmitha/.local/bin/cmake --build /home/ashmitha/ros_ws/build/msgs -- -j8 -l8
[0.059s] -- Found ament_cmake: 0.9.12 (/opt/ros/foxy/share/ament_cmake/cmake)
[0.060s] [33mCMake Warning (dev) at /opt/ros/foxy/share/ament_cmake_core/cmake/core/python.cmake:22 (find_package):
[0.060s]   Policy CMP0148 is not set: The FindPythonInterp and FindPythonLibs modules
[0.060s]   are removed.  Run "cmake --help-policy CMP0148" for policy details.  Use
[0.060s]   the cmake_policy command to set the policy and suppress this warning.
[0.060s] 
[0.060s] Call Stack (most recent call first):
[0.060s]   /opt/ros/foxy/share/ament_cmake_core/cmake/core/all.cmake:53 (include)
[0.060s]   /opt/ros/foxy/share/ament_cmake_core/cmake/ament_cmake_core-extras.cmake:17 (include)
[0.060s]   /opt/ros/foxy/share/ament_cmake_core/cmake/ament_cmake_coreConfig.cmake:41 (include)
[0.060s]   /opt/ros/foxy/share/ament_cmake/cmake/ament_cmake_export_dependencies-extras.cmake:15 (find_package)
[0.060s]   /opt/ros/foxy/share/ament_cmake/cmake/ament_cmakeConfig.cmake:41 (include)
[0.060s]   CMakeLists.txt:8 (find_package)
[0.060s] This warning is for project developers.  Use -Wno-dev to suppress it.
[0.060s] [0m
[0.072s] -- Found PythonInterp: /home/ashmitha/anaconda3/bin/python3 (found suitable version "3.11.4", minimum required is "3") 
[0.072s] -- Using PYTHON_EXECUTABLE: /home/ashmitha/anaconda3/bin/python3
[0.222s] -- Found nav2_common: 0.4.7 (/opt/ros/foxy/share/nav2_common/cmake)
[0.222s] -- Found builtin_interfaces: 1.0.0 (/opt/ros/foxy/share/builtin_interfaces/cmake)
[0.237s] -- Using all available rosidl_typesupport_c: rosidl_typesupport_fastrtps_c;rosidl_typesupport_introspection_c
[0.239s] -- Found rosidl_adapter: 1.3.1 (/opt/ros/foxy/share/rosidl_adapter/cmake)
[0.330s] -- Using all available rosidl_typesupport_cpp: rosidl_typesupport_fastrtps_cpp;rosidl_typesupport_introspection_cpp
[0.346s] -- Found rosidl_default_generators: 1.0.1 (/opt/ros/foxy/share/rosidl_default_generators/cmake)
[0.352s] -- Found action_msgs: 1.0.0 (/opt/ros/foxy/share/action_msgs/cmake)
[0.378s] -- Found nav_msgs: 2.0.5 (/opt/ros/foxy/share/nav_msgs/cmake)
[0.469s] [33mCMake Warning (dev) at /opt/ros/foxy/share/rosidl_adapter/cmake/rosidl_adapt_interfaces.cmake:40 (find_package):
[0.469s]   Policy CMP0148 is not set: The FindPythonInterp and FindPythonLibs modules
[0.469s]   are removed.  Run "cmake --help-policy CMP0148" for policy details.  Use
[0.469s]   the cmake_policy command to set the policy and suppress this warning.
[0.469s] 
[0.469s] Call Stack (most recent call first):
[0.469s]   /opt/ros/foxy/share/rosidl_cmake/cmake/rosidl_generate_interfaces.cmake:130 (rosidl_adapt_interfaces)
[0.469s]   CMakeLists.txt:21 (rosidl_generate_interfaces)
[0.469s] This warning is for project developers.  Use -Wno-dev to suppress it.
[0.469s] [0m
[0.482s] -- Found PythonInterp: /home/ashmitha/anaconda3/bin/python3 (found version "3.11.4") 
[0.604s] -- Found ament_cmake_ros: 0.9.2 (/opt/ros/foxy/share/ament_cmake_ros/cmake)
[0.746s] -- Using all available rosidl_typesupport_c: rosidl_typesupport_fastrtps_c;rosidl_typesupport_introspection_c
[0.794s] -- Using all available rosidl_typesupport_cpp: rosidl_typesupport_fastrtps_cpp;rosidl_typesupport_introspection_cpp
[0.798s] [33mCMake Warning (dev) at /opt/ros/foxy/share/rosidl_generator_py/cmake/rosidl_generator_py_generate_interfaces.cmake:20 (find_package):
[0.798s]   Policy CMP0148 is not set: The FindPythonInterp and FindPythonLibs modules
[0.798s]   are removed.  Run "cmake --help-policy CMP0148" for policy details.  Use
[0.798s]   the cmake_policy command to set the policy and suppress this warning.
[0.798s] 
[0.798s] Call Stack (most recent call first):
[0.798s]   /opt/ros/foxy/share/ament_cmake_core/cmake/core/ament_execute_extensions.cmake:48 (include)
[0.798s]   /opt/ros/foxy/share/rosidl_cmake/cmake/rosidl_generate_interfaces.cmake:286 (ament_execute_extensions)
[0.798s]   CMakeLists.txt:21 (rosidl_generate_interfaces)
[0.798s] This warning is for project developers.  Use -Wno-dev to suppress it.
[0.798s] [0m
[0.811s] -- Found PythonInterp: /home/ashmitha/anaconda3/bin/python3 (found suitable version "3.11.4", minimum required is "3.5") 
[0.811s] -- Found python_cmake_module: 0.8.1 (/opt/ros/foxy/share/python_cmake_module/cmake)
[0.812s] [33mCMake Warning (dev) at /opt/ros/foxy/share/python_cmake_module/cmake/Modules/FindPythonExtra.cmake:45 (find_package):
[0.812s]   Policy CMP0148 is not set: The FindPythonInterp and FindPythonLibs modules
[0.812s]   are removed.  Run "cmake --help-policy CMP0148" for policy details.  Use
[0.812s]   the cmake_policy command to set the policy and suppress this warning.
[0.812s] 
[0.812s] Call Stack (most recent call first):
[0.812s]   /opt/ros/foxy/share/rosidl_generator_py/cmake/rosidl_generator_py_generate_interfaces.cmake:23 (find_package)
[0.812s]   /opt/ros/foxy/share/ament_cmake_core/cmake/core/ament_execute_extensions.cmake:48 (include)
[0.812s]   /opt/ros/foxy/share/rosidl_cmake/cmake/rosidl_generate_interfaces.cmake:286 (ament_execute_extensions)
[0.812s]   CMakeLists.txt:21 (rosidl_generate_interfaces)
[0.812s] This warning is for project developers.  Use -Wno-dev to suppress it.
[0.812s] [0m
[0.824s] [33mCMake Warning (dev) at /opt/ros/foxy/share/python_cmake_module/cmake/Modules/FindPythonExtra.cmake:133 (find_package):
[0.824s]   Policy CMP0148 is not set: The FindPythonInterp and FindPythonLibs modules
[0.824s]   are removed.  Run "cmake --help-policy CMP0148" for policy details.  Use
[0.824s]   the cmake_policy command to set the policy and suppress this warning.
[0.824s] 
[0.824s] Call Stack (most recent call first):
[0.824s]   /opt/ros/foxy/share/rosidl_generator_py/cmake/rosidl_generator_py_generate_interfaces.cmake:23 (find_package)
[0.824s]   /opt/ros/foxy/share/ament_cmake_core/cmake/core/ament_execute_extensions.cmake:48 (include)
[0.824s]   /opt/ros/foxy/share/rosidl_cmake/cmake/rosidl_generate_interfaces.cmake:286 (ament_execute_extensions)
[0.824s]   CMakeLists.txt:21 (rosidl_generate_interfaces)
[0.824s] This warning is for project developers.  Use -Wno-dev to suppress it.
[0.824s] [0m
[0.825s] -- Using PYTHON_EXECUTABLE: /home/ashmitha/anaconda3/bin/python3
[0.825s] -- Using PYTHON_INCLUDE_DIRS: /home/ashmitha/anaconda3/include/python3.11
[0.826s] -- Using PYTHON_LIBRARIES: /home/ashmitha/anaconda3/lib/libpython3.11.so
[0.909s] -- Using numpy include directory: /home/ashmitha/anaconda3/lib/python3.11/site-packages/numpy/core/include
[0.917s] [31mCMake Error at /opt/ros/foxy/share/rosidl_cmake/cmake/rosidl_target_interfaces.cmake:52 (target_include_directories):
[0.917s]   target_include_directories called with non-compilable target type
[0.917s] Call Stack (most recent call first):
[0.917s]   CMakeLists.txt:26 (rosidl_target_interfaces)
[0.918s] 
[0.918s] [0m
[0.918s] -- Found ament_lint_auto: 0.9.8 (/opt/ros/foxy/share/ament_lint_auto/cmake)
[0.923s] -- Added test 'copyright' to check source files copyright and LICENSE
[0.924s] -- Added test 'lint_cmake' to check CMake code style
[0.925s] -- Added test 'xmllint' to check XML markup files
[0.926s] -- Configuring incomplete, errors occurred!
[0.931s] make: *** [Makefile:719: cmake_check_build_system] Error 1
[0.935s] Invoked command in '/home/ashmitha/ros_ws/build/msgs' returned '2': CMAKE_PREFIX_PATH=/opt/ros/foxy CONDA_PROMPT_MODIFIER=(base) /home/ashmitha/.local/bin/cmake --build /home/ashmitha/ros_ws/build/msgs -- -j8 -l8
