[0.062s] Invoking command in '/home/ashmitha/ros_ws/build/behaviors': AMENT_PREFIX_PATH=/home/ashmitha/ros_ws/install/msgs:${AMENT_PREFIX_PATH} CMAKE_PREFIX_PATH=/home/ashmitha/ros_ws/install/msgs:/opt/ros/foxy CONDA_PROMPT_MODIFIER=(base) LD_LIBRARY_PATH=/home/ashmitha/ros_ws/install/msgs/lib:${LD_LIBRARY_PATH} PYTHONPATH=/home/ashmitha/ros_ws/install/msgs/lib/python3.11/site-packages:${PYTHONPATH} /home/ashmitha/.local/bin/cmake --build /home/ashmitha/ros_ws/build/behaviors -- -j8 -l8
[0.142s] [ 16%] [32mBuilding CXX object CMakeFiles/nav2_teleop_behavior.dir/plugins/teleop.cpp.o[0m
[0.145s] [ 33%] [32mBuilding CXX object CMakeFiles/behavior_server_core.dir/src/behavior_server.cpp.o[0m
[2.276s] In file included from [01m[K/home/ashmitha/ros_ws/src/behaviors/include/behaviors/plugins/teleop.hpp:12[m[K,
[2.276s]                  from [01m[K/home/ashmitha/ros_ws/src/behaviors/plugins/teleop.cpp:4[m[K:
[2.276s] [01m[K/home/ashmitha/ros_ws/src/behaviors/include/behaviors/timed_behavior.hpp:68:1:[m[K [01;31m[Kerror: [m[Kexpected class-name before ‘[01m[K{[m[K’ token
[2.276s]    68 | [01;31m[K{[m[K
[2.276s]       | [01;31m[K^[m[K
[2.288s] [01m[K/home/ashmitha/ros_ws/src/behaviors/include/behaviors/timed_behavior.hpp:[m[K In constructor ‘[01m[Knav2_behaviors::TimedBehavior<ActionT>::TimedBehavior()[m[K’:
[2.288s] [01m[K/home/ashmitha/ros_ws/src/behaviors/include/behaviors/timed_behavior.hpp:79:3:[m[K [01;31m[Kerror: [m[Kexpected identifier before ‘[01m[K{[m[K’ token
[2.288s]    79 |   [01;31m[K{[m[K
[2.288s]       |   [01;31m[K^[m[K
[2.291s] [01m[K/home/ashmitha/ros_ws/src/behaviors/include/behaviors/timed_behavior.hpp:[m[K In member function ‘[01m[Kvoid nav2_behaviors::TimedBehavior<ActionT>::configure(const SharedPtr&, const string&, std::shared_ptr<tf2_ros::Buffer>, std::shared_ptr<nav2_costmap_2d::CostmapTopicCollisionChecker>)[m[K’:
[2.291s] [01m[K/home/ashmitha/ros_ws/src/behaviors/include/behaviors/timed_behavior.hpp:123:5:[m[K [01;31m[Kerror: [m[K‘[01m[Knode[m[K’ was not declared in this scope; did you mean ‘[01m[Knode_[m[K’?
[2.291s]   123 |     [01;31m[Knode[m[K->get_parameter("cycle_frequency", cycle_frequency_);
[2.291s]       |     [01;31m[K^~~~[m[K
[2.291s]       |     [32m[Knode_[m[K
[2.292s] [01m[K/home/ashmitha/ros_ws/src/behaviors/include/behaviors/timed_behavior.hpp:138:73:[m[K [01;31m[Kerror: [m[Kexpected primary-expression before ‘[01m[K>[m[K’ token
[2.292s]   138 |     vel_pub_ = node->template create_publisher<geometry_msgs::msg::Twist[01;31m[K>[m[K("cmd_vel", 1);
[2.292s]       |                                                                         [01;31m[K^[m[K
[2.295s] In file included from [01m[K/opt/ros/foxy/include/rclcpp/service.hpp:34[m[K,
[2.295s]                  from [01m[K/opt/ros/foxy/include/rclcpp/callback_group.hpp:25[m[K,
[2.295s]                  from [01m[K/opt/ros/foxy/include/rclcpp/any_executable.hpp:20[m[K,
[2.295s]                  from [01m[K/opt/ros/foxy/include/rclcpp/memory_strategy.hpp:24[m[K,
[2.295s]                  from [01m[K/opt/ros/foxy/include/rclcpp/memory_strategies.hpp:18[m[K,
[2.295s]                  from [01m[K/opt/ros/foxy/include/rclcpp/executor_options.hpp:20[m[K,
[2.295s]                  from [01m[K/opt/ros/foxy/include/rclcpp/executor.hpp:33[m[K,
[2.295s]                  from [01m[K/opt/ros/foxy/include/rclcpp/executors/multi_threaded_executor.hpp:26[m[K,
[2.295s]                  from [01m[K/opt/ros/foxy/include/rclcpp/executors.hpp:21[m[K,
[2.295s]                  from [01m[K/opt/ros/foxy/include/rclcpp/rclcpp.hpp:146[m[K,
[2.296s]                  from [01m[K/home/ashmitha/ros_ws/src/behaviors/include/behaviors/timed_behavior.hpp:31[m[K,
[2.296s]                  from [01m[K/home/ashmitha/ros_ws/src/behaviors/include/behaviors/plugins/teleop.hpp:12[m[K,
[2.296s]                  from [01m[K/home/ashmitha/ros_ws/src/behaviors/plugins/teleop.cpp:4[m[K:
[2.296s] [01m[K/home/ashmitha/ros_ws/src/behaviors/include/behaviors/timed_behavior.hpp:[m[K In member function ‘[01m[Kvoid nav2_behaviors::TimedBehavior<ActionT>::execute()[m[K’:
[2.296s] [01m[K/home/ashmitha/ros_ws/src/behaviors/include/behaviors/timed_behavior.hpp:194:9:[m[K [01;31m[Kerror: [m[K‘[01m[Klogger_[m[K’ was not declared in this scope
[2.296s]   194 |         [01;31m[Klogger_[m[K,
[2.296s]       |         [01;31m[K^~~~~~~[m[K
[2.296s] [01m[K/home/ashmitha/ros_ws/src/behaviors/include/behaviors/timed_behavior.hpp:193:7:[m[K [01;31m[Kerror: [m[Ktemplate argument 1 is invalid
[2.296s]   193 |       [01;31m[KRCLCPP_WARN[m[K(
[2.296s]       |       [01;31m[K^~~~~~~~~~~[m[K
[2.296s] [01m[K/home/ashmitha/ros_ws/src/behaviors/include/behaviors/timed_behavior.hpp:193:7:[m[K [01;31m[Kerror: [m[Ktemplate argument 1 is invalid
[2.296s]   193 |       [01;31m[KRCLCPP_WARN[m[K(
[2.297s]       |       [01;31m[K^~~~~~~~~~~[m[K
[2.297s] [01m[K/home/ashmitha/ros_ws/src/behaviors/include/behaviors/timed_behavior.hpp:193:7:[m[K [01;31m[Kerror: [m[Ktemplate argument 1 is invalid
[2.297s]   193 |       [01;31m[KRCLCPP_WARN[m[K(
[2.297s]       |       [01;31m[K^~~~~~~~~~~[m[K
[2.298s] In file included from [01m[K/home/ashmitha/ros_ws/src/behaviors/include/behaviors/plugins/teleop.hpp:12[m[K,
[2.298s]                  from [01m[K/home/ashmitha/ros_ws/src/behaviors/plugins/teleop.cpp:4[m[K:
[2.298s] [01m[K/home/ashmitha/ros_ws/src/behaviors/include/behaviors/timed_behavior.hpp:202:5:[m[K [01;31m[Kerror: [m[K‘[01m[KResultStatus[m[K’ was not declared in this scope
[2.298s]   202 |     [01;31m[KResultStatus[m[K on_run_result = onRun(action_server_->get_current_goal());
[2.298s]       |     [01;31m[K^~~~~~~~~~~~[m[K
[2.302s] [01m[K/home/ashmitha/ros_ws/src/behaviors/include/behaviors/timed_behavior.hpp:203:9:[m[K [01;31m[Kerror: [m[K‘[01m[Kon_run_result[m[K’ was not declared in this scope
[2.302s]   203 |     if ([01;31m[Kon_run_result[m[K != Status::SUCCEEDED) {
[2.302s]       |         [01;31m[K^~~~~~~~~~~~~[m[K
[2.304s] In file included from [01m[K/opt/ros/foxy/include/rclcpp/service.hpp:34[m[K,
[2.305s]                  from [01m[K/opt/ros/foxy/include/rclcpp/callback_group.hpp:25[m[K,
[2.305s]                  from [01m[K/opt/ros/foxy/include/rclcpp/any_executable.hpp:20[m[K,
[2.305s]                  from [01m[K/opt/ros/foxy/include/rclcpp/memory_strategy.hpp:24[m[K,
[2.305s]                  from [01m[K/opt/ros/foxy/include/rclcpp/memory_strategies.hpp:18[m[K,
[2.305s]                  from [01m[K/opt/ros/foxy/include/rclcpp/executor_options.hpp:20[m[K,
[2.305s]                  from [01m[K/opt/ros/foxy/include/rclcpp/executor.hpp:33[m[K,
[2.305s]                  from [01m[K/opt/ros/foxy/include/rclcpp/executors/multi_threaded_executor.hpp:26[m[K,
[2.305s]                  from [01m[K/opt/ros/foxy/include/rclcpp/executors.hpp:21[m[K,
[2.306s]                  from [01m[K/opt/ros/foxy/include/rclcpp/rclcpp.hpp:146[m[K,
[2.306s]                  from [01m[K/home/ashmitha/ros_ws/src/behaviors/include/behaviors/timed_behavior.hpp:31[m[K,
[2.306s]                  from [01m[K/home/ashmitha/ros_ws/src/behaviors/include/behaviors/plugins/teleop.hpp:12[m[K,
[2.306s]                  from [01m[K/home/ashmitha/ros_ws/src/behaviors/plugins/teleop.cpp:4[m[K:
[2.306s] [01m[K/home/ashmitha/ros_ws/src/behaviors/include/behaviors/timed_behavior.hpp:205:9:[m[K [01;31m[Kerror: [m[K‘[01m[Klogger_[m[K’ was not declared in this scope
[2.306s]   205 |         [01;31m[Klogger_[m[K,
[2.306s]       |         [01;31m[K^~~~~~~[m[K
[2.306s] [01m[K/home/ashmitha/ros_ws/src/behaviors/include/behaviors/timed_behavior.hpp:204:7:[m[K [01;31m[Kerror: [m[Ktemplate argument 1 is invalid
[2.306s]   204 |       [01;31m[KRCLCPP_INFO[m[K(
[2.306s]       |       [01;31m[K^~~~~~~~~~~[m[K
[2.306s] [01m[K/home/ashmitha/ros_ws/src/behaviors/include/behaviors/timed_behavior.hpp:204:7:[m[K [01;31m[Kerror: [m[Ktemplate argument 1 is invalid
[2.307s]   204 |       [01;31m[KRCLCPP_INFO[m[K(
[2.307s]       |       [01;31m[K^~~~~~~~~~~[m[K
[2.307s] [01m[K/home/ashmitha/ros_ws/src/behaviors/include/behaviors/timed_behavior.hpp:204:7:[m[K [01;31m[Kerror: [m[Ktemplate argument 1 is invalid
[2.307s]   204 |       [01;31m[KRCLCPP_INFO[m[K(
[2.307s]       |       [01;31m[K^~~~~~~~~~~[m[K
[2.310s] In file included from [01m[K/opt/ros/foxy/include/rclcpp/client.hpp:40[m[K,
[2.310s]                  from [01m[K/opt/ros/foxy/include/rclcpp/callback_group.hpp:23[m[K,
[2.310s]                  from [01m[K/opt/ros/foxy/include/rclcpp/any_executable.hpp:20[m[K,
[2.310s]                  from [01m[K/opt/ros/foxy/include/rclcpp/memory_strategy.hpp:24[m[K,
[2.310s]                  from [01m[K/opt/ros/foxy/include/rclcpp/memory_strategies.hpp:18[m[K,
[2.310s]                  from [01m[K/opt/ros/foxy/include/rclcpp/executor_options.hpp:20[m[K,
[2.310s]                  from [01m[K/opt/ros/foxy/include/rclcpp/executor.hpp:33[m[K,
[2.310s]                  from [01m[K/opt/ros/foxy/include/rclcpp/executors/multi_threaded_executor.hpp:26[m[K,
[2.310s]                  from [01m[K/opt/ros/foxy/include/rclcpp/executors.hpp:21[m[K,
[2.311s]                  from [01m[K/opt/ros/foxy/include/rclcpp/rclcpp.hpp:146[m[K,
[2.311s]                  from [01m[K/home/ashmitha/ros_ws/src/behaviors/include/behaviors/timed_behavior.hpp:31[m[K,
[2.311s]                  from [01m[K/home/ashmitha/ros_ws/src/behaviors/include/behaviors/plugins/teleop.hpp:12[m[K,
[2.311s]                  from [01m[K/home/ashmitha/ros_ws/src/behaviors/plugins/teleop.cpp:4[m[K:
[2.311s] [01m[K/home/ashmitha/ros_ws/src/behaviors/include/behaviors/timed_behavior.hpp:[m[K In lambda function:
[2.311s] [01m[K/home/ashmitha/ros_ws/src/behaviors/include/behaviors/timed_behavior.hpp:213:64:[m[K [01;31m[Kerror: [m[K‘[01m[Krecovery_name_[m[K’ was not declared in this scope
[2.311s]   213 |       [&]() {RCLCPP_INFO(node_->get_logger(), "%s running...", [01;31m[Krecovery_name_[m[K.c_str());});
[2.311s]       |                                                                [01;31m[K^~~~~~~~~~~~~~[m[K
[2.311s] In file included from [01m[K/home/ashmitha/ros_ws/src/behaviors/include/behaviors/plugins/teleop.hpp:12[m[K,
[2.311s]                  from [01m[K/home/ashmitha/ros_ws/src/behaviors/plugins/teleop.cpp:4[m[K:
[2.311s] [01m[K/home/ashmitha/ros_ws/src/behaviors/include/behaviors/timed_behavior.hpp:[m[K In member function ‘[01m[Kvoid nav2_behaviors::TimedBehavior<ActionT>::execute()[m[K’:
[2.311s] [01m[K/home/ashmitha/ros_ws/src/behaviors/include/behaviors/timed_behavior.hpp:216:10:[m[K [01;31m[Kerror: [m[Kredeclaration of ‘[01m[Kauto result[m[K’
[2.311s]   216 |     auto [01;31m[Kresult[m[K = std::make_shared<typename ActionT::Result>();
[2.312s]       |          [01;31m[K^~~~~~[m[K
[2.312s] [01m[K/home/ashmitha/ros_ws/src/behaviors/include/behaviors/timed_behavior.hpp:200:10:[m[K [01;36m[Knote: [m[K‘[01m[Kauto result[m[K’ previously declared here
[2.312s]   200 |     auto [01;36m[Kresult[m[K = std::make_shared<typename ActionT::Result>();
[2.312s]       |          [01;36m[K^~~~~~[m[K
[2.314s] [01m[K/home/ashmitha/ros_ws/src/behaviors/include/behaviors/timed_behavior.hpp:220:7:[m[K [01;31m[Kerror: [m[K‘[01m[Kelasped_time_[m[K’ was not declared in this scope
[2.314s]   220 |       [01;31m[Kelasped_time_[m[K = steady_clock_.now() - start_time;
[2.314s]       |       [01;31m[K^~~~~~~~~~~~~[m[K
[2.317s] In file included from [01m[K/opt/ros/foxy/include/rclcpp/service.hpp:34[m[K,
[2.317s]                  from [01m[K/opt/ros/foxy/include/rclcpp/callback_group.hpp:25[m[K,
[2.318s]                  from [01m[K/opt/ros/foxy/include/rclcpp/any_executable.hpp:20[m[K,
[2.318s]                  from [01m[K/opt/ros/foxy/include/rclcpp/memory_strategy.hpp:24[m[K,
[2.318s]                  from [01m[K/opt/ros/foxy/include/rclcpp/memory_strategies.hpp:18[m[K,
[2.318s]                  from [01m[K/opt/ros/foxy/include/rclcpp/executor_options.hpp:20[m[K,
[2.318s]                  from [01m[K/opt/ros/foxy/include/rclcpp/executor.hpp:33[m[K,
[2.318s]                  from [01m[K/opt/ros/foxy/include/rclcpp/executors/multi_threaded_executor.hpp:26[m[K,
[2.318s]                  from [01m[K/opt/ros/foxy/include/rclcpp/executors.hpp:21[m[K,
[2.318s]                  from [01m[K/opt/ros/foxy/include/rclcpp/rclcpp.hpp:146[m[K,
[2.318s]                  from [01m[K/home/ashmitha/ros_ws/src/behaviors/include/behaviors/timed_behavior.hpp:31[m[K,
[2.318s]                  from [01m[K/home/ashmitha/ros_ws/src/behaviors/include/behaviors/plugins/teleop.hpp:12[m[K,
[2.318s]                  from [01m[K/home/ashmitha/ros_ws/src/behaviors/plugins/teleop.cpp:4[m[K:
[2.319s] [01m[K/home/ashmitha/ros_ws/src/behaviors/include/behaviors/timed_behavior.hpp:232:11:[m[K [01;31m[Kerror: [m[K‘[01m[Klogger_[m[K’ was not declared in this scope
[2.319s]   232 |           [01;31m[Klogger_[m[K, "Received a preemption request for %s,"
[2.319s]       |           [01;31m[K^~~~~~~[m[K
[2.319s] [01m[K/home/ashmitha/ros_ws/src/behaviors/include/behaviors/timed_behavior.hpp:231:9:[m[K [01;31m[Kerror: [m[Ktemplate argument 1 is invalid
[2.319s]   231 |         [01;31m[KRCLCPP_ERROR[m[K(
[2.319s]       |         [01;31m[K^~~~~~~~~~~~[m[K
[2.319s] [01m[K/home/ashmitha/ros_ws/src/behaviors/include/behaviors/timed_behavior.hpp:231:9:[m[K [01;31m[Kerror: [m[Ktemplate argument 1 is invalid
[2.319s]   231 |         [01;31m[KRCLCPP_ERROR[m[K(
[2.319s]       |         [01;31m[K^~~~~~~~~~~~[m[K
[2.319s] [01m[K/home/ashmitha/ros_ws/src/behaviors/include/behaviors/timed_behavior.hpp:231:9:[m[K [01;31m[Kerror: [m[Ktemplate argument 1 is invalid
[2.319s]   231 |         [01;31m[KRCLCPP_ERROR[m[K(
[2.319s]       |         [01;31m[K^~~~~~~~~~~~[m[K
[2.565s] In file included from [01m[K/home/ashmitha/ros_ws/src/behaviors/include/behaviors/plugins/teleop.hpp:12[m[K,
[2.566s]                  from [01m[K/home/ashmitha/ros_ws/src/behaviors/plugins/teleop.cpp:4[m[K:
[2.566s] /home/ashmitha/ros_ws/src/behaviors/include/behaviors/timed_behavior.hpp: In instantiation of ‘[01m[Kclass nav2_behaviors::TimedBehavior<msgs::action::Teleop>[m[K’:
[2.566s] [01m[K/home/ashmitha/ros_ws/src/behaviors/include/behaviors/plugins/teleop.hpp:22:27:[m[K   required from here
[2.566s] [01m[K/home/ashmitha/ros_ws/src/behaviors/include/behaviors/timed_behavior.hpp:111:8:[m[K [01;31m[Kerror: [m[K‘[01m[Kvoid nav2_behaviors::TimedBehavior<ActionT>::configure(const SharedPtr&, const string&, std::shared_ptr<tf2_ros::Buffer>, std::shared_ptr<nav2_costmap_2d::CostmapTopicCollisionChecker>) [with ActionT = msgs::action::Teleop; rclcpp_lifecycle::LifecycleNode::SharedPtr = std::shared_ptr<rclcpp_lifecycle::LifecycleNode>; std::string = std::__cxx11::basic_string<char>][m[K’ marked ‘[01m[Koverride[m[K’, but does not override
[2.566s]   111 |   void [01;31m[Kconfigure[m[K(
[2.566s]       |        [01;31m[K^~~~~~~~~[m[K
[2.566s] [01m[K/home/ashmitha/ros_ws/src/behaviors/include/behaviors/timed_behavior.hpp:144:8:[m[K [01;31m[Kerror: [m[K‘[01m[Kvoid nav2_behaviors::TimedBehavior<ActionT>::cleanup() [with ActionT = msgs::action::Teleop][m[K’ marked ‘[01m[Koverride[m[K’, but does not override
[2.566s]   144 |   void [01;31m[Kcleanup[m[K() override
[2.566s]       |        [01;31m[K^~~~~~~[m[K
[2.566s] [01m[K/home/ashmitha/ros_ws/src/behaviors/include/behaviors/timed_behavior.hpp:152:8:[m[K [01;31m[Kerror: [m[K‘[01m[Kvoid nav2_behaviors::TimedBehavior<ActionT>::activate() [with ActionT = msgs::action::Teleop][m[K’ marked ‘[01m[Koverride[m[K’, but does not override
[2.566s]   152 |   void [01;31m[Kactivate[m[K() override
[2.566s]       |        [01;31m[K^~~~~~~~[m[K
[2.566s] [01m[K/home/ashmitha/ros_ws/src/behaviors/include/behaviors/timed_behavior.hpp:161:8:[m[K [01;31m[Kerror: [m[K‘[01m[Kvoid nav2_behaviors::TimedBehavior<ActionT>::deactivate() [with ActionT = msgs::action::Teleop][m[K’ marked ‘[01m[Koverride[m[K’, but does not override
[2.566s]   161 |   void [01;31m[Kdeactivate[m[K() override
[2.567s]       |        [01;31m[K^~~~~~~~~~[m[K
[2.612s] [01m[K/home/ashmitha/ros_ws/src/behaviors/plugins/teleop.cpp:[m[K In member function ‘[01m[Kvirtual void nav2_behaviors::Teleop::onConfigure()[m[K’:
[2.612s] [01m[K/home/ashmitha/ros_ws/src/behaviors/plugins/teleop.cpp:118:27:[m[K [01;31m[Kerror: [m[K‘[01m[Kusing SharedPtr = class std::shared_ptr<rclcpp_lifecycle::LifecycleNode>[m[K’ {aka ‘[01m[Kclass std::shared_ptr<rclcpp_lifecycle::LifecycleNode>[m[K’} has no member named ‘[01m[Klock[m[K’
[2.613s]   118 |         auto node = node_.[01;31m[Klock[m[K();
[2.613s]       |                           [01;31m[K^~~~[m[K
[2.615s] [01m[K/home/ashmitha/ros_ws/src/behaviors/plugins/teleop.cpp:146:68:[m[K [01;31m[Kerror: [m[Kexpected primary-expression before ‘[01m[K>[m[K’ token
[2.616s]   146 |         vel_pub_ = node->create_publisher<geometry_msgs::msg::Twist[01;31m[K>[m[K(
[2.616s]       |                                                                    [01;31m[K^[m[K
[2.616s] [01m[K/home/ashmitha/ros_ws/src/behaviors/plugins/teleop.cpp:147:13:[m[K [01;31m[Kerror: [m[Kleft operand of comma operator has no effect [[01;31m[K-Werror=unused-value[m[K]
[2.616s]   147 |             [01;31m[Kcmd_vel_teleop[m[K, rclcpp::SystemDefaultsQoS()
[2.616s]       |             [01;31m[K^~~~~~~~~~~~~~[m[K
[2.616s] [01m[K/home/ashmitha/ros_ws/src/behaviors/plugins/teleop.cpp:150:77:[m[K [01;31m[Kerror: [m[Kexpected primary-expression before ‘[01m[K>[m[K’ token
[2.616s]   150 |         preempt_teleop_sub_ = node->create_subscription<std_msgs::msg::Empty[01;31m[K>[m[K(
[2.616s]       |                                                                             [01;31m[K^[m[K
[2.618s] [01m[K/home/ashmitha/ros_ws/src/behaviors/plugins/teleop.cpp:151:13:[m[K [01;31m[Kerror: [m[Kleft operand of comma operator has no effect [[01;31m[K-Werror=unused-value[m[K]
[2.618s]   151 |             [01;31m[K"preempt_teleop"[m[K, rclcpp::SystemDefaultsQoS(),
[2.618s]       |             [01;31m[K^~~~~~~~~~~~~~~~[m[K
[2.635s] [01m[K/home/ashmitha/ros_ws/src/behaviors/plugins/teleop.cpp:[m[K In member function ‘[01m[Kvirtual nav2_behaviors::Status nav2_behaviors::Teleop::onCycleUpdate()[m[K’:
[2.635s] [01m[K/home/ashmitha/ros_ws/src/behaviors/plugins/teleop.cpp:169:32:[m[K [01;31m[Kerror: [m[K‘[01m[Kelasped_time_[m[K’ was not declared in this scope; did you mean ‘[01m[Kend_time_[m[K’?
[2.635s]   169 |         feedback_->time_left = [01;31m[Kelasped_time_[m[K;
[2.635s]       |                                [01;31m[K^~~~~~~~~~~~~[m[K
[2.635s]       |                                [32m[Kend_time_[m[K
[2.684s] In file included from [01m[K/opt/ros/foxy/include/rclcpp/service.hpp:34[m[K,
[2.684s]                  from [01m[K/opt/ros/foxy/include/rclcpp/callback_group.hpp:25[m[K,
[2.684s]                  from [01m[K/opt/ros/foxy/include/rclcpp/any_executable.hpp:20[m[K,
[2.684s]                  from [01m[K/opt/ros/foxy/include/rclcpp/memory_strategy.hpp:24[m[K,
[2.684s]                  from [01m[K/opt/ros/foxy/include/rclcpp/memory_strategies.hpp:18[m[K,
[2.684s]                  from [01m[K/opt/ros/foxy/include/rclcpp/executor_options.hpp:20[m[K,
[2.684s]                  from [01m[K/opt/ros/foxy/include/rclcpp/executor.hpp:33[m[K,
[2.684s]                  from [01m[K/opt/ros/foxy/include/rclcpp/executors/multi_threaded_executor.hpp:26[m[K,
[2.685s]                  from [01m[K/opt/ros/foxy/include/rclcpp/executors.hpp:21[m[K,
[2.685s]                  from [01m[K/opt/ros/foxy/include/rclcpp/rclcpp.hpp:146[m[K,
[2.685s]                  from [01m[K/home/ashmitha/ros_ws/src/behaviors/include/behaviors/timed_behavior.hpp:31[m[K,
[2.685s]                  from [01m[K/home/ashmitha/ros_ws/src/behaviors/include/behaviors/plugins/teleop.hpp:12[m[K,
[2.685s]                  from [01m[K/home/ashmitha/ros_ws/src/behaviors/plugins/teleop.cpp:4[m[K:
[2.685s] [01m[K/home/ashmitha/ros_ws/src/behaviors/plugins/teleop.cpp:244:13:[m[K [01;31m[Kerror: [m[K‘[01m[Klogger_[m[K’ was not declared in this scope
[2.685s]   244 |             [01;31m[Klogger_[m[K,
[2.685s]       |             [01;31m[K^~~~~~~[m[K
[2.685s] [01m[K/home/ashmitha/ros_ws/src/behaviors/plugins/teleop.cpp:243:13:[m[K [01;31m[Kerror: [m[Ktemplate argument 1 is invalid
[2.685s]   243 |             [01;31m[KRCLCPP_WARN_STREAM[m[K(
[2.685s]       |             [01;31m[K^~~~~~~~~~~~~~~~~~[m[K
[2.685s] [01m[K/home/ashmitha/ros_ws/src/behaviors/plugins/teleop.cpp:243:13:[m[K [01;31m[Kerror: [m[Ktemplate argument 1 is invalid
[2.686s]   243 |             [01;31m[KRCLCPP_WARN_STREAM[m[K(
[2.686s]       |             [01;31m[K^~~~~~~~~~~~~~~~~~[m[K
[2.686s] [01m[K/home/ashmitha/ros_ws/src/behaviors/plugins/teleop.cpp:243:13:[m[K [01;31m[Kerror: [m[Ktemplate argument 1 is invalid
[2.686s]   243 |             [01;31m[KRCLCPP_WARN_STREAM[m[K(
[2.686s]       |             [01;31m[K^~~~~~~~~~~~~~~~~~[m[K
[2.689s] [01m[K/home/ashmitha/ros_ws/src/behaviors/plugins/teleop.cpp:258:33:[m[K [01;31m[Kerror: [m[K‘[01m[Klocal_frame_[m[K’ was not declared in this scope; did you mean ‘[01m[Kglobal_frame_[m[K’?
[2.689s]   258 |             current_pose, *tf_, [01;31m[Klocal_frame_[m[K, robot_base_frame_,
[2.689s]       |                                 [01;31m[K^~~~~~~~~~~~[m[K
[2.689s]       |                                 [32m[Kglobal_frame_[m[K
[2.693s] In file included from [01m[K/opt/ros/foxy/include/rclcpp/service.hpp:34[m[K,
[2.693s]                  from [01m[K/opt/ros/foxy/include/rclcpp/callback_group.hpp:25[m[K,
[2.693s]                  from [01m[K/opt/ros/foxy/include/rclcpp/any_executable.hpp:20[m[K,
[2.693s]                  from [01m[K/opt/ros/foxy/include/rclcpp/memory_strategy.hpp:24[m[K,
[2.693s]                  from [01m[K/opt/ros/foxy/include/rclcpp/memory_strategies.hpp:18[m[K,
[2.693s]                  from [01m[K/opt/ros/foxy/include/rclcpp/executor_options.hpp:20[m[K,
[2.693s]                  from [01m[K/opt/ros/foxy/include/rclcpp/executor.hpp:33[m[K,
[2.693s]                  from [01m[K/opt/ros/foxy/include/rclcpp/executors/multi_threaded_executor.hpp:26[m[K,
[2.693s]                  from [01m[K/opt/ros/foxy/include/rclcpp/executors.hpp:21[m[K,
[2.694s]                  from [01m[K/opt/ros/foxy/include/rclcpp/rclcpp.hpp:146[m[K,
[2.694s]                  from [01m[K/home/ashmitha/ros_ws/src/behaviors/include/behaviors/timed_behavior.hpp:31[m[K,
[2.694s]                  from [01m[K/home/ashmitha/ros_ws/src/behaviors/include/behaviors/plugins/teleop.hpp:12[m[K,
[2.694s]                  from [01m[K/home/ashmitha/ros_ws/src/behaviors/plugins/teleop.cpp:4[m[K:
[2.694s] [01m[K/home/ashmitha/ros_ws/src/behaviors/plugins/teleop.cpp:262:13:[m[K [01;31m[Kerror: [m[K‘[01m[Klogger_[m[K’ was not declared in this scope
[2.694s]   262 |             [01;31m[Klogger_[m[K,
[2.694s]       |             [01;31m[K^~~~~~~[m[K
[2.694s] [01m[K/home/ashmitha/ros_ws/src/behaviors/plugins/teleop.cpp:261:13:[m[K [01;31m[Kerror: [m[Ktemplate argument 1 is invalid
[2.694s]   261 |             [01;31m[KRCLCPP_ERROR_STREAM[m[K(
[2.694s]       |             [01;31m[K^~~~~~~~~~~~~~~~~~~[m[K
[2.694s] [01m[K/home/ashmitha/ros_ws/src/behaviors/plugins/teleop.cpp:261:13:[m[K [01;31m[Kerror: [m[Ktemplate argument 1 is invalid
[2.694s]   261 |             [01;31m[KRCLCPP_ERROR_STREAM[m[K(
[2.694s]       |             [01;31m[K^~~~~~~~~~~~~~~~~~~[m[K
[2.695s] [01m[K/home/ashmitha/ros_ws/src/behaviors/plugins/teleop.cpp:261:13:[m[K [01;31m[Kerror: [m[Ktemplate argument 1 is invalid
[2.695s]   261 |             [01;31m[KRCLCPP_ERROR_STREAM[m[K(
[2.695s]       |             [01;31m[K^~~~~~~~~~~~~~~~~~~[m[K
[2.808s] [01m[K/home/ashmitha/ros_ws/src/behaviors/src/behavior_server.cpp:[m[K In constructor ‘[01m[Kbehavior_server::BehaviorServer::BehaviorServer(const rclcpp::NodeOptions&)[m[K’:
[2.809s] [01m[K/home/ashmitha/ros_ws/src/behaviors/src/behavior_server.cpp:25:60:[m[K [01;31m[Kerror: [m[Kunused parameter ‘[01m[Koptions[m[K’ [[01;31m[K-Werror=unused-parameter[m[K]
[2.809s]    25 | BehaviorServer::BehaviorServer([01;31m[Kconst rclcpp::NodeOptions & options[m[K)
[2.809s]       |                                [01;31m[K~~~~~~~~~~~~~~~~~~~~~~~~~~~~^~~~~~~[m[K
[3.329s] In file included from [01m[K/opt/ros/foxy/include/class_loader/class_loader_core.hpp:57[m[K,
[3.329s]                  from [01m[K/opt/ros/foxy/include/class_loader/class_loader.hpp:55[m[K,
[3.329s]                  from [01m[K/opt/ros/foxy/include/pluginlib/class_list_macros.hpp:40[m[K,
[3.330s]                  from [01m[K/home/ashmitha/ros_ws/src/behaviors/plugins/teleop.cpp:280[m[K:
[3.330s] /opt/ros/foxy/include/class_loader/meta_object.hpp: In instantiation of ‘[01m[KB* class_loader::impl::MetaObject<C, B>::create() const [with C = nav2_behaviors::Teleop; B = nav2_core::Recovery][m[K’:
[3.330s] [01m[K/opt/ros/foxy/include/class_loader/meta_object.hpp:216:7:[m[K   required from here
[3.330s] [01m[K/opt/ros/foxy/include/class_loader/meta_object.hpp:218:16:[m[K [01;31m[Kerror: [m[Kcannot convert ‘[01m[Knav2_behaviors::Teleop*[m[K’ to ‘[01m[Knav2_core::Recovery*[m[K’ in return
[3.330s]   218 |     return new [01;31m[KC[m[K;
[3.330s]       |                [01;31m[K^[m[K
[3.441s] cc1plus: all warnings being treated as errors
[3.455s] make[2]: *** [CMakeFiles/nav2_teleop_behavior.dir/build.make:76: CMakeFiles/nav2_teleop_behavior.dir/plugins/teleop.cpp.o] Error 1
[3.456s] make[1]: *** [CMakeFiles/Makefile2:141: CMakeFiles/nav2_teleop_behavior.dir/all] Error 2
[3.456s] make[1]: *** Waiting for unfinished jobs....
[10.380s] cc1plus: all warnings being treated as errors
[10.406s] make[2]: *** [CMakeFiles/behavior_server_core.dir/build.make:76: CMakeFiles/behavior_server_core.dir/src/behavior_server.cpp.o] Error 1
[10.406s] make[1]: *** [CMakeFiles/Makefile2:167: CMakeFiles/behavior_server_core.dir/all] Error 2
[10.407s] make: *** [Makefile:146: all] Error 2
[10.415s] Invoked command in '/home/ashmitha/ros_ws/build/behaviors' returned '2': AMENT_PREFIX_PATH=/home/ashmitha/ros_ws/install/msgs:${AMENT_PREFIX_PATH} CMAKE_PREFIX_PATH=/home/ashmitha/ros_ws/install/msgs:/opt/ros/foxy CONDA_PROMPT_MODIFIER=(base) LD_LIBRARY_PATH=/home/ashmitha/ros_ws/install/msgs/lib:${LD_LIBRARY_PATH} PYTHONPATH=/home/ashmitha/ros_ws/install/msgs/lib/python3.11/site-packages:${PYTHONPATH} /home/ashmitha/.local/bin/cmake --build /home/ashmitha/ros_ws/build/behaviors -- -j8 -l8
