[0.079s] Invoking command in '/home/ashmitha/ros_ws/build/msgs': CMAKE_PREFIX_PATH=/opt/ros/foxy CONDA_PROMPT_MODIFIER=(base) /home/ashmitha/.local/bin/cmake --build /home/ashmitha/ros_ws/build/msgs -- -j8 -l8
[0.104s] -- Found ament_cmake: 0.9.12 (/opt/ros/foxy/share/ament_cmake/cmake)
[0.106s] [33mCMake Warning (dev) at /opt/ros/foxy/share/ament_cmake_core/cmake/core/python.cmake:22 (find_package):
[0.106s]   Policy CMP0148 is not set: The FindPythonInterp and FindPythonLibs modules
[0.106s]   are removed.  Run "cmake --help-policy CMP0148" for policy details.  Use
[0.106s]   the cmake_policy command to set the policy and suppress this warning.
[0.106s] 
[0.106s] Call Stack (most recent call first):
[0.106s]   /opt/ros/foxy/share/ament_cmake_core/cmake/core/all.cmake:53 (include)
[0.106s]   /opt/ros/foxy/share/ament_cmake_core/cmake/ament_cmake_core-extras.cmake:17 (include)
[0.106s]   /opt/ros/foxy/share/ament_cmake_core/cmake/ament_cmake_coreConfig.cmake:41 (include)
[0.106s]   /opt/ros/foxy/share/ament_cmake/cmake/ament_cmake_export_dependencies-extras.cmake:15 (find_package)
[0.106s]   /opt/ros/foxy/share/ament_cmake/cmake/ament_cmakeConfig.cmake:41 (include)
[0.106s]   CMakeLists.txt:22 (find_package)
[0.106s] This warning is for project developers.  Use -Wno-dev to suppress it.
[0.106s] [0m
[0.121s] -- Using PYTHON_EXECUTABLE: /home/ashmitha/anaconda3/bin/python3
[0.292s] -- Found ament_lint_auto: 0.9.8 (/opt/ros/foxy/share/ament_lint_auto/cmake)
[0.353s] -- Found rosidl_default_generators: 1.0.1 (/opt/ros/foxy/share/rosidl_default_generators/cmake)
[0.355s] -- Using all available rosidl_typesupport_c: rosidl_typesupport_fastrtps_c;rosidl_typesupport_introspection_c
[0.357s] -- Found rosidl_adapter: 1.3.1 (/opt/ros/foxy/share/rosidl_adapter/cmake)
[0.471s] -- Using all available rosidl_typesupport_cpp: rosidl_typesupport_fastrtps_cpp;rosidl_typesupport_introspection_cpp
[0.567s] -- Found ament_cmake_ros: 0.9.2 (/opt/ros/foxy/share/ament_cmake_ros/cmake)
[0.660s] -- Using all available rosidl_typesupport_c: rosidl_typesupport_fastrtps_c;rosidl_typesupport_introspection_c
[0.674s] -- Using all available rosidl_typesupport_cpp: rosidl_typesupport_fastrtps_cpp;rosidl_typesupport_introspection_cpp
[0.676s] [33mCMake Warning (dev) at /opt/ros/foxy/share/rosidl_generator_py/cmake/rosidl_generator_py_generate_interfaces.cmake:20 (find_package):
[0.676s]   Policy CMP0148 is not set: The FindPythonInterp and FindPythonLibs modules
[0.676s]   are removed.  Run "cmake --help-policy CMP0148" for policy details.  Use
[0.676s]   the cmake_policy command to set the policy and suppress this warning.
[0.677s] 
[0.677s] Call Stack (most recent call first):
[0.677s]   /opt/ros/foxy/share/ament_cmake_core/cmake/core/ament_execute_extensions.cmake:48 (include)
[0.677s]   /opt/ros/foxy/share/rosidl_cmake/cmake/rosidl_generate_interfaces.cmake:286 (ament_execute_extensions)
[0.677s]   CMakeLists.txt:45 (rosidl_generate_interfaces)
[0.677s] This warning is for project developers.  Use -Wno-dev to suppress it.
[0.677s] [0m
[0.689s] -- Found PythonInterp: /home/ashmitha/anaconda3/bin/python3 (found suitable version "3.11.4", minimum required is "3.5") 
[0.690s] -- Found python_cmake_module: 0.8.1 (/opt/ros/foxy/share/python_cmake_module/cmake)
[0.690s] [33mCMake Warning (dev) at /opt/ros/foxy/share/python_cmake_module/cmake/Modules/FindPythonExtra.cmake:45 (find_package):
[0.690s]   Policy CMP0148 is not set: The FindPythonInterp and FindPythonLibs modules
[0.690s]   are removed.  Run "cmake --help-policy CMP0148" for policy details.  Use
[0.690s]   the cmake_policy command to set the policy and suppress this warning.
[0.690s] 
[0.690s] Call Stack (most recent call first):
[0.690s]   /opt/ros/foxy/share/rosidl_generator_py/cmake/rosidl_generator_py_generate_interfaces.cmake:23 (find_package)
[0.690s]   /opt/ros/foxy/share/ament_cmake_core/cmake/core/ament_execute_extensions.cmake:48 (include)
[0.690s]   /opt/ros/foxy/share/rosidl_cmake/cmake/rosidl_generate_interfaces.cmake:286 (ament_execute_extensions)
[0.690s]   CMakeLists.txt:45 (rosidl_generate_interfaces)
[0.690s] This warning is for project developers.  Use -Wno-dev to suppress it.
[0.690s] [0m
[0.702s] [33mCMake Warning (dev) at /opt/ros/foxy/share/python_cmake_module/cmake/Modules/FindPythonExtra.cmake:133 (find_package):
[0.703s]   Policy CMP0148 is not set: The FindPythonInterp and FindPythonLibs modules
[0.703s]   are removed.  Run "cmake --help-policy CMP0148" for policy details.  Use
[0.703s]   the cmake_policy command to set the policy and suppress this warning.
[0.703s] 
[0.703s] Call Stack (most recent call first):
[0.703s]   /opt/ros/foxy/share/rosidl_generator_py/cmake/rosidl_generator_py_generate_interfaces.cmake:23 (find_package)
[0.703s]   /opt/ros/foxy/share/ament_cmake_core/cmake/core/ament_execute_extensions.cmake:48 (include)
[0.703s]   /opt/ros/foxy/share/rosidl_cmake/cmake/rosidl_generate_interfaces.cmake:286 (ament_execute_extensions)
[0.703s]   CMakeLists.txt:45 (rosidl_generate_interfaces)
[0.703s] This warning is for project developers.  Use -Wno-dev to suppress it.
[0.703s] [0m
[0.704s] -- Using PYTHON_EXECUTABLE: /home/ashmitha/anaconda3/bin/python3
[0.704s] -- Using PYTHON_INCLUDE_DIRS: /home/ashmitha/anaconda3/include/python3.11
[0.704s] -- Using PYTHON_LIBRARIES: /home/ashmitha/anaconda3/lib/libpython3.11.so
[0.779s] -- Using numpy include directory: /home/ashmitha/anaconda3/lib/python3.11/site-packages/numpy/core/include
[0.788s] -- Added test 'copyright' to check source files copyright and LICENSE
[0.789s] -- Added test 'flake8' to check Python code syntax and style conventions
[0.789s] -- Added test 'lint_cmake' to check CMake code style
[0.790s] -- Added test 'pep257' to check Python code against some of the style conventions in PEP 257
[0.790s] -- Added test 'xmllint' to check XML markup files
[0.792s] -- Configuring done (0.7s)
[0.811s] [33mCMake Warning at /opt/ros/foxy/share/rosidl_generator_py/cmake/rosidl_generator_py_generate_interfaces.cmake:235 (add_library):
[0.811s]   Cannot generate a safe runtime search path for target
[0.811s]   msgs__rosidl_typesupport_fastrtps_c__pyext because files in some
[0.811s]   directories may conflict with libraries in implicit directories:
[0.811s] 
[0.811s]     runtime library [libssl.so.1.1] in /usr/lib/x86_64-linux-gnu may be hidden by files in:
[0.811s]       /home/ashmitha/anaconda3/lib
[0.811s]     runtime library [libcrypto.so.1.1] in /usr/lib/x86_64-linux-gnu may be hidden by files in:
[0.811s]       /home/ashmitha/anaconda3/lib
[0.811s] 
[0.811s]   Some of these libraries may not be found correctly.
[0.811s] Call Stack (most recent call first):
[0.812s]   /opt/ros/foxy/share/ament_cmake_core/cmake/core/ament_execute_extensions.cmake:48 (include)
[0.812s]   /opt/ros/foxy/share/rosidl_cmake/cmake/rosidl_generate_interfaces.cmake:286 (ament_execute_extensions)
[0.812s]   CMakeLists.txt:45 (rosidl_generate_interfaces)
[0.812s] 
[0.812s] [0m
[0.816s] -- Generating done (0.0s)
[0.818s] -- Build files have been written to: /home/ashmitha/ros_ws/build/msgs
[0.827s] [  3%] [34m[1mGenerating C code for ROS interfaces[0m
[0.830s] [  6%] [34m[1mGenerating C++ code for ROS interfaces[0m
[1.074s] [  6%] Built target msgs__cpp
[1.077s] [ 12%] [34m[1mGenerating C++ type support dispatch for ROS interfaces[0m
[1.077s] [ 12%] [34m[1mGenerating C++ type support for eProsima Fast-RTPS[0m
[1.077s] [ 16%] [34m[1mGenerating C++ introspection for ROS interfaces[0m
[1.088s] [ 19%] [32mBuilding C object CMakeFiles/msgs__rosidl_generator_c.dir/rosidl_generator_c/msgs/action/detail/teleop__functions.c.o[0m
[1.183s] [ 22%] [32m[1mLinking C shared library libmsgs__rosidl_generator_c.so[0m
[1.201s] [ 22%] Built target msgs__rosidl_generator_c
[1.204s] [ 25%] [34m[1mGenerating C introspection for ROS interfaces[0m
[1.205s] [ 29%] [34m[1mGenerating C type support dispatch for ROS interfaces[0m
[1.293s] [ 32%] [32mBuilding CXX object CMakeFiles/msgs__rosidl_typesupport_introspection_cpp.dir/rosidl_typesupport_introspection_cpp/msgs/action/detail/teleop__type_support.cpp.o[0m
[1.314s] [ 35%] [32mBuilding CXX object CMakeFiles/msgs__rosidl_typesupport_cpp.dir/rosidl_typesupport_cpp/msgs/action/teleop__type_support.cpp.o[0m
[1.335s] [ 38%] [32mBuilding CXX object CMakeFiles/msgs__rosidl_typesupport_fastrtps_cpp.dir/rosidl_typesupport_fastrtps_cpp/msgs/action/detail/dds_fastrtps/teleop__type_support.cpp.o[0m
[1.450s] [ 41%] [32mBuilding C object CMakeFiles/msgs__rosidl_typesupport_introspection_c.dir/rosidl_typesupport_introspection_c/msgs/action/detail/teleop__type_support.c.o[0m
[1.487s] [ 45%] [32mBuilding CXX object CMakeFiles/msgs__rosidl_typesupport_c.dir/rosidl_typesupport_c/msgs/action/teleop__type_support.cpp.o[0m
[1.497s] [ 48%] [32m[1mLinking C shared library libmsgs__rosidl_typesupport_introspection_c.so[0m
[1.517s] [ 48%] Built target msgs__rosidl_typesupport_introspection_c
[1.518s] [ 51%] [32m[1mLinking CXX shared library libmsgs__rosidl_typesupport_c.so[0m
[1.538s] [ 51%] Built target msgs__rosidl_typesupport_c
[1.558s] [ 54%] [32m[1mLinking CXX shared library libmsgs__rosidl_typesupport_cpp.so[0m
[1.576s] [ 58%] [32m[1mLinking CXX shared library libmsgs__rosidl_typesupport_introspection_cpp.so[0m
[1.577s] [ 58%] Built target msgs__rosidl_typesupport_cpp
[1.615s] [ 58%] Built target msgs__rosidl_typesupport_introspection_cpp
[1.685s] [ 61%] [32m[1mLinking CXX shared library libmsgs__rosidl_typesupport_fastrtps_cpp.so[0m
[1.736s] [ 61%] Built target msgs__rosidl_typesupport_fastrtps_cpp
[1.738s] [ 64%] [34m[1mGenerating C type support for eProsima Fast-RTPS[0m
[1.961s] [ 67%] [32mBuilding CXX object CMakeFiles/msgs__rosidl_typesupport_fastrtps_c.dir/rosidl_typesupport_fastrtps_c/msgs/action/detail/teleop__type_support_c.cpp.o[0m
[2.193s] [ 70%] [32m[1mLinking CXX shared library libmsgs__rosidl_typesupport_fastrtps_c.so[0m
[2.240s] [ 70%] Built target msgs__rosidl_typesupport_fastrtps_c
[2.246s] [ 70%] Built target msgs
[2.252s] [ 74%] [34m[1mGenerating Python code for ROS interfaces[0m
[2.676s] [ 74%] Built target msgs__py
[2.682s] [ 77%] [32mBuilding C object CMakeFiles/msgs__python.dir/rosidl_generator_py/msgs/action/_teleop_s.c.o[0m
[2.778s] [ 80%] [32m[1mLinking C shared library rosidl_generator_py/msgs/libmsgs__python.so[0m
[2.800s] [ 80%] Built target msgs__python
[2.805s] [ 83%] [32mBuilding C object CMakeFiles/msgs__rosidl_typesupport_introspection_c__pyext.dir/rosidl_generator_py/msgs/_msgs_s.ep.rosidl_typesupport_introspection_c.c.o[0m
[2.805s] [ 87%] [32mBuilding C object CMakeFiles/msgs__rosidl_typesupport_c__pyext.dir/rosidl_generator_py/msgs/_msgs_s.ep.rosidl_typesupport_c.c.o[0m
[2.806s] [ 90%] [32mBuilding C object CMakeFiles/msgs__rosidl_typesupport_fastrtps_c__pyext.dir/rosidl_generator_py/msgs/_msgs_s.ep.rosidl_typesupport_fastrtps_c.c.o[0m
[2.877s] [ 96%] [32m[1mLinking CXX shared library rosidl_generator_py/msgs/msgs_s__rosidl_typesupport_fastrtps_c.cpython-311-x86_64-linux-gnu.so[0m
[2.877s] [ 96%] [32m[1mLinking C shared library rosidl_generator_py/msgs/msgs_s__rosidl_typesupport_c.cpython-311-x86_64-linux-gnu.so[0m
[2.877s] [100%] [32m[1mLinking C shared library rosidl_generator_py/msgs/msgs_s__rosidl_typesupport_introspection_c.cpython-311-x86_64-linux-gnu.so[0m
[2.893s] [100%] Built target msgs__rosidl_typesupport_introspection_c__pyext
[2.893s] [100%] Built target msgs__rosidl_typesupport_c__pyext
[2.911s] [100%] Built target msgs__rosidl_typesupport_fastrtps_c__pyext
[2.918s] Invoked command in '/home/ashmitha/ros_ws/build/msgs' returned '0': CMAKE_PREFIX_PATH=/opt/ros/foxy CONDA_PROMPT_MODIFIER=(base) /home/ashmitha/.local/bin/cmake --build /home/ashmitha/ros_ws/build/msgs -- -j8 -l8
[2.961s] Invoking command in '/home/ashmitha/ros_ws/build/msgs': CMAKE_PREFIX_PATH=/opt/ros/foxy CONDA_PROMPT_MODIFIER=(base) /home/ashmitha/.local/bin/cmake --install /home/ashmitha/ros_ws/build/msgs
[2.979s] -- Install configuration: ""
[2.979s] -- Installing: /home/ashmitha/ros_ws/install/msgs/share/msgs/environment/pythonpath.sh
[2.979s] -- Installing: /home/ashmitha/ros_ws/install/msgs/share/msgs/environment/pythonpath.dsv
[2.979s] -- Installing: /home/ashmitha/ros_ws/install/msgs/lib/python3.11/site-packages/msgs
[2.979s] -- Installing: /home/ashmitha/ros_ws/install/msgs/lib/python3.11/site-packages/msgs/__init__.py
[3.000s] Listing '/home/ashmitha/ros_ws/install/msgs/lib/python3.11/site-packages/msgs'...
[3.000s] Compiling '/home/ashmitha/ros_ws/install/msgs/lib/python3.11/site-packages/msgs/__init__.py'...
[3.003s] -- Installing: /home/ashmitha/ros_ws/install/msgs/share/ament_index/resource_index/rosidl_interfaces/msgs
[3.003s] -- Installing: /home/ashmitha/ros_ws/install/msgs/include/msgs
[3.003s] -- Installing: /home/ashmitha/ros_ws/install/msgs/include/msgs/msg
[3.003s] -- Installing: /home/ashmitha/ros_ws/install/msgs/include/msgs/msg/rosidl_generator_c__visibility_control.h
[3.003s] -- Installing: /home/ashmitha/ros_ws/install/msgs/include/msgs/action
[3.003s] -- Installing: /home/ashmitha/ros_ws/install/msgs/include/msgs/action/teleop.h
[3.003s] -- Installing: /home/ashmitha/ros_ws/install/msgs/include/msgs/action/detail
[3.003s] -- Installing: /home/ashmitha/ros_ws/install/msgs/include/msgs/action/detail/teleop__functions.c
[3.003s] -- Installing: /home/ashmitha/ros_ws/install/msgs/include/msgs/action/detail/teleop__type_support.h
[3.003s] -- Installing: /home/ashmitha/ros_ws/install/msgs/include/msgs/action/detail/teleop__functions.h
[3.003s] -- Installing: /home/ashmitha/ros_ws/install/msgs/include/msgs/action/detail/teleop__struct.h
[3.003s] -- Installing: /home/ashmitha/ros_ws/install/msgs/share/msgs/environment/library_path.sh
[3.003s] -- Installing: /home/ashmitha/ros_ws/install/msgs/share/msgs/environment/library_path.dsv
[3.003s] -- Installing: /home/ashmitha/ros_ws/install/msgs/lib/libmsgs__rosidl_generator_c.so
[3.003s] -- Set runtime path of "/home/ashmitha/ros_ws/install/msgs/lib/libmsgs__rosidl_generator_c.so" to ""
[3.003s] -- Up-to-date: /home/ashmitha/ros_ws/install/msgs/include/msgs
[3.003s] -- Up-to-date: /home/ashmitha/ros_ws/install/msgs/include/msgs/msg
[3.004s] -- Installing: /home/ashmitha/ros_ws/install/msgs/include/msgs/msg/rosidl_typesupport_fastrtps_c__visibility_control.h
[3.004s] -- Up-to-date: /home/ashmitha/ros_ws/install/msgs/include/msgs/action
[3.004s] -- Up-to-date: /home/ashmitha/ros_ws/install/msgs/include/msgs/action/detail
[3.004s] -- Installing: /home/ashmitha/ros_ws/install/msgs/include/msgs/action/detail/teleop__rosidl_typesupport_fastrtps_c.h
[3.004s] -- Installing: /home/ashmitha/ros_ws/install/msgs/lib/libmsgs__rosidl_typesupport_fastrtps_c.so
[3.004s] -- Set runtime path of "/home/ashmitha/ros_ws/install/msgs/lib/libmsgs__rosidl_typesupport_fastrtps_c.so" to ""
[3.004s] -- Up-to-date: /home/ashmitha/ros_ws/install/msgs/include/msgs
[3.004s] -- Up-to-date: /home/ashmitha/ros_ws/install/msgs/include/msgs/msg
[3.004s] -- Installing: /home/ashmitha/ros_ws/install/msgs/include/msgs/msg/rosidl_typesupport_fastrtps_cpp__visibility_control.h
[3.004s] -- Up-to-date: /home/ashmitha/ros_ws/install/msgs/include/msgs/action
[3.004s] -- Up-to-date: /home/ashmitha/ros_ws/install/msgs/include/msgs/action/detail
[3.004s] -- Installing: /home/ashmitha/ros_ws/install/msgs/include/msgs/action/detail/dds_fastrtps
[3.004s] -- Installing: /home/ashmitha/ros_ws/install/msgs/include/msgs/action/detail/teleop__rosidl_typesupport_fastrtps_cpp.hpp
[3.004s] -- Installing: /home/ashmitha/ros_ws/install/msgs/lib/libmsgs__rosidl_typesupport_fastrtps_cpp.so
[3.004s] -- Set runtime path of "/home/ashmitha/ros_ws/install/msgs/lib/libmsgs__rosidl_typesupport_fastrtps_cpp.so" to ""
[3.004s] -- Up-to-date: /home/ashmitha/ros_ws/install/msgs/include/msgs
[3.004s] -- Up-to-date: /home/ashmitha/ros_ws/install/msgs/include/msgs/msg
[3.004s] -- Installing: /home/ashmitha/ros_ws/install/msgs/include/msgs/msg/rosidl_typesupport_introspection_c__visibility_control.h
[3.004s] -- Up-to-date: /home/ashmitha/ros_ws/install/msgs/include/msgs/action
[3.005s] -- Up-to-date: /home/ashmitha/ros_ws/install/msgs/include/msgs/action/detail
[3.005s] -- Installing: /home/ashmitha/ros_ws/install/msgs/include/msgs/action/detail/teleop__type_support.c
[3.005s] -- Installing: /home/ashmitha/ros_ws/install/msgs/include/msgs/action/detail/teleop__rosidl_typesupport_introspection_c.h
[3.005s] -- Installing: /home/ashmitha/ros_ws/install/msgs/lib/libmsgs__rosidl_typesupport_introspection_c.so
[3.005s] -- Set runtime path of "/home/ashmitha/ros_ws/install/msgs/lib/libmsgs__rosidl_typesupport_introspection_c.so" to ""
[3.005s] -- Installing: /home/ashmitha/ros_ws/install/msgs/lib/libmsgs__rosidl_typesupport_c.so
[3.005s] -- Set runtime path of "/home/ashmitha/ros_ws/install/msgs/lib/libmsgs__rosidl_typesupport_c.so" to ""
[3.005s] -- Up-to-date: /home/ashmitha/ros_ws/install/msgs/include/msgs
[3.005s] -- Up-to-date: /home/ashmitha/ros_ws/install/msgs/include/msgs/msg
[3.005s] -- Installing: /home/ashmitha/ros_ws/install/msgs/include/msgs/msg/rosidl_generator_cpp__visibility_control.hpp
[3.005s] -- Up-to-date: /home/ashmitha/ros_ws/install/msgs/include/msgs/action
[3.005s] -- Installing: /home/ashmitha/ros_ws/install/msgs/include/msgs/action/teleop.hpp
[3.005s] -- Up-to-date: /home/ashmitha/ros_ws/install/msgs/include/msgs/action/detail
[3.005s] -- Installing: /home/ashmitha/ros_ws/install/msgs/include/msgs/action/detail/teleop__struct.hpp
[3.005s] -- Installing: /home/ashmitha/ros_ws/install/msgs/include/msgs/action/detail/teleop__type_support.hpp
[3.005s] -- Installing: /home/ashmitha/ros_ws/install/msgs/include/msgs/action/detail/teleop__traits.hpp
[3.005s] -- Installing: /home/ashmitha/ros_ws/install/msgs/include/msgs/action/detail/teleop__builder.hpp
[3.005s] -- Up-to-date: /home/ashmitha/ros_ws/install/msgs/include/msgs
[3.005s] -- Up-to-date: /home/ashmitha/ros_ws/install/msgs/include/msgs/action
[3.005s] -- Up-to-date: /home/ashmitha/ros_ws/install/msgs/include/msgs/action/detail
[3.005s] -- Installing: /home/ashmitha/ros_ws/install/msgs/include/msgs/action/detail/teleop__type_support.cpp
[3.005s] -- Installing: /home/ashmitha/ros_ws/install/msgs/include/msgs/action/detail/teleop__rosidl_typesupport_introspection_cpp.hpp
[3.006s] -- Installing: /home/ashmitha/ros_ws/install/msgs/lib/libmsgs__rosidl_typesupport_introspection_cpp.so
[3.006s] -- Set runtime path of "/home/ashmitha/ros_ws/install/msgs/lib/libmsgs__rosidl_typesupport_introspection_cpp.so" to ""
[3.006s] -- Installing: /home/ashmitha/ros_ws/install/msgs/lib/libmsgs__rosidl_typesupport_cpp.so
[3.006s] -- Set runtime path of "/home/ashmitha/ros_ws/install/msgs/lib/libmsgs__rosidl_typesupport_cpp.so" to ""
[3.006s] -- Installing: /home/ashmitha/ros_ws/install/msgs/lib/python3.11/site-packages/msgs/__init__.py
[3.027s] Compiling '/home/ashmitha/ros_ws/install/msgs/lib/python3.11/site-packages/msgs/__init__.py'...
[3.030s] -- Installing: /home/ashmitha/ros_ws/install/msgs/lib/python3.11/site-packages/msgs/action
[3.030s] -- Installing: /home/ashmitha/ros_ws/install/msgs/lib/python3.11/site-packages/msgs/action/__init__.py
[3.030s] -- Installing: /home/ashmitha/ros_ws/install/msgs/lib/python3.11/site-packages/msgs/action/_teleop.py
[3.030s] -- Installing: /home/ashmitha/ros_ws/install/msgs/lib/python3.11/site-packages/msgs/action/_teleop_s.c
[3.030s] -- Installing: /home/ashmitha/ros_ws/install/msgs/lib/python3.11/site-packages/msgs/msgs_s__rosidl_typesupport_fastrtps_c.cpython-311-x86_64-linux-gnu.so
[3.030s] -- Set runtime path of "/home/ashmitha/ros_ws/install/msgs/lib/python3.11/site-packages/msgs/msgs_s__rosidl_typesupport_fastrtps_c.cpython-311-x86_64-linux-gnu.so" to ""
[3.030s] -- Installing: /home/ashmitha/ros_ws/install/msgs/lib/python3.11/site-packages/msgs/msgs_s__rosidl_typesupport_introspection_c.cpython-311-x86_64-linux-gnu.so
[3.030s] -- Set runtime path of "/home/ashmitha/ros_ws/install/msgs/lib/python3.11/site-packages/msgs/msgs_s__rosidl_typesupport_introspection_c.cpython-311-x86_64-linux-gnu.so" to ""
[3.031s] -- Installing: /home/ashmitha/ros_ws/install/msgs/lib/python3.11/site-packages/msgs/msgs_s__rosidl_typesupport_c.cpython-311-x86_64-linux-gnu.so
[3.031s] -- Set runtime path of "/home/ashmitha/ros_ws/install/msgs/lib/python3.11/site-packages/msgs/msgs_s__rosidl_typesupport_c.cpython-311-x86_64-linux-gnu.so" to ""
[3.031s] -- Installing: /home/ashmitha/ros_ws/install/msgs/lib/libmsgs__python.so
[3.031s] -- Set runtime path of "/home/ashmitha/ros_ws/install/msgs/lib/libmsgs__python.so" to ""
[3.031s] -- Installing: /home/ashmitha/ros_ws/install/msgs/share/msgs/action/Teleop.idl
[3.031s] -- Installing: /home/ashmitha/ros_ws/install/msgs/share/msgs/action/Teleop.action
[3.031s] -- Installing: /home/ashmitha/ros_ws/install/msgs/share/ament_index/resource_index/package_run_dependencies/msgs
[3.031s] -- Installing: /home/ashmitha/ros_ws/install/msgs/share/ament_index/resource_index/parent_prefix_path/msgs
[3.031s] -- Installing: /home/ashmitha/ros_ws/install/msgs/share/msgs/environment/ament_prefix_path.sh
[3.031s] -- Installing: /home/ashmitha/ros_ws/install/msgs/share/msgs/environment/ament_prefix_path.dsv
[3.031s] -- Installing: /home/ashmitha/ros_ws/install/msgs/share/msgs/environment/path.sh
[3.031s] -- Installing: /home/ashmitha/ros_ws/install/msgs/share/msgs/environment/path.dsv
[3.031s] -- Installing: /home/ashmitha/ros_ws/install/msgs/share/msgs/local_setup.bash
[3.031s] -- Installing: /home/ashmitha/ros_ws/install/msgs/share/msgs/local_setup.sh
[3.031s] -- Installing: /home/ashmitha/ros_ws/install/msgs/share/msgs/local_setup.zsh
[3.031s] -- Installing: /home/ashmitha/ros_ws/install/msgs/share/msgs/local_setup.dsv
[3.031s] -- Installing: /home/ashmitha/ros_ws/install/msgs/share/msgs/package.dsv
[3.032s] -- Installing: /home/ashmitha/ros_ws/install/msgs/share/ament_index/resource_index/packages/msgs
[3.032s] -- Installing: /home/ashmitha/ros_ws/install/msgs/share/msgs/cmake/msgs__rosidl_generator_cExport.cmake
[3.032s] -- Installing: /home/ashmitha/ros_ws/install/msgs/share/msgs/cmake/msgs__rosidl_generator_cExport-noconfig.cmake
[3.032s] -- Installing: /home/ashmitha/ros_ws/install/msgs/share/msgs/cmake/msgs__rosidl_typesupport_introspection_cExport.cmake
[3.032s] -- Installing: /home/ashmitha/ros_ws/install/msgs/share/msgs/cmake/msgs__rosidl_typesupport_introspection_cExport-noconfig.cmake
[3.032s] -- Installing: /home/ashmitha/ros_ws/install/msgs/share/msgs/cmake/msgs__rosidl_typesupport_cExport.cmake
[3.032s] -- Installing: /home/ashmitha/ros_ws/install/msgs/share/msgs/cmake/msgs__rosidl_typesupport_cExport-noconfig.cmake
[3.032s] -- Installing: /home/ashmitha/ros_ws/install/msgs/share/msgs/cmake/msgs__rosidl_generator_cppExport.cmake
[3.032s] -- Installing: /home/ashmitha/ros_ws/install/msgs/share/msgs/cmake/msgs__rosidl_typesupport_introspection_cppExport.cmake
[3.032s] -- Installing: /home/ashmitha/ros_ws/install/msgs/share/msgs/cmake/msgs__rosidl_typesupport_introspection_cppExport-noconfig.cmake
[3.032s] -- Installing: /home/ashmitha/ros_ws/install/msgs/share/msgs/cmake/msgs__rosidl_typesupport_cppExport.cmake
[3.032s] -- Installing: /home/ashmitha/ros_ws/install/msgs/share/msgs/cmake/msgs__rosidl_typesupport_cppExport-noconfig.cmake
[3.032s] -- Installing: /home/ashmitha/ros_ws/install/msgs/share/msgs/cmake/rosidl_cmake-extras.cmake
[3.032s] -- Installing: /home/ashmitha/ros_ws/install/msgs/share/msgs/cmake/ament_cmake_export_dependencies-extras.cmake
[3.032s] -- Installing: /home/ashmitha/ros_ws/install/msgs/share/msgs/cmake/ament_cmake_export_libraries-extras.cmake
[3.032s] -- Installing: /home/ashmitha/ros_ws/install/msgs/share/msgs/cmake/ament_cmake_export_targets-extras.cmake
[3.033s] -- Installing: /home/ashmitha/ros_ws/install/msgs/share/msgs/cmake/ament_cmake_export_include_directories-extras.cmake
[3.033s] -- Installing: /home/ashmitha/ros_ws/install/msgs/share/msgs/cmake/rosidl_cmake_export_typesupport_libraries-extras.cmake
[3.033s] -- Installing: /home/ashmitha/ros_ws/install/msgs/share/msgs/cmake/rosidl_cmake_export_typesupport_targets-extras.cmake
[3.033s] -- Installing: /home/ashmitha/ros_ws/install/msgs/share/msgs/cmake/msgsConfig.cmake
[3.033s] -- Installing: /home/ashmitha/ros_ws/install/msgs/share/msgs/cmake/msgsConfig-version.cmake
[3.033s] -- Installing: /home/ashmitha/ros_ws/install/msgs/share/msgs/package.xml
[3.037s] Invoked command in '/home/ashmitha/ros_ws/build/msgs' returned '0': CMAKE_PREFIX_PATH=/opt/ros/foxy CONDA_PROMPT_MODIFIER=(base) /home/ashmitha/.local/bin/cmake --install /home/ashmitha/ros_ws/build/msgs
