[2.512s] DEBUG:colcon:Command line arguments: ['/usr/bin/colcon', 'build']
[2.512s] DEBUG:colcon:Parsed command line arguments: Namespace(allow_overriding=[], ament_cmake_args=None, base_paths=['.'], build_base='build', catkin_cmake_args=None, catkin_skip_building_tests=False, cmake_args=None, cmake_clean_cache=False, cmake_clean_first=False, cmake_force_configure=False, cmake_target=None, cmake_target_skip_unavailable=False, continue_on_error=False, event_handlers=None, executor='parallel', ignore_user_meta=False, install_base='install', log_base=None, log_level=None, main=<bound method BuildVerb.main of <colcon_core.verb.build.BuildVerb object at 0x7f5a6f58fd00>>, merge_install=False, metas=['./colcon.meta'], packages_above=None, packages_above_and_dependencies=None, packages_above_depth=None, packages_end=None, packages_ignore=None, packages_ignore_regex=None, packages_select=None, packages_select_build_failed=False, packages_select_by_dep=None, packages_select_regex=None, packages_select_test_failures=False, packages_skip=None, packages_skip_build_finished=False, packages_skip_by_dep=None, packages_skip_regex=None, packages_skip_test_passed=False, packages_skip_up_to=None, packages_start=None, packages_up_to=None, packages_up_to_regex=None, parallel_workers=8, paths=None, symlink_install=False, test_result_base=None, verb_extension=<colcon_core.verb.build.BuildVerb object at 0x7f5a6f58fd00>, verb_name='build', verb_parser=<colcon_defaults.argument_parser.defaults.DefaultArgumentsDecorator object at 0x7f5a6f176d90>)
[2.607s] Level 1:colcon.colcon_core.package_discovery:discover_packages(colcon_meta) check parameters
[2.607s] Level 1:colcon.colcon_core.package_discovery:discover_packages(recursive) check parameters
[2.607s] Level 1:colcon.colcon_core.package_discovery:discover_packages(ignore) check parameters
[2.607s] Level 1:colcon.colcon_core.package_discovery:discover_packages(path) check parameters
[2.607s] Level 1:colcon.colcon_core.package_discovery:discover_packages(colcon_meta) discover
[2.607s] Level 1:colcon.colcon_core.package_discovery:discover_packages(recursive) discover
[2.607s] INFO:colcon.colcon_core.package_discovery:Crawling recursively for packages in '/home/ashmitha/ros_ws'
[2.607s] Level 1:colcon.colcon_core.package_identification:_identify(.) by extensions ['ignore', 'ignore_ament_install']
[2.608s] Level 1:colcon.colcon_core.package_identification:_identify(.) by extension 'ignore'
[2.608s] Level 1:colcon.colcon_core.package_identification:_identify(.) by extension 'ignore_ament_install'
[2.608s] Level 1:colcon.colcon_core.package_identification:_identify(.) by extensions ['colcon_pkg']
[2.608s] Level 1:colcon.colcon_core.package_identification:_identify(.) by extension 'colcon_pkg'
[2.608s] Level 1:colcon.colcon_core.package_identification:_identify(.) by extensions ['colcon_meta']
[2.608s] Level 1:colcon.colcon_core.package_identification:_identify(.) by extension 'colcon_meta'
[2.608s] Level 1:colcon.colcon_core.package_identification:_identify(.) by extensions ['ros']
[2.608s] Level 1:colcon.colcon_core.package_identification:_identify(.) by extension 'ros'
[2.624s] Level 1:colcon.colcon_core.package_identification:_identify(.) by extensions ['cmake', 'python']
[2.625s] Level 1:colcon.colcon_core.package_identification:_identify(.) by extension 'cmake'
[2.625s] Level 1:colcon.colcon_core.package_identification:_identify(.) by extension 'python'
[2.625s] Level 1:colcon.colcon_core.package_identification:_identify(.) by extensions ['python_setup_py']
[2.625s] Level 1:colcon.colcon_core.package_identification:_identify(.) by extension 'python_setup_py'
[2.625s] Level 1:colcon.colcon_core.package_identification:_identify(build) by extensions ['ignore', 'ignore_ament_install']
[2.625s] Level 1:colcon.colcon_core.package_identification:_identify(build) by extension 'ignore'
[2.625s] Level 1:colcon.colcon_core.package_identification:_identify(build) ignored
[2.625s] Level 1:colcon.colcon_core.package_identification:_identify(install) by extensions ['ignore', 'ignore_ament_install']
[2.625s] Level 1:colcon.colcon_core.package_identification:_identify(install) by extension 'ignore'
[2.626s] Level 1:colcon.colcon_core.package_identification:_identify(install) ignored
[2.626s] Level 1:colcon.colcon_core.package_identification:_identify(log) by extensions ['ignore', 'ignore_ament_install']
[2.626s] Level 1:colcon.colcon_core.package_identification:_identify(log) by extension 'ignore'
[2.626s] Level 1:colcon.colcon_core.package_identification:_identify(log) ignored
[2.626s] Level 1:colcon.colcon_core.package_identification:_identify(src) by extensions ['ignore', 'ignore_ament_install']
[2.626s] Level 1:colcon.colcon_core.package_identification:_identify(src) by extension 'ignore'
[2.626s] Level 1:colcon.colcon_core.package_identification:_identify(src) by extension 'ignore_ament_install'
[2.626s] Level 1:colcon.colcon_core.package_identification:_identify(src) by extensions ['colcon_pkg']
[2.626s] Level 1:colcon.colcon_core.package_identification:_identify(src) by extension 'colcon_pkg'
[2.626s] Level 1:colcon.colcon_core.package_identification:_identify(src) by extensions ['colcon_meta']
[2.626s] Level 1:colcon.colcon_core.package_identification:_identify(src) by extension 'colcon_meta'
[2.626s] Level 1:colcon.colcon_core.package_identification:_identify(src) by extensions ['ros']
[2.626s] Level 1:colcon.colcon_core.package_identification:_identify(src) by extension 'ros'
[2.626s] Level 1:colcon.colcon_core.package_identification:_identify(src) by extensions ['cmake', 'python']
[2.626s] Level 1:colcon.colcon_core.package_identification:_identify(src) by extension 'cmake'
[2.627s] Level 1:colcon.colcon_core.package_identification:_identify(src) by extension 'python'
[2.627s] Level 1:colcon.colcon_core.package_identification:_identify(src) by extensions ['python_setup_py']
[2.627s] Level 1:colcon.colcon_core.package_identification:_identify(src) by extension 'python_setup_py'
[2.627s] Level 1:colcon.colcon_core.package_identification:_identify(src/behavior_trees) by extensions ['ignore', 'ignore_ament_install']
[2.627s] Level 1:colcon.colcon_core.package_identification:_identify(src/behavior_trees) by extension 'ignore'
[2.627s] Level 1:colcon.colcon_core.package_identification:_identify(src/behavior_trees) by extension 'ignore_ament_install'
[2.627s] Level 1:colcon.colcon_core.package_identification:_identify(src/behavior_trees) by extensions ['colcon_pkg']
[2.627s] Level 1:colcon.colcon_core.package_identification:_identify(src/behavior_trees) by extension 'colcon_pkg'
[2.627s] Level 1:colcon.colcon_core.package_identification:_identify(src/behavior_trees) by extensions ['colcon_meta']
[2.627s] Level 1:colcon.colcon_core.package_identification:_identify(src/behavior_trees) by extension 'colcon_meta'
[2.627s] Level 1:colcon.colcon_core.package_identification:_identify(src/behavior_trees) by extensions ['ros']
[2.627s] Level 1:colcon.colcon_core.package_identification:_identify(src/behavior_trees) by extension 'ros'
[2.629s] DEBUG:colcon.colcon_core.package_identification:Package 'src/behavior_trees' with type 'ros.ament_cmake' and name 'behavior_trees'
[2.629s] Level 1:colcon.colcon_core.package_identification:_identify(src/behaviors) by extensions ['ignore', 'ignore_ament_install']
[2.629s] Level 1:colcon.colcon_core.package_identification:_identify(src/behaviors) by extension 'ignore'
[2.629s] Level 1:colcon.colcon_core.package_identification:_identify(src/behaviors) by extension 'ignore_ament_install'
[2.629s] Level 1:colcon.colcon_core.package_identification:_identify(src/behaviors) by extensions ['colcon_pkg']
[2.629s] Level 1:colcon.colcon_core.package_identification:_identify(src/behaviors) by extension 'colcon_pkg'
[2.629s] Level 1:colcon.colcon_core.package_identification:_identify(src/behaviors) by extensions ['colcon_meta']
[2.629s] Level 1:colcon.colcon_core.package_identification:_identify(src/behaviors) by extension 'colcon_meta'
[2.630s] Level 1:colcon.colcon_core.package_identification:_identify(src/behaviors) by extensions ['ros']
[2.630s] Level 1:colcon.colcon_core.package_identification:_identify(src/behaviors) by extension 'ros'
[2.630s] DEBUG:colcon.colcon_core.package_identification:Package 'src/behaviors' with type 'ros.ament_cmake' and name 'behaviors'
[2.631s] Level 1:colcon.colcon_core.package_identification:_identify(src/msgs) by extensions ['ignore', 'ignore_ament_install']
[2.631s] Level 1:colcon.colcon_core.package_identification:_identify(src/msgs) by extension 'ignore'
[2.631s] Level 1:colcon.colcon_core.package_identification:_identify(src/msgs) by extension 'ignore_ament_install'
[2.631s] Level 1:colcon.colcon_core.package_identification:_identify(src/msgs) by extensions ['colcon_pkg']
[2.631s] Level 1:colcon.colcon_core.package_identification:_identify(src/msgs) by extension 'colcon_pkg'
[2.631s] Level 1:colcon.colcon_core.package_identification:_identify(src/msgs) by extensions ['colcon_meta']
[2.631s] Level 1:colcon.colcon_core.package_identification:_identify(src/msgs) by extension 'colcon_meta'
[2.631s] Level 1:colcon.colcon_core.package_identification:_identify(src/msgs) by extensions ['ros']
[2.631s] Level 1:colcon.colcon_core.package_identification:_identify(src/msgs) by extension 'ros'
[2.632s] DEBUG:colcon.colcon_core.package_identification:Package 'src/msgs' with type 'ros.ament_cmake' and name 'msgs'
[2.632s] Level 1:colcon.colcon_core.package_identification:_identify(src/nav2_test_utils) by extensions ['ignore', 'ignore_ament_install']
[2.632s] Level 1:colcon.colcon_core.package_identification:_identify(src/nav2_test_utils) by extension 'ignore'
[2.632s] Level 1:colcon.colcon_core.package_identification:_identify(src/nav2_test_utils) by extension 'ignore_ament_install'
[2.632s] Level 1:colcon.colcon_core.package_identification:_identify(src/nav2_test_utils) by extensions ['colcon_pkg']
[2.632s] Level 1:colcon.colcon_core.package_identification:_identify(src/nav2_test_utils) by extension 'colcon_pkg'
[2.632s] Level 1:colcon.colcon_core.package_identification:_identify(src/nav2_test_utils) by extensions ['colcon_meta']
[2.632s] Level 1:colcon.colcon_core.package_identification:_identify(src/nav2_test_utils) by extension 'colcon_meta'
[2.632s] Level 1:colcon.colcon_core.package_identification:_identify(src/nav2_test_utils) by extensions ['ros']
[2.632s] Level 1:colcon.colcon_core.package_identification:_identify(src/nav2_test_utils) by extension 'ros'
[2.633s] DEBUG:colcon.colcon_core.package_identification:Package 'src/nav2_test_utils' with type 'ros.ament_cmake' and name 'nav2_test_utils'
[2.633s] Level 1:colcon.colcon_core.package_discovery:discover_packages(recursive) using defaults
[2.633s] Level 1:colcon.colcon_core.package_discovery:discover_packages(ignore) discover
[2.633s] Level 1:colcon.colcon_core.package_discovery:discover_packages(ignore) using defaults
[2.633s] Level 1:colcon.colcon_core.package_discovery:discover_packages(path) discover
[2.633s] Level 1:colcon.colcon_core.package_discovery:discover_packages(path) using defaults
[2.713s] Level 1:colcon.colcon_core.package_discovery:discover_packages(prefix_path) check parameters
[2.713s] Level 1:colcon.colcon_core.package_discovery:discover_packages(prefix_path) discover
[2.737s] DEBUG:colcon.colcon_installed_package_information.package_discovery:Found 298 installed packages in /opt/ros/foxy
[2.738s] Level 1:colcon.colcon_core.package_discovery:discover_packages(prefix_path) using defaults
[2.801s] Level 5:colcon.colcon_core.verb:set package 'behavior_trees' build argument 'cmake_args' from command line to 'None'
[2.801s] Level 5:colcon.colcon_core.verb:set package 'behavior_trees' build argument 'cmake_target' from command line to 'None'
[2.801s] Level 5:colcon.colcon_core.verb:set package 'behavior_trees' build argument 'cmake_target_skip_unavailable' from command line to 'False'
[2.801s] Level 5:colcon.colcon_core.verb:set package 'behavior_trees' build argument 'cmake_clean_cache' from command line to 'False'
[2.801s] Level 5:colcon.colcon_core.verb:set package 'behavior_trees' build argument 'cmake_clean_first' from command line to 'False'
[2.801s] Level 5:colcon.colcon_core.verb:set package 'behavior_trees' build argument 'cmake_force_configure' from command line to 'False'
[2.801s] Level 5:colcon.colcon_core.verb:set package 'behavior_trees' build argument 'ament_cmake_args' from command line to 'None'
[2.801s] Level 5:colcon.colcon_core.verb:set package 'behavior_trees' build argument 'catkin_cmake_args' from command line to 'None'
[2.801s] Level 5:colcon.colcon_core.verb:set package 'behavior_trees' build argument 'catkin_skip_building_tests' from command line to 'False'
[2.801s] DEBUG:colcon.colcon_core.verb:Building package 'behavior_trees' with the following arguments: {'ament_cmake_args': None, 'build_base': '/home/ashmitha/ros_ws/build/behavior_trees', 'catkin_cmake_args': None, 'catkin_skip_building_tests': False, 'cmake_args': None, 'cmake_clean_cache': False, 'cmake_clean_first': False, 'cmake_force_configure': False, 'cmake_target': None, 'cmake_target_skip_unavailable': False, 'install_base': '/home/ashmitha/ros_ws/install/behavior_trees', 'merge_install': False, 'path': '/home/ashmitha/ros_ws/src/behavior_trees', 'symlink_install': False, 'test_result_base': None}
[2.812s] Level 5:colcon.colcon_core.verb:set package 'msgs' build argument 'cmake_args' from command line to 'None'
[2.812s] Level 5:colcon.colcon_core.verb:set package 'msgs' build argument 'cmake_target' from command line to 'None'
[2.812s] Level 5:colcon.colcon_core.verb:set package 'msgs' build argument 'cmake_target_skip_unavailable' from command line to 'False'
[2.812s] Level 5:colcon.colcon_core.verb:set package 'msgs' build argument 'cmake_clean_cache' from command line to 'False'
[2.812s] Level 5:colcon.colcon_core.verb:set package 'msgs' build argument 'cmake_clean_first' from command line to 'False'
[2.812s] Level 5:colcon.colcon_core.verb:set package 'msgs' build argument 'cmake_force_configure' from command line to 'False'
[2.812s] Level 5:colcon.colcon_core.verb:set package 'msgs' build argument 'ament_cmake_args' from command line to 'None'
[2.812s] Level 5:colcon.colcon_core.verb:set package 'msgs' build argument 'catkin_cmake_args' from command line to 'None'
[2.812s] Level 5:colcon.colcon_core.verb:set package 'msgs' build argument 'catkin_skip_building_tests' from command line to 'False'
[2.812s] DEBUG:colcon.colcon_core.verb:Building package 'msgs' with the following arguments: {'ament_cmake_args': None, 'build_base': '/home/ashmitha/ros_ws/build/msgs', 'catkin_cmake_args': None, 'catkin_skip_building_tests': False, 'cmake_args': None, 'cmake_clean_cache': False, 'cmake_clean_first': False, 'cmake_force_configure': False, 'cmake_target': None, 'cmake_target_skip_unavailable': False, 'install_base': '/home/ashmitha/ros_ws/install/msgs', 'merge_install': False, 'path': '/home/ashmitha/ros_ws/src/msgs', 'symlink_install': False, 'test_result_base': None}
[2.822s] Level 5:colcon.colcon_core.verb:set package 'nav2_test_utils' build argument 'cmake_args' from command line to 'None'
[2.822s] Level 5:colcon.colcon_core.verb:set package 'nav2_test_utils' build argument 'cmake_target' from command line to 'None'
[2.822s] Level 5:colcon.colcon_core.verb:set package 'nav2_test_utils' build argument 'cmake_target_skip_unavailable' from command line to 'False'
[2.822s] Level 5:colcon.colcon_core.verb:set package 'nav2_test_utils' build argument 'cmake_clean_cache' from command line to 'False'
[2.822s] Level 5:colcon.colcon_core.verb:set package 'nav2_test_utils' build argument 'cmake_clean_first' from command line to 'False'
[2.822s] Level 5:colcon.colcon_core.verb:set package 'nav2_test_utils' build argument 'cmake_force_configure' from command line to 'False'
[2.822s] Level 5:colcon.colcon_core.verb:set package 'nav2_test_utils' build argument 'ament_cmake_args' from command line to 'None'
[2.822s] Level 5:colcon.colcon_core.verb:set package 'nav2_test_utils' build argument 'catkin_cmake_args' from command line to 'None'
[2.822s] Level 5:colcon.colcon_core.verb:set package 'nav2_test_utils' build argument 'catkin_skip_building_tests' from command line to 'False'
[2.822s] DEBUG:colcon.colcon_core.verb:Building package 'nav2_test_utils' with the following arguments: {'ament_cmake_args': None, 'build_base': '/home/ashmitha/ros_ws/build/nav2_test_utils', 'catkin_cmake_args': None, 'catkin_skip_building_tests': False, 'cmake_args': None, 'cmake_clean_cache': False, 'cmake_clean_first': False, 'cmake_force_configure': False, 'cmake_target': None, 'cmake_target_skip_unavailable': False, 'install_base': '/home/ashmitha/ros_ws/install/nav2_test_utils', 'merge_install': False, 'path': '/home/ashmitha/ros_ws/src/nav2_test_utils', 'symlink_install': False, 'test_result_base': None}
[2.834s] Level 5:colcon.colcon_core.verb:set package 'behaviors' build argument 'cmake_args' from command line to 'None'
[2.834s] Level 5:colcon.colcon_core.verb:set package 'behaviors' build argument 'cmake_target' from command line to 'None'
[2.834s] Level 5:colcon.colcon_core.verb:set package 'behaviors' build argument 'cmake_target_skip_unavailable' from command line to 'False'
[2.834s] Level 5:colcon.colcon_core.verb:set package 'behaviors' build argument 'cmake_clean_cache' from command line to 'False'
[2.834s] Level 5:colcon.colcon_core.verb:set package 'behaviors' build argument 'cmake_clean_first' from command line to 'False'
[2.834s] Level 5:colcon.colcon_core.verb:set package 'behaviors' build argument 'cmake_force_configure' from command line to 'False'
[2.834s] Level 5:colcon.colcon_core.verb:set package 'behaviors' build argument 'ament_cmake_args' from command line to 'None'
[2.834s] Level 5:colcon.colcon_core.verb:set package 'behaviors' build argument 'catkin_cmake_args' from command line to 'None'
[2.834s] Level 5:colcon.colcon_core.verb:set package 'behaviors' build argument 'catkin_skip_building_tests' from command line to 'False'
[2.834s] DEBUG:colcon.colcon_core.verb:Building package 'behaviors' with the following arguments: {'ament_cmake_args': None, 'build_base': '/home/ashmitha/ros_ws/build/behaviors', 'catkin_cmake_args': None, 'catkin_skip_building_tests': False, 'cmake_args': None, 'cmake_clean_cache': False, 'cmake_clean_first': False, 'cmake_force_configure': False, 'cmake_target': None, 'cmake_target_skip_unavailable': False, 'install_base': '/home/ashmitha/ros_ws/install/behaviors', 'merge_install': False, 'path': '/home/ashmitha/ros_ws/src/behaviors', 'symlink_install': False, 'test_result_base': None}
[2.845s] INFO:colcon.colcon_core.executor:Executing jobs using 'parallel' executor
[2.858s] DEBUG:colcon.colcon_parallel_executor.executor.parallel:run_until_complete
[2.859s] INFO:colcon.colcon_ros.task.ament_cmake.build:Building ROS package in '/home/ashmitha/ros_ws/src/msgs' with build type 'ament_cmake'
[2.859s] INFO:colcon.colcon_cmake.task.cmake.build:Building CMake package in '/home/ashmitha/ros_ws/src/msgs'
[2.873s] INFO:colcon.colcon_core.plugin_system:Skipping extension 'colcon_core.shell.bat': Not used on non-Windows systems
[2.873s] INFO:colcon.colcon_core.shell:Skip shell extension 'powershell' for command environment: Not usable outside of PowerShell
[2.873s] DEBUG:colcon.colcon_core.shell:Skip shell extension 'dsv' for command environment
[2.904s] INFO:colcon.colcon_ros.task.ament_cmake.build:Building ROS package in '/home/ashmitha/ros_ws/src/behavior_trees' with build type 'ament_cmake'
[2.904s] INFO:colcon.colcon_cmake.task.cmake.build:Building CMake package in '/home/ashmitha/ros_ws/src/behavior_trees'
[2.917s] INFO:colcon.colcon_core.shell:Skip shell extension 'powershell' for command environment: Not usable outside of PowerShell
[2.917s] DEBUG:colcon.colcon_core.shell:Skip shell extension 'dsv' for command environment
[2.948s] INFO:colcon.colcon_ros.task.ament_cmake.build:Building ROS package in '/home/ashmitha/ros_ws/src/nav2_test_utils' with build type 'ament_cmake'
[2.949s] INFO:colcon.colcon_cmake.task.cmake.build:Building CMake package in '/home/ashmitha/ros_ws/src/nav2_test_utils'
[2.985s] INFO:colcon.colcon_core.shell:Skip shell extension 'powershell' for command environment: Not usable outside of PowerShell
[2.985s] DEBUG:colcon.colcon_core.shell:Skip shell extension 'dsv' for command environment
[3.027s] DEBUG:colcon.colcon_core.event_handler.log_command:Invoking command in '/home/ashmitha/ros_ws/build/msgs': CMAKE_PREFIX_PATH=/opt/ros/foxy CONDA_PROMPT_MODIFIER=(base) /home/ashmitha/.local/bin/cmake --build /home/ashmitha/ros_ws/build/msgs -- -j8 -l8
[3.033s] DEBUG:colcon.colcon_core.event_handler.log_command:Invoking command in '/home/ashmitha/ros_ws/build/behavior_trees': CMAKE_PREFIX_PATH=/opt/ros/foxy CONDA_PROMPT_MODIFIER=(base) /home/ashmitha/.local/bin/cmake --build /home/ashmitha/ros_ws/build/behavior_trees -- -j8 -l8
[3.044s] DEBUG:colcon.colcon_core.event_handler.log_command:Invoking command in '/home/ashmitha/ros_ws/build/nav2_test_utils': CMAKE_PREFIX_PATH=/opt/ros/foxy CONDA_PROMPT_MODIFIER=(base) /home/ashmitha/.local/bin/cmake --build /home/ashmitha/ros_ws/build/nav2_test_utils -- -j8 -l8
[3.107s] DEBUG:colcon.colcon_core.event_handler.log_command:Invoked command in '/home/ashmitha/ros_ws/build/behavior_trees' returned '0': CMAKE_PREFIX_PATH=/opt/ros/foxy CONDA_PROMPT_MODIFIER=(base) /home/ashmitha/.local/bin/cmake --build /home/ashmitha/ros_ws/build/behavior_trees -- -j8 -l8
[3.151s] DEBUG:colcon.colcon_core.event_handler.log_command:Invoked command in '/home/ashmitha/ros_ws/build/nav2_test_utils' returned '0': CMAKE_PREFIX_PATH=/opt/ros/foxy CONDA_PROMPT_MODIFIER=(base) /home/ashmitha/.local/bin/cmake --build /home/ashmitha/ros_ws/build/nav2_test_utils -- -j8 -l8
[3.215s] DEBUG:colcon.colcon_core.event_handler.log_command:Invoking command in '/home/ashmitha/ros_ws/build/behavior_trees': CMAKE_PREFIX_PATH=/opt/ros/foxy CONDA_PROMPT_MODIFIER=(base) /home/ashmitha/.local/bin/cmake --install /home/ashmitha/ros_ws/build/behavior_trees
[3.218s] DEBUG:colcon.colcon_core.event_handler.log_command:Invoked command in '/home/ashmitha/ros_ws/build/msgs' returned '0': CMAKE_PREFIX_PATH=/opt/ros/foxy CONDA_PROMPT_MODIFIER=(base) /home/ashmitha/.local/bin/cmake --build /home/ashmitha/ros_ws/build/msgs -- -j8 -l8
[3.223s] DEBUG:colcon.colcon_core.event_handler.log_command:Invoking command in '/home/ashmitha/ros_ws/build/nav2_test_utils': CMAKE_PREFIX_PATH=/opt/ros/foxy CONDA_PROMPT_MODIFIER=(base) /home/ashmitha/.local/bin/cmake --install /home/ashmitha/ros_ws/build/nav2_test_utils
[3.252s] Level 1:colcon.colcon_core.environment:create_environment_scripts_only(behavior_trees)
[3.253s] DEBUG:colcon.colcon_core.event_handler.log_command:Invoked command in '/home/ashmitha/ros_ws/build/behavior_trees' returned '0': CMAKE_PREFIX_PATH=/opt/ros/foxy CONDA_PROMPT_MODIFIER=(base) /home/ashmitha/.local/bin/cmake --install /home/ashmitha/ros_ws/build/behavior_trees
[3.277s] Level 1:colcon.colcon_core.environment:checking '/home/ashmitha/ros_ws/install/behavior_trees' for CMake module files
[3.278s] Level 1:colcon.colcon_core.environment:checking '/home/ashmitha/ros_ws/install/behavior_trees' for CMake config files
[3.278s] Level 1:colcon.colcon_core.shell:create_environment_hook('behavior_trees', 'cmake_prefix_path')
[3.293s] INFO:colcon.colcon_core.shell:Creating environment hook '/home/ashmitha/ros_ws/install/behavior_trees/share/behavior_trees/hook/cmake_prefix_path.ps1'
[3.294s] INFO:colcon.colcon_core.shell:Creating environment descriptor '/home/ashmitha/ros_ws/install/behavior_trees/share/behavior_trees/hook/cmake_prefix_path.dsv'
[3.295s] INFO:colcon.colcon_core.shell:Creating environment hook '/home/ashmitha/ros_ws/install/behavior_trees/share/behavior_trees/hook/cmake_prefix_path.sh'
[3.296s] Level 1:colcon.colcon_core.environment:checking '/home/ashmitha/ros_ws/install/behavior_trees/bin'
[3.296s] Level 1:colcon.colcon_core.environment:checking '/home/ashmitha/ros_ws/install/behavior_trees/lib/pkgconfig/behavior_trees.pc'
[3.296s] Level 1:colcon.colcon_core.environment:checking '/home/ashmitha/ros_ws/install/behavior_trees/lib/python3.8/site-packages'
[3.296s] Level 1:colcon.colcon_core.environment:checking '/home/ashmitha/ros_ws/install/behavior_trees/bin'
[3.310s] INFO:colcon.colcon_core.shell:Creating package script '/home/ashmitha/ros_ws/install/behavior_trees/share/behavior_trees/package.ps1'
[3.311s] INFO:colcon.colcon_core.shell:Creating package descriptor '/home/ashmitha/ros_ws/install/behavior_trees/share/behavior_trees/package.dsv'
[3.312s] INFO:colcon.colcon_core.shell:Creating package script '/home/ashmitha/ros_ws/install/behavior_trees/share/behavior_trees/package.sh'
[3.312s] INFO:colcon.colcon_core.shell:Creating package script '/home/ashmitha/ros_ws/install/behavior_trees/share/behavior_trees/package.bash'
[3.313s] INFO:colcon.colcon_core.shell:Creating package script '/home/ashmitha/ros_ws/install/behavior_trees/share/behavior_trees/package.zsh'
[3.314s] Level 1:colcon.colcon_core.environment:create_file_with_runtime_dependencies(/home/ashmitha/ros_ws/install/behavior_trees/share/colcon-core/packages/behavior_trees)
[3.320s] DEBUG:colcon.colcon_core.event_handler.log_command:Invoking command in '/home/ashmitha/ros_ws/build/msgs': CMAKE_PREFIX_PATH=/opt/ros/foxy CONDA_PROMPT_MODIFIER=(base) /home/ashmitha/.local/bin/cmake --install /home/ashmitha/ros_ws/build/msgs
[3.322s] Level 1:colcon.colcon_core.environment:create_environment_scripts_only(nav2_test_utils)
[3.323s] DEBUG:colcon.colcon_core.event_handler.log_command:Invoked command in '/home/ashmitha/ros_ws/build/nav2_test_utils' returned '0': CMAKE_PREFIX_PATH=/opt/ros/foxy CONDA_PROMPT_MODIFIER=(base) /home/ashmitha/.local/bin/cmake --install /home/ashmitha/ros_ws/build/nav2_test_utils
[3.339s] Level 1:colcon.colcon_core.environment:checking '/home/ashmitha/ros_ws/install/nav2_test_utils' for CMake module files
[3.340s] Level 1:colcon.colcon_core.environment:checking '/home/ashmitha/ros_ws/install/nav2_test_utils' for CMake config files
[3.340s] Level 1:colcon.colcon_core.shell:create_environment_hook('nav2_test_utils', 'cmake_prefix_path')
[3.357s] INFO:colcon.colcon_core.shell:Creating environment hook '/home/ashmitha/ros_ws/install/nav2_test_utils/share/nav2_test_utils/hook/cmake_prefix_path.ps1'
[3.360s] INFO:colcon.colcon_core.shell:Creating environment descriptor '/home/ashmitha/ros_ws/install/nav2_test_utils/share/nav2_test_utils/hook/cmake_prefix_path.dsv'
[3.360s] INFO:colcon.colcon_core.shell:Creating environment hook '/home/ashmitha/ros_ws/install/nav2_test_utils/share/nav2_test_utils/hook/cmake_prefix_path.sh'
[3.363s] Level 1:colcon.colcon_core.environment:checking '/home/ashmitha/ros_ws/install/nav2_test_utils/lib'
[3.364s] Level 1:colcon.colcon_core.environment:checking '/home/ashmitha/ros_ws/install/nav2_test_utils/bin'
[3.364s] Level 1:colcon.colcon_core.environment:checking '/home/ashmitha/ros_ws/install/nav2_test_utils/lib/pkgconfig/nav2_test_utils.pc'
[3.364s] Level 1:colcon.colcon_core.environment:checking '/home/ashmitha/ros_ws/install/nav2_test_utils/lib/python3.8/site-packages'
[3.365s] Level 1:colcon.colcon_core.environment:checking '/home/ashmitha/ros_ws/install/nav2_test_utils/bin'
[3.389s] INFO:colcon.colcon_core.shell:Creating package script '/home/ashmitha/ros_ws/install/nav2_test_utils/share/nav2_test_utils/package.ps1'
[3.390s] INFO:colcon.colcon_core.shell:Creating package descriptor '/home/ashmitha/ros_ws/install/nav2_test_utils/share/nav2_test_utils/package.dsv'
[3.391s] INFO:colcon.colcon_core.shell:Creating package script '/home/ashmitha/ros_ws/install/nav2_test_utils/share/nav2_test_utils/package.sh'
[3.392s] INFO:colcon.colcon_core.shell:Creating package script '/home/ashmitha/ros_ws/install/nav2_test_utils/share/nav2_test_utils/package.bash'
[3.392s] INFO:colcon.colcon_core.shell:Creating package script '/home/ashmitha/ros_ws/install/nav2_test_utils/share/nav2_test_utils/package.zsh'
[3.393s] Level 1:colcon.colcon_core.environment:create_file_with_runtime_dependencies(/home/ashmitha/ros_ws/install/nav2_test_utils/share/colcon-core/packages/nav2_test_utils)
[3.424s] Level 1:colcon.colcon_core.environment:create_environment_scripts_only(behavior_trees)
[3.436s] Level 1:colcon.colcon_core.environment:checking '/home/ashmitha/ros_ws/install/behavior_trees' for CMake module files
[3.437s] Level 1:colcon.colcon_core.environment:checking '/home/ashmitha/ros_ws/install/behavior_trees' for CMake config files
[3.437s] Level 1:colcon.colcon_core.shell:create_environment_hook('behavior_trees', 'cmake_prefix_path')
[3.449s] INFO:colcon.colcon_core.shell:Creating environment hook '/home/ashmitha/ros_ws/install/behavior_trees/share/behavior_trees/hook/cmake_prefix_path.ps1'
[3.450s] INFO:colcon.colcon_core.shell:Creating environment descriptor '/home/ashmitha/ros_ws/install/behavior_trees/share/behavior_trees/hook/cmake_prefix_path.dsv'
[3.450s] INFO:colcon.colcon_core.shell:Creating environment hook '/home/ashmitha/ros_ws/install/behavior_trees/share/behavior_trees/hook/cmake_prefix_path.sh'
[3.450s] Level 1:colcon.colcon_core.environment:checking '/home/ashmitha/ros_ws/install/behavior_trees/bin'
[3.450s] Level 1:colcon.colcon_core.environment:checking '/home/ashmitha/ros_ws/install/behavior_trees/lib/pkgconfig/behavior_trees.pc'
[3.451s] Level 1:colcon.colcon_core.environment:checking '/home/ashmitha/ros_ws/install/behavior_trees/lib/python3.8/site-packages'
[3.451s] Level 1:colcon.colcon_core.environment:checking '/home/ashmitha/ros_ws/install/behavior_trees/bin'
[3.461s] INFO:colcon.colcon_core.shell:Creating package script '/home/ashmitha/ros_ws/install/behavior_trees/share/behavior_trees/package.ps1'
[3.461s] INFO:colcon.colcon_core.shell:Creating package descriptor '/home/ashmitha/ros_ws/install/behavior_trees/share/behavior_trees/package.dsv'
[3.461s] INFO:colcon.colcon_core.shell:Creating package script '/home/ashmitha/ros_ws/install/behavior_trees/share/behavior_trees/package.sh'
[3.462s] INFO:colcon.colcon_core.shell:Creating package script '/home/ashmitha/ros_ws/install/behavior_trees/share/behavior_trees/package.bash'
[3.462s] INFO:colcon.colcon_core.shell:Creating package script '/home/ashmitha/ros_ws/install/behavior_trees/share/behavior_trees/package.zsh'
[3.462s] Level 1:colcon.colcon_core.environment:create_file_with_runtime_dependencies(/home/ashmitha/ros_ws/install/behavior_trees/share/colcon-core/packages/behavior_trees)
[3.475s] Level 1:colcon.colcon_core.environment:create_environment_scripts_only(nav2_test_utils)
[3.487s] Level 1:colcon.colcon_core.environment:checking '/home/ashmitha/ros_ws/install/nav2_test_utils' for CMake module files
[3.487s] Level 1:colcon.colcon_core.environment:checking '/home/ashmitha/ros_ws/install/nav2_test_utils' for CMake config files
[3.488s] Level 1:colcon.colcon_core.shell:create_environment_hook('nav2_test_utils', 'cmake_prefix_path')
[3.502s] INFO:colcon.colcon_core.shell:Creating environment hook '/home/ashmitha/ros_ws/install/nav2_test_utils/share/nav2_test_utils/hook/cmake_prefix_path.ps1'
[3.503s] INFO:colcon.colcon_core.shell:Creating environment descriptor '/home/ashmitha/ros_ws/install/nav2_test_utils/share/nav2_test_utils/hook/cmake_prefix_path.dsv'
[3.503s] INFO:colcon.colcon_core.shell:Creating environment hook '/home/ashmitha/ros_ws/install/nav2_test_utils/share/nav2_test_utils/hook/cmake_prefix_path.sh'
[3.504s] Level 1:colcon.colcon_core.environment:checking '/home/ashmitha/ros_ws/install/nav2_test_utils/lib'
[3.504s] Level 1:colcon.colcon_core.environment:checking '/home/ashmitha/ros_ws/install/nav2_test_utils/bin'
[3.504s] Level 1:colcon.colcon_core.environment:checking '/home/ashmitha/ros_ws/install/nav2_test_utils/lib/pkgconfig/nav2_test_utils.pc'
[3.504s] Level 1:colcon.colcon_core.environment:checking '/home/ashmitha/ros_ws/install/nav2_test_utils/lib/python3.8/site-packages'
[3.504s] Level 1:colcon.colcon_core.environment:checking '/home/ashmitha/ros_ws/install/nav2_test_utils/bin'
[3.516s] INFO:colcon.colcon_core.shell:Creating package script '/home/ashmitha/ros_ws/install/nav2_test_utils/share/nav2_test_utils/package.ps1'
[3.516s] INFO:colcon.colcon_core.shell:Creating package descriptor '/home/ashmitha/ros_ws/install/nav2_test_utils/share/nav2_test_utils/package.dsv'
[3.517s] INFO:colcon.colcon_core.shell:Creating package script '/home/ashmitha/ros_ws/install/nav2_test_utils/share/nav2_test_utils/package.sh'
[3.517s] INFO:colcon.colcon_core.shell:Creating package script '/home/ashmitha/ros_ws/install/nav2_test_utils/share/nav2_test_utils/package.bash'
[3.517s] INFO:colcon.colcon_core.shell:Creating package script '/home/ashmitha/ros_ws/install/nav2_test_utils/share/nav2_test_utils/package.zsh'
[3.518s] Level 1:colcon.colcon_core.environment:create_file_with_runtime_dependencies(/home/ashmitha/ros_ws/install/nav2_test_utils/share/colcon-core/packages/nav2_test_utils)
[3.518s] Level 1:colcon.colcon_core.environment:create_environment_scripts_only(msgs)
[3.520s] DEBUG:colcon.colcon_core.event_handler.log_command:Invoked command in '/home/ashmitha/ros_ws/build/msgs' returned '0': CMAKE_PREFIX_PATH=/opt/ros/foxy CONDA_PROMPT_MODIFIER=(base) /home/ashmitha/.local/bin/cmake --install /home/ashmitha/ros_ws/build/msgs
[3.532s] Level 1:colcon.colcon_core.environment:checking '/home/ashmitha/ros_ws/install/msgs' for CMake module files
[3.532s] Level 1:colcon.colcon_core.environment:checking '/home/ashmitha/ros_ws/install/msgs' for CMake config files
[3.533s] Level 1:colcon.colcon_core.shell:create_environment_hook('msgs', 'cmake_prefix_path')
[3.544s] INFO:colcon.colcon_core.shell:Creating environment hook '/home/ashmitha/ros_ws/install/msgs/share/msgs/hook/cmake_prefix_path.ps1'
[3.544s] INFO:colcon.colcon_core.shell:Creating environment descriptor '/home/ashmitha/ros_ws/install/msgs/share/msgs/hook/cmake_prefix_path.dsv'
[3.545s] INFO:colcon.colcon_core.shell:Creating environment hook '/home/ashmitha/ros_ws/install/msgs/share/msgs/hook/cmake_prefix_path.sh'
[3.545s] Level 1:colcon.colcon_core.environment:checking '/home/ashmitha/ros_ws/install/msgs/lib'
[3.545s] Level 1:colcon.colcon_core.shell:create_environment_hook('msgs', 'ld_library_path_lib')
[3.556s] INFO:colcon.colcon_core.shell:Creating environment hook '/home/ashmitha/ros_ws/install/msgs/share/msgs/hook/ld_library_path_lib.ps1'
[3.556s] INFO:colcon.colcon_core.shell:Creating environment descriptor '/home/ashmitha/ros_ws/install/msgs/share/msgs/hook/ld_library_path_lib.dsv'
[3.556s] INFO:colcon.colcon_core.shell:Creating environment hook '/home/ashmitha/ros_ws/install/msgs/share/msgs/hook/ld_library_path_lib.sh'
[3.556s] Level 1:colcon.colcon_core.environment:checking '/home/ashmitha/ros_ws/install/msgs/bin'
[3.556s] Level 1:colcon.colcon_core.environment:checking '/home/ashmitha/ros_ws/install/msgs/lib/pkgconfig/msgs.pc'
[3.557s] Level 1:colcon.colcon_core.environment:checking '/home/ashmitha/ros_ws/install/msgs/lib/python3.8/site-packages'
[3.557s] Level 1:colcon.colcon_core.environment:checking '/home/ashmitha/ros_ws/install/msgs/bin'
[3.566s] INFO:colcon.colcon_core.shell:Creating package script '/home/ashmitha/ros_ws/install/msgs/share/msgs/package.ps1'
[3.567s] INFO:colcon.colcon_core.shell:Creating package descriptor '/home/ashmitha/ros_ws/install/msgs/share/msgs/package.dsv'
[3.567s] INFO:colcon.colcon_core.shell:Creating package script '/home/ashmitha/ros_ws/install/msgs/share/msgs/package.sh'
[3.567s] INFO:colcon.colcon_core.shell:Creating package script '/home/ashmitha/ros_ws/install/msgs/share/msgs/package.bash'
[3.568s] INFO:colcon.colcon_core.shell:Creating package script '/home/ashmitha/ros_ws/install/msgs/share/msgs/package.zsh'
[3.568s] Level 1:colcon.colcon_core.environment:create_file_with_runtime_dependencies(/home/ashmitha/ros_ws/install/msgs/share/colcon-core/packages/msgs)
[3.653s] Level 1:colcon.colcon_core.environment:create_environment_scripts_only(msgs)
[3.664s] Level 1:colcon.colcon_core.environment:checking '/home/ashmitha/ros_ws/install/msgs' for CMake module files
[3.664s] Level 1:colcon.colcon_core.environment:checking '/home/ashmitha/ros_ws/install/msgs' for CMake config files
[3.665s] Level 1:colcon.colcon_core.shell:create_environment_hook('msgs', 'cmake_prefix_path')
[3.677s] INFO:colcon.colcon_core.shell:Creating environment hook '/home/ashmitha/ros_ws/install/msgs/share/msgs/hook/cmake_prefix_path.ps1'
[3.677s] INFO:colcon.colcon_core.shell:Creating environment descriptor '/home/ashmitha/ros_ws/install/msgs/share/msgs/hook/cmake_prefix_path.dsv'
[3.678s] INFO:colcon.colcon_core.shell:Creating environment hook '/home/ashmitha/ros_ws/install/msgs/share/msgs/hook/cmake_prefix_path.sh'
[3.678s] Level 1:colcon.colcon_core.environment:checking '/home/ashmitha/ros_ws/install/msgs/lib'
[3.678s] Level 1:colcon.colcon_core.shell:create_environment_hook('msgs', 'ld_library_path_lib')
[3.690s] INFO:colcon.colcon_core.shell:Creating environment hook '/home/ashmitha/ros_ws/install/msgs/share/msgs/hook/ld_library_path_lib.ps1'
[3.691s] INFO:colcon.colcon_core.shell:Creating environment descriptor '/home/ashmitha/ros_ws/install/msgs/share/msgs/hook/ld_library_path_lib.dsv'
[3.691s] INFO:colcon.colcon_core.shell:Creating environment hook '/home/ashmitha/ros_ws/install/msgs/share/msgs/hook/ld_library_path_lib.sh'
[3.691s] Level 1:colcon.colcon_core.environment:checking '/home/ashmitha/ros_ws/install/msgs/bin'
[3.691s] Level 1:colcon.colcon_core.environment:checking '/home/ashmitha/ros_ws/install/msgs/lib/pkgconfig/msgs.pc'
[3.692s] Level 1:colcon.colcon_core.environment:checking '/home/ashmitha/ros_ws/install/msgs/lib/python3.8/site-packages'
[3.692s] Level 1:colcon.colcon_core.environment:checking '/home/ashmitha/ros_ws/install/msgs/bin'
[3.704s] INFO:colcon.colcon_core.shell:Creating package script '/home/ashmitha/ros_ws/install/msgs/share/msgs/package.ps1'
[3.705s] INFO:colcon.colcon_core.shell:Creating package descriptor '/home/ashmitha/ros_ws/install/msgs/share/msgs/package.dsv'
[3.705s] INFO:colcon.colcon_core.shell:Creating package script '/home/ashmitha/ros_ws/install/msgs/share/msgs/package.sh'
[3.706s] INFO:colcon.colcon_core.shell:Creating package script '/home/ashmitha/ros_ws/install/msgs/share/msgs/package.bash'
[3.707s] INFO:colcon.colcon_core.shell:Creating package script '/home/ashmitha/ros_ws/install/msgs/share/msgs/package.zsh'
[3.707s] Level 1:colcon.colcon_core.environment:create_file_with_runtime_dependencies(/home/ashmitha/ros_ws/install/msgs/share/colcon-core/packages/msgs)
[3.708s] INFO:colcon.colcon_ros.task.ament_cmake.build:Building ROS package in '/home/ashmitha/ros_ws/src/behaviors' with build type 'ament_cmake'
[3.708s] INFO:colcon.colcon_cmake.task.cmake.build:Building CMake package in '/home/ashmitha/ros_ws/src/behaviors'
[3.721s] INFO:colcon.colcon_core.shell:Skip shell extension 'powershell' for command environment: Not usable outside of PowerShell
[3.721s] DEBUG:colcon.colcon_core.shell:Skip shell extension 'dsv' for command environment
[3.759s] DEBUG:colcon.colcon_core.event_handler.log_command:Invoking command in '/home/ashmitha/ros_ws/build/behaviors': AMENT_PREFIX_PATH=/home/ashmitha/ros_ws/install/msgs:${AMENT_PREFIX_PATH} CMAKE_PREFIX_PATH=/home/ashmitha/ros_ws/install/msgs:/opt/ros/foxy CONDA_PROMPT_MODIFIER=(base) LD_LIBRARY_PATH=/home/ashmitha/ros_ws/install/msgs/lib:${LD_LIBRARY_PATH} PYTHONPATH=/home/ashmitha/ros_ws/install/msgs/lib/python3.11/site-packages:${PYTHONPATH} /home/ashmitha/.local/bin/cmake --build /home/ashmitha/ros_ws/build/behaviors -- -j8 -l8
[7.279s] DEBUG:colcon.colcon_core.event_handler.log_command:Invoked command in '/home/ashmitha/ros_ws/build/behaviors' returned '2': AMENT_PREFIX_PATH=/home/ashmitha/ros_ws/install/msgs:${AMENT_PREFIX_PATH} CMAKE_PREFIX_PATH=/home/ashmitha/ros_ws/install/msgs:/opt/ros/foxy CONDA_PROMPT_MODIFIER=(base) LD_LIBRARY_PATH=/home/ashmitha/ros_ws/install/msgs/lib:${LD_LIBRARY_PATH} PYTHONPATH=/home/ashmitha/ros_ws/install/msgs/lib/python3.11/site-packages:${PYTHONPATH} /home/ashmitha/.local/bin/cmake --build /home/ashmitha/ros_ws/build/behaviors -- -j8 -l8
[7.337s] Level 1:colcon.colcon_core.environment:create_environment_scripts_only(behaviors)
[7.347s] Level 1:colcon.colcon_core.environment:checking '/home/ashmitha/ros_ws/install/behaviors' for CMake module files
[7.348s] Level 1:colcon.colcon_core.environment:checking '/home/ashmitha/ros_ws/install/behaviors' for CMake config files
[7.348s] Level 1:colcon.colcon_core.shell:create_environment_hook('behaviors', 'cmake_prefix_path')
[7.358s] INFO:colcon.colcon_core.shell:Creating environment hook '/home/ashmitha/ros_ws/install/behaviors/share/behaviors/hook/cmake_prefix_path.ps1'
[7.359s] INFO:colcon.colcon_core.shell:Creating environment descriptor '/home/ashmitha/ros_ws/install/behaviors/share/behaviors/hook/cmake_prefix_path.dsv'
[7.359s] INFO:colcon.colcon_core.shell:Creating environment hook '/home/ashmitha/ros_ws/install/behaviors/share/behaviors/hook/cmake_prefix_path.sh'
[7.360s] Level 1:colcon.colcon_core.environment:checking '/home/ashmitha/ros_ws/install/behaviors/bin'
[7.360s] Level 1:colcon.colcon_core.environment:checking '/home/ashmitha/ros_ws/install/behaviors/lib/pkgconfig/behaviors.pc'
[7.360s] Level 1:colcon.colcon_core.environment:checking '/home/ashmitha/ros_ws/install/behaviors/lib/python3.8/site-packages'
[7.360s] Level 1:colcon.colcon_core.environment:checking '/home/ashmitha/ros_ws/install/behaviors/bin'
[7.371s] INFO:colcon.colcon_core.shell:Creating package script '/home/ashmitha/ros_ws/install/behaviors/share/behaviors/package.ps1'
[7.372s] INFO:colcon.colcon_core.shell:Creating package descriptor '/home/ashmitha/ros_ws/install/behaviors/share/behaviors/package.dsv'
[7.372s] INFO:colcon.colcon_core.shell:Creating package script '/home/ashmitha/ros_ws/install/behaviors/share/behaviors/package.sh'
[7.373s] INFO:colcon.colcon_core.shell:Creating package script '/home/ashmitha/ros_ws/install/behaviors/share/behaviors/package.bash'
[7.373s] INFO:colcon.colcon_core.shell:Creating package script '/home/ashmitha/ros_ws/install/behaviors/share/behaviors/package.zsh'
[7.373s] Level 1:colcon.colcon_core.environment:create_file_with_runtime_dependencies(/home/ashmitha/ros_ws/install/behaviors/share/colcon-core/packages/behaviors)
[7.384s] DEBUG:colcon.colcon_parallel_executor.executor.parallel:closing loop
[7.384s] DEBUG:colcon.colcon_parallel_executor.executor.parallel:loop closed
[7.384s] DEBUG:colcon.colcon_parallel_executor.executor.parallel:run_until_complete finished with '2'
[7.384s] DEBUG:colcon.colcon_core.event_reactor:joining thread
[7.404s] INFO:colcon.colcon_core.plugin_system:Skipping extension 'colcon_notification.desktop_notification.terminal_notifier': Not used on non-Darwin systems
[7.404s] INFO:colcon.colcon_core.plugin_system:Skipping extension 'colcon_notification.desktop_notification.win32': Not used on non-Windows systems
[7.404s] INFO:colcon.colcon_notification.desktop_notification:Sending desktop notification using 'notify2'
[7.406s] ERROR:colcon.colcon_notification.desktop_notification:Exception in desktop notification extension 'notify2': Expected a string or unicode object
Traceback (most recent call last):
  File "/usr/lib/python3/dist-packages/colcon_notification/desktop_notification/__init__.py", line 106, in notify
    retval = extension.notify(
  File "/usr/lib/python3/dist-packages/colcon_notification/desktop_notification/notify2.py", line 51, in notify
    self._last_notification.show()
  File "/usr/lib/python3/dist-packages/notify2.py", line 181, in show
    nid = dbus_iface.Notify(appname,       # app_name       (spec names)
  File "/usr/lib/python3/dist-packages/dbus/proxies.py", line 72, in __call__
    return self._proxy_method(*args, **keywords)
  File "/usr/lib/python3/dist-packages/dbus/proxies.py", line 141, in __call__
    return self._connection.call_blocking(self._named_service,
  File "/usr/lib/python3/dist-packages/dbus/connection.py", line 643, in call_blocking
    message.append(signature=signature, *args)
TypeError: Expected a string or unicode object

[7.407s] INFO:colcon.colcon_notification.desktop_notification:Sending desktop notification using 'notify_send'
[7.415s] DEBUG:colcon.colcon_core.event_reactor:joined thread
[7.429s] INFO:colcon.colcon_core.shell:Creating prefix script '/home/ashmitha/ros_ws/install/local_setup.ps1'
[7.430s] INFO:colcon.colcon_core.shell:Creating prefix util module '/home/ashmitha/ros_ws/install/_local_setup_util_ps1.py'
[7.431s] INFO:colcon.colcon_core.shell:Creating prefix chain script '/home/ashmitha/ros_ws/install/setup.ps1'
[7.443s] INFO:colcon.colcon_core.shell:Creating prefix script '/home/ashmitha/ros_ws/install/local_setup.sh'
[7.443s] INFO:colcon.colcon_core.shell:Creating prefix util module '/home/ashmitha/ros_ws/install/_local_setup_util_sh.py'
[7.444s] INFO:colcon.colcon_core.shell:Creating prefix chain script '/home/ashmitha/ros_ws/install/setup.sh'
[7.454s] INFO:colcon.colcon_core.shell:Creating prefix script '/home/ashmitha/ros_ws/install/local_setup.bash'
[7.454s] INFO:colcon.colcon_core.shell:Creating prefix chain script '/home/ashmitha/ros_ws/install/setup.bash'
[7.464s] INFO:colcon.colcon_core.shell:Creating prefix script '/home/ashmitha/ros_ws/install/local_setup.zsh'
[7.464s] INFO:colcon.colcon_core.shell:Creating prefix chain script '/home/ashmitha/ros_ws/install/setup.zsh'
