[0.047s] Invoking command in '/home/ashmitha/ros_ws/build/behaviors': AMENT_PREFIX_PATH=/home/ashmitha/ros_ws/install/msgs:${AMENT_PREFIX_PATH} CMAKE_PREFIX_PATH=/home/ashmitha/ros_ws/install/msgs:/opt/ros/foxy CONDA_PROMPT_MODIFIER=(base) LD_LIBRARY_PATH=/home/ashmitha/ros_ws/install/msgs/lib:${LD_LIBRARY_PATH} /home/ashmitha/.local/bin/cmake --build /home/ashmitha/ros_ws/build/behaviors -- -j8 -l8
[0.094s] -- Found ament_cmake: 0.9.12 (/opt/ros/foxy/share/ament_cmake/cmake)
[0.096s] [33mCMake Warning (dev) at /opt/ros/foxy/share/ament_cmake_core/cmake/core/python.cmake:22 (find_package):
[0.096s]   Policy CMP0148 is not set: The FindPythonInterp and FindPythonLibs modules
[0.096s]   are removed.  Run "cmake --help-policy CMP0148" for policy details.  Use
[0.096s]   the cmake_policy command to set the policy and suppress this warning.
[0.096s] 
[0.096s] Call Stack (most recent call first):
[0.096s]   /opt/ros/foxy/share/ament_cmake_core/cmake/core/all.cmake:53 (include)
[0.096s]   /opt/ros/foxy/share/ament_cmake_core/cmake/ament_cmake_core-extras.cmake:17 (include)
[0.096s]   /opt/ros/foxy/share/ament_cmake_core/cmake/ament_cmake_coreConfig.cmake:41 (include)
[0.096s]   /opt/ros/foxy/share/ament_cmake/cmake/ament_cmake_export_dependencies-extras.cmake:15 (find_package)
[0.096s]   /opt/ros/foxy/share/ament_cmake/cmake/ament_cmakeConfig.cmake:41 (include)
[0.096s]   CMakeLists.txt:7 (find_package)
[0.097s] This warning is for project developers.  Use -Wno-dev to suppress it.
[0.097s] [0m
[0.118s] -- Using PYTHON_EXECUTABLE: /home/ashmitha/anaconda3/bin/python3
[0.298s] -- Found nav2_common: 0.4.7 (/opt/ros/foxy/share/nav2_common/cmake)
[0.298s] -- Found rclcpp: 2.4.3 (/opt/ros/foxy/share/rclcpp/cmake)
[0.329s] -- Using all available rosidl_typesupport_c: rosidl_typesupport_fastrtps_c;rosidl_typesupport_introspection_c
[0.332s] -- Found rosidl_adapter: 1.3.1 (/opt/ros/foxy/share/rosidl_adapter/cmake)
[0.456s] -- Using all available rosidl_typesupport_cpp: rosidl_typesupport_fastrtps_cpp;rosidl_typesupport_introspection_cpp
[0.494s] -- Found rmw_implementation_cmake: 1.0.4 (/opt/ros/foxy/share/rmw_implementation_cmake/cmake)
[0.495s] -- Using RMW implementation 'rmw_fastrtps_cpp' as default
[0.598s] -- Found nav2_behavior_tree: 0.4.7 (/opt/ros/foxy/share/nav2_behavior_tree/cmake)
[1.240s] -- Found eigen3_cmake_module: 0.1.1 (/opt/ros/foxy/share/eigen3_cmake_module/cmake)
[1.525s] -- Found nav2_core: 0.4.7 (/opt/ros/foxy/share/nav2_core/cmake)
[2.402s] -- Found msgs: 0.0.0 (/home/ashmitha/ros_ws/install/msgs/share/msgs/cmake)
[9.666s] [31mCMake Error at /opt/ros/foxy/share/rosidl_cmake/cmake/rosidl_target_interfaces.cmake:44 (message):
[9.666s]   rosidl_target_interfaces() the second argument 'nav2_teleop_behavior'
[9.667s]   concatenated with the third argument 'rosidl_typesupport_cpp' using double
[9.667s]   underscores must be a valid target name
[9.667s] Call Stack (most recent call first):
[9.667s]   CMakeLists.txt:99 (rosidl_target_interfaces)
[9.667s] 
[9.667s] [0m
[9.667s] -- Configuring incomplete, errors occurred!
[9.676s] make: *** [Makefile:349: cmake_check_build_system] Error 1
[9.682s] Invoked command in '/home/ashmitha/ros_ws/build/behaviors' returned '2': AMENT_PREFIX_PATH=/home/ashmitha/ros_ws/install/msgs:${AMENT_PREFIX_PATH} CMAKE_PREFIX_PATH=/home/ashmitha/ros_ws/install/msgs:/opt/ros/foxy CONDA_PROMPT_MODIFIER=(base) LD_LIBRARY_PATH=/home/ashmitha/ros_ws/install/msgs/lib:${LD_LIBRARY_PATH} /home/ashmitha/.local/bin/cmake --build /home/ashmitha/ros_ws/build/behaviors -- -j8 -l8
