[2.295s] DEBUG:colcon:Command line arguments: ['/usr/bin/colcon', 'build']
[2.295s] DEBUG:colcon:Parsed command line arguments: Namespace(allow_overriding=[], ament_cmake_args=None, base_paths=['.'], build_base='build', catkin_cmake_args=None, catkin_skip_building_tests=False, cmake_args=None, cmake_clean_cache=False, cmake_clean_first=False, cmake_force_configure=False, cmake_target=None, cmake_target_skip_unavailable=False, continue_on_error=False, event_handlers=None, executor='parallel', ignore_user_meta=False, install_base='install', log_base=None, log_level=None, main=<bound method BuildVerb.main of <colcon_core.verb.build.BuildVerb object at 0x7f9b29e335e0>>, merge_install=False, metas=['./colcon.meta'], packages_above=None, packages_above_and_dependencies=None, packages_above_depth=None, packages_end=None, packages_ignore=None, packages_ignore_regex=None, packages_select=None, packages_select_build_failed=False, packages_select_by_dep=None, packages_select_regex=None, packages_select_test_failures=False, packages_skip=None, packages_skip_build_finished=False, packages_skip_by_dep=None, packages_skip_regex=None, packages_skip_test_passed=False, packages_skip_up_to=None, packages_start=None, packages_up_to=None, packages_up_to_regex=None, parallel_workers=8, paths=None, symlink_install=False, test_result_base=None, verb_extension=<colcon_core.verb.build.BuildVerb object at 0x7f9b29e335e0>, verb_name='build', verb_parser=<colcon_defaults.argument_parser.defaults.DefaultArgumentsDecorator object at 0x7f9b29a4ad30>)
[2.392s] Level 1:colcon.colcon_core.package_discovery:discover_packages(colcon_meta) check parameters
[2.392s] Level 1:colcon.colcon_core.package_discovery:discover_packages(recursive) check parameters
[2.392s] Level 1:colcon.colcon_core.package_discovery:discover_packages(ignore) check parameters
[2.392s] Level 1:colcon.colcon_core.package_discovery:discover_packages(path) check parameters
[2.392s] Level 1:colcon.colcon_core.package_discovery:discover_packages(colcon_meta) discover
[2.392s] Level 1:colcon.colcon_core.package_discovery:discover_packages(recursive) discover
[2.392s] INFO:colcon.colcon_core.package_discovery:Crawling recursively for packages in '/home/ashmitha/ros_ws'
[2.392s] Level 1:colcon.colcon_core.package_identification:_identify(.) by extensions ['ignore', 'ignore_ament_install']
[2.392s] Level 1:colcon.colcon_core.package_identification:_identify(.) by extension 'ignore'
[2.392s] Level 1:colcon.colcon_core.package_identification:_identify(.) by extension 'ignore_ament_install'
[2.392s] Level 1:colcon.colcon_core.package_identification:_identify(.) by extensions ['colcon_pkg']
[2.392s] Level 1:colcon.colcon_core.package_identification:_identify(.) by extension 'colcon_pkg'
[2.392s] Level 1:colcon.colcon_core.package_identification:_identify(.) by extensions ['colcon_meta']
[2.393s] Level 1:colcon.colcon_core.package_identification:_identify(.) by extension 'colcon_meta'
[2.393s] Level 1:colcon.colcon_core.package_identification:_identify(.) by extensions ['ros']
[2.393s] Level 1:colcon.colcon_core.package_identification:_identify(.) by extension 'ros'
[2.411s] Level 1:colcon.colcon_core.package_identification:_identify(.) by extensions ['cmake', 'python']
[2.411s] Level 1:colcon.colcon_core.package_identification:_identify(.) by extension 'cmake'
[2.411s] Level 1:colcon.colcon_core.package_identification:_identify(.) by extension 'python'
[2.411s] Level 1:colcon.colcon_core.package_identification:_identify(.) by extensions ['python_setup_py']
[2.411s] Level 1:colcon.colcon_core.package_identification:_identify(.) by extension 'python_setup_py'
[2.411s] Level 1:colcon.colcon_core.package_identification:_identify(build) by extensions ['ignore', 'ignore_ament_install']
[2.411s] Level 1:colcon.colcon_core.package_identification:_identify(build) by extension 'ignore'
[2.411s] Level 1:colcon.colcon_core.package_identification:_identify(build) ignored
[2.411s] Level 1:colcon.colcon_core.package_identification:_identify(install) by extensions ['ignore', 'ignore_ament_install']
[2.411s] Level 1:colcon.colcon_core.package_identification:_identify(install) by extension 'ignore'
[2.411s] Level 1:colcon.colcon_core.package_identification:_identify(install) ignored
[2.412s] Level 1:colcon.colcon_core.package_identification:_identify(log) by extensions ['ignore', 'ignore_ament_install']
[2.412s] Level 1:colcon.colcon_core.package_identification:_identify(log) by extension 'ignore'
[2.412s] Level 1:colcon.colcon_core.package_identification:_identify(log) ignored
[2.412s] Level 1:colcon.colcon_core.package_identification:_identify(src) by extensions ['ignore', 'ignore_ament_install']
[2.412s] Level 1:colcon.colcon_core.package_identification:_identify(src) by extension 'ignore'
[2.412s] Level 1:colcon.colcon_core.package_identification:_identify(src) by extension 'ignore_ament_install'
[2.412s] Level 1:colcon.colcon_core.package_identification:_identify(src) by extensions ['colcon_pkg']
[2.412s] Level 1:colcon.colcon_core.package_identification:_identify(src) by extension 'colcon_pkg'
[2.412s] Level 1:colcon.colcon_core.package_identification:_identify(src) by extensions ['colcon_meta']
[2.412s] Level 1:colcon.colcon_core.package_identification:_identify(src) by extension 'colcon_meta'
[2.412s] Level 1:colcon.colcon_core.package_identification:_identify(src) by extensions ['ros']
[2.412s] Level 1:colcon.colcon_core.package_identification:_identify(src) by extension 'ros'
[2.412s] Level 1:colcon.colcon_core.package_identification:_identify(src) by extensions ['cmake', 'python']
[2.412s] Level 1:colcon.colcon_core.package_identification:_identify(src) by extension 'cmake'
[2.412s] Level 1:colcon.colcon_core.package_identification:_identify(src) by extension 'python'
[2.412s] Level 1:colcon.colcon_core.package_identification:_identify(src) by extensions ['python_setup_py']
[2.412s] Level 1:colcon.colcon_core.package_identification:_identify(src) by extension 'python_setup_py'
[2.413s] Level 1:colcon.colcon_core.package_identification:_identify(src/behavior_trees) by extensions ['ignore', 'ignore_ament_install']
[2.413s] Level 1:colcon.colcon_core.package_identification:_identify(src/behavior_trees) by extension 'ignore'
[2.413s] Level 1:colcon.colcon_core.package_identification:_identify(src/behavior_trees) by extension 'ignore_ament_install'
[2.413s] Level 1:colcon.colcon_core.package_identification:_identify(src/behavior_trees) by extensions ['colcon_pkg']
[2.413s] Level 1:colcon.colcon_core.package_identification:_identify(src/behavior_trees) by extension 'colcon_pkg'
[2.413s] Level 1:colcon.colcon_core.package_identification:_identify(src/behavior_trees) by extensions ['colcon_meta']
[2.413s] Level 1:colcon.colcon_core.package_identification:_identify(src/behavior_trees) by extension 'colcon_meta'
[2.413s] Level 1:colcon.colcon_core.package_identification:_identify(src/behavior_trees) by extensions ['ros']
[2.413s] Level 1:colcon.colcon_core.package_identification:_identify(src/behavior_trees) by extension 'ros'
[2.415s] DEBUG:colcon.colcon_core.package_identification:Package 'src/behavior_trees' with type 'ros.ament_cmake' and name 'behavior_trees'
[2.416s] Level 1:colcon.colcon_core.package_identification:_identify(src/behaviors) by extensions ['ignore', 'ignore_ament_install']
[2.416s] Level 1:colcon.colcon_core.package_identification:_identify(src/behaviors) by extension 'ignore'
[2.416s] Level 1:colcon.colcon_core.package_identification:_identify(src/behaviors) by extension 'ignore_ament_install'
[2.416s] Level 1:colcon.colcon_core.package_identification:_identify(src/behaviors) by extensions ['colcon_pkg']
[2.416s] Level 1:colcon.colcon_core.package_identification:_identify(src/behaviors) by extension 'colcon_pkg'
[2.416s] Level 1:colcon.colcon_core.package_identification:_identify(src/behaviors) by extensions ['colcon_meta']
[2.416s] Level 1:colcon.colcon_core.package_identification:_identify(src/behaviors) by extension 'colcon_meta'
[2.416s] Level 1:colcon.colcon_core.package_identification:_identify(src/behaviors) by extensions ['ros']
[2.416s] Level 1:colcon.colcon_core.package_identification:_identify(src/behaviors) by extension 'ros'
[2.417s] DEBUG:colcon.colcon_core.package_identification:Package 'src/behaviors' with type 'ros.ament_cmake' and name 'behaviors'
[2.417s] Level 1:colcon.colcon_core.package_identification:_identify(src/msgs) by extensions ['ignore', 'ignore_ament_install']
[2.417s] Level 1:colcon.colcon_core.package_identification:_identify(src/msgs) by extension 'ignore'
[2.417s] Level 1:colcon.colcon_core.package_identification:_identify(src/msgs) by extension 'ignore_ament_install'
[2.417s] Level 1:colcon.colcon_core.package_identification:_identify(src/msgs) by extensions ['colcon_pkg']
[2.417s] Level 1:colcon.colcon_core.package_identification:_identify(src/msgs) by extension 'colcon_pkg'
[2.417s] Level 1:colcon.colcon_core.package_identification:_identify(src/msgs) by extensions ['colcon_meta']
[2.417s] Level 1:colcon.colcon_core.package_identification:_identify(src/msgs) by extension 'colcon_meta'
[2.418s] Level 1:colcon.colcon_core.package_identification:_identify(src/msgs) by extensions ['ros']
[2.418s] Level 1:colcon.colcon_core.package_identification:_identify(src/msgs) by extension 'ros'
[2.418s] DEBUG:colcon.colcon_core.package_identification:Package 'src/msgs' with type 'ros.ament_cmake' and name 'msgs'
[2.419s] Level 1:colcon.colcon_core.package_identification:_identify(src/nav2_test_utils) by extensions ['ignore', 'ignore_ament_install']
[2.419s] Level 1:colcon.colcon_core.package_identification:_identify(src/nav2_test_utils) by extension 'ignore'
[2.419s] Level 1:colcon.colcon_core.package_identification:_identify(src/nav2_test_utils) by extension 'ignore_ament_install'
[2.419s] Level 1:colcon.colcon_core.package_identification:_identify(src/nav2_test_utils) by extensions ['colcon_pkg']
[2.419s] Level 1:colcon.colcon_core.package_identification:_identify(src/nav2_test_utils) by extension 'colcon_pkg'
[2.419s] Level 1:colcon.colcon_core.package_identification:_identify(src/nav2_test_utils) by extensions ['colcon_meta']
[2.419s] Level 1:colcon.colcon_core.package_identification:_identify(src/nav2_test_utils) by extension 'colcon_meta'
[2.419s] Level 1:colcon.colcon_core.package_identification:_identify(src/nav2_test_utils) by extensions ['ros']
[2.419s] Level 1:colcon.colcon_core.package_identification:_identify(src/nav2_test_utils) by extension 'ros'
[2.420s] DEBUG:colcon.colcon_core.package_identification:Package 'src/nav2_test_utils' with type 'ros.ament_cmake' and name 'nav2_test_utils'
[2.420s] Level 1:colcon.colcon_core.package_discovery:discover_packages(recursive) using defaults
[2.420s] Level 1:colcon.colcon_core.package_discovery:discover_packages(ignore) discover
[2.420s] Level 1:colcon.colcon_core.package_discovery:discover_packages(ignore) using defaults
[2.420s] Level 1:colcon.colcon_core.package_discovery:discover_packages(path) discover
[2.420s] Level 1:colcon.colcon_core.package_discovery:discover_packages(path) using defaults
[2.485s] Level 1:colcon.colcon_core.package_discovery:discover_packages(prefix_path) check parameters
[2.485s] Level 1:colcon.colcon_core.package_discovery:discover_packages(prefix_path) discover
[2.504s] DEBUG:colcon.colcon_installed_package_information.package_discovery:Found 298 installed packages in /opt/ros/foxy
[2.505s] Level 1:colcon.colcon_core.package_discovery:discover_packages(prefix_path) using defaults
[2.566s] Level 5:colcon.colcon_core.verb:set package 'behavior_trees' build argument 'cmake_args' from command line to 'None'
[2.566s] Level 5:colcon.colcon_core.verb:set package 'behavior_trees' build argument 'cmake_target' from command line to 'None'
[2.566s] Level 5:colcon.colcon_core.verb:set package 'behavior_trees' build argument 'cmake_target_skip_unavailable' from command line to 'False'
[2.566s] Level 5:colcon.colcon_core.verb:set package 'behavior_trees' build argument 'cmake_clean_cache' from command line to 'False'
[2.566s] Level 5:colcon.colcon_core.verb:set package 'behavior_trees' build argument 'cmake_clean_first' from command line to 'False'
[2.566s] Level 5:colcon.colcon_core.verb:set package 'behavior_trees' build argument 'cmake_force_configure' from command line to 'False'
[2.566s] Level 5:colcon.colcon_core.verb:set package 'behavior_trees' build argument 'ament_cmake_args' from command line to 'None'
[2.566s] Level 5:colcon.colcon_core.verb:set package 'behavior_trees' build argument 'catkin_cmake_args' from command line to 'None'
[2.566s] Level 5:colcon.colcon_core.verb:set package 'behavior_trees' build argument 'catkin_skip_building_tests' from command line to 'False'
[2.566s] DEBUG:colcon.colcon_core.verb:Building package 'behavior_trees' with the following arguments: {'ament_cmake_args': None, 'build_base': '/home/ashmitha/ros_ws/build/behavior_trees', 'catkin_cmake_args': None, 'catkin_skip_building_tests': False, 'cmake_args': None, 'cmake_clean_cache': False, 'cmake_clean_first': False, 'cmake_force_configure': False, 'cmake_target': None, 'cmake_target_skip_unavailable': False, 'install_base': '/home/ashmitha/ros_ws/install/behavior_trees', 'merge_install': False, 'path': '/home/ashmitha/ros_ws/src/behavior_trees', 'symlink_install': False, 'test_result_base': None}
[2.575s] Level 5:colcon.colcon_core.verb:set package 'msgs' build argument 'cmake_args' from command line to 'None'
[2.575s] Level 5:colcon.colcon_core.verb:set package 'msgs' build argument 'cmake_target' from command line to 'None'
[2.575s] Level 5:colcon.colcon_core.verb:set package 'msgs' build argument 'cmake_target_skip_unavailable' from command line to 'False'
[2.575s] Level 5:colcon.colcon_core.verb:set package 'msgs' build argument 'cmake_clean_cache' from command line to 'False'
[2.575s] Level 5:colcon.colcon_core.verb:set package 'msgs' build argument 'cmake_clean_first' from command line to 'False'
[2.575s] Level 5:colcon.colcon_core.verb:set package 'msgs' build argument 'cmake_force_configure' from command line to 'False'
[2.575s] Level 5:colcon.colcon_core.verb:set package 'msgs' build argument 'ament_cmake_args' from command line to 'None'
[2.575s] Level 5:colcon.colcon_core.verb:set package 'msgs' build argument 'catkin_cmake_args' from command line to 'None'
[2.575s] Level 5:colcon.colcon_core.verb:set package 'msgs' build argument 'catkin_skip_building_tests' from command line to 'False'
[2.575s] DEBUG:colcon.colcon_core.verb:Building package 'msgs' with the following arguments: {'ament_cmake_args': None, 'build_base': '/home/ashmitha/ros_ws/build/msgs', 'catkin_cmake_args': None, 'catkin_skip_building_tests': False, 'cmake_args': None, 'cmake_clean_cache': False, 'cmake_clean_first': False, 'cmake_force_configure': False, 'cmake_target': None, 'cmake_target_skip_unavailable': False, 'install_base': '/home/ashmitha/ros_ws/install/msgs', 'merge_install': False, 'path': '/home/ashmitha/ros_ws/src/msgs', 'symlink_install': False, 'test_result_base': None}
[2.583s] Level 5:colcon.colcon_core.verb:set package 'nav2_test_utils' build argument 'cmake_args' from command line to 'None'
[2.583s] Level 5:colcon.colcon_core.verb:set package 'nav2_test_utils' build argument 'cmake_target' from command line to 'None'
[2.583s] Level 5:colcon.colcon_core.verb:set package 'nav2_test_utils' build argument 'cmake_target_skip_unavailable' from command line to 'False'
[2.583s] Level 5:colcon.colcon_core.verb:set package 'nav2_test_utils' build argument 'cmake_clean_cache' from command line to 'False'
[2.583s] Level 5:colcon.colcon_core.verb:set package 'nav2_test_utils' build argument 'cmake_clean_first' from command line to 'False'
[2.583s] Level 5:colcon.colcon_core.verb:set package 'nav2_test_utils' build argument 'cmake_force_configure' from command line to 'False'
[2.583s] Level 5:colcon.colcon_core.verb:set package 'nav2_test_utils' build argument 'ament_cmake_args' from command line to 'None'
[2.583s] Level 5:colcon.colcon_core.verb:set package 'nav2_test_utils' build argument 'catkin_cmake_args' from command line to 'None'
[2.583s] Level 5:colcon.colcon_core.verb:set package 'nav2_test_utils' build argument 'catkin_skip_building_tests' from command line to 'False'
[2.583s] DEBUG:colcon.colcon_core.verb:Building package 'nav2_test_utils' with the following arguments: {'ament_cmake_args': None, 'build_base': '/home/ashmitha/ros_ws/build/nav2_test_utils', 'catkin_cmake_args': None, 'catkin_skip_building_tests': False, 'cmake_args': None, 'cmake_clean_cache': False, 'cmake_clean_first': False, 'cmake_force_configure': False, 'cmake_target': None, 'cmake_target_skip_unavailable': False, 'install_base': '/home/ashmitha/ros_ws/install/nav2_test_utils', 'merge_install': False, 'path': '/home/ashmitha/ros_ws/src/nav2_test_utils', 'symlink_install': False, 'test_result_base': None}
[2.591s] Level 5:colcon.colcon_core.verb:set package 'behaviors' build argument 'cmake_args' from command line to 'None'
[2.591s] Level 5:colcon.colcon_core.verb:set package 'behaviors' build argument 'cmake_target' from command line to 'None'
[2.591s] Level 5:colcon.colcon_core.verb:set package 'behaviors' build argument 'cmake_target_skip_unavailable' from command line to 'False'
[2.591s] Level 5:colcon.colcon_core.verb:set package 'behaviors' build argument 'cmake_clean_cache' from command line to 'False'
[2.591s] Level 5:colcon.colcon_core.verb:set package 'behaviors' build argument 'cmake_clean_first' from command line to 'False'
[2.591s] Level 5:colcon.colcon_core.verb:set package 'behaviors' build argument 'cmake_force_configure' from command line to 'False'
[2.591s] Level 5:colcon.colcon_core.verb:set package 'behaviors' build argument 'ament_cmake_args' from command line to 'None'
[2.591s] Level 5:colcon.colcon_core.verb:set package 'behaviors' build argument 'catkin_cmake_args' from command line to 'None'
[2.591s] Level 5:colcon.colcon_core.verb:set package 'behaviors' build argument 'catkin_skip_building_tests' from command line to 'False'
[2.591s] DEBUG:colcon.colcon_core.verb:Building package 'behaviors' with the following arguments: {'ament_cmake_args': None, 'build_base': '/home/ashmitha/ros_ws/build/behaviors', 'catkin_cmake_args': None, 'catkin_skip_building_tests': False, 'cmake_args': None, 'cmake_clean_cache': False, 'cmake_clean_first': False, 'cmake_force_configure': False, 'cmake_target': None, 'cmake_target_skip_unavailable': False, 'install_base': '/home/ashmitha/ros_ws/install/behaviors', 'merge_install': False, 'path': '/home/ashmitha/ros_ws/src/behaviors', 'symlink_install': False, 'test_result_base': None}
[2.599s] INFO:colcon.colcon_core.executor:Executing jobs using 'parallel' executor
[2.608s] DEBUG:colcon.colcon_parallel_executor.executor.parallel:run_until_complete
[2.608s] INFO:colcon.colcon_ros.task.ament_cmake.build:Building ROS package in '/home/ashmitha/ros_ws/src/msgs' with build type 'ament_cmake'
[2.608s] INFO:colcon.colcon_cmake.task.cmake.build:Building CMake package in '/home/ashmitha/ros_ws/src/msgs'
[2.621s] INFO:colcon.colcon_core.plugin_system:Skipping extension 'colcon_core.shell.bat': Not used on non-Windows systems
[2.621s] INFO:colcon.colcon_core.shell:Skip shell extension 'powershell' for command environment: Not usable outside of PowerShell
[2.621s] DEBUG:colcon.colcon_core.shell:Skip shell extension 'dsv' for command environment
[2.645s] INFO:colcon.colcon_ros.task.ament_cmake.build:Building ROS package in '/home/ashmitha/ros_ws/src/behavior_trees' with build type 'ament_cmake'
[2.645s] INFO:colcon.colcon_cmake.task.cmake.build:Building CMake package in '/home/ashmitha/ros_ws/src/behavior_trees'
[2.656s] INFO:colcon.colcon_core.shell:Skip shell extension 'powershell' for command environment: Not usable outside of PowerShell
[2.656s] DEBUG:colcon.colcon_core.shell:Skip shell extension 'dsv' for command environment
[2.679s] INFO:colcon.colcon_ros.task.ament_cmake.build:Building ROS package in '/home/ashmitha/ros_ws/src/nav2_test_utils' with build type 'ament_cmake'
[2.680s] INFO:colcon.colcon_cmake.task.cmake.build:Building CMake package in '/home/ashmitha/ros_ws/src/nav2_test_utils'
[2.702s] INFO:colcon.colcon_core.shell:Skip shell extension 'powershell' for command environment: Not usable outside of PowerShell
[2.702s] DEBUG:colcon.colcon_core.shell:Skip shell extension 'dsv' for command environment
[2.731s] DEBUG:colcon.colcon_core.event_handler.log_command:Invoking command in '/home/ashmitha/ros_ws/build/msgs': CMAKE_PREFIX_PATH=/opt/ros/foxy CONDA_PROMPT_MODIFIER=(base) /home/ashmitha/.local/bin/cmake --build /home/ashmitha/ros_ws/build/msgs -- -j8 -l8
[2.742s] DEBUG:colcon.colcon_core.event_handler.log_command:Invoking command in '/home/ashmitha/ros_ws/build/behavior_trees': CMAKE_PREFIX_PATH=/opt/ros/foxy CONDA_PROMPT_MODIFIER=(base) /home/ashmitha/.local/bin/cmake --build /home/ashmitha/ros_ws/build/behavior_trees -- -j8 -l8
[2.748s] DEBUG:colcon.colcon_core.event_handler.log_command:Invoking command in '/home/ashmitha/ros_ws/build/nav2_test_utils': CMAKE_PREFIX_PATH=/opt/ros/foxy CONDA_PROMPT_MODIFIER=(base) /home/ashmitha/.local/bin/cmake --build /home/ashmitha/ros_ws/build/nav2_test_utils -- -j8 -l8
[2.828s] DEBUG:colcon.colcon_core.event_handler.log_command:Invoked command in '/home/ashmitha/ros_ws/build/behavior_trees' returned '0': CMAKE_PREFIX_PATH=/opt/ros/foxy CONDA_PROMPT_MODIFIER=(base) /home/ashmitha/.local/bin/cmake --build /home/ashmitha/ros_ws/build/behavior_trees -- -j8 -l8
[2.871s] DEBUG:colcon.colcon_core.event_handler.log_command:Invoked command in '/home/ashmitha/ros_ws/build/nav2_test_utils' returned '0': CMAKE_PREFIX_PATH=/opt/ros/foxy CONDA_PROMPT_MODIFIER=(base) /home/ashmitha/.local/bin/cmake --build /home/ashmitha/ros_ws/build/nav2_test_utils -- -j8 -l8
[2.919s] DEBUG:colcon.colcon_core.event_handler.log_command:Invoking command in '/home/ashmitha/ros_ws/build/behavior_trees': CMAKE_PREFIX_PATH=/opt/ros/foxy CONDA_PROMPT_MODIFIER=(base) /home/ashmitha/.local/bin/cmake --install /home/ashmitha/ros_ws/build/behavior_trees
[2.924s] DEBUG:colcon.colcon_core.event_handler.log_command:Invoking command in '/home/ashmitha/ros_ws/build/nav2_test_utils': CMAKE_PREFIX_PATH=/opt/ros/foxy CONDA_PROMPT_MODIFIER=(base) /home/ashmitha/.local/bin/cmake --install /home/ashmitha/ros_ws/build/nav2_test_utils
[2.931s] DEBUG:colcon.colcon_core.event_handler.log_command:Invoked command in '/home/ashmitha/ros_ws/build/msgs' returned '0': CMAKE_PREFIX_PATH=/opt/ros/foxy CONDA_PROMPT_MODIFIER=(base) /home/ashmitha/.local/bin/cmake --build /home/ashmitha/ros_ws/build/msgs -- -j8 -l8
[2.955s] Level 1:colcon.colcon_core.environment:create_environment_scripts_only(behavior_trees)
[2.956s] DEBUG:colcon.colcon_core.event_handler.log_command:Invoked command in '/home/ashmitha/ros_ws/build/behavior_trees' returned '0': CMAKE_PREFIX_PATH=/opt/ros/foxy CONDA_PROMPT_MODIFIER=(base) /home/ashmitha/.local/bin/cmake --install /home/ashmitha/ros_ws/build/behavior_trees
[2.977s] Level 1:colcon.colcon_core.environment:checking '/home/ashmitha/ros_ws/install/behavior_trees' for CMake module files
[2.977s] Level 1:colcon.colcon_core.environment:checking '/home/ashmitha/ros_ws/install/behavior_trees' for CMake config files
[2.978s] Level 1:colcon.colcon_core.shell:create_environment_hook('behavior_trees', 'cmake_prefix_path')
[2.990s] INFO:colcon.colcon_core.shell:Creating environment hook '/home/ashmitha/ros_ws/install/behavior_trees/share/behavior_trees/hook/cmake_prefix_path.ps1'
[2.991s] INFO:colcon.colcon_core.shell:Creating environment descriptor '/home/ashmitha/ros_ws/install/behavior_trees/share/behavior_trees/hook/cmake_prefix_path.dsv'
[2.992s] INFO:colcon.colcon_core.shell:Creating environment hook '/home/ashmitha/ros_ws/install/behavior_trees/share/behavior_trees/hook/cmake_prefix_path.sh'
[2.992s] Level 1:colcon.colcon_core.environment:checking '/home/ashmitha/ros_ws/install/behavior_trees/bin'
[2.992s] Level 1:colcon.colcon_core.environment:checking '/home/ashmitha/ros_ws/install/behavior_trees/lib/pkgconfig/behavior_trees.pc'
[2.993s] Level 1:colcon.colcon_core.environment:checking '/home/ashmitha/ros_ws/install/behavior_trees/lib/python3.8/site-packages'
[2.993s] Level 1:colcon.colcon_core.environment:checking '/home/ashmitha/ros_ws/install/behavior_trees/bin'
[3.004s] INFO:colcon.colcon_core.shell:Creating package script '/home/ashmitha/ros_ws/install/behavior_trees/share/behavior_trees/package.ps1'
[3.005s] INFO:colcon.colcon_core.shell:Creating package descriptor '/home/ashmitha/ros_ws/install/behavior_trees/share/behavior_trees/package.dsv'
[3.005s] INFO:colcon.colcon_core.shell:Creating package script '/home/ashmitha/ros_ws/install/behavior_trees/share/behavior_trees/package.sh'
[3.006s] INFO:colcon.colcon_core.shell:Creating package script '/home/ashmitha/ros_ws/install/behavior_trees/share/behavior_trees/package.bash'
[3.007s] INFO:colcon.colcon_core.shell:Creating package script '/home/ashmitha/ros_ws/install/behavior_trees/share/behavior_trees/package.zsh'
[3.007s] Level 1:colcon.colcon_core.environment:create_file_with_runtime_dependencies(/home/ashmitha/ros_ws/install/behavior_trees/share/colcon-core/packages/behavior_trees)
[3.013s] DEBUG:colcon.colcon_core.event_handler.log_command:Invoking command in '/home/ashmitha/ros_ws/build/msgs': CMAKE_PREFIX_PATH=/opt/ros/foxy CONDA_PROMPT_MODIFIER=(base) /home/ashmitha/.local/bin/cmake --install /home/ashmitha/ros_ws/build/msgs
[3.014s] Level 1:colcon.colcon_core.environment:create_environment_scripts_only(nav2_test_utils)
[3.015s] DEBUG:colcon.colcon_core.event_handler.log_command:Invoked command in '/home/ashmitha/ros_ws/build/nav2_test_utils' returned '0': CMAKE_PREFIX_PATH=/opt/ros/foxy CONDA_PROMPT_MODIFIER=(base) /home/ashmitha/.local/bin/cmake --install /home/ashmitha/ros_ws/build/nav2_test_utils
[3.028s] Level 1:colcon.colcon_core.environment:checking '/home/ashmitha/ros_ws/install/nav2_test_utils' for CMake module files
[3.029s] Level 1:colcon.colcon_core.environment:checking '/home/ashmitha/ros_ws/install/nav2_test_utils' for CMake config files
[3.029s] Level 1:colcon.colcon_core.shell:create_environment_hook('nav2_test_utils', 'cmake_prefix_path')
[3.044s] INFO:colcon.colcon_core.shell:Creating environment hook '/home/ashmitha/ros_ws/install/nav2_test_utils/share/nav2_test_utils/hook/cmake_prefix_path.ps1'
[3.047s] INFO:colcon.colcon_core.shell:Creating environment descriptor '/home/ashmitha/ros_ws/install/nav2_test_utils/share/nav2_test_utils/hook/cmake_prefix_path.dsv'
[3.049s] INFO:colcon.colcon_core.shell:Creating environment hook '/home/ashmitha/ros_ws/install/nav2_test_utils/share/nav2_test_utils/hook/cmake_prefix_path.sh'
[3.052s] Level 1:colcon.colcon_core.environment:checking '/home/ashmitha/ros_ws/install/nav2_test_utils/lib'
[3.053s] Level 1:colcon.colcon_core.environment:checking '/home/ashmitha/ros_ws/install/nav2_test_utils/bin'
[3.053s] Level 1:colcon.colcon_core.environment:checking '/home/ashmitha/ros_ws/install/nav2_test_utils/lib/pkgconfig/nav2_test_utils.pc'
[3.053s] Level 1:colcon.colcon_core.environment:checking '/home/ashmitha/ros_ws/install/nav2_test_utils/lib/python3.8/site-packages'
[3.053s] Level 1:colcon.colcon_core.environment:checking '/home/ashmitha/ros_ws/install/nav2_test_utils/bin'
[3.065s] INFO:colcon.colcon_core.shell:Creating package script '/home/ashmitha/ros_ws/install/nav2_test_utils/share/nav2_test_utils/package.ps1'
[3.066s] INFO:colcon.colcon_core.shell:Creating package descriptor '/home/ashmitha/ros_ws/install/nav2_test_utils/share/nav2_test_utils/package.dsv'
[3.066s] INFO:colcon.colcon_core.shell:Creating package script '/home/ashmitha/ros_ws/install/nav2_test_utils/share/nav2_test_utils/package.sh'
[3.067s] INFO:colcon.colcon_core.shell:Creating package script '/home/ashmitha/ros_ws/install/nav2_test_utils/share/nav2_test_utils/package.bash'
[3.067s] INFO:colcon.colcon_core.shell:Creating package script '/home/ashmitha/ros_ws/install/nav2_test_utils/share/nav2_test_utils/package.zsh'
[3.067s] Level 1:colcon.colcon_core.environment:create_file_with_runtime_dependencies(/home/ashmitha/ros_ws/install/nav2_test_utils/share/colcon-core/packages/nav2_test_utils)
[3.083s] Level 1:colcon.colcon_core.environment:create_environment_scripts_only(behavior_trees)
[3.104s] Level 1:colcon.colcon_core.environment:checking '/home/ashmitha/ros_ws/install/behavior_trees' for CMake module files
[3.104s] Level 1:colcon.colcon_core.environment:checking '/home/ashmitha/ros_ws/install/behavior_trees' for CMake config files
[3.104s] Level 1:colcon.colcon_core.shell:create_environment_hook('behavior_trees', 'cmake_prefix_path')
[3.117s] INFO:colcon.colcon_core.shell:Creating environment hook '/home/ashmitha/ros_ws/install/behavior_trees/share/behavior_trees/hook/cmake_prefix_path.ps1'
[3.118s] INFO:colcon.colcon_core.shell:Creating environment descriptor '/home/ashmitha/ros_ws/install/behavior_trees/share/behavior_trees/hook/cmake_prefix_path.dsv'
[3.118s] INFO:colcon.colcon_core.shell:Creating environment hook '/home/ashmitha/ros_ws/install/behavior_trees/share/behavior_trees/hook/cmake_prefix_path.sh'
[3.118s] Level 1:colcon.colcon_core.environment:checking '/home/ashmitha/ros_ws/install/behavior_trees/bin'
[3.118s] Level 1:colcon.colcon_core.environment:checking '/home/ashmitha/ros_ws/install/behavior_trees/lib/pkgconfig/behavior_trees.pc'
[3.119s] Level 1:colcon.colcon_core.environment:checking '/home/ashmitha/ros_ws/install/behavior_trees/lib/python3.8/site-packages'
[3.119s] Level 1:colcon.colcon_core.environment:checking '/home/ashmitha/ros_ws/install/behavior_trees/bin'
[3.128s] INFO:colcon.colcon_core.shell:Creating package script '/home/ashmitha/ros_ws/install/behavior_trees/share/behavior_trees/package.ps1'
[3.129s] INFO:colcon.colcon_core.shell:Creating package descriptor '/home/ashmitha/ros_ws/install/behavior_trees/share/behavior_trees/package.dsv'
[3.129s] INFO:colcon.colcon_core.shell:Creating package script '/home/ashmitha/ros_ws/install/behavior_trees/share/behavior_trees/package.sh'
[3.130s] INFO:colcon.colcon_core.shell:Creating package script '/home/ashmitha/ros_ws/install/behavior_trees/share/behavior_trees/package.bash'
[3.130s] INFO:colcon.colcon_core.shell:Creating package script '/home/ashmitha/ros_ws/install/behavior_trees/share/behavior_trees/package.zsh'
[3.130s] Level 1:colcon.colcon_core.environment:create_file_with_runtime_dependencies(/home/ashmitha/ros_ws/install/behavior_trees/share/colcon-core/packages/behavior_trees)
[3.143s] Level 1:colcon.colcon_core.environment:create_environment_scripts_only(nav2_test_utils)
[3.152s] Level 1:colcon.colcon_core.environment:checking '/home/ashmitha/ros_ws/install/nav2_test_utils' for CMake module files
[3.153s] Level 1:colcon.colcon_core.environment:checking '/home/ashmitha/ros_ws/install/nav2_test_utils' for CMake config files
[3.153s] Level 1:colcon.colcon_core.shell:create_environment_hook('nav2_test_utils', 'cmake_prefix_path')
[3.162s] INFO:colcon.colcon_core.shell:Creating environment hook '/home/ashmitha/ros_ws/install/nav2_test_utils/share/nav2_test_utils/hook/cmake_prefix_path.ps1'
[3.162s] INFO:colcon.colcon_core.shell:Creating environment descriptor '/home/ashmitha/ros_ws/install/nav2_test_utils/share/nav2_test_utils/hook/cmake_prefix_path.dsv'
[3.162s] INFO:colcon.colcon_core.shell:Creating environment hook '/home/ashmitha/ros_ws/install/nav2_test_utils/share/nav2_test_utils/hook/cmake_prefix_path.sh'
[3.162s] Level 1:colcon.colcon_core.environment:checking '/home/ashmitha/ros_ws/install/nav2_test_utils/lib'
[3.162s] Level 1:colcon.colcon_core.environment:checking '/home/ashmitha/ros_ws/install/nav2_test_utils/bin'
[3.163s] Level 1:colcon.colcon_core.environment:checking '/home/ashmitha/ros_ws/install/nav2_test_utils/lib/pkgconfig/nav2_test_utils.pc'
[3.163s] Level 1:colcon.colcon_core.environment:checking '/home/ashmitha/ros_ws/install/nav2_test_utils/lib/python3.8/site-packages'
[3.163s] Level 1:colcon.colcon_core.environment:checking '/home/ashmitha/ros_ws/install/nav2_test_utils/bin'
[3.172s] INFO:colcon.colcon_core.shell:Creating package script '/home/ashmitha/ros_ws/install/nav2_test_utils/share/nav2_test_utils/package.ps1'
[3.172s] INFO:colcon.colcon_core.shell:Creating package descriptor '/home/ashmitha/ros_ws/install/nav2_test_utils/share/nav2_test_utils/package.dsv'
[3.172s] INFO:colcon.colcon_core.shell:Creating package script '/home/ashmitha/ros_ws/install/nav2_test_utils/share/nav2_test_utils/package.sh'
[3.173s] INFO:colcon.colcon_core.shell:Creating package script '/home/ashmitha/ros_ws/install/nav2_test_utils/share/nav2_test_utils/package.bash'
[3.173s] INFO:colcon.colcon_core.shell:Creating package script '/home/ashmitha/ros_ws/install/nav2_test_utils/share/nav2_test_utils/package.zsh'
[3.173s] Level 1:colcon.colcon_core.environment:create_file_with_runtime_dependencies(/home/ashmitha/ros_ws/install/nav2_test_utils/share/colcon-core/packages/nav2_test_utils)
[3.173s] Level 1:colcon.colcon_core.environment:create_environment_scripts_only(msgs)
[3.175s] DEBUG:colcon.colcon_core.event_handler.log_command:Invoked command in '/home/ashmitha/ros_ws/build/msgs' returned '0': CMAKE_PREFIX_PATH=/opt/ros/foxy CONDA_PROMPT_MODIFIER=(base) /home/ashmitha/.local/bin/cmake --install /home/ashmitha/ros_ws/build/msgs
[3.184s] Level 1:colcon.colcon_core.environment:checking '/home/ashmitha/ros_ws/install/msgs' for CMake module files
[3.184s] Level 1:colcon.colcon_core.environment:checking '/home/ashmitha/ros_ws/install/msgs' for CMake config files
[3.185s] Level 1:colcon.colcon_core.shell:create_environment_hook('msgs', 'cmake_prefix_path')
[3.195s] INFO:colcon.colcon_core.shell:Creating environment hook '/home/ashmitha/ros_ws/install/msgs/share/msgs/hook/cmake_prefix_path.ps1'
[3.196s] INFO:colcon.colcon_core.shell:Creating environment descriptor '/home/ashmitha/ros_ws/install/msgs/share/msgs/hook/cmake_prefix_path.dsv'
[3.196s] INFO:colcon.colcon_core.shell:Creating environment hook '/home/ashmitha/ros_ws/install/msgs/share/msgs/hook/cmake_prefix_path.sh'
[3.196s] Level 1:colcon.colcon_core.environment:checking '/home/ashmitha/ros_ws/install/msgs/lib'
[3.196s] Level 1:colcon.colcon_core.shell:create_environment_hook('msgs', 'ld_library_path_lib')
[3.207s] INFO:colcon.colcon_core.shell:Creating environment hook '/home/ashmitha/ros_ws/install/msgs/share/msgs/hook/ld_library_path_lib.ps1'
[3.207s] INFO:colcon.colcon_core.shell:Creating environment descriptor '/home/ashmitha/ros_ws/install/msgs/share/msgs/hook/ld_library_path_lib.dsv'
[3.207s] INFO:colcon.colcon_core.shell:Creating environment hook '/home/ashmitha/ros_ws/install/msgs/share/msgs/hook/ld_library_path_lib.sh'
[3.208s] Level 1:colcon.colcon_core.environment:checking '/home/ashmitha/ros_ws/install/msgs/bin'
[3.208s] Level 1:colcon.colcon_core.environment:checking '/home/ashmitha/ros_ws/install/msgs/lib/pkgconfig/msgs.pc'
[3.208s] Level 1:colcon.colcon_core.environment:checking '/home/ashmitha/ros_ws/install/msgs/lib/python3.8/site-packages'
[3.208s] Level 1:colcon.colcon_core.environment:checking '/home/ashmitha/ros_ws/install/msgs/bin'
[3.218s] INFO:colcon.colcon_core.shell:Creating package script '/home/ashmitha/ros_ws/install/msgs/share/msgs/package.ps1'
[3.218s] INFO:colcon.colcon_core.shell:Creating package descriptor '/home/ashmitha/ros_ws/install/msgs/share/msgs/package.dsv'
[3.218s] INFO:colcon.colcon_core.shell:Creating package script '/home/ashmitha/ros_ws/install/msgs/share/msgs/package.sh'
[3.218s] INFO:colcon.colcon_core.shell:Creating package script '/home/ashmitha/ros_ws/install/msgs/share/msgs/package.bash'
[3.218s] INFO:colcon.colcon_core.shell:Creating package script '/home/ashmitha/ros_ws/install/msgs/share/msgs/package.zsh'
[3.219s] Level 1:colcon.colcon_core.environment:create_file_with_runtime_dependencies(/home/ashmitha/ros_ws/install/msgs/share/colcon-core/packages/msgs)
[3.289s] Level 1:colcon.colcon_core.environment:create_environment_scripts_only(msgs)
[3.298s] Level 1:colcon.colcon_core.environment:checking '/home/ashmitha/ros_ws/install/msgs' for CMake module files
[3.298s] Level 1:colcon.colcon_core.environment:checking '/home/ashmitha/ros_ws/install/msgs' for CMake config files
[3.299s] Level 1:colcon.colcon_core.shell:create_environment_hook('msgs', 'cmake_prefix_path')
[3.308s] INFO:colcon.colcon_core.shell:Creating environment hook '/home/ashmitha/ros_ws/install/msgs/share/msgs/hook/cmake_prefix_path.ps1'
[3.308s] INFO:colcon.colcon_core.shell:Creating environment descriptor '/home/ashmitha/ros_ws/install/msgs/share/msgs/hook/cmake_prefix_path.dsv'
[3.309s] INFO:colcon.colcon_core.shell:Creating environment hook '/home/ashmitha/ros_ws/install/msgs/share/msgs/hook/cmake_prefix_path.sh'
[3.309s] Level 1:colcon.colcon_core.environment:checking '/home/ashmitha/ros_ws/install/msgs/lib'
[3.309s] Level 1:colcon.colcon_core.shell:create_environment_hook('msgs', 'ld_library_path_lib')
[3.318s] INFO:colcon.colcon_core.shell:Creating environment hook '/home/ashmitha/ros_ws/install/msgs/share/msgs/hook/ld_library_path_lib.ps1'
[3.319s] INFO:colcon.colcon_core.shell:Creating environment descriptor '/home/ashmitha/ros_ws/install/msgs/share/msgs/hook/ld_library_path_lib.dsv'
[3.319s] INFO:colcon.colcon_core.shell:Creating environment hook '/home/ashmitha/ros_ws/install/msgs/share/msgs/hook/ld_library_path_lib.sh'
[3.319s] Level 1:colcon.colcon_core.environment:checking '/home/ashmitha/ros_ws/install/msgs/bin'
[3.319s] Level 1:colcon.colcon_core.environment:checking '/home/ashmitha/ros_ws/install/msgs/lib/pkgconfig/msgs.pc'
[3.319s] Level 1:colcon.colcon_core.environment:checking '/home/ashmitha/ros_ws/install/msgs/lib/python3.8/site-packages'
[3.320s] Level 1:colcon.colcon_core.environment:checking '/home/ashmitha/ros_ws/install/msgs/bin'
[3.329s] INFO:colcon.colcon_core.shell:Creating package script '/home/ashmitha/ros_ws/install/msgs/share/msgs/package.ps1'
[3.329s] INFO:colcon.colcon_core.shell:Creating package descriptor '/home/ashmitha/ros_ws/install/msgs/share/msgs/package.dsv'
[3.329s] INFO:colcon.colcon_core.shell:Creating package script '/home/ashmitha/ros_ws/install/msgs/share/msgs/package.sh'
[3.329s] INFO:colcon.colcon_core.shell:Creating package script '/home/ashmitha/ros_ws/install/msgs/share/msgs/package.bash'
[3.330s] INFO:colcon.colcon_core.shell:Creating package script '/home/ashmitha/ros_ws/install/msgs/share/msgs/package.zsh'
[3.330s] Level 1:colcon.colcon_core.environment:create_file_with_runtime_dependencies(/home/ashmitha/ros_ws/install/msgs/share/colcon-core/packages/msgs)
[3.330s] INFO:colcon.colcon_ros.task.ament_cmake.build:Building ROS package in '/home/ashmitha/ros_ws/src/behaviors' with build type 'ament_cmake'
[3.330s] INFO:colcon.colcon_cmake.task.cmake.build:Building CMake package in '/home/ashmitha/ros_ws/src/behaviors'
[3.343s] INFO:colcon.colcon_core.shell:Skip shell extension 'powershell' for command environment: Not usable outside of PowerShell
[3.343s] DEBUG:colcon.colcon_core.shell:Skip shell extension 'dsv' for command environment
[3.375s] DEBUG:colcon.colcon_core.event_handler.log_command:Invoking command in '/home/ashmitha/ros_ws/build/behaviors': AMENT_PREFIX_PATH=/home/ashmitha/ros_ws/install/msgs:${AMENT_PREFIX_PATH} CMAKE_PREFIX_PATH=/home/ashmitha/ros_ws/install/msgs:/opt/ros/foxy CONDA_PROMPT_MODIFIER=(base) LD_LIBRARY_PATH=/home/ashmitha/ros_ws/install/msgs/lib:${LD_LIBRARY_PATH} PYTHONPATH=/home/ashmitha/ros_ws/install/msgs/lib/python3.11/site-packages:${PYTHONPATH} /home/ashmitha/.local/bin/cmake --build /home/ashmitha/ros_ws/build/behaviors -- -j8 -l8
[6.884s] DEBUG:colcon.colcon_core.event_handler.log_command:Invoked command in '/home/ashmitha/ros_ws/build/behaviors' returned '2': AMENT_PREFIX_PATH=/home/ashmitha/ros_ws/install/msgs:${AMENT_PREFIX_PATH} CMAKE_PREFIX_PATH=/home/ashmitha/ros_ws/install/msgs:/opt/ros/foxy CONDA_PROMPT_MODIFIER=(base) LD_LIBRARY_PATH=/home/ashmitha/ros_ws/install/msgs/lib:${LD_LIBRARY_PATH} PYTHONPATH=/home/ashmitha/ros_ws/install/msgs/lib/python3.11/site-packages:${PYTHONPATH} /home/ashmitha/.local/bin/cmake --build /home/ashmitha/ros_ws/build/behaviors -- -j8 -l8
[6.937s] Level 1:colcon.colcon_core.environment:create_environment_scripts_only(behaviors)
[6.946s] Level 1:colcon.colcon_core.environment:checking '/home/ashmitha/ros_ws/install/behaviors' for CMake module files
[6.947s] Level 1:colcon.colcon_core.environment:checking '/home/ashmitha/ros_ws/install/behaviors' for CMake config files
[6.948s] Level 1:colcon.colcon_core.shell:create_environment_hook('behaviors', 'cmake_prefix_path')
[6.959s] INFO:colcon.colcon_core.shell:Creating environment hook '/home/ashmitha/ros_ws/install/behaviors/share/behaviors/hook/cmake_prefix_path.ps1'
[6.959s] INFO:colcon.colcon_core.shell:Creating environment descriptor '/home/ashmitha/ros_ws/install/behaviors/share/behaviors/hook/cmake_prefix_path.dsv'
[6.960s] INFO:colcon.colcon_core.shell:Creating environment hook '/home/ashmitha/ros_ws/install/behaviors/share/behaviors/hook/cmake_prefix_path.sh'
[6.960s] Level 1:colcon.colcon_core.environment:checking '/home/ashmitha/ros_ws/install/behaviors/bin'
[6.960s] Level 1:colcon.colcon_core.environment:checking '/home/ashmitha/ros_ws/install/behaviors/lib/pkgconfig/behaviors.pc'
[6.960s] Level 1:colcon.colcon_core.environment:checking '/home/ashmitha/ros_ws/install/behaviors/lib/python3.8/site-packages'
[6.960s] Level 1:colcon.colcon_core.environment:checking '/home/ashmitha/ros_ws/install/behaviors/bin'
[6.970s] INFO:colcon.colcon_core.shell:Creating package script '/home/ashmitha/ros_ws/install/behaviors/share/behaviors/package.ps1'
[6.970s] INFO:colcon.colcon_core.shell:Creating package descriptor '/home/ashmitha/ros_ws/install/behaviors/share/behaviors/package.dsv'
[6.971s] INFO:colcon.colcon_core.shell:Creating package script '/home/ashmitha/ros_ws/install/behaviors/share/behaviors/package.sh'
[6.971s] INFO:colcon.colcon_core.shell:Creating package script '/home/ashmitha/ros_ws/install/behaviors/share/behaviors/package.bash'
[6.971s] INFO:colcon.colcon_core.shell:Creating package script '/home/ashmitha/ros_ws/install/behaviors/share/behaviors/package.zsh'
[6.972s] Level 1:colcon.colcon_core.environment:create_file_with_runtime_dependencies(/home/ashmitha/ros_ws/install/behaviors/share/colcon-core/packages/behaviors)
[6.982s] DEBUG:colcon.colcon_parallel_executor.executor.parallel:closing loop
[6.982s] DEBUG:colcon.colcon_parallel_executor.executor.parallel:loop closed
[6.982s] DEBUG:colcon.colcon_parallel_executor.executor.parallel:run_until_complete finished with '2'
[6.982s] DEBUG:colcon.colcon_core.event_reactor:joining thread
[7.003s] INFO:colcon.colcon_core.plugin_system:Skipping extension 'colcon_notification.desktop_notification.terminal_notifier': Not used on non-Darwin systems
[7.003s] INFO:colcon.colcon_core.plugin_system:Skipping extension 'colcon_notification.desktop_notification.win32': Not used on non-Windows systems
[7.003s] INFO:colcon.colcon_notification.desktop_notification:Sending desktop notification using 'notify2'
[7.009s] ERROR:colcon.colcon_notification.desktop_notification:Exception in desktop notification extension 'notify2': Expected a string or unicode object
Traceback (most recent call last):
  File "/usr/lib/python3/dist-packages/colcon_notification/desktop_notification/__init__.py", line 106, in notify
    retval = extension.notify(
  File "/usr/lib/python3/dist-packages/colcon_notification/desktop_notification/notify2.py", line 51, in notify
    self._last_notification.show()
  File "/usr/lib/python3/dist-packages/notify2.py", line 181, in show
    nid = dbus_iface.Notify(appname,       # app_name       (spec names)
  File "/usr/lib/python3/dist-packages/dbus/proxies.py", line 72, in __call__
    return self._proxy_method(*args, **keywords)
  File "/usr/lib/python3/dist-packages/dbus/proxies.py", line 141, in __call__
    return self._connection.call_blocking(self._named_service,
  File "/usr/lib/python3/dist-packages/dbus/connection.py", line 643, in call_blocking
    message.append(signature=signature, *args)
TypeError: Expected a string or unicode object

[7.009s] INFO:colcon.colcon_notification.desktop_notification:Sending desktop notification using 'notify_send'
[7.015s] DEBUG:colcon.colcon_core.event_reactor:joined thread
[7.029s] INFO:colcon.colcon_core.shell:Creating prefix script '/home/ashmitha/ros_ws/install/local_setup.ps1'
[7.030s] INFO:colcon.colcon_core.shell:Creating prefix util module '/home/ashmitha/ros_ws/install/_local_setup_util_ps1.py'
[7.031s] INFO:colcon.colcon_core.shell:Creating prefix chain script '/home/ashmitha/ros_ws/install/setup.ps1'
[7.041s] INFO:colcon.colcon_core.shell:Creating prefix script '/home/ashmitha/ros_ws/install/local_setup.sh'
[7.042s] INFO:colcon.colcon_core.shell:Creating prefix util module '/home/ashmitha/ros_ws/install/_local_setup_util_sh.py'
[7.042s] INFO:colcon.colcon_core.shell:Creating prefix chain script '/home/ashmitha/ros_ws/install/setup.sh'
[7.052s] INFO:colcon.colcon_core.shell:Creating prefix script '/home/ashmitha/ros_ws/install/local_setup.bash'
[7.052s] INFO:colcon.colcon_core.shell:Creating prefix chain script '/home/ashmitha/ros_ws/install/setup.bash'
[7.062s] INFO:colcon.colcon_core.shell:Creating prefix script '/home/ashmitha/ros_ws/install/local_setup.zsh'
[7.062s] INFO:colcon.colcon_core.shell:Creating prefix chain script '/home/ashmitha/ros_ws/install/setup.zsh'
