[0.142s] Invoking command in '/home/ashmitha/ros_ws/build/msgs': CMAKE_PREFIX_PATH=/opt/ros/foxy CONDA_PROMPT_MODIFIER=(base) /home/ashmitha/.local/bin/cmake --build /home/ashmitha/ros_ws/build/msgs -- -j8 -l8
[0.238s] -- Configuring incomplete, errors occurred!
[0.245s] [31mCMake Error at CMakeLists.txt:8 (find_package):
[0.245s]   By not providing "Findament_cmake.cmake" in CMAKE_MODULE_PATH this project
[0.245s]   has asked CMake to find a package configuration file provided by
[0.245s]   "ament_cmake", but CMake did not find one.
[0.245s] 
[0.245s]   Could not find a package configuration file provided by "ament_cmake" with
[0.245s]   any of the following names:
[0.245s] 
[0.245s]     ament_cmakeConfig.cmake
[0.245s]     ament_cmake-config.cmake
[0.246s] 
[0.246s]   Add the installation prefix of "ament_cmake" to CMAKE_PREFIX_PATH or set
[0.246s]   "ament_cmake_DIR" to a directory containing one of the above files.  If
[0.246s]   "ament_cmake" provides a separate development package or SDK, be sure it
[0.246s]   has been installed.
[0.246s] 
[0.246s] [0m
[0.246s] make: *** [Makefile:719: cmake_check_build_system] Error 1
[0.262s] Invoked command in '/home/ashmitha/ros_ws/build/msgs' returned '2': CMAKE_PREFIX_PATH=/opt/ros/foxy CONDA_PROMPT_MODIFIER=(base) /home/ashmitha/.local/bin/cmake --build /home/ashmitha/ros_ws/build/msgs -- -j8 -l8
