[0.086s] Invoking command in '/home/ashmitha/ros_ws/build/msgs': CMAKE_PREFIX_PATH=${CMAKE_PREFIX_PATH}:/opt/ros/foxy CONDA_PROMPT_MODIFIER=(base) /home/ashmitha/.local/bin/cmake /home/ashmitha/ros_ws/src/msgs -DCMAKE_INSTALL_PREFIX=/home/ashmitha/ros_ws/install/msgs
[0.138s] -- The C compiler identification is GNU 9.4.0
[0.188s] -- The CXX compiler identification is GNU 9.4.0
[0.206s] -- Detecting C compiler ABI info
[0.252s] -- Detecting C compiler ABI info - done
[0.261s] -- Check for working C compiler: /usr/bin/cc - skipped
[0.261s] -- Detecting C compile features
[0.262s] -- Detecting C compile features - done
[0.272s] -- Detecting CXX compiler ABI info
[0.328s] -- Detecting CXX compiler ABI info - done
[0.344s] -- Check for working CXX compiler: /usr/bin/c++ - skipped
[0.345s] -- Detecting CXX compile features
[0.346s] -- Detecting CXX compile features - done
[0.351s] -- Found ament_cmake: 0.9.12 (/opt/ros/foxy/share/ament_cmake/cmake)
[0.354s] [33mCMake Warning (dev) at /opt/ros/foxy/share/ament_cmake_core/cmake/core/python.cmake:22 (find_package):
[0.354s]   Policy CMP0148 is not set: The FindPythonInterp and FindPythonLibs modules
[0.354s]   are removed.  Run "cmake --help-policy CMP0148" for policy details.  Use
[0.354s]   the cmake_policy command to set the policy and suppress this warning.
[0.354s] 
[0.354s] Call Stack (most recent call first):
[0.354s]   /opt/ros/foxy/share/ament_cmake_core/cmake/core/all.cmake:53 (include)
[0.355s]   /opt/ros/foxy/share/ament_cmake_core/cmake/ament_cmake_core-extras.cmake:17 (include)
[0.355s]   /opt/ros/foxy/share/ament_cmake_core/cmake/ament_cmake_coreConfig.cmake:41 (include)
[0.355s]   /opt/ros/foxy/share/ament_cmake/cmake/ament_cmake_export_dependencies-extras.cmake:15 (find_package)
[0.355s]   /opt/ros/foxy/share/ament_cmake/cmake/ament_cmakeConfig.cmake:41 (include)
[0.355s]   CMakeLists.txt:22 (find_package)
[0.355s] This warning is for project developers.  Use -Wno-dev to suppress it.
[0.355s] [0m
[0.374s] -- Found PythonInterp: /home/ashmitha/anaconda3/bin/python3 (found suitable version "3.11.4", minimum required is "3") 
[0.374s] -- Using PYTHON_EXECUTABLE: /home/ashmitha/anaconda3/bin/python3
[0.550s] -- Found ament_lint_auto: 0.9.8 (/opt/ros/foxy/share/ament_lint_auto/cmake)
[0.630s] -- Found rosidl_default_generators: 1.0.1 (/opt/ros/foxy/share/rosidl_default_generators/cmake)
[0.635s] -- Using all available rosidl_typesupport_c: rosidl_typesupport_fastrtps_c;rosidl_typesupport_introspection_c
[0.642s] -- Found rosidl_adapter: 1.3.1 (/opt/ros/foxy/share/rosidl_adapter/cmake)
[0.721s] -- Found OpenSSL: /usr/lib/x86_64-linux-gnu/libcrypto.so (found version "1.1.1f")  
[0.752s] -- Found FastRTPS: /opt/ros/foxy/include  
[0.826s] -- Using all available rosidl_typesupport_cpp: rosidl_typesupport_fastrtps_cpp;rosidl_typesupport_introspection_cpp
[0.851s] [33mCMake Warning (dev) at /opt/ros/foxy/share/rosidl_adapter/cmake/rosidl_adapt_interfaces.cmake:40 (find_package):
[0.851s]   Policy CMP0148 is not set: The FindPythonInterp and FindPythonLibs modules
[0.852s]   are removed.  Run "cmake --help-policy CMP0148" for policy details.  Use
[0.852s]   the cmake_policy command to set the policy and suppress this warning.
[0.852s] 
[0.852s] Call Stack (most recent call first):
[0.852s]   /opt/ros/foxy/share/rosidl_cmake/cmake/rosidl_generate_interfaces.cmake:130 (rosidl_adapt_interfaces)
[0.852s]   CMakeLists.txt:40 (rosidl_generate_interfaces)
[0.852s] This warning is for project developers.  Use -Wno-dev to suppress it.
[0.852s] [0m
[0.869s] -- Found PythonInterp: /home/ashmitha/anaconda3/bin/python3 (found version "3.11.4") 
[0.920s] [31mCMake Error at /opt/ros/foxy/share/rosidl_adapter/cmake/rosidl_adapt_interfaces.cmake:60 (message):
[0.920s]   execute_process(/home/ashmitha/anaconda3/bin/python3 -m rosidl_adapter
[0.921s]   --package-name msgs --arguments-file
[0.921s]   /home/ashmitha/ros_ws/build/msgs/rosidl_adapter__arguments__msgs.json
[0.921s]   --output-dir /home/ashmitha/ros_ws/build/msgs/rosidl_adapter/msgs
[0.921s]   --output-file /home/ashmitha/ros_ws/build/msgs/rosidl_adapter/msgs.idls)
[0.921s]   returned error code 1:
[0.921s] 
[0.921s]   Traceback (most recent call last):
[0.921s] 
[0.921s]     File "<frozen runpy>", line 198, in _run_module_as_main
[0.922s]     File "<frozen runpy>", line 88, in _run_code
[0.922s]     File "/opt/ros/foxy/lib/python3.8/site-packages/rosidl_adapter/__main__.py", line 19, in <module>
[0.922s]       sys.exit(main())
[0.922s]                ^^^^^^
[0.922s]     File "/opt/ros/foxy/lib/python3.8/site-packages/rosidl_adapter/main.py", line 53, in main
[0.923s]       abs_idl_file = convert_to_idl(
[0.923s]                      ^^^^^^^^^^^^^^^
[0.923s]     File "/opt/ros/foxy/lib/python3.8/site-packages/rosidl_adapter/__init__.py", line 28, in convert_to_idl
[0.923s]       from rosidl_adapter.action import convert_action_to_idl
[0.923s]     File "/opt/ros/foxy/lib/python3.8/site-packages/rosidl_adapter/action/__init__.py", line 16, in <module>
[0.923s]       from rosidl_adapter.resource import expand_template
[0.923s]     File "/opt/ros/foxy/lib/python3.8/site-packages/rosidl_adapter/resource/__init__.py", line 20, in <module>
[0.924s]       import em
[0.924s] 
[0.924s]   ModuleNotFoundError: No module named 'em'
[0.924s] 
[0.924s] Call Stack (most recent call first):
[0.924s]   /opt/ros/foxy/share/rosidl_cmake/cmake/rosidl_generate_interfaces.cmake:130 (rosidl_adapt_interfaces)
[0.924s]   CMakeLists.txt:40 (rosidl_generate_interfaces)
[0.924s] 
[0.924s] [0m
[0.924s] -- Configuring incomplete, errors occurred!
[0.970s] Invoked command in '/home/ashmitha/ros_ws/build/msgs' returned '1': CMAKE_PREFIX_PATH=${CMAKE_PREFIX_PATH}:/opt/ros/foxy CONDA_PROMPT_MODIFIER=(base) /home/ashmitha/.local/bin/cmake /home/ashmitha/ros_ws/src/msgs -DCMAKE_INSTALL_PREFIX=/home/ashmitha/ros_ws/install/msgs
