[0.040s] Invoking command in '/home/ashmitha/ros_ws/build/behaviors': AMENT_PREFIX_PATH=/home/ashmitha/ros_ws/install/msgs:${AMENT_PREFIX_PATH} CMAKE_PREFIX_PATH=/home/ashmitha/ros_ws/install/msgs:/home/ashmitha/temp_ws/install/action_tutorials_cpp:/home/ashmitha/temp_ws/install/action_tutorials_interfaces:/home/ashmitha/temp_ws/src/install/action_tutorials_interfaces:/opt/ros/foxy CONDA_PROMPT_MODIFIER=(base) LD_LIBRARY_PATH=/home/ashmitha/ros_ws/install/msgs/lib:${LD_LIBRARY_PATH} PYTHONPATH=/home/ashmitha/ros_ws/install/msgs/lib/python3.11/site-packages:${PYTHONPATH} /home/ashmitha/.local/bin/cmake --build /home/ashmitha/ros_ws/build/behaviors -- -j8 -l8
[0.075s] -- Found ament_cmake: 0.9.12 (/opt/ros/foxy/share/ament_cmake/cmake)
[0.077s] [33mCMake Warning (dev) at /opt/ros/foxy/share/ament_cmake_core/cmake/core/python.cmake:22 (find_package):
[0.077s]   Policy CMP0148 is not set: The FindPythonInterp and FindPythonLibs modules
[0.077s]   are removed.  Run "cmake --help-policy CMP0148" for policy details.  Use
[0.077s]   the cmake_policy command to set the policy and suppress this warning.
[0.077s] 
[0.077s] Call Stack (most recent call first):
[0.077s]   /opt/ros/foxy/share/ament_cmake_core/cmake/core/all.cmake:53 (include)
[0.077s]   /opt/ros/foxy/share/ament_cmake_core/cmake/ament_cmake_core-extras.cmake:17 (include)
[0.077s]   /opt/ros/foxy/share/ament_cmake_core/cmake/ament_cmake_coreConfig.cmake:41 (include)
[0.077s]   /opt/ros/foxy/share/ament_cmake/cmake/ament_cmake_export_dependencies-extras.cmake:15 (find_package)
[0.077s]   /opt/ros/foxy/share/ament_cmake/cmake/ament_cmakeConfig.cmake:41 (include)
[0.077s]   CMakeLists.txt:19 (find_package)
[0.077s] This warning is for project developers.  Use -Wno-dev to suppress it.
[0.077s] [0m
[0.092s] -- Using PYTHON_EXECUTABLE: /home/ashmitha/anaconda3/bin/python3
[0.245s] -- Found nav2_common: 0.4.7 (/opt/ros/foxy/share/nav2_common/cmake)
[0.245s] -- Found rclcpp: 2.4.3 (/opt/ros/foxy/share/rclcpp/cmake)
[0.269s] -- Using all available rosidl_typesupport_c: rosidl_typesupport_fastrtps_c;rosidl_typesupport_introspection_c
[0.271s] -- Found rosidl_adapter: 1.3.1 (/opt/ros/foxy/share/rosidl_adapter/cmake)
[0.365s] -- Using all available rosidl_typesupport_cpp: rosidl_typesupport_fastrtps_cpp;rosidl_typesupport_introspection_cpp
[0.398s] -- Found rmw_implementation_cmake: 1.0.4 (/opt/ros/foxy/share/rmw_implementation_cmake/cmake)
[0.399s] -- Using RMW implementation 'rmw_fastrtps_cpp' as default
[0.492s] -- Found nav2_behavior_tree: 0.4.7 (/opt/ros/foxy/share/nav2_behavior_tree/cmake)
[1.055s] -- Found eigen3_cmake_module: 0.1.1 (/opt/ros/foxy/share/eigen3_cmake_module/cmake)
[1.300s] -- Found nav2_core: 0.4.7 (/opt/ros/foxy/share/nav2_core/cmake)
[2.008s] -- Found msgs: 0.0.0 (/home/ashmitha/ros_ws/install/msgs/share/msgs/cmake)
[2.069s] [31mCMake Error at /opt/ros/foxy/share/ament_cmake_target_dependencies/cmake/ament_target_dependencies.cmake:42 (message):
[2.069s]   ament_target_dependencies() the first argument must be a valid target name
[2.069s] Call Stack (most recent call first):
[2.069s]   CMakeLists.txt:40 (ament_target_dependencies)
[2.069s] 
[2.069s] [0m
[2.069s] -- Configuring incomplete, errors occurred!
[2.075s] make: *** [Makefile:349: cmake_check_build_system] Error 1
[2.079s] Invoked command in '/home/ashmitha/ros_ws/build/behaviors' returned '2': AMENT_PREFIX_PATH=/home/ashmitha/ros_ws/install/msgs:${AMENT_PREFIX_PATH} CMAKE_PREFIX_PATH=/home/ashmitha/ros_ws/install/msgs:/home/ashmitha/temp_ws/install/action_tutorials_cpp:/home/ashmitha/temp_ws/install/action_tutorials_interfaces:/home/ashmitha/temp_ws/src/install/action_tutorials_interfaces:/opt/ros/foxy CONDA_PROMPT_MODIFIER=(base) LD_LIBRARY_PATH=/home/ashmitha/ros_ws/install/msgs/lib:${LD_LIBRARY_PATH} PYTHONPATH=/home/ashmitha/ros_ws/install/msgs/lib/python3.11/site-packages:${PYTHONPATH} /home/ashmitha/.local/bin/cmake --build /home/ashmitha/ros_ws/build/behaviors -- -j8 -l8
