[2.038s] DEBUG:colcon:Command line arguments: ['/usr/bin/colcon', 'build']
[2.038s] DEBUG:colcon:Parsed command line arguments: Namespace(allow_overriding=[], ament_cmake_args=None, base_paths=['.'], build_base='build', catkin_cmake_args=None, catkin_skip_building_tests=False, cmake_args=None, cmake_clean_cache=False, cmake_clean_first=False, cmake_force_configure=False, cmake_target=None, cmake_target_skip_unavailable=False, continue_on_error=False, event_handlers=None, executor='parallel', ignore_user_meta=False, install_base='install', log_base=None, log_level=None, main=<bound method BuildVerb.main of <colcon_core.verb.build.BuildVerb object at 0x7fde03af8d00>>, merge_install=False, metas=['./colcon.meta'], packages_above=None, packages_above_and_dependencies=None, packages_above_depth=None, packages_end=None, packages_ignore=None, packages_ignore_regex=None, packages_select=None, packages_select_build_failed=False, packages_select_by_dep=None, packages_select_regex=None, packages_select_test_failures=False, packages_skip=None, packages_skip_build_finished=False, packages_skip_by_dep=None, packages_skip_regex=None, packages_skip_test_passed=False, packages_skip_up_to=None, packages_start=None, packages_up_to=None, packages_up_to_regex=None, parallel_workers=8, paths=None, symlink_install=False, test_result_base=None, verb_extension=<colcon_core.verb.build.BuildVerb object at 0x7fde03af8d00>, verb_name='build', verb_parser=<colcon_defaults.argument_parser.defaults.DefaultArgumentsDecorator object at 0x7fde0370cbb0>)
[2.109s] Level 1:colcon.colcon_core.package_discovery:discover_packages(colcon_meta) check parameters
[2.109s] Level 1:colcon.colcon_core.package_discovery:discover_packages(recursive) check parameters
[2.109s] Level 1:colcon.colcon_core.package_discovery:discover_packages(ignore) check parameters
[2.109s] Level 1:colcon.colcon_core.package_discovery:discover_packages(path) check parameters
[2.109s] Level 1:colcon.colcon_core.package_discovery:discover_packages(colcon_meta) discover
[2.109s] Level 1:colcon.colcon_core.package_discovery:discover_packages(recursive) discover
[2.109s] INFO:colcon.colcon_core.package_discovery:Crawling recursively for packages in '/home/ashmitha/ros_ws'
[2.109s] Level 1:colcon.colcon_core.package_identification:_identify(.) by extensions ['ignore', 'ignore_ament_install']
[2.110s] Level 1:colcon.colcon_core.package_identification:_identify(.) by extension 'ignore'
[2.110s] Level 1:colcon.colcon_core.package_identification:_identify(.) by extension 'ignore_ament_install'
[2.110s] Level 1:colcon.colcon_core.package_identification:_identify(.) by extensions ['colcon_pkg']
[2.110s] Level 1:colcon.colcon_core.package_identification:_identify(.) by extension 'colcon_pkg'
[2.110s] Level 1:colcon.colcon_core.package_identification:_identify(.) by extensions ['colcon_meta']
[2.110s] Level 1:colcon.colcon_core.package_identification:_identify(.) by extension 'colcon_meta'
[2.110s] Level 1:colcon.colcon_core.package_identification:_identify(.) by extensions ['ros']
[2.110s] Level 1:colcon.colcon_core.package_identification:_identify(.) by extension 'ros'
[2.120s] Level 1:colcon.colcon_core.package_identification:_identify(.) by extensions ['cmake', 'python']
[2.120s] Level 1:colcon.colcon_core.package_identification:_identify(.) by extension 'cmake'
[2.120s] Level 1:colcon.colcon_core.package_identification:_identify(.) by extension 'python'
[2.120s] Level 1:colcon.colcon_core.package_identification:_identify(.) by extensions ['python_setup_py']
[2.120s] Level 1:colcon.colcon_core.package_identification:_identify(.) by extension 'python_setup_py'
[2.120s] Level 1:colcon.colcon_core.package_identification:_identify(build) by extensions ['ignore', 'ignore_ament_install']
[2.120s] Level 1:colcon.colcon_core.package_identification:_identify(build) by extension 'ignore'
[2.120s] Level 1:colcon.colcon_core.package_identification:_identify(build) ignored
[2.120s] Level 1:colcon.colcon_core.package_identification:_identify(install) by extensions ['ignore', 'ignore_ament_install']
[2.120s] Level 1:colcon.colcon_core.package_identification:_identify(install) by extension 'ignore'
[2.120s] Level 1:colcon.colcon_core.package_identification:_identify(install) ignored
[2.120s] Level 1:colcon.colcon_core.package_identification:_identify(log) by extensions ['ignore', 'ignore_ament_install']
[2.120s] Level 1:colcon.colcon_core.package_identification:_identify(log) by extension 'ignore'
[2.120s] Level 1:colcon.colcon_core.package_identification:_identify(log) ignored
[2.120s] Level 1:colcon.colcon_core.package_identification:_identify(src) by extensions ['ignore', 'ignore_ament_install']
[2.120s] Level 1:colcon.colcon_core.package_identification:_identify(src) by extension 'ignore'
[2.120s] Level 1:colcon.colcon_core.package_identification:_identify(src) by extension 'ignore_ament_install'
[2.120s] Level 1:colcon.colcon_core.package_identification:_identify(src) by extensions ['colcon_pkg']
[2.120s] Level 1:colcon.colcon_core.package_identification:_identify(src) by extension 'colcon_pkg'
[2.120s] Level 1:colcon.colcon_core.package_identification:_identify(src) by extensions ['colcon_meta']
[2.120s] Level 1:colcon.colcon_core.package_identification:_identify(src) by extension 'colcon_meta'
[2.121s] Level 1:colcon.colcon_core.package_identification:_identify(src) by extensions ['ros']
[2.121s] Level 1:colcon.colcon_core.package_identification:_identify(src) by extension 'ros'
[2.121s] Level 1:colcon.colcon_core.package_identification:_identify(src) by extensions ['cmake', 'python']
[2.121s] Level 1:colcon.colcon_core.package_identification:_identify(src) by extension 'cmake'
[2.121s] Level 1:colcon.colcon_core.package_identification:_identify(src) by extension 'python'
[2.121s] Level 1:colcon.colcon_core.package_identification:_identify(src) by extensions ['python_setup_py']
[2.121s] Level 1:colcon.colcon_core.package_identification:_identify(src) by extension 'python_setup_py'
[2.121s] Level 1:colcon.colcon_core.package_identification:_identify(src/behavior_trees) by extensions ['ignore', 'ignore_ament_install']
[2.121s] Level 1:colcon.colcon_core.package_identification:_identify(src/behavior_trees) by extension 'ignore'
[2.121s] Level 1:colcon.colcon_core.package_identification:_identify(src/behavior_trees) by extension 'ignore_ament_install'
[2.121s] Level 1:colcon.colcon_core.package_identification:_identify(src/behavior_trees) by extensions ['colcon_pkg']
[2.121s] Level 1:colcon.colcon_core.package_identification:_identify(src/behavior_trees) by extension 'colcon_pkg'
[2.121s] Level 1:colcon.colcon_core.package_identification:_identify(src/behavior_trees) by extensions ['colcon_meta']
[2.121s] Level 1:colcon.colcon_core.package_identification:_identify(src/behavior_trees) by extension 'colcon_meta'
[2.121s] Level 1:colcon.colcon_core.package_identification:_identify(src/behavior_trees) by extensions ['ros']
[2.121s] Level 1:colcon.colcon_core.package_identification:_identify(src/behavior_trees) by extension 'ros'
[2.123s] DEBUG:colcon.colcon_core.package_identification:Package 'src/behavior_trees' with type 'ros.ament_cmake' and name 'behavior_trees'
[2.123s] Level 1:colcon.colcon_core.package_identification:_identify(src/behaviors) by extensions ['ignore', 'ignore_ament_install']
[2.123s] Level 1:colcon.colcon_core.package_identification:_identify(src/behaviors) by extension 'ignore'
[2.123s] Level 1:colcon.colcon_core.package_identification:_identify(src/behaviors) by extension 'ignore_ament_install'
[2.123s] Level 1:colcon.colcon_core.package_identification:_identify(src/behaviors) by extensions ['colcon_pkg']
[2.123s] Level 1:colcon.colcon_core.package_identification:_identify(src/behaviors) by extension 'colcon_pkg'
[2.123s] Level 1:colcon.colcon_core.package_identification:_identify(src/behaviors) by extensions ['colcon_meta']
[2.123s] Level 1:colcon.colcon_core.package_identification:_identify(src/behaviors) by extension 'colcon_meta'
[2.123s] Level 1:colcon.colcon_core.package_identification:_identify(src/behaviors) by extensions ['ros']
[2.123s] Level 1:colcon.colcon_core.package_identification:_identify(src/behaviors) by extension 'ros'
[2.123s] DEBUG:colcon.colcon_core.package_identification:Package 'src/behaviors' with type 'ros.ament_cmake' and name 'behaviors'
[2.123s] Level 1:colcon.colcon_core.package_identification:_identify(src/build) by extensions ['ignore', 'ignore_ament_install']
[2.123s] Level 1:colcon.colcon_core.package_identification:_identify(src/build) by extension 'ignore'
[2.123s] Level 1:colcon.colcon_core.package_identification:_identify(src/build) ignored
[2.123s] Level 1:colcon.colcon_core.package_identification:_identify(src/install) by extensions ['ignore', 'ignore_ament_install']
[2.124s] Level 1:colcon.colcon_core.package_identification:_identify(src/install) by extension 'ignore'
[2.124s] Level 1:colcon.colcon_core.package_identification:_identify(src/install) ignored
[2.124s] Level 1:colcon.colcon_core.package_identification:_identify(src/log) by extensions ['ignore', 'ignore_ament_install']
[2.124s] Level 1:colcon.colcon_core.package_identification:_identify(src/log) by extension 'ignore'
[2.124s] Level 1:colcon.colcon_core.package_identification:_identify(src/log) ignored
[2.124s] Level 1:colcon.colcon_core.package_identification:_identify(src/msgs) by extensions ['ignore', 'ignore_ament_install']
[2.124s] Level 1:colcon.colcon_core.package_identification:_identify(src/msgs) by extension 'ignore'
[2.124s] Level 1:colcon.colcon_core.package_identification:_identify(src/msgs) by extension 'ignore_ament_install'
[2.124s] Level 1:colcon.colcon_core.package_identification:_identify(src/msgs) by extensions ['colcon_pkg']
[2.124s] Level 1:colcon.colcon_core.package_identification:_identify(src/msgs) by extension 'colcon_pkg'
[2.124s] Level 1:colcon.colcon_core.package_identification:_identify(src/msgs) by extensions ['colcon_meta']
[2.124s] Level 1:colcon.colcon_core.package_identification:_identify(src/msgs) by extension 'colcon_meta'
[2.124s] Level 1:colcon.colcon_core.package_identification:_identify(src/msgs) by extensions ['ros']
[2.124s] Level 1:colcon.colcon_core.package_identification:_identify(src/msgs) by extension 'ros'
[2.124s] DEBUG:colcon.colcon_core.package_identification:Package 'src/msgs' with type 'ros.ament_cmake' and name 'msgs'
[2.124s] Level 1:colcon.colcon_core.package_identification:_identify(src/nav2_test_utils) by extensions ['ignore', 'ignore_ament_install']
[2.124s] Level 1:colcon.colcon_core.package_identification:_identify(src/nav2_test_utils) by extension 'ignore'
[2.124s] Level 1:colcon.colcon_core.package_identification:_identify(src/nav2_test_utils) by extension 'ignore_ament_install'
[2.125s] Level 1:colcon.colcon_core.package_identification:_identify(src/nav2_test_utils) by extensions ['colcon_pkg']
[2.125s] Level 1:colcon.colcon_core.package_identification:_identify(src/nav2_test_utils) by extension 'colcon_pkg'
[2.125s] Level 1:colcon.colcon_core.package_identification:_identify(src/nav2_test_utils) by extensions ['colcon_meta']
[2.125s] Level 1:colcon.colcon_core.package_identification:_identify(src/nav2_test_utils) by extension 'colcon_meta'
[2.125s] Level 1:colcon.colcon_core.package_identification:_identify(src/nav2_test_utils) by extensions ['ros']
[2.125s] Level 1:colcon.colcon_core.package_identification:_identify(src/nav2_test_utils) by extension 'ros'
[2.125s] DEBUG:colcon.colcon_core.package_identification:Package 'src/nav2_test_utils' with type 'ros.ament_cmake' and name 'nav2_test_utils'
[2.125s] Level 1:colcon.colcon_core.package_discovery:discover_packages(recursive) using defaults
[2.125s] Level 1:colcon.colcon_core.package_discovery:discover_packages(ignore) discover
[2.125s] Level 1:colcon.colcon_core.package_discovery:discover_packages(ignore) using defaults
[2.125s] Level 1:colcon.colcon_core.package_discovery:discover_packages(path) discover
[2.125s] Level 1:colcon.colcon_core.package_discovery:discover_packages(path) using defaults
[2.184s] Level 1:colcon.colcon_core.package_discovery:discover_packages(prefix_path) check parameters
[2.184s] Level 1:colcon.colcon_core.package_discovery:discover_packages(prefix_path) discover
[2.203s] DEBUG:colcon.colcon_installed_package_information.package_discovery:Found 298 installed packages in /opt/ros/foxy
[2.204s] Level 1:colcon.colcon_core.package_discovery:discover_packages(prefix_path) using defaults
[2.253s] Level 5:colcon.colcon_core.verb:set package 'behavior_trees' build argument 'cmake_args' from command line to 'None'
[2.253s] Level 5:colcon.colcon_core.verb:set package 'behavior_trees' build argument 'cmake_target' from command line to 'None'
[2.253s] Level 5:colcon.colcon_core.verb:set package 'behavior_trees' build argument 'cmake_target_skip_unavailable' from command line to 'False'
[2.253s] Level 5:colcon.colcon_core.verb:set package 'behavior_trees' build argument 'cmake_clean_cache' from command line to 'False'
[2.253s] Level 5:colcon.colcon_core.verb:set package 'behavior_trees' build argument 'cmake_clean_first' from command line to 'False'
[2.253s] Level 5:colcon.colcon_core.verb:set package 'behavior_trees' build argument 'cmake_force_configure' from command line to 'False'
[2.253s] Level 5:colcon.colcon_core.verb:set package 'behavior_trees' build argument 'ament_cmake_args' from command line to 'None'
[2.253s] Level 5:colcon.colcon_core.verb:set package 'behavior_trees' build argument 'catkin_cmake_args' from command line to 'None'
[2.253s] Level 5:colcon.colcon_core.verb:set package 'behavior_trees' build argument 'catkin_skip_building_tests' from command line to 'False'
[2.253s] DEBUG:colcon.colcon_core.verb:Building package 'behavior_trees' with the following arguments: {'ament_cmake_args': None, 'build_base': '/home/ashmitha/ros_ws/build/behavior_trees', 'catkin_cmake_args': None, 'catkin_skip_building_tests': False, 'cmake_args': None, 'cmake_clean_cache': False, 'cmake_clean_first': False, 'cmake_force_configure': False, 'cmake_target': None, 'cmake_target_skip_unavailable': False, 'install_base': '/home/ashmitha/ros_ws/install/behavior_trees', 'merge_install': False, 'path': '/home/ashmitha/ros_ws/src/behavior_trees', 'symlink_install': False, 'test_result_base': None}
[2.262s] Level 5:colcon.colcon_core.verb:set package 'behaviors' build argument 'cmake_args' from command line to 'None'
[2.262s] Level 5:colcon.colcon_core.verb:set package 'behaviors' build argument 'cmake_target' from command line to 'None'
[2.262s] Level 5:colcon.colcon_core.verb:set package 'behaviors' build argument 'cmake_target_skip_unavailable' from command line to 'False'
[2.262s] Level 5:colcon.colcon_core.verb:set package 'behaviors' build argument 'cmake_clean_cache' from command line to 'False'
[2.262s] Level 5:colcon.colcon_core.verb:set package 'behaviors' build argument 'cmake_clean_first' from command line to 'False'
[2.263s] Level 5:colcon.colcon_core.verb:set package 'behaviors' build argument 'cmake_force_configure' from command line to 'False'
[2.263s] Level 5:colcon.colcon_core.verb:set package 'behaviors' build argument 'ament_cmake_args' from command line to 'None'
[2.263s] Level 5:colcon.colcon_core.verb:set package 'behaviors' build argument 'catkin_cmake_args' from command line to 'None'
[2.263s] Level 5:colcon.colcon_core.verb:set package 'behaviors' build argument 'catkin_skip_building_tests' from command line to 'False'
[2.263s] DEBUG:colcon.colcon_core.verb:Building package 'behaviors' with the following arguments: {'ament_cmake_args': None, 'build_base': '/home/ashmitha/ros_ws/build/behaviors', 'catkin_cmake_args': None, 'catkin_skip_building_tests': False, 'cmake_args': None, 'cmake_clean_cache': False, 'cmake_clean_first': False, 'cmake_force_configure': False, 'cmake_target': None, 'cmake_target_skip_unavailable': False, 'install_base': '/home/ashmitha/ros_ws/install/behaviors', 'merge_install': False, 'path': '/home/ashmitha/ros_ws/src/behaviors', 'symlink_install': False, 'test_result_base': None}
[2.272s] Level 5:colcon.colcon_core.verb:set package 'msgs' build argument 'cmake_args' from command line to 'None'
[2.272s] Level 5:colcon.colcon_core.verb:set package 'msgs' build argument 'cmake_target' from command line to 'None'
[2.272s] Level 5:colcon.colcon_core.verb:set package 'msgs' build argument 'cmake_target_skip_unavailable' from command line to 'False'
[2.272s] Level 5:colcon.colcon_core.verb:set package 'msgs' build argument 'cmake_clean_cache' from command line to 'False'
[2.272s] Level 5:colcon.colcon_core.verb:set package 'msgs' build argument 'cmake_clean_first' from command line to 'False'
[2.272s] Level 5:colcon.colcon_core.verb:set package 'msgs' build argument 'cmake_force_configure' from command line to 'False'
[2.272s] Level 5:colcon.colcon_core.verb:set package 'msgs' build argument 'ament_cmake_args' from command line to 'None'
[2.272s] Level 5:colcon.colcon_core.verb:set package 'msgs' build argument 'catkin_cmake_args' from command line to 'None'
[2.272s] Level 5:colcon.colcon_core.verb:set package 'msgs' build argument 'catkin_skip_building_tests' from command line to 'False'
[2.272s] DEBUG:colcon.colcon_core.verb:Building package 'msgs' with the following arguments: {'ament_cmake_args': None, 'build_base': '/home/ashmitha/ros_ws/build/msgs', 'catkin_cmake_args': None, 'catkin_skip_building_tests': False, 'cmake_args': None, 'cmake_clean_cache': False, 'cmake_clean_first': False, 'cmake_force_configure': False, 'cmake_target': None, 'cmake_target_skip_unavailable': False, 'install_base': '/home/ashmitha/ros_ws/install/msgs', 'merge_install': False, 'path': '/home/ashmitha/ros_ws/src/msgs', 'symlink_install': False, 'test_result_base': None}
[2.281s] Level 5:colcon.colcon_core.verb:set package 'nav2_test_utils' build argument 'cmake_args' from command line to 'None'
[2.281s] Level 5:colcon.colcon_core.verb:set package 'nav2_test_utils' build argument 'cmake_target' from command line to 'None'
[2.281s] Level 5:colcon.colcon_core.verb:set package 'nav2_test_utils' build argument 'cmake_target_skip_unavailable' from command line to 'False'
[2.281s] Level 5:colcon.colcon_core.verb:set package 'nav2_test_utils' build argument 'cmake_clean_cache' from command line to 'False'
[2.281s] Level 5:colcon.colcon_core.verb:set package 'nav2_test_utils' build argument 'cmake_clean_first' from command line to 'False'
[2.281s] Level 5:colcon.colcon_core.verb:set package 'nav2_test_utils' build argument 'cmake_force_configure' from command line to 'False'
[2.281s] Level 5:colcon.colcon_core.verb:set package 'nav2_test_utils' build argument 'ament_cmake_args' from command line to 'None'
[2.281s] Level 5:colcon.colcon_core.verb:set package 'nav2_test_utils' build argument 'catkin_cmake_args' from command line to 'None'
[2.281s] Level 5:colcon.colcon_core.verb:set package 'nav2_test_utils' build argument 'catkin_skip_building_tests' from command line to 'False'
[2.281s] DEBUG:colcon.colcon_core.verb:Building package 'nav2_test_utils' with the following arguments: {'ament_cmake_args': None, 'build_base': '/home/ashmitha/ros_ws/build/nav2_test_utils', 'catkin_cmake_args': None, 'catkin_skip_building_tests': False, 'cmake_args': None, 'cmake_clean_cache': False, 'cmake_clean_first': False, 'cmake_force_configure': False, 'cmake_target': None, 'cmake_target_skip_unavailable': False, 'install_base': '/home/ashmitha/ros_ws/install/nav2_test_utils', 'merge_install': False, 'path': '/home/ashmitha/ros_ws/src/nav2_test_utils', 'symlink_install': False, 'test_result_base': None}
[2.290s] INFO:colcon.colcon_core.executor:Executing jobs using 'parallel' executor
[2.299s] DEBUG:colcon.colcon_parallel_executor.executor.parallel:run_until_complete
[2.299s] INFO:colcon.colcon_ros.task.ament_cmake.build:Building ROS package in '/home/ashmitha/ros_ws/src/behavior_trees' with build type 'ament_cmake'
[2.299s] INFO:colcon.colcon_cmake.task.cmake.build:Building CMake package in '/home/ashmitha/ros_ws/src/behavior_trees'
[2.310s] INFO:colcon.colcon_core.plugin_system:Skipping extension 'colcon_core.shell.bat': Not used on non-Windows systems
[2.310s] INFO:colcon.colcon_core.shell:Skip shell extension 'powershell' for command environment: Not usable outside of PowerShell
[2.310s] DEBUG:colcon.colcon_core.shell:Skip shell extension 'dsv' for command environment
[2.332s] INFO:colcon.colcon_ros.task.ament_cmake.build:Building ROS package in '/home/ashmitha/ros_ws/src/behaviors' with build type 'ament_cmake'
[2.332s] INFO:colcon.colcon_cmake.task.cmake.build:Building CMake package in '/home/ashmitha/ros_ws/src/behaviors'
[2.341s] INFO:colcon.colcon_core.shell:Skip shell extension 'powershell' for command environment: Not usable outside of PowerShell
[2.341s] DEBUG:colcon.colcon_core.shell:Skip shell extension 'dsv' for command environment
[2.361s] INFO:colcon.colcon_ros.task.ament_cmake.build:Building ROS package in '/home/ashmitha/ros_ws/src/msgs' with build type 'ament_cmake'
[2.362s] INFO:colcon.colcon_cmake.task.cmake.build:Building CMake package in '/home/ashmitha/ros_ws/src/msgs'
[2.380s] INFO:colcon.colcon_core.shell:Skip shell extension 'powershell' for command environment: Not usable outside of PowerShell
[2.380s] DEBUG:colcon.colcon_core.shell:Skip shell extension 'dsv' for command environment
[2.400s] INFO:colcon.colcon_ros.task.ament_cmake.build:Building ROS package in '/home/ashmitha/ros_ws/src/nav2_test_utils' with build type 'ament_cmake'
[2.400s] INFO:colcon.colcon_cmake.task.cmake.build:Building CMake package in '/home/ashmitha/ros_ws/src/nav2_test_utils'
[2.409s] INFO:colcon.colcon_core.shell:Skip shell extension 'powershell' for command environment: Not usable outside of PowerShell
[2.409s] DEBUG:colcon.colcon_core.shell:Skip shell extension 'dsv' for command environment
[2.435s] DEBUG:colcon.colcon_core.event_handler.log_command:Invoking command in '/home/ashmitha/ros_ws/build/behavior_trees': CMAKE_PREFIX_PATH=/opt/ros/foxy CONDA_PROMPT_MODIFIER=(base) /home/ashmitha/.local/bin/cmake --build /home/ashmitha/ros_ws/build/behavior_trees -- -j8 -l8
[2.438s] DEBUG:colcon.colcon_core.event_handler.log_command:Invoking command in '/home/ashmitha/ros_ws/build/behaviors': CMAKE_PREFIX_PATH=/opt/ros/foxy CONDA_PROMPT_MODIFIER=(base) /home/ashmitha/.local/bin/cmake --build /home/ashmitha/ros_ws/build/behaviors -- -j8 -l8
[2.442s] DEBUG:colcon.colcon_core.event_handler.log_command:Invoking command in '/home/ashmitha/ros_ws/build/msgs': CMAKE_PREFIX_PATH=/opt/ros/foxy CONDA_PROMPT_MODIFIER=(base) /home/ashmitha/.local/bin/cmake --build /home/ashmitha/ros_ws/build/msgs -- -j8 -l8
[2.445s] DEBUG:colcon.colcon_core.event_handler.log_command:Invoking command in '/home/ashmitha/ros_ws/build/nav2_test_utils': CMAKE_PREFIX_PATH=/opt/ros/foxy CONDA_PROMPT_MODIFIER=(base) /home/ashmitha/.local/bin/cmake --build /home/ashmitha/ros_ws/build/nav2_test_utils -- -j8 -l8
[2.467s] DEBUG:colcon.colcon_core.event_handler.log_command:Invoked command in '/home/ashmitha/ros_ws/build/behavior_trees' returned '0': CMAKE_PREFIX_PATH=/opt/ros/foxy CONDA_PROMPT_MODIFIER=(base) /home/ashmitha/.local/bin/cmake --build /home/ashmitha/ros_ws/build/behavior_trees -- -j8 -l8
[2.473s] DEBUG:colcon.colcon_core.event_handler.log_command:Invoked command in '/home/ashmitha/ros_ws/build/behaviors' returned '0': CMAKE_PREFIX_PATH=/opt/ros/foxy CONDA_PROMPT_MODIFIER=(base) /home/ashmitha/.local/bin/cmake --build /home/ashmitha/ros_ws/build/behaviors -- -j8 -l8
[2.490s] DEBUG:colcon.colcon_core.event_handler.log_command:Invoked command in '/home/ashmitha/ros_ws/build/nav2_test_utils' returned '0': CMAKE_PREFIX_PATH=/opt/ros/foxy CONDA_PROMPT_MODIFIER=(base) /home/ashmitha/.local/bin/cmake --build /home/ashmitha/ros_ws/build/nav2_test_utils -- -j8 -l8
[2.535s] DEBUG:colcon.colcon_core.event_handler.log_command:Invoking command in '/home/ashmitha/ros_ws/build/behaviors': CMAKE_PREFIX_PATH=/opt/ros/foxy CONDA_PROMPT_MODIFIER=(base) /home/ashmitha/.local/bin/cmake --install /home/ashmitha/ros_ws/build/behaviors
[2.538s] DEBUG:colcon.colcon_core.event_handler.log_command:Invoking command in '/home/ashmitha/ros_ws/build/behavior_trees': CMAKE_PREFIX_PATH=/opt/ros/foxy CONDA_PROMPT_MODIFIER=(base) /home/ashmitha/.local/bin/cmake --install /home/ashmitha/ros_ws/build/behavior_trees
[2.541s] DEBUG:colcon.colcon_core.event_handler.log_command:Invoking command in '/home/ashmitha/ros_ws/build/nav2_test_utils': CMAKE_PREFIX_PATH=/opt/ros/foxy CONDA_PROMPT_MODIFIER=(base) /home/ashmitha/.local/bin/cmake --install /home/ashmitha/ros_ws/build/nav2_test_utils
[2.563s] Level 1:colcon.colcon_core.environment:create_environment_scripts_only(behaviors)
[2.564s] DEBUG:colcon.colcon_core.event_handler.log_command:Invoked command in '/home/ashmitha/ros_ws/build/behaviors' returned '0': CMAKE_PREFIX_PATH=/opt/ros/foxy CONDA_PROMPT_MODIFIER=(base) /home/ashmitha/.local/bin/cmake --install /home/ashmitha/ros_ws/build/behaviors
[2.575s] Level 1:colcon.colcon_core.environment:checking '/home/ashmitha/ros_ws/install/behaviors' for CMake module files
[2.576s] Level 1:colcon.colcon_core.environment:checking '/home/ashmitha/ros_ws/install/behaviors' for CMake config files
[2.576s] Level 1:colcon.colcon_core.shell:create_environment_hook('behaviors', 'cmake_prefix_path')
[2.586s] INFO:colcon.colcon_core.shell:Creating environment hook '/home/ashmitha/ros_ws/install/behaviors/share/behaviors/hook/cmake_prefix_path.ps1'
[2.586s] INFO:colcon.colcon_core.shell:Creating environment descriptor '/home/ashmitha/ros_ws/install/behaviors/share/behaviors/hook/cmake_prefix_path.dsv'
[2.587s] INFO:colcon.colcon_core.shell:Creating environment hook '/home/ashmitha/ros_ws/install/behaviors/share/behaviors/hook/cmake_prefix_path.sh'
[2.587s] Level 1:colcon.colcon_core.environment:checking '/home/ashmitha/ros_ws/install/behaviors/bin'
[2.587s] Level 1:colcon.colcon_core.environment:checking '/home/ashmitha/ros_ws/install/behaviors/lib/pkgconfig/behaviors.pc'
[2.588s] Level 1:colcon.colcon_core.environment:checking '/home/ashmitha/ros_ws/install/behaviors/lib/python3.8/site-packages'
[2.588s] Level 1:colcon.colcon_core.environment:checking '/home/ashmitha/ros_ws/install/behaviors/bin'
[2.598s] INFO:colcon.colcon_core.shell:Creating package script '/home/ashmitha/ros_ws/install/behaviors/share/behaviors/package.ps1'
[2.598s] INFO:colcon.colcon_core.shell:Creating package descriptor '/home/ashmitha/ros_ws/install/behaviors/share/behaviors/package.dsv'
[2.599s] INFO:colcon.colcon_core.shell:Creating package script '/home/ashmitha/ros_ws/install/behaviors/share/behaviors/package.sh'
[2.599s] INFO:colcon.colcon_core.shell:Creating package script '/home/ashmitha/ros_ws/install/behaviors/share/behaviors/package.bash'
[2.600s] INFO:colcon.colcon_core.shell:Creating package script '/home/ashmitha/ros_ws/install/behaviors/share/behaviors/package.zsh'
[2.600s] Level 1:colcon.colcon_core.environment:create_file_with_runtime_dependencies(/home/ashmitha/ros_ws/install/behaviors/share/colcon-core/packages/behaviors)
[2.602s] Level 1:colcon.colcon_core.environment:create_environment_scripts_only(behavior_trees)
[2.603s] DEBUG:colcon.colcon_core.event_handler.log_command:Invoked command in '/home/ashmitha/ros_ws/build/behavior_trees' returned '0': CMAKE_PREFIX_PATH=/opt/ros/foxy CONDA_PROMPT_MODIFIER=(base) /home/ashmitha/.local/bin/cmake --install /home/ashmitha/ros_ws/build/behavior_trees
[2.620s] Level 1:colcon.colcon_core.environment:checking '/home/ashmitha/ros_ws/install/behavior_trees' for CMake module files
[2.620s] Level 1:colcon.colcon_core.environment:checking '/home/ashmitha/ros_ws/install/behavior_trees' for CMake config files
[2.621s] Level 1:colcon.colcon_core.shell:create_environment_hook('behavior_trees', 'cmake_prefix_path')
[2.630s] INFO:colcon.colcon_core.shell:Creating environment hook '/home/ashmitha/ros_ws/install/behavior_trees/share/behavior_trees/hook/cmake_prefix_path.ps1'
[2.631s] INFO:colcon.colcon_core.shell:Creating environment descriptor '/home/ashmitha/ros_ws/install/behavior_trees/share/behavior_trees/hook/cmake_prefix_path.dsv'
[2.631s] INFO:colcon.colcon_core.shell:Creating environment hook '/home/ashmitha/ros_ws/install/behavior_trees/share/behavior_trees/hook/cmake_prefix_path.sh'
[2.632s] Level 1:colcon.colcon_core.environment:checking '/home/ashmitha/ros_ws/install/behavior_trees/bin'
[2.632s] Level 1:colcon.colcon_core.environment:checking '/home/ashmitha/ros_ws/install/behavior_trees/lib/pkgconfig/behavior_trees.pc'
[2.632s] Level 1:colcon.colcon_core.environment:checking '/home/ashmitha/ros_ws/install/behavior_trees/lib/python3.8/site-packages'
[2.632s] Level 1:colcon.colcon_core.environment:checking '/home/ashmitha/ros_ws/install/behavior_trees/bin'
[2.641s] INFO:colcon.colcon_core.shell:Creating package script '/home/ashmitha/ros_ws/install/behavior_trees/share/behavior_trees/package.ps1'
[2.642s] INFO:colcon.colcon_core.shell:Creating package descriptor '/home/ashmitha/ros_ws/install/behavior_trees/share/behavior_trees/package.dsv'
[2.642s] INFO:colcon.colcon_core.shell:Creating package script '/home/ashmitha/ros_ws/install/behavior_trees/share/behavior_trees/package.sh'
[2.642s] INFO:colcon.colcon_core.shell:Creating package script '/home/ashmitha/ros_ws/install/behavior_trees/share/behavior_trees/package.bash'
[2.642s] INFO:colcon.colcon_core.shell:Creating package script '/home/ashmitha/ros_ws/install/behavior_trees/share/behavior_trees/package.zsh'
[2.643s] Level 1:colcon.colcon_core.environment:create_file_with_runtime_dependencies(/home/ashmitha/ros_ws/install/behavior_trees/share/colcon-core/packages/behavior_trees)
[2.646s] Level 1:colcon.colcon_core.environment:create_environment_scripts_only(nav2_test_utils)
[2.647s] DEBUG:colcon.colcon_core.event_handler.log_command:Invoked command in '/home/ashmitha/ros_ws/build/nav2_test_utils' returned '0': CMAKE_PREFIX_PATH=/opt/ros/foxy CONDA_PROMPT_MODIFIER=(base) /home/ashmitha/.local/bin/cmake --install /home/ashmitha/ros_ws/build/nav2_test_utils
[2.657s] Level 1:colcon.colcon_core.environment:checking '/home/ashmitha/ros_ws/install/nav2_test_utils' for CMake module files
[2.657s] Level 1:colcon.colcon_core.environment:checking '/home/ashmitha/ros_ws/install/nav2_test_utils' for CMake config files
[2.657s] Level 1:colcon.colcon_core.shell:create_environment_hook('nav2_test_utils', 'cmake_prefix_path')
[2.667s] INFO:colcon.colcon_core.shell:Creating environment hook '/home/ashmitha/ros_ws/install/nav2_test_utils/share/nav2_test_utils/hook/cmake_prefix_path.ps1'
[2.668s] INFO:colcon.colcon_core.shell:Creating environment descriptor '/home/ashmitha/ros_ws/install/nav2_test_utils/share/nav2_test_utils/hook/cmake_prefix_path.dsv'
[2.668s] INFO:colcon.colcon_core.shell:Creating environment hook '/home/ashmitha/ros_ws/install/nav2_test_utils/share/nav2_test_utils/hook/cmake_prefix_path.sh'
[2.668s] Level 1:colcon.colcon_core.environment:checking '/home/ashmitha/ros_ws/install/nav2_test_utils/lib'
[2.668s] Level 1:colcon.colcon_core.environment:checking '/home/ashmitha/ros_ws/install/nav2_test_utils/bin'
[2.669s] Level 1:colcon.colcon_core.environment:checking '/home/ashmitha/ros_ws/install/nav2_test_utils/lib/pkgconfig/nav2_test_utils.pc'
[2.669s] Level 1:colcon.colcon_core.environment:checking '/home/ashmitha/ros_ws/install/nav2_test_utils/lib/python3.8/site-packages'
[2.669s] Level 1:colcon.colcon_core.environment:checking '/home/ashmitha/ros_ws/install/nav2_test_utils/bin'
[2.678s] INFO:colcon.colcon_core.shell:Creating package script '/home/ashmitha/ros_ws/install/nav2_test_utils/share/nav2_test_utils/package.ps1'
[2.679s] INFO:colcon.colcon_core.shell:Creating package descriptor '/home/ashmitha/ros_ws/install/nav2_test_utils/share/nav2_test_utils/package.dsv'
[2.679s] INFO:colcon.colcon_core.shell:Creating package script '/home/ashmitha/ros_ws/install/nav2_test_utils/share/nav2_test_utils/package.sh'
[2.680s] INFO:colcon.colcon_core.shell:Creating package script '/home/ashmitha/ros_ws/install/nav2_test_utils/share/nav2_test_utils/package.bash'
[2.680s] INFO:colcon.colcon_core.shell:Creating package script '/home/ashmitha/ros_ws/install/nav2_test_utils/share/nav2_test_utils/package.zsh'
[2.680s] Level 1:colcon.colcon_core.environment:create_file_with_runtime_dependencies(/home/ashmitha/ros_ws/install/nav2_test_utils/share/colcon-core/packages/nav2_test_utils)
[2.692s] Level 1:colcon.colcon_core.environment:create_environment_scripts_only(behaviors)
[2.702s] Level 1:colcon.colcon_core.environment:checking '/home/ashmitha/ros_ws/install/behaviors' for CMake module files
[2.703s] Level 1:colcon.colcon_core.environment:checking '/home/ashmitha/ros_ws/install/behaviors' for CMake config files
[2.703s] Level 1:colcon.colcon_core.shell:create_environment_hook('behaviors', 'cmake_prefix_path')
[2.713s] INFO:colcon.colcon_core.shell:Creating environment hook '/home/ashmitha/ros_ws/install/behaviors/share/behaviors/hook/cmake_prefix_path.ps1'
[2.714s] INFO:colcon.colcon_core.shell:Creating environment descriptor '/home/ashmitha/ros_ws/install/behaviors/share/behaviors/hook/cmake_prefix_path.dsv'
[2.714s] INFO:colcon.colcon_core.shell:Creating environment hook '/home/ashmitha/ros_ws/install/behaviors/share/behaviors/hook/cmake_prefix_path.sh'
[2.714s] Level 1:colcon.colcon_core.environment:checking '/home/ashmitha/ros_ws/install/behaviors/bin'
[2.714s] Level 1:colcon.colcon_core.environment:checking '/home/ashmitha/ros_ws/install/behaviors/lib/pkgconfig/behaviors.pc'
[2.715s] Level 1:colcon.colcon_core.environment:checking '/home/ashmitha/ros_ws/install/behaviors/lib/python3.8/site-packages'
[2.715s] Level 1:colcon.colcon_core.environment:checking '/home/ashmitha/ros_ws/install/behaviors/bin'
[2.724s] INFO:colcon.colcon_core.shell:Creating package script '/home/ashmitha/ros_ws/install/behaviors/share/behaviors/package.ps1'
[2.725s] INFO:colcon.colcon_core.shell:Creating package descriptor '/home/ashmitha/ros_ws/install/behaviors/share/behaviors/package.dsv'
[2.725s] INFO:colcon.colcon_core.shell:Creating package script '/home/ashmitha/ros_ws/install/behaviors/share/behaviors/package.sh'
[2.725s] INFO:colcon.colcon_core.shell:Creating package script '/home/ashmitha/ros_ws/install/behaviors/share/behaviors/package.bash'
[2.726s] INFO:colcon.colcon_core.shell:Creating package script '/home/ashmitha/ros_ws/install/behaviors/share/behaviors/package.zsh'
[2.726s] Level 1:colcon.colcon_core.environment:create_file_with_runtime_dependencies(/home/ashmitha/ros_ws/install/behaviors/share/colcon-core/packages/behaviors)
[2.738s] Level 1:colcon.colcon_core.environment:create_environment_scripts_only(behavior_trees)
[2.747s] Level 1:colcon.colcon_core.environment:checking '/home/ashmitha/ros_ws/install/behavior_trees' for CMake module files
[2.748s] Level 1:colcon.colcon_core.environment:checking '/home/ashmitha/ros_ws/install/behavior_trees' for CMake config files
[2.748s] Level 1:colcon.colcon_core.shell:create_environment_hook('behavior_trees', 'cmake_prefix_path')
[2.756s] INFO:colcon.colcon_core.shell:Creating environment hook '/home/ashmitha/ros_ws/install/behavior_trees/share/behavior_trees/hook/cmake_prefix_path.ps1'
[2.757s] INFO:colcon.colcon_core.shell:Creating environment descriptor '/home/ashmitha/ros_ws/install/behavior_trees/share/behavior_trees/hook/cmake_prefix_path.dsv'
[2.757s] INFO:colcon.colcon_core.shell:Creating environment hook '/home/ashmitha/ros_ws/install/behavior_trees/share/behavior_trees/hook/cmake_prefix_path.sh'
[2.757s] Level 1:colcon.colcon_core.environment:checking '/home/ashmitha/ros_ws/install/behavior_trees/bin'
[2.757s] Level 1:colcon.colcon_core.environment:checking '/home/ashmitha/ros_ws/install/behavior_trees/lib/pkgconfig/behavior_trees.pc'
[2.757s] Level 1:colcon.colcon_core.environment:checking '/home/ashmitha/ros_ws/install/behavior_trees/lib/python3.8/site-packages'
[2.757s] Level 1:colcon.colcon_core.environment:checking '/home/ashmitha/ros_ws/install/behavior_trees/bin'
[2.767s] INFO:colcon.colcon_core.shell:Creating package script '/home/ashmitha/ros_ws/install/behavior_trees/share/behavior_trees/package.ps1'
[2.767s] INFO:colcon.colcon_core.shell:Creating package descriptor '/home/ashmitha/ros_ws/install/behavior_trees/share/behavior_trees/package.dsv'
[2.768s] INFO:colcon.colcon_core.shell:Creating package script '/home/ashmitha/ros_ws/install/behavior_trees/share/behavior_trees/package.sh'
[2.768s] INFO:colcon.colcon_core.shell:Creating package script '/home/ashmitha/ros_ws/install/behavior_trees/share/behavior_trees/package.bash'
[2.768s] INFO:colcon.colcon_core.shell:Creating package script '/home/ashmitha/ros_ws/install/behavior_trees/share/behavior_trees/package.zsh'
[2.768s] Level 1:colcon.colcon_core.environment:create_file_with_runtime_dependencies(/home/ashmitha/ros_ws/install/behavior_trees/share/colcon-core/packages/behavior_trees)
[2.777s] Level 1:colcon.colcon_core.environment:create_environment_scripts_only(nav2_test_utils)
[2.786s] Level 1:colcon.colcon_core.environment:checking '/home/ashmitha/ros_ws/install/nav2_test_utils' for CMake module files
[2.786s] Level 1:colcon.colcon_core.environment:checking '/home/ashmitha/ros_ws/install/nav2_test_utils' for CMake config files
[2.786s] Level 1:colcon.colcon_core.shell:create_environment_hook('nav2_test_utils', 'cmake_prefix_path')
[2.797s] INFO:colcon.colcon_core.shell:Creating environment hook '/home/ashmitha/ros_ws/install/nav2_test_utils/share/nav2_test_utils/hook/cmake_prefix_path.ps1'
[2.797s] INFO:colcon.colcon_core.shell:Creating environment descriptor '/home/ashmitha/ros_ws/install/nav2_test_utils/share/nav2_test_utils/hook/cmake_prefix_path.dsv'
[2.797s] INFO:colcon.colcon_core.shell:Creating environment hook '/home/ashmitha/ros_ws/install/nav2_test_utils/share/nav2_test_utils/hook/cmake_prefix_path.sh'
[2.798s] Level 1:colcon.colcon_core.environment:checking '/home/ashmitha/ros_ws/install/nav2_test_utils/lib'
[2.798s] Level 1:colcon.colcon_core.environment:checking '/home/ashmitha/ros_ws/install/nav2_test_utils/bin'
[2.798s] Level 1:colcon.colcon_core.environment:checking '/home/ashmitha/ros_ws/install/nav2_test_utils/lib/pkgconfig/nav2_test_utils.pc'
[2.798s] Level 1:colcon.colcon_core.environment:checking '/home/ashmitha/ros_ws/install/nav2_test_utils/lib/python3.8/site-packages'
[2.798s] Level 1:colcon.colcon_core.environment:checking '/home/ashmitha/ros_ws/install/nav2_test_utils/bin'
[2.807s] INFO:colcon.colcon_core.shell:Creating package script '/home/ashmitha/ros_ws/install/nav2_test_utils/share/nav2_test_utils/package.ps1'
[2.807s] INFO:colcon.colcon_core.shell:Creating package descriptor '/home/ashmitha/ros_ws/install/nav2_test_utils/share/nav2_test_utils/package.dsv'
[2.807s] INFO:colcon.colcon_core.shell:Creating package script '/home/ashmitha/ros_ws/install/nav2_test_utils/share/nav2_test_utils/package.sh'
[2.808s] INFO:colcon.colcon_core.shell:Creating package script '/home/ashmitha/ros_ws/install/nav2_test_utils/share/nav2_test_utils/package.bash'
[2.808s] INFO:colcon.colcon_core.shell:Creating package script '/home/ashmitha/ros_ws/install/nav2_test_utils/share/nav2_test_utils/package.zsh'
[2.808s] Level 1:colcon.colcon_core.environment:create_file_with_runtime_dependencies(/home/ashmitha/ros_ws/install/nav2_test_utils/share/colcon-core/packages/nav2_test_utils)
[2.811s] DEBUG:colcon.colcon_core.event_handler.log_command:Invoked command in '/home/ashmitha/ros_ws/build/msgs' returned '2': CMAKE_PREFIX_PATH=/opt/ros/foxy CONDA_PROMPT_MODIFIER=(base) /home/ashmitha/.local/bin/cmake --build /home/ashmitha/ros_ws/build/msgs -- -j8 -l8
[2.866s] Level 1:colcon.colcon_core.environment:create_environment_scripts_only(msgs)
[2.874s] Level 1:colcon.colcon_core.environment:checking '/home/ashmitha/ros_ws/install/msgs' for CMake module files
[2.874s] Level 1:colcon.colcon_core.environment:checking '/home/ashmitha/ros_ws/install/msgs' for CMake config files
[2.874s] Level 1:colcon.colcon_core.environment:checking '/home/ashmitha/ros_ws/install/msgs/bin'
[2.874s] Level 1:colcon.colcon_core.environment:checking '/home/ashmitha/ros_ws/install/msgs/lib/pkgconfig/msgs.pc'
[2.875s] Level 1:colcon.colcon_core.environment:checking '/home/ashmitha/ros_ws/install/msgs/lib/python3.8/site-packages'
[2.875s] Level 1:colcon.colcon_core.environment:checking '/home/ashmitha/ros_ws/install/msgs/bin'
[2.883s] INFO:colcon.colcon_core.shell:Creating package script '/home/ashmitha/ros_ws/install/msgs/share/msgs/package.ps1'
[2.884s] INFO:colcon.colcon_core.shell:Creating package descriptor '/home/ashmitha/ros_ws/install/msgs/share/msgs/package.dsv'
[2.884s] INFO:colcon.colcon_core.shell:Creating package script '/home/ashmitha/ros_ws/install/msgs/share/msgs/package.sh'
[2.884s] INFO:colcon.colcon_core.shell:Creating package script '/home/ashmitha/ros_ws/install/msgs/share/msgs/package.bash'
[2.884s] INFO:colcon.colcon_core.shell:Creating package script '/home/ashmitha/ros_ws/install/msgs/share/msgs/package.zsh'
[2.884s] Level 1:colcon.colcon_core.environment:create_file_with_runtime_dependencies(/home/ashmitha/ros_ws/install/msgs/share/colcon-core/packages/msgs)
[2.895s] DEBUG:colcon.colcon_parallel_executor.executor.parallel:closing loop
[2.895s] DEBUG:colcon.colcon_parallel_executor.executor.parallel:loop closed
[2.895s] DEBUG:colcon.colcon_parallel_executor.executor.parallel:run_until_complete finished with '2'
[2.895s] DEBUG:colcon.colcon_core.event_reactor:joining thread
[2.907s] INFO:colcon.colcon_core.plugin_system:Skipping extension 'colcon_notification.desktop_notification.terminal_notifier': Not used on non-Darwin systems
[2.907s] INFO:colcon.colcon_core.plugin_system:Skipping extension 'colcon_notification.desktop_notification.win32': Not used on non-Windows systems
[2.908s] INFO:colcon.colcon_notification.desktop_notification:Sending desktop notification using 'notify2'
[2.909s] ERROR:colcon.colcon_notification.desktop_notification:Exception in desktop notification extension 'notify2': Expected a string or unicode object
Traceback (most recent call last):
  File "/usr/lib/python3/dist-packages/colcon_notification/desktop_notification/__init__.py", line 106, in notify
    retval = extension.notify(
  File "/usr/lib/python3/dist-packages/colcon_notification/desktop_notification/notify2.py", line 51, in notify
    self._last_notification.show()
  File "/usr/lib/python3/dist-packages/notify2.py", line 181, in show
    nid = dbus_iface.Notify(appname,       # app_name       (spec names)
  File "/usr/lib/python3/dist-packages/dbus/proxies.py", line 72, in __call__
    return self._proxy_method(*args, **keywords)
  File "/usr/lib/python3/dist-packages/dbus/proxies.py", line 141, in __call__
    return self._connection.call_blocking(self._named_service,
  File "/usr/lib/python3/dist-packages/dbus/connection.py", line 643, in call_blocking
    message.append(signature=signature, *args)
TypeError: Expected a string or unicode object

[2.909s] INFO:colcon.colcon_notification.desktop_notification:Sending desktop notification using 'notify_send'
[2.916s] DEBUG:colcon.colcon_core.event_reactor:joined thread
[2.925s] INFO:colcon.colcon_core.shell:Creating prefix script '/home/ashmitha/ros_ws/install/local_setup.ps1'
[2.926s] INFO:colcon.colcon_core.shell:Creating prefix util module '/home/ashmitha/ros_ws/install/_local_setup_util_ps1.py'
[2.927s] INFO:colcon.colcon_core.shell:Creating prefix chain script '/home/ashmitha/ros_ws/install/setup.ps1'
[2.936s] INFO:colcon.colcon_core.shell:Creating prefix script '/home/ashmitha/ros_ws/install/local_setup.sh'
[2.936s] INFO:colcon.colcon_core.shell:Creating prefix util module '/home/ashmitha/ros_ws/install/_local_setup_util_sh.py'
[2.937s] INFO:colcon.colcon_core.shell:Creating prefix chain script '/home/ashmitha/ros_ws/install/setup.sh'
[2.945s] INFO:colcon.colcon_core.shell:Creating prefix script '/home/ashmitha/ros_ws/install/local_setup.bash'
[2.946s] INFO:colcon.colcon_core.shell:Creating prefix chain script '/home/ashmitha/ros_ws/install/setup.bash'
[2.955s] INFO:colcon.colcon_core.shell:Creating prefix script '/home/ashmitha/ros_ws/install/local_setup.zsh'
[2.955s] INFO:colcon.colcon_core.shell:Creating prefix chain script '/home/ashmitha/ros_ws/install/setup.zsh'
