[0.077s] Invoking command in '/home/ashmitha/ros_ws/build/msgs': CMAKE_PREFIX_PATH=/opt/ros/foxy CONDA_PROMPT_MODIFIER=(base) /home/ashmitha/.local/bin/cmake --build /home/ashmitha/ros_ws/build/msgs -- -j8 -l8
[0.102s] -- Found ament_cmake: 0.9.12 (/opt/ros/foxy/share/ament_cmake/cmake)
[0.105s] [33mCMake Warning (dev) at /opt/ros/foxy/share/ament_cmake_core/cmake/core/python.cmake:22 (find_package):
[0.105s]   Policy CMP0148 is not set: The FindPythonInterp and FindPythonLibs modules
[0.105s]   are removed.  Run "cmake --help-policy CMP0148" for policy details.  Use
[0.105s]   the cmake_policy command to set the policy and suppress this warning.
[0.105s] 
[0.105s] Call Stack (most recent call first):
[0.106s]   /opt/ros/foxy/share/ament_cmake_core/cmake/core/all.cmake:53 (include)
[0.106s]   /opt/ros/foxy/share/ament_cmake_core/cmake/ament_cmake_core-extras.cmake:17 (include)
[0.106s]   /opt/ros/foxy/share/ament_cmake_core/cmake/ament_cmake_coreConfig.cmake:41 (include)
[0.106s]   /opt/ros/foxy/share/ament_cmake/cmake/ament_cmake_export_dependencies-extras.cmake:15 (find_package)
[0.106s]   /opt/ros/foxy/share/ament_cmake/cmake/ament_cmakeConfig.cmake:41 (include)
[0.106s]   CMakeLists.txt:22 (find_package)
[0.106s] This warning is for project developers.  Use -Wno-dev to suppress it.
[0.106s] [0m
[0.117s] -- Using PYTHON_EXECUTABLE: /home/ashmitha/anaconda3/bin/python3
[0.249s] -- Found ament_lint_auto: 0.9.8 (/opt/ros/foxy/share/ament_lint_auto/cmake)
[0.316s] -- Found rosidl_default_generators: 1.0.1 (/opt/ros/foxy/share/rosidl_default_generators/cmake)
[0.317s] -- Using all available rosidl_typesupport_c: rosidl_typesupport_fastrtps_c;rosidl_typesupport_introspection_c
[0.319s] -- Found rosidl_adapter: 1.3.1 (/opt/ros/foxy/share/rosidl_adapter/cmake)
[0.437s] -- Using all available rosidl_typesupport_cpp: rosidl_typesupport_fastrtps_cpp;rosidl_typesupport_introspection_cpp
[0.542s] -- Found ament_cmake_ros: 0.9.2 (/opt/ros/foxy/share/ament_cmake_ros/cmake)
[0.638s] -- Using all available rosidl_typesupport_c: rosidl_typesupport_fastrtps_c;rosidl_typesupport_introspection_c
[0.651s] -- Using all available rosidl_typesupport_cpp: rosidl_typesupport_fastrtps_cpp;rosidl_typesupport_introspection_cpp
[0.654s] [33mCMake Warning (dev) at /opt/ros/foxy/share/rosidl_generator_py/cmake/rosidl_generator_py_generate_interfaces.cmake:20 (find_package):
[0.654s]   Policy CMP0148 is not set: The FindPythonInterp and FindPythonLibs modules
[0.654s]   are removed.  Run "cmake --help-policy CMP0148" for policy details.  Use
[0.655s]   the cmake_policy command to set the policy and suppress this warning.
[0.655s] 
[0.655s] Call Stack (most recent call first):
[0.655s]   /opt/ros/foxy/share/ament_cmake_core/cmake/core/ament_execute_extensions.cmake:48 (include)
[0.655s]   /opt/ros/foxy/share/rosidl_cmake/cmake/rosidl_generate_interfaces.cmake:286 (ament_execute_extensions)
[0.655s]   CMakeLists.txt:40 (rosidl_generate_interfaces)
[0.655s] This warning is for project developers.  Use -Wno-dev to suppress it.
[0.655s] [0m
[0.668s] -- Found PythonInterp: /home/ashmitha/anaconda3/bin/python3 (found suitable version "3.11.4", minimum required is "3.5") 
[0.668s] -- Found python_cmake_module: 0.8.1 (/opt/ros/foxy/share/python_cmake_module/cmake)
[0.669s] [33mCMake Warning (dev) at /opt/ros/foxy/share/python_cmake_module/cmake/Modules/FindPythonExtra.cmake:45 (find_package):
[0.669s]   Policy CMP0148 is not set: The FindPythonInterp and FindPythonLibs modules
[0.669s]   are removed.  Run "cmake --help-policy CMP0148" for policy details.  Use
[0.669s]   the cmake_policy command to set the policy and suppress this warning.
[0.669s] 
[0.669s] Call Stack (most recent call first):
[0.669s]   /opt/ros/foxy/share/rosidl_generator_py/cmake/rosidl_generator_py_generate_interfaces.cmake:23 (find_package)
[0.669s]   /opt/ros/foxy/share/ament_cmake_core/cmake/core/ament_execute_extensions.cmake:48 (include)
[0.669s]   /opt/ros/foxy/share/rosidl_cmake/cmake/rosidl_generate_interfaces.cmake:286 (ament_execute_extensions)
[0.669s]   CMakeLists.txt:40 (rosidl_generate_interfaces)
[0.669s] This warning is for project developers.  Use -Wno-dev to suppress it.
[0.669s] [0m
[0.687s] [33mCMake Warning (dev) at /opt/ros/foxy/share/python_cmake_module/cmake/Modules/FindPythonExtra.cmake:133 (find_package):
[0.687s]   Policy CMP0148 is not set: The FindPythonInterp and FindPythonLibs modules
[0.687s]   are removed.  Run "cmake --help-policy CMP0148" for policy details.  Use
[0.688s]   the cmake_policy command to set the policy and suppress this warning.
[0.688s] 
[0.688s] Call Stack (most recent call first):
[0.688s]   /opt/ros/foxy/share/rosidl_generator_py/cmake/rosidl_generator_py_generate_interfaces.cmake:23 (find_package)
[0.688s]   /opt/ros/foxy/share/ament_cmake_core/cmake/core/ament_execute_extensions.cmake:48 (include)
[0.688s]   /opt/ros/foxy/share/rosidl_cmake/cmake/rosidl_generate_interfaces.cmake:286 (ament_execute_extensions)
[0.688s]   CMakeLists.txt:40 (rosidl_generate_interfaces)
[0.688s] This warning is for project developers.  Use -Wno-dev to suppress it.
[0.688s] [0m
[0.688s] -- Using PYTHON_EXECUTABLE: /home/ashmitha/anaconda3/bin/python3
[0.688s] -- Using PYTHON_INCLUDE_DIRS: /home/ashmitha/anaconda3/include/python3.11
[0.688s] -- Using PYTHON_LIBRARIES: /home/ashmitha/anaconda3/lib/libpython3.11.so
[0.876s] -- Using numpy include directory: /home/ashmitha/anaconda3/lib/python3.11/site-packages/numpy/core/include
[0.885s] -- Added test 'copyright' to check source files copyright and LICENSE
[0.886s] -- Added test 'lint_cmake' to check CMake code style
[0.887s] -- Added test 'xmllint' to check XML markup files
[0.890s] -- Configuring done (0.8s)
[0.912s] [33mCMake Warning at /opt/ros/foxy/share/rosidl_generator_py/cmake/rosidl_generator_py_generate_interfaces.cmake:235 (add_library):
[0.912s]   Cannot generate a safe runtime search path for target
[0.912s]   msgs__rosidl_typesupport_fastrtps_c__pyext because files in some
[0.912s]   directories may conflict with libraries in implicit directories:
[0.912s] 
[0.912s]     runtime library [libssl.so.1.1] in /usr/lib/x86_64-linux-gnu may be hidden by files in:
[0.912s]       /home/ashmitha/anaconda3/lib
[0.912s]     runtime library [libcrypto.so.1.1] in /usr/lib/x86_64-linux-gnu may be hidden by files in:
[0.913s]       /home/ashmitha/anaconda3/lib
[0.913s] 
[0.913s]   Some of these libraries may not be found correctly.
[0.913s] Call Stack (most recent call first):
[0.913s]   /opt/ros/foxy/share/ament_cmake_core/cmake/core/ament_execute_extensions.cmake:48 (include)
[0.913s]   /opt/ros/foxy/share/rosidl_cmake/cmake/rosidl_generate_interfaces.cmake:286 (ament_execute_extensions)
[0.913s]   CMakeLists.txt:40 (rosidl_generate_interfaces)
[0.913s] 
[0.913s] [0m
[0.922s] -- Generating done (0.0s)
[0.923s] -- Build files have been written to: /home/ashmitha/ros_ws/build/msgs
[0.934s] [  3%] [34m[1mGenerating C code for ROS interfaces[0m
[0.937s] [  6%] [34m[1mGenerating C++ code for ROS interfaces[0m
[1.076s] Error processing idl file: /home/ashmitha/ros_ws/build/msgs/rosidl_adapter/msgs/action/Teleop.idl
[1.076s] Traceback (most recent call last):
[1.076s]   File "/opt/ros/foxy/share/rosidl_generator_cpp/cmake/../../../lib/rosidl_generator_cpp/rosidl_generator_cpp", line 40, in <module>
[1.076s]     sys.exit(main())
[1.076s]              ^^^^^^
[1.076s]   File "/opt/ros/foxy/share/rosidl_generator_cpp/cmake/../../../lib/rosidl_generator_cpp/rosidl_generator_cpp", line 34, in main
[1.076s]     return generate_cpp(
[1.076s]            ^^^^^^^^^^^^^
[1.076s]   File "/opt/ros/foxy/lib/python3.8/site-packages/rosidl_generator_cpp/__init__.py", line 39, in generate_cpp
[1.076s]     generate_files(
[1.077s]   File "/opt/ros/foxy/lib/python3.8/site-packages/rosidl_cmake/__init__.py", line 96, in generate_files
[1.077s]     raise(e)
[1.077s]   File "/opt/ros/foxy/lib/python3.8/site-packages/rosidl_cmake/__init__.py", line 87, in generate_files
[1.077s]     expand_template(
[1.077s]   File "/opt/ros/foxy/lib/python3.8/site-packages/rosidl_cmake/__init__.py", line 131, in expand_template
[1.077s]     em.BUFFERED_OPT: True,
[1.077s]     ^^^^^^^^^^^^^^^
[1.077s] AttributeError: module 'em' has no attribute 'BUFFERED_OPT'
[1.077s] Error processing idl file: /home/ashmitha/ros_ws/build/msgs/rosidl_adapter/msgs/action/Teleop.idl
[1.077s] Traceback (most recent call last):
[1.077s]   File "/opt/ros/foxy/share/rosidl_generator_c/cmake/../../../lib/rosidl_generator_c/rosidl_generator_c", line 40, in <module>
[1.077s]     sys.exit(main())
[1.078s]              ^^^^^^
[1.078s]   File "/opt/ros/foxy/share/rosidl_generator_c/cmake/../../../lib/rosidl_generator_c/rosidl_generator_c", line 34, in main
[1.078s]     return generate_c(
[1.078s]            ^^^^^^^^^^^
[1.078s]   File "/opt/ros/foxy/lib/python3.8/site-packages/rosidl_generator_c/__init__.py", line 37, in generate_c
[1.078s]     generate_files(
[1.078s]   File "/opt/ros/foxy/lib/python3.8/site-packages/rosidl_cmake/__init__.py", line 96, in generate_files
[1.078s]     raise(e)
[1.078s]   File "/opt/ros/foxy/lib/python3.8/site-packages/rosidl_cmake/__init__.py", line 87, in generate_files
[1.078s]     expand_template(
[1.078s]   File "/opt/ros/foxy/lib/python3.8/site-packages/rosidl_cmake/__init__.py", line 131, in expand_template
[1.078s]     em.BUFFERED_OPT: True,
[1.078s]     ^^^^^^^^^^^^^^^
[1.078s] AttributeError: module 'em' has no attribute 'BUFFERED_OPT'
[1.092s] make[2]: *** [CMakeFiles/msgs__cpp.dir/build.make:104: rosidl_generator_cpp/msgs/action/teleop.hpp] Error 1
[1.092s] make[1]: *** [CMakeFiles/Makefile2:342: CMakeFiles/msgs__cpp.dir/all] Error 2
[1.092s] make[1]: *** Waiting for unfinished jobs....
[1.092s] make[2]: *** [CMakeFiles/msgs__rosidl_generator_c.dir/build.make:94: rosidl_generator_c/msgs/action/teleop.h] Error 1
[1.092s] make[1]: *** [CMakeFiles/Makefile2:209: CMakeFiles/msgs__rosidl_generator_c.dir/all] Error 2
[1.093s] make: *** [Makefile:146: all] Error 2
[1.096s] Invoked command in '/home/ashmitha/ros_ws/build/msgs' returned '2': CMAKE_PREFIX_PATH=/opt/ros/foxy CONDA_PROMPT_MODIFIER=(base) /home/ashmitha/.local/bin/cmake --build /home/ashmitha/ros_ws/build/msgs -- -j8 -l8
