[2.001s] DEBUG:colcon:Command line arguments: ['/usr/bin/colcon', 'build']
[2.001s] DEBUG:colcon:Parsed command line arguments: Namespace(allow_overriding=[], ament_cmake_args=None, base_paths=['.'], build_base='build', catkin_cmake_args=None, catkin_skip_building_tests=False, cmake_args=None, cmake_clean_cache=False, cmake_clean_first=False, cmake_force_configure=False, cmake_target=None, cmake_target_skip_unavailable=False, continue_on_error=False, event_handlers=None, executor='parallel', ignore_user_meta=False, install_base='install', log_base=None, log_level=None, main=<bound method BuildVerb.main of <colcon_core.verb.build.BuildVerb object at 0x7faa8314ed00>>, merge_install=False, metas=['./colcon.meta'], packages_above=None, packages_above_and_dependencies=None, packages_above_depth=None, packages_end=None, packages_ignore=None, packages_ignore_regex=None, packages_select=None, packages_select_build_failed=False, packages_select_by_dep=None, packages_select_regex=None, packages_select_test_failures=False, packages_skip=None, packages_skip_build_finished=False, packages_skip_by_dep=None, packages_skip_regex=None, packages_skip_test_passed=False, packages_skip_up_to=None, packages_start=None, packages_up_to=None, packages_up_to_regex=None, parallel_workers=8, paths=None, symlink_install=False, test_result_base=None, verb_extension=<colcon_core.verb.build.BuildVerb object at 0x7faa8314ed00>, verb_name='build', verb_parser=<colcon_defaults.argument_parser.defaults.DefaultArgumentsDecorator object at 0x7faa82d60d60>)
[2.070s] Level 1:colcon.colcon_core.package_discovery:discover_packages(colcon_meta) check parameters
[2.071s] Level 1:colcon.colcon_core.package_discovery:discover_packages(recursive) check parameters
[2.071s] Level 1:colcon.colcon_core.package_discovery:discover_packages(ignore) check parameters
[2.071s] Level 1:colcon.colcon_core.package_discovery:discover_packages(path) check parameters
[2.071s] Level 1:colcon.colcon_core.package_discovery:discover_packages(colcon_meta) discover
[2.071s] Level 1:colcon.colcon_core.package_discovery:discover_packages(recursive) discover
[2.071s] INFO:colcon.colcon_core.package_discovery:Crawling recursively for packages in '/home/ashmitha/ros_ws'
[2.071s] Level 1:colcon.colcon_core.package_identification:_identify(.) by extensions ['ignore', 'ignore_ament_install']
[2.071s] Level 1:colcon.colcon_core.package_identification:_identify(.) by extension 'ignore'
[2.071s] Level 1:colcon.colcon_core.package_identification:_identify(.) by extension 'ignore_ament_install'
[2.071s] Level 1:colcon.colcon_core.package_identification:_identify(.) by extensions ['colcon_pkg']
[2.071s] Level 1:colcon.colcon_core.package_identification:_identify(.) by extension 'colcon_pkg'
[2.071s] Level 1:colcon.colcon_core.package_identification:_identify(.) by extensions ['colcon_meta']
[2.071s] Level 1:colcon.colcon_core.package_identification:_identify(.) by extension 'colcon_meta'
[2.071s] Level 1:colcon.colcon_core.package_identification:_identify(.) by extensions ['ros']
[2.071s] Level 1:colcon.colcon_core.package_identification:_identify(.) by extension 'ros'
[2.081s] Level 1:colcon.colcon_core.package_identification:_identify(.) by extensions ['cmake', 'python']
[2.081s] Level 1:colcon.colcon_core.package_identification:_identify(.) by extension 'cmake'
[2.081s] Level 1:colcon.colcon_core.package_identification:_identify(.) by extension 'python'
[2.081s] Level 1:colcon.colcon_core.package_identification:_identify(.) by extensions ['python_setup_py']
[2.081s] Level 1:colcon.colcon_core.package_identification:_identify(.) by extension 'python_setup_py'
[2.081s] Level 1:colcon.colcon_core.package_identification:_identify(build) by extensions ['ignore', 'ignore_ament_install']
[2.081s] Level 1:colcon.colcon_core.package_identification:_identify(build) by extension 'ignore'
[2.081s] Level 1:colcon.colcon_core.package_identification:_identify(build) ignored
[2.082s] Level 1:colcon.colcon_core.package_identification:_identify(install) by extensions ['ignore', 'ignore_ament_install']
[2.082s] Level 1:colcon.colcon_core.package_identification:_identify(install) by extension 'ignore'
[2.082s] Level 1:colcon.colcon_core.package_identification:_identify(install) ignored
[2.082s] Level 1:colcon.colcon_core.package_identification:_identify(log) by extensions ['ignore', 'ignore_ament_install']
[2.082s] Level 1:colcon.colcon_core.package_identification:_identify(log) by extension 'ignore'
[2.082s] Level 1:colcon.colcon_core.package_identification:_identify(log) ignored
[2.082s] Level 1:colcon.colcon_core.package_identification:_identify(src) by extensions ['ignore', 'ignore_ament_install']
[2.082s] Level 1:colcon.colcon_core.package_identification:_identify(src) by extension 'ignore'
[2.082s] Level 1:colcon.colcon_core.package_identification:_identify(src) by extension 'ignore_ament_install'
[2.082s] Level 1:colcon.colcon_core.package_identification:_identify(src) by extensions ['colcon_pkg']
[2.082s] Level 1:colcon.colcon_core.package_identification:_identify(src) by extension 'colcon_pkg'
[2.082s] Level 1:colcon.colcon_core.package_identification:_identify(src) by extensions ['colcon_meta']
[2.082s] Level 1:colcon.colcon_core.package_identification:_identify(src) by extension 'colcon_meta'
[2.082s] Level 1:colcon.colcon_core.package_identification:_identify(src) by extensions ['ros']
[2.082s] Level 1:colcon.colcon_core.package_identification:_identify(src) by extension 'ros'
[2.082s] Level 1:colcon.colcon_core.package_identification:_identify(src) by extensions ['cmake', 'python']
[2.082s] Level 1:colcon.colcon_core.package_identification:_identify(src) by extension 'cmake'
[2.082s] Level 1:colcon.colcon_core.package_identification:_identify(src) by extension 'python'
[2.082s] Level 1:colcon.colcon_core.package_identification:_identify(src) by extensions ['python_setup_py']
[2.083s] Level 1:colcon.colcon_core.package_identification:_identify(src) by extension 'python_setup_py'
[2.083s] Level 1:colcon.colcon_core.package_identification:_identify(src/behavior_trees) by extensions ['ignore', 'ignore_ament_install']
[2.083s] Level 1:colcon.colcon_core.package_identification:_identify(src/behavior_trees) by extension 'ignore'
[2.083s] Level 1:colcon.colcon_core.package_identification:_identify(src/behavior_trees) by extension 'ignore_ament_install'
[2.083s] Level 1:colcon.colcon_core.package_identification:_identify(src/behavior_trees) by extensions ['colcon_pkg']
[2.083s] Level 1:colcon.colcon_core.package_identification:_identify(src/behavior_trees) by extension 'colcon_pkg'
[2.083s] Level 1:colcon.colcon_core.package_identification:_identify(src/behavior_trees) by extensions ['colcon_meta']
[2.083s] Level 1:colcon.colcon_core.package_identification:_identify(src/behavior_trees) by extension 'colcon_meta'
[2.083s] Level 1:colcon.colcon_core.package_identification:_identify(src/behavior_trees) by extensions ['ros']
[2.083s] Level 1:colcon.colcon_core.package_identification:_identify(src/behavior_trees) by extension 'ros'
[2.085s] DEBUG:colcon.colcon_core.package_identification:Package 'src/behavior_trees' with type 'ros.ament_cmake' and name 'behavior_trees'
[2.085s] Level 1:colcon.colcon_core.package_identification:_identify(src/behaviors) by extensions ['ignore', 'ignore_ament_install']
[2.085s] Level 1:colcon.colcon_core.package_identification:_identify(src/behaviors) by extension 'ignore'
[2.085s] Level 1:colcon.colcon_core.package_identification:_identify(src/behaviors) by extension 'ignore_ament_install'
[2.085s] Level 1:colcon.colcon_core.package_identification:_identify(src/behaviors) by extensions ['colcon_pkg']
[2.085s] Level 1:colcon.colcon_core.package_identification:_identify(src/behaviors) by extension 'colcon_pkg'
[2.085s] Level 1:colcon.colcon_core.package_identification:_identify(src/behaviors) by extensions ['colcon_meta']
[2.085s] Level 1:colcon.colcon_core.package_identification:_identify(src/behaviors) by extension 'colcon_meta'
[2.085s] Level 1:colcon.colcon_core.package_identification:_identify(src/behaviors) by extensions ['ros']
[2.085s] Level 1:colcon.colcon_core.package_identification:_identify(src/behaviors) by extension 'ros'
[2.086s] DEBUG:colcon.colcon_core.package_identification:Package 'src/behaviors' with type 'ros.ament_cmake' and name 'behaviors'
[2.086s] Level 1:colcon.colcon_core.package_identification:_identify(src/msgs) by extensions ['ignore', 'ignore_ament_install']
[2.086s] Level 1:colcon.colcon_core.package_identification:_identify(src/msgs) by extension 'ignore'
[2.086s] Level 1:colcon.colcon_core.package_identification:_identify(src/msgs) by extension 'ignore_ament_install'
[2.086s] Level 1:colcon.colcon_core.package_identification:_identify(src/msgs) by extensions ['colcon_pkg']
[2.086s] Level 1:colcon.colcon_core.package_identification:_identify(src/msgs) by extension 'colcon_pkg'
[2.086s] Level 1:colcon.colcon_core.package_identification:_identify(src/msgs) by extensions ['colcon_meta']
[2.086s] Level 1:colcon.colcon_core.package_identification:_identify(src/msgs) by extension 'colcon_meta'
[2.086s] Level 1:colcon.colcon_core.package_identification:_identify(src/msgs) by extensions ['ros']
[2.086s] Level 1:colcon.colcon_core.package_identification:_identify(src/msgs) by extension 'ros'
[2.087s] DEBUG:colcon.colcon_core.package_identification:Package 'src/msgs' with type 'ros.ament_cmake' and name 'msgs'
[2.087s] Level 1:colcon.colcon_core.package_identification:_identify(src/nav2_test_utils) by extensions ['ignore', 'ignore_ament_install']
[2.087s] Level 1:colcon.colcon_core.package_identification:_identify(src/nav2_test_utils) by extension 'ignore'
[2.087s] Level 1:colcon.colcon_core.package_identification:_identify(src/nav2_test_utils) by extension 'ignore_ament_install'
[2.087s] Level 1:colcon.colcon_core.package_identification:_identify(src/nav2_test_utils) by extensions ['colcon_pkg']
[2.087s] Level 1:colcon.colcon_core.package_identification:_identify(src/nav2_test_utils) by extension 'colcon_pkg'
[2.087s] Level 1:colcon.colcon_core.package_identification:_identify(src/nav2_test_utils) by extensions ['colcon_meta']
[2.087s] Level 1:colcon.colcon_core.package_identification:_identify(src/nav2_test_utils) by extension 'colcon_meta'
[2.087s] Level 1:colcon.colcon_core.package_identification:_identify(src/nav2_test_utils) by extensions ['ros']
[2.087s] Level 1:colcon.colcon_core.package_identification:_identify(src/nav2_test_utils) by extension 'ros'
[2.088s] DEBUG:colcon.colcon_core.package_identification:Package 'src/nav2_test_utils' with type 'ros.ament_cmake' and name 'nav2_test_utils'
[2.088s] Level 1:colcon.colcon_core.package_discovery:discover_packages(recursive) using defaults
[2.088s] Level 1:colcon.colcon_core.package_discovery:discover_packages(ignore) discover
[2.088s] Level 1:colcon.colcon_core.package_discovery:discover_packages(ignore) using defaults
[2.088s] Level 1:colcon.colcon_core.package_discovery:discover_packages(path) discover
[2.088s] Level 1:colcon.colcon_core.package_discovery:discover_packages(path) using defaults
[2.147s] Level 1:colcon.colcon_core.package_discovery:discover_packages(prefix_path) check parameters
[2.147s] Level 1:colcon.colcon_core.package_discovery:discover_packages(prefix_path) discover
[2.167s] DEBUG:colcon.colcon_installed_package_information.package_discovery:Found 298 installed packages in /opt/ros/foxy
[2.168s] Level 1:colcon.colcon_core.package_discovery:discover_packages(prefix_path) using defaults
[2.217s] Level 5:colcon.colcon_core.verb:set package 'behavior_trees' build argument 'cmake_args' from command line to 'None'
[2.217s] Level 5:colcon.colcon_core.verb:set package 'behavior_trees' build argument 'cmake_target' from command line to 'None'
[2.217s] Level 5:colcon.colcon_core.verb:set package 'behavior_trees' build argument 'cmake_target_skip_unavailable' from command line to 'False'
[2.217s] Level 5:colcon.colcon_core.verb:set package 'behavior_trees' build argument 'cmake_clean_cache' from command line to 'False'
[2.217s] Level 5:colcon.colcon_core.verb:set package 'behavior_trees' build argument 'cmake_clean_first' from command line to 'False'
[2.217s] Level 5:colcon.colcon_core.verb:set package 'behavior_trees' build argument 'cmake_force_configure' from command line to 'False'
[2.217s] Level 5:colcon.colcon_core.verb:set package 'behavior_trees' build argument 'ament_cmake_args' from command line to 'None'
[2.217s] Level 5:colcon.colcon_core.verb:set package 'behavior_trees' build argument 'catkin_cmake_args' from command line to 'None'
[2.217s] Level 5:colcon.colcon_core.verb:set package 'behavior_trees' build argument 'catkin_skip_building_tests' from command line to 'False'
[2.217s] DEBUG:colcon.colcon_core.verb:Building package 'behavior_trees' with the following arguments: {'ament_cmake_args': None, 'build_base': '/home/ashmitha/ros_ws/build/behavior_trees', 'catkin_cmake_args': None, 'catkin_skip_building_tests': False, 'cmake_args': None, 'cmake_clean_cache': False, 'cmake_clean_first': False, 'cmake_force_configure': False, 'cmake_target': None, 'cmake_target_skip_unavailable': False, 'install_base': '/home/ashmitha/ros_ws/install/behavior_trees', 'merge_install': False, 'path': '/home/ashmitha/ros_ws/src/behavior_trees', 'symlink_install': False, 'test_result_base': None}
[2.226s] Level 5:colcon.colcon_core.verb:set package 'msgs' build argument 'cmake_args' from command line to 'None'
[2.226s] Level 5:colcon.colcon_core.verb:set package 'msgs' build argument 'cmake_target' from command line to 'None'
[2.226s] Level 5:colcon.colcon_core.verb:set package 'msgs' build argument 'cmake_target_skip_unavailable' from command line to 'False'
[2.226s] Level 5:colcon.colcon_core.verb:set package 'msgs' build argument 'cmake_clean_cache' from command line to 'False'
[2.227s] Level 5:colcon.colcon_core.verb:set package 'msgs' build argument 'cmake_clean_first' from command line to 'False'
[2.227s] Level 5:colcon.colcon_core.verb:set package 'msgs' build argument 'cmake_force_configure' from command line to 'False'
[2.227s] Level 5:colcon.colcon_core.verb:set package 'msgs' build argument 'ament_cmake_args' from command line to 'None'
[2.227s] Level 5:colcon.colcon_core.verb:set package 'msgs' build argument 'catkin_cmake_args' from command line to 'None'
[2.227s] Level 5:colcon.colcon_core.verb:set package 'msgs' build argument 'catkin_skip_building_tests' from command line to 'False'
[2.227s] DEBUG:colcon.colcon_core.verb:Building package 'msgs' with the following arguments: {'ament_cmake_args': None, 'build_base': '/home/ashmitha/ros_ws/build/msgs', 'catkin_cmake_args': None, 'catkin_skip_building_tests': False, 'cmake_args': None, 'cmake_clean_cache': False, 'cmake_clean_first': False, 'cmake_force_configure': False, 'cmake_target': None, 'cmake_target_skip_unavailable': False, 'install_base': '/home/ashmitha/ros_ws/install/msgs', 'merge_install': False, 'path': '/home/ashmitha/ros_ws/src/msgs', 'symlink_install': False, 'test_result_base': None}
[2.236s] Level 5:colcon.colcon_core.verb:set package 'nav2_test_utils' build argument 'cmake_args' from command line to 'None'
[2.236s] Level 5:colcon.colcon_core.verb:set package 'nav2_test_utils' build argument 'cmake_target' from command line to 'None'
[2.236s] Level 5:colcon.colcon_core.verb:set package 'nav2_test_utils' build argument 'cmake_target_skip_unavailable' from command line to 'False'
[2.236s] Level 5:colcon.colcon_core.verb:set package 'nav2_test_utils' build argument 'cmake_clean_cache' from command line to 'False'
[2.236s] Level 5:colcon.colcon_core.verb:set package 'nav2_test_utils' build argument 'cmake_clean_first' from command line to 'False'
[2.236s] Level 5:colcon.colcon_core.verb:set package 'nav2_test_utils' build argument 'cmake_force_configure' from command line to 'False'
[2.236s] Level 5:colcon.colcon_core.verb:set package 'nav2_test_utils' build argument 'ament_cmake_args' from command line to 'None'
[2.236s] Level 5:colcon.colcon_core.verb:set package 'nav2_test_utils' build argument 'catkin_cmake_args' from command line to 'None'
[2.236s] Level 5:colcon.colcon_core.verb:set package 'nav2_test_utils' build argument 'catkin_skip_building_tests' from command line to 'False'
[2.236s] DEBUG:colcon.colcon_core.verb:Building package 'nav2_test_utils' with the following arguments: {'ament_cmake_args': None, 'build_base': '/home/ashmitha/ros_ws/build/nav2_test_utils', 'catkin_cmake_args': None, 'catkin_skip_building_tests': False, 'cmake_args': None, 'cmake_clean_cache': False, 'cmake_clean_first': False, 'cmake_force_configure': False, 'cmake_target': None, 'cmake_target_skip_unavailable': False, 'install_base': '/home/ashmitha/ros_ws/install/nav2_test_utils', 'merge_install': False, 'path': '/home/ashmitha/ros_ws/src/nav2_test_utils', 'symlink_install': False, 'test_result_base': None}
[2.245s] Level 5:colcon.colcon_core.verb:set package 'behaviors' build argument 'cmake_args' from command line to 'None'
[2.245s] Level 5:colcon.colcon_core.verb:set package 'behaviors' build argument 'cmake_target' from command line to 'None'
[2.245s] Level 5:colcon.colcon_core.verb:set package 'behaviors' build argument 'cmake_target_skip_unavailable' from command line to 'False'
[2.245s] Level 5:colcon.colcon_core.verb:set package 'behaviors' build argument 'cmake_clean_cache' from command line to 'False'
[2.245s] Level 5:colcon.colcon_core.verb:set package 'behaviors' build argument 'cmake_clean_first' from command line to 'False'
[2.245s] Level 5:colcon.colcon_core.verb:set package 'behaviors' build argument 'cmake_force_configure' from command line to 'False'
[2.245s] Level 5:colcon.colcon_core.verb:set package 'behaviors' build argument 'ament_cmake_args' from command line to 'None'
[2.245s] Level 5:colcon.colcon_core.verb:set package 'behaviors' build argument 'catkin_cmake_args' from command line to 'None'
[2.245s] Level 5:colcon.colcon_core.verb:set package 'behaviors' build argument 'catkin_skip_building_tests' from command line to 'False'
[2.245s] DEBUG:colcon.colcon_core.verb:Building package 'behaviors' with the following arguments: {'ament_cmake_args': None, 'build_base': '/home/ashmitha/ros_ws/build/behaviors', 'catkin_cmake_args': None, 'catkin_skip_building_tests': False, 'cmake_args': None, 'cmake_clean_cache': False, 'cmake_clean_first': False, 'cmake_force_configure': False, 'cmake_target': None, 'cmake_target_skip_unavailable': False, 'install_base': '/home/ashmitha/ros_ws/install/behaviors', 'merge_install': False, 'path': '/home/ashmitha/ros_ws/src/behaviors', 'symlink_install': False, 'test_result_base': None}
[2.254s] INFO:colcon.colcon_core.executor:Executing jobs using 'parallel' executor
[2.263s] DEBUG:colcon.colcon_parallel_executor.executor.parallel:run_until_complete
[2.263s] INFO:colcon.colcon_ros.task.ament_cmake.build:Building ROS package in '/home/ashmitha/ros_ws/src/msgs' with build type 'ament_cmake'
[2.263s] INFO:colcon.colcon_cmake.task.cmake.build:Building CMake package in '/home/ashmitha/ros_ws/src/msgs'
[2.274s] INFO:colcon.colcon_core.plugin_system:Skipping extension 'colcon_core.shell.bat': Not used on non-Windows systems
[2.274s] INFO:colcon.colcon_core.shell:Skip shell extension 'powershell' for command environment: Not usable outside of PowerShell
[2.274s] DEBUG:colcon.colcon_core.shell:Skip shell extension 'dsv' for command environment
[2.295s] INFO:colcon.colcon_ros.task.ament_cmake.build:Building ROS package in '/home/ashmitha/ros_ws/src/behavior_trees' with build type 'ament_cmake'
[2.295s] INFO:colcon.colcon_cmake.task.cmake.build:Building CMake package in '/home/ashmitha/ros_ws/src/behavior_trees'
[2.304s] INFO:colcon.colcon_core.shell:Skip shell extension 'powershell' for command environment: Not usable outside of PowerShell
[2.304s] DEBUG:colcon.colcon_core.shell:Skip shell extension 'dsv' for command environment
[2.325s] INFO:colcon.colcon_ros.task.ament_cmake.build:Building ROS package in '/home/ashmitha/ros_ws/src/nav2_test_utils' with build type 'ament_cmake'
[2.326s] INFO:colcon.colcon_cmake.task.cmake.build:Building CMake package in '/home/ashmitha/ros_ws/src/nav2_test_utils'
[2.347s] INFO:colcon.colcon_core.shell:Skip shell extension 'powershell' for command environment: Not usable outside of PowerShell
[2.347s] DEBUG:colcon.colcon_core.shell:Skip shell extension 'dsv' for command environment
[2.374s] DEBUG:colcon.colcon_core.event_handler.log_command:Invoking command in '/home/ashmitha/ros_ws/build/msgs': CMAKE_PREFIX_PATH=/opt/ros/foxy CONDA_PROMPT_MODIFIER=(base) /home/ashmitha/.local/bin/cmake --build /home/ashmitha/ros_ws/build/msgs -- -j8 -l8
[2.377s] DEBUG:colcon.colcon_core.event_handler.log_command:Invoking command in '/home/ashmitha/ros_ws/build/behavior_trees': CMAKE_PREFIX_PATH=/opt/ros/foxy CONDA_PROMPT_MODIFIER=(base) /home/ashmitha/.local/bin/cmake --build /home/ashmitha/ros_ws/build/behavior_trees -- -j8 -l8
[2.381s] DEBUG:colcon.colcon_core.event_handler.log_command:Invoking command in '/home/ashmitha/ros_ws/build/nav2_test_utils': CMAKE_PREFIX_PATH=/opt/ros/foxy CONDA_PROMPT_MODIFIER=(base) /home/ashmitha/.local/bin/cmake --build /home/ashmitha/ros_ws/build/nav2_test_utils -- -j8 -l8
[2.408s] DEBUG:colcon.colcon_core.event_handler.log_command:Invoked command in '/home/ashmitha/ros_ws/build/behavior_trees' returned '0': CMAKE_PREFIX_PATH=/opt/ros/foxy CONDA_PROMPT_MODIFIER=(base) /home/ashmitha/.local/bin/cmake --build /home/ashmitha/ros_ws/build/behavior_trees -- -j8 -l8
[2.429s] DEBUG:colcon.colcon_core.event_handler.log_command:Invoked command in '/home/ashmitha/ros_ws/build/nav2_test_utils' returned '0': CMAKE_PREFIX_PATH=/opt/ros/foxy CONDA_PROMPT_MODIFIER=(base) /home/ashmitha/.local/bin/cmake --build /home/ashmitha/ros_ws/build/nav2_test_utils -- -j8 -l8
[2.472s] DEBUG:colcon.colcon_core.event_handler.log_command:Invoking command in '/home/ashmitha/ros_ws/build/behavior_trees': CMAKE_PREFIX_PATH=/opt/ros/foxy CONDA_PROMPT_MODIFIER=(base) /home/ashmitha/.local/bin/cmake --install /home/ashmitha/ros_ws/build/behavior_trees
[2.476s] DEBUG:colcon.colcon_core.event_handler.log_command:Invoking command in '/home/ashmitha/ros_ws/build/nav2_test_utils': CMAKE_PREFIX_PATH=/opt/ros/foxy CONDA_PROMPT_MODIFIER=(base) /home/ashmitha/.local/bin/cmake --install /home/ashmitha/ros_ws/build/nav2_test_utils
[2.500s] Level 1:colcon.colcon_core.environment:create_environment_scripts_only(behavior_trees)
[2.501s] DEBUG:colcon.colcon_core.event_handler.log_command:Invoked command in '/home/ashmitha/ros_ws/build/behavior_trees' returned '0': CMAKE_PREFIX_PATH=/opt/ros/foxy CONDA_PROMPT_MODIFIER=(base) /home/ashmitha/.local/bin/cmake --install /home/ashmitha/ros_ws/build/behavior_trees
[2.513s] Level 1:colcon.colcon_core.environment:checking '/home/ashmitha/ros_ws/install/behavior_trees' for CMake module files
[2.514s] Level 1:colcon.colcon_core.environment:checking '/home/ashmitha/ros_ws/install/behavior_trees' for CMake config files
[2.514s] Level 1:colcon.colcon_core.shell:create_environment_hook('behavior_trees', 'cmake_prefix_path')
[2.524s] INFO:colcon.colcon_core.shell:Creating environment hook '/home/ashmitha/ros_ws/install/behavior_trees/share/behavior_trees/hook/cmake_prefix_path.ps1'
[2.524s] INFO:colcon.colcon_core.shell:Creating environment descriptor '/home/ashmitha/ros_ws/install/behavior_trees/share/behavior_trees/hook/cmake_prefix_path.dsv'
[2.525s] INFO:colcon.colcon_core.shell:Creating environment hook '/home/ashmitha/ros_ws/install/behavior_trees/share/behavior_trees/hook/cmake_prefix_path.sh'
[2.525s] Level 1:colcon.colcon_core.environment:checking '/home/ashmitha/ros_ws/install/behavior_trees/bin'
[2.525s] Level 1:colcon.colcon_core.environment:checking '/home/ashmitha/ros_ws/install/behavior_trees/lib/pkgconfig/behavior_trees.pc'
[2.526s] Level 1:colcon.colcon_core.environment:checking '/home/ashmitha/ros_ws/install/behavior_trees/lib/python3.8/site-packages'
[2.526s] Level 1:colcon.colcon_core.environment:checking '/home/ashmitha/ros_ws/install/behavior_trees/bin'
[2.535s] INFO:colcon.colcon_core.shell:Creating package script '/home/ashmitha/ros_ws/install/behavior_trees/share/behavior_trees/package.ps1'
[2.536s] INFO:colcon.colcon_core.shell:Creating package descriptor '/home/ashmitha/ros_ws/install/behavior_trees/share/behavior_trees/package.dsv'
[2.537s] INFO:colcon.colcon_core.shell:Creating package script '/home/ashmitha/ros_ws/install/behavior_trees/share/behavior_trees/package.sh'
[2.537s] INFO:colcon.colcon_core.shell:Creating package script '/home/ashmitha/ros_ws/install/behavior_trees/share/behavior_trees/package.bash'
[2.538s] INFO:colcon.colcon_core.shell:Creating package script '/home/ashmitha/ros_ws/install/behavior_trees/share/behavior_trees/package.zsh'
[2.538s] Level 1:colcon.colcon_core.environment:create_file_with_runtime_dependencies(/home/ashmitha/ros_ws/install/behavior_trees/share/colcon-core/packages/behavior_trees)
[2.541s] Level 1:colcon.colcon_core.environment:create_environment_scripts_only(nav2_test_utils)
[2.542s] DEBUG:colcon.colcon_core.event_handler.log_command:Invoked command in '/home/ashmitha/ros_ws/build/nav2_test_utils' returned '0': CMAKE_PREFIX_PATH=/opt/ros/foxy CONDA_PROMPT_MODIFIER=(base) /home/ashmitha/.local/bin/cmake --install /home/ashmitha/ros_ws/build/nav2_test_utils
[2.554s] Level 1:colcon.colcon_core.environment:checking '/home/ashmitha/ros_ws/install/nav2_test_utils' for CMake module files
[2.554s] Level 1:colcon.colcon_core.environment:checking '/home/ashmitha/ros_ws/install/nav2_test_utils' for CMake config files
[2.555s] Level 1:colcon.colcon_core.shell:create_environment_hook('nav2_test_utils', 'cmake_prefix_path')
[2.565s] INFO:colcon.colcon_core.shell:Creating environment hook '/home/ashmitha/ros_ws/install/nav2_test_utils/share/nav2_test_utils/hook/cmake_prefix_path.ps1'
[2.565s] INFO:colcon.colcon_core.shell:Creating environment descriptor '/home/ashmitha/ros_ws/install/nav2_test_utils/share/nav2_test_utils/hook/cmake_prefix_path.dsv'
[2.565s] INFO:colcon.colcon_core.shell:Creating environment hook '/home/ashmitha/ros_ws/install/nav2_test_utils/share/nav2_test_utils/hook/cmake_prefix_path.sh'
[2.566s] Level 1:colcon.colcon_core.environment:checking '/home/ashmitha/ros_ws/install/nav2_test_utils/lib'
[2.566s] Level 1:colcon.colcon_core.environment:checking '/home/ashmitha/ros_ws/install/nav2_test_utils/bin'
[2.566s] Level 1:colcon.colcon_core.environment:checking '/home/ashmitha/ros_ws/install/nav2_test_utils/lib/pkgconfig/nav2_test_utils.pc'
[2.566s] Level 1:colcon.colcon_core.environment:checking '/home/ashmitha/ros_ws/install/nav2_test_utils/lib/python3.8/site-packages'
[2.566s] Level 1:colcon.colcon_core.environment:checking '/home/ashmitha/ros_ws/install/nav2_test_utils/bin'
[2.577s] INFO:colcon.colcon_core.shell:Creating package script '/home/ashmitha/ros_ws/install/nav2_test_utils/share/nav2_test_utils/package.ps1'
[2.578s] INFO:colcon.colcon_core.shell:Creating package descriptor '/home/ashmitha/ros_ws/install/nav2_test_utils/share/nav2_test_utils/package.dsv'
[2.578s] INFO:colcon.colcon_core.shell:Creating package script '/home/ashmitha/ros_ws/install/nav2_test_utils/share/nav2_test_utils/package.sh'
[2.578s] INFO:colcon.colcon_core.shell:Creating package script '/home/ashmitha/ros_ws/install/nav2_test_utils/share/nav2_test_utils/package.bash'
[2.578s] INFO:colcon.colcon_core.shell:Creating package script '/home/ashmitha/ros_ws/install/nav2_test_utils/share/nav2_test_utils/package.zsh'
[2.579s] Level 1:colcon.colcon_core.environment:create_file_with_runtime_dependencies(/home/ashmitha/ros_ws/install/nav2_test_utils/share/colcon-core/packages/nav2_test_utils)
[2.594s] Level 1:colcon.colcon_core.environment:create_environment_scripts_only(behavior_trees)
[2.605s] Level 1:colcon.colcon_core.environment:checking '/home/ashmitha/ros_ws/install/behavior_trees' for CMake module files
[2.605s] Level 1:colcon.colcon_core.environment:checking '/home/ashmitha/ros_ws/install/behavior_trees' for CMake config files
[2.605s] Level 1:colcon.colcon_core.shell:create_environment_hook('behavior_trees', 'cmake_prefix_path')
[2.616s] INFO:colcon.colcon_core.shell:Creating environment hook '/home/ashmitha/ros_ws/install/behavior_trees/share/behavior_trees/hook/cmake_prefix_path.ps1'
[2.617s] INFO:colcon.colcon_core.shell:Creating environment descriptor '/home/ashmitha/ros_ws/install/behavior_trees/share/behavior_trees/hook/cmake_prefix_path.dsv'
[2.618s] INFO:colcon.colcon_core.shell:Creating environment hook '/home/ashmitha/ros_ws/install/behavior_trees/share/behavior_trees/hook/cmake_prefix_path.sh'
[2.618s] Level 1:colcon.colcon_core.environment:checking '/home/ashmitha/ros_ws/install/behavior_trees/bin'
[2.618s] Level 1:colcon.colcon_core.environment:checking '/home/ashmitha/ros_ws/install/behavior_trees/lib/pkgconfig/behavior_trees.pc'
[2.619s] Level 1:colcon.colcon_core.environment:checking '/home/ashmitha/ros_ws/install/behavior_trees/lib/python3.8/site-packages'
[2.619s] Level 1:colcon.colcon_core.environment:checking '/home/ashmitha/ros_ws/install/behavior_trees/bin'
[2.628s] INFO:colcon.colcon_core.shell:Creating package script '/home/ashmitha/ros_ws/install/behavior_trees/share/behavior_trees/package.ps1'
[2.629s] INFO:colcon.colcon_core.shell:Creating package descriptor '/home/ashmitha/ros_ws/install/behavior_trees/share/behavior_trees/package.dsv'
[2.629s] INFO:colcon.colcon_core.shell:Creating package script '/home/ashmitha/ros_ws/install/behavior_trees/share/behavior_trees/package.sh'
[2.630s] INFO:colcon.colcon_core.shell:Creating package script '/home/ashmitha/ros_ws/install/behavior_trees/share/behavior_trees/package.bash'
[2.630s] INFO:colcon.colcon_core.shell:Creating package script '/home/ashmitha/ros_ws/install/behavior_trees/share/behavior_trees/package.zsh'
[2.630s] Level 1:colcon.colcon_core.environment:create_file_with_runtime_dependencies(/home/ashmitha/ros_ws/install/behavior_trees/share/colcon-core/packages/behavior_trees)
[2.641s] Level 1:colcon.colcon_core.environment:create_environment_scripts_only(nav2_test_utils)
[2.651s] Level 1:colcon.colcon_core.environment:checking '/home/ashmitha/ros_ws/install/nav2_test_utils' for CMake module files
[2.651s] Level 1:colcon.colcon_core.environment:checking '/home/ashmitha/ros_ws/install/nav2_test_utils' for CMake config files
[2.652s] Level 1:colcon.colcon_core.shell:create_environment_hook('nav2_test_utils', 'cmake_prefix_path')
[2.662s] INFO:colcon.colcon_core.shell:Creating environment hook '/home/ashmitha/ros_ws/install/nav2_test_utils/share/nav2_test_utils/hook/cmake_prefix_path.ps1'
[2.662s] INFO:colcon.colcon_core.shell:Creating environment descriptor '/home/ashmitha/ros_ws/install/nav2_test_utils/share/nav2_test_utils/hook/cmake_prefix_path.dsv'
[2.662s] INFO:colcon.colcon_core.shell:Creating environment hook '/home/ashmitha/ros_ws/install/nav2_test_utils/share/nav2_test_utils/hook/cmake_prefix_path.sh'
[2.663s] Level 1:colcon.colcon_core.environment:checking '/home/ashmitha/ros_ws/install/nav2_test_utils/lib'
[2.663s] Level 1:colcon.colcon_core.environment:checking '/home/ashmitha/ros_ws/install/nav2_test_utils/bin'
[2.663s] Level 1:colcon.colcon_core.environment:checking '/home/ashmitha/ros_ws/install/nav2_test_utils/lib/pkgconfig/nav2_test_utils.pc'
[2.663s] Level 1:colcon.colcon_core.environment:checking '/home/ashmitha/ros_ws/install/nav2_test_utils/lib/python3.8/site-packages'
[2.664s] Level 1:colcon.colcon_core.environment:checking '/home/ashmitha/ros_ws/install/nav2_test_utils/bin'
[2.674s] INFO:colcon.colcon_core.shell:Creating package script '/home/ashmitha/ros_ws/install/nav2_test_utils/share/nav2_test_utils/package.ps1'
[2.674s] INFO:colcon.colcon_core.shell:Creating package descriptor '/home/ashmitha/ros_ws/install/nav2_test_utils/share/nav2_test_utils/package.dsv'
[2.674s] INFO:colcon.colcon_core.shell:Creating package script '/home/ashmitha/ros_ws/install/nav2_test_utils/share/nav2_test_utils/package.sh'
[2.675s] INFO:colcon.colcon_core.shell:Creating package script '/home/ashmitha/ros_ws/install/nav2_test_utils/share/nav2_test_utils/package.bash'
[2.675s] INFO:colcon.colcon_core.shell:Creating package script '/home/ashmitha/ros_ws/install/nav2_test_utils/share/nav2_test_utils/package.zsh'
[2.675s] Level 1:colcon.colcon_core.environment:create_file_with_runtime_dependencies(/home/ashmitha/ros_ws/install/nav2_test_utils/share/colcon-core/packages/nav2_test_utils)
[6.334s] DEBUG:colcon.colcon_core.event_handler.log_command:Invoked command in '/home/ashmitha/ros_ws/build/msgs' returned '0': CMAKE_PREFIX_PATH=/opt/ros/foxy CONDA_PROMPT_MODIFIER=(base) /home/ashmitha/.local/bin/cmake --build /home/ashmitha/ros_ws/build/msgs -- -j8 -l8
[6.386s] DEBUG:colcon.colcon_core.event_handler.log_command:Invoking command in '/home/ashmitha/ros_ws/build/msgs': CMAKE_PREFIX_PATH=/opt/ros/foxy CONDA_PROMPT_MODIFIER=(base) /home/ashmitha/.local/bin/cmake --install /home/ashmitha/ros_ws/build/msgs
[6.454s] Level 1:colcon.colcon_core.environment:create_environment_scripts_only(msgs)
[6.455s] DEBUG:colcon.colcon_core.event_handler.log_command:Invoked command in '/home/ashmitha/ros_ws/build/msgs' returned '0': CMAKE_PREFIX_PATH=/opt/ros/foxy CONDA_PROMPT_MODIFIER=(base) /home/ashmitha/.local/bin/cmake --install /home/ashmitha/ros_ws/build/msgs
[6.468s] Level 1:colcon.colcon_core.environment:checking '/home/ashmitha/ros_ws/install/msgs' for CMake module files
[6.468s] Level 1:colcon.colcon_core.environment:checking '/home/ashmitha/ros_ws/install/msgs' for CMake config files
[6.469s] Level 1:colcon.colcon_core.shell:create_environment_hook('msgs', 'cmake_prefix_path')
[6.480s] INFO:colcon.colcon_core.shell:Creating environment hook '/home/ashmitha/ros_ws/install/msgs/share/msgs/hook/cmake_prefix_path.ps1'
[6.481s] INFO:colcon.colcon_core.shell:Creating environment descriptor '/home/ashmitha/ros_ws/install/msgs/share/msgs/hook/cmake_prefix_path.dsv'
[6.481s] INFO:colcon.colcon_core.shell:Creating environment hook '/home/ashmitha/ros_ws/install/msgs/share/msgs/hook/cmake_prefix_path.sh'
[6.481s] Level 1:colcon.colcon_core.environment:checking '/home/ashmitha/ros_ws/install/msgs/lib'
[6.481s] Level 1:colcon.colcon_core.shell:create_environment_hook('msgs', 'ld_library_path_lib')
[6.492s] INFO:colcon.colcon_core.shell:Creating environment hook '/home/ashmitha/ros_ws/install/msgs/share/msgs/hook/ld_library_path_lib.ps1'
[6.492s] INFO:colcon.colcon_core.shell:Creating environment descriptor '/home/ashmitha/ros_ws/install/msgs/share/msgs/hook/ld_library_path_lib.dsv'
[6.492s] INFO:colcon.colcon_core.shell:Creating environment hook '/home/ashmitha/ros_ws/install/msgs/share/msgs/hook/ld_library_path_lib.sh'
[6.493s] Level 1:colcon.colcon_core.environment:checking '/home/ashmitha/ros_ws/install/msgs/bin'
[6.493s] Level 1:colcon.colcon_core.environment:checking '/home/ashmitha/ros_ws/install/msgs/lib/pkgconfig/msgs.pc'
[6.493s] Level 1:colcon.colcon_core.environment:checking '/home/ashmitha/ros_ws/install/msgs/lib/python3.8/site-packages'
[6.493s] Level 1:colcon.colcon_core.environment:checking '/home/ashmitha/ros_ws/install/msgs/bin'
[6.504s] INFO:colcon.colcon_core.shell:Creating package script '/home/ashmitha/ros_ws/install/msgs/share/msgs/package.ps1'
[6.504s] INFO:colcon.colcon_core.shell:Creating package descriptor '/home/ashmitha/ros_ws/install/msgs/share/msgs/package.dsv'
[6.505s] INFO:colcon.colcon_core.shell:Creating package script '/home/ashmitha/ros_ws/install/msgs/share/msgs/package.sh'
[6.505s] INFO:colcon.colcon_core.shell:Creating package script '/home/ashmitha/ros_ws/install/msgs/share/msgs/package.bash'
[6.505s] INFO:colcon.colcon_core.shell:Creating package script '/home/ashmitha/ros_ws/install/msgs/share/msgs/package.zsh'
[6.505s] Level 1:colcon.colcon_core.environment:create_file_with_runtime_dependencies(/home/ashmitha/ros_ws/install/msgs/share/colcon-core/packages/msgs)
[6.566s] Level 1:colcon.colcon_core.environment:create_environment_scripts_only(msgs)
[6.576s] Level 1:colcon.colcon_core.environment:checking '/home/ashmitha/ros_ws/install/msgs' for CMake module files
[6.577s] Level 1:colcon.colcon_core.environment:checking '/home/ashmitha/ros_ws/install/msgs' for CMake config files
[6.577s] Level 1:colcon.colcon_core.shell:create_environment_hook('msgs', 'cmake_prefix_path')
[6.587s] INFO:colcon.colcon_core.shell:Creating environment hook '/home/ashmitha/ros_ws/install/msgs/share/msgs/hook/cmake_prefix_path.ps1'
[6.587s] INFO:colcon.colcon_core.shell:Creating environment descriptor '/home/ashmitha/ros_ws/install/msgs/share/msgs/hook/cmake_prefix_path.dsv'
[6.587s] INFO:colcon.colcon_core.shell:Creating environment hook '/home/ashmitha/ros_ws/install/msgs/share/msgs/hook/cmake_prefix_path.sh'
[6.588s] Level 1:colcon.colcon_core.environment:checking '/home/ashmitha/ros_ws/install/msgs/lib'
[6.588s] Level 1:colcon.colcon_core.shell:create_environment_hook('msgs', 'ld_library_path_lib')
[6.597s] INFO:colcon.colcon_core.shell:Creating environment hook '/home/ashmitha/ros_ws/install/msgs/share/msgs/hook/ld_library_path_lib.ps1'
[6.598s] INFO:colcon.colcon_core.shell:Creating environment descriptor '/home/ashmitha/ros_ws/install/msgs/share/msgs/hook/ld_library_path_lib.dsv'
[6.598s] INFO:colcon.colcon_core.shell:Creating environment hook '/home/ashmitha/ros_ws/install/msgs/share/msgs/hook/ld_library_path_lib.sh'
[6.598s] Level 1:colcon.colcon_core.environment:checking '/home/ashmitha/ros_ws/install/msgs/bin'
[6.598s] Level 1:colcon.colcon_core.environment:checking '/home/ashmitha/ros_ws/install/msgs/lib/pkgconfig/msgs.pc'
[6.598s] Level 1:colcon.colcon_core.environment:checking '/home/ashmitha/ros_ws/install/msgs/lib/python3.8/site-packages'
[6.599s] Level 1:colcon.colcon_core.environment:checking '/home/ashmitha/ros_ws/install/msgs/bin'
[6.608s] INFO:colcon.colcon_core.shell:Creating package script '/home/ashmitha/ros_ws/install/msgs/share/msgs/package.ps1'
[6.609s] INFO:colcon.colcon_core.shell:Creating package descriptor '/home/ashmitha/ros_ws/install/msgs/share/msgs/package.dsv'
[6.609s] INFO:colcon.colcon_core.shell:Creating package script '/home/ashmitha/ros_ws/install/msgs/share/msgs/package.sh'
[6.609s] INFO:colcon.colcon_core.shell:Creating package script '/home/ashmitha/ros_ws/install/msgs/share/msgs/package.bash'
[6.610s] INFO:colcon.colcon_core.shell:Creating package script '/home/ashmitha/ros_ws/install/msgs/share/msgs/package.zsh'
[6.610s] Level 1:colcon.colcon_core.environment:create_file_with_runtime_dependencies(/home/ashmitha/ros_ws/install/msgs/share/colcon-core/packages/msgs)
[6.610s] INFO:colcon.colcon_ros.task.ament_cmake.build:Building ROS package in '/home/ashmitha/ros_ws/src/behaviors' with build type 'ament_cmake'
[6.610s] INFO:colcon.colcon_cmake.task.cmake.build:Building CMake package in '/home/ashmitha/ros_ws/src/behaviors'
[6.621s] INFO:colcon.colcon_core.shell:Skip shell extension 'powershell' for command environment: Not usable outside of PowerShell
[6.621s] DEBUG:colcon.colcon_core.shell:Skip shell extension 'dsv' for command environment
[6.651s] DEBUG:colcon.colcon_core.event_handler.log_command:Invoking command in '/home/ashmitha/ros_ws/build/behaviors': AMENT_PREFIX_PATH=/home/ashmitha/ros_ws/install/msgs:${AMENT_PREFIX_PATH} CMAKE_PREFIX_PATH=/home/ashmitha/ros_ws/install/msgs:/opt/ros/foxy CONDA_PROMPT_MODIFIER=(base) LD_LIBRARY_PATH=/home/ashmitha/ros_ws/install/msgs/lib:${LD_LIBRARY_PATH} PYTHONPATH=/home/ashmitha/ros_ws/install/msgs/lib/python3.11/site-packages:${PYTHONPATH} /home/ashmitha/.local/bin/cmake --build /home/ashmitha/ros_ws/build/behaviors -- -j8 -l8
[9.903s] DEBUG:colcon.colcon_core.event_handler.log_command:Invoked command in '/home/ashmitha/ros_ws/build/behaviors' returned '2': AMENT_PREFIX_PATH=/home/ashmitha/ros_ws/install/msgs:${AMENT_PREFIX_PATH} CMAKE_PREFIX_PATH=/home/ashmitha/ros_ws/install/msgs:/opt/ros/foxy CONDA_PROMPT_MODIFIER=(base) LD_LIBRARY_PATH=/home/ashmitha/ros_ws/install/msgs/lib:${LD_LIBRARY_PATH} PYTHONPATH=/home/ashmitha/ros_ws/install/msgs/lib/python3.11/site-packages:${PYTHONPATH} /home/ashmitha/.local/bin/cmake --build /home/ashmitha/ros_ws/build/behaviors -- -j8 -l8
[9.951s] Level 1:colcon.colcon_core.environment:create_environment_scripts_only(behaviors)
[9.962s] Level 1:colcon.colcon_core.environment:checking '/home/ashmitha/ros_ws/install/behaviors' for CMake module files
[9.962s] Level 1:colcon.colcon_core.environment:checking '/home/ashmitha/ros_ws/install/behaviors' for CMake config files
[9.962s] Level 1:colcon.colcon_core.shell:create_environment_hook('behaviors', 'cmake_prefix_path')
[9.972s] INFO:colcon.colcon_core.shell:Creating environment hook '/home/ashmitha/ros_ws/install/behaviors/share/behaviors/hook/cmake_prefix_path.ps1'
[9.973s] INFO:colcon.colcon_core.shell:Creating environment descriptor '/home/ashmitha/ros_ws/install/behaviors/share/behaviors/hook/cmake_prefix_path.dsv'
[9.973s] INFO:colcon.colcon_core.shell:Creating environment hook '/home/ashmitha/ros_ws/install/behaviors/share/behaviors/hook/cmake_prefix_path.sh'
[9.973s] Level 1:colcon.colcon_core.environment:checking '/home/ashmitha/ros_ws/install/behaviors/bin'
[9.973s] Level 1:colcon.colcon_core.environment:checking '/home/ashmitha/ros_ws/install/behaviors/lib/pkgconfig/behaviors.pc'
[9.974s] Level 1:colcon.colcon_core.environment:checking '/home/ashmitha/ros_ws/install/behaviors/lib/python3.8/site-packages'
[9.974s] Level 1:colcon.colcon_core.environment:checking '/home/ashmitha/ros_ws/install/behaviors/bin'
[9.984s] INFO:colcon.colcon_core.shell:Creating package script '/home/ashmitha/ros_ws/install/behaviors/share/behaviors/package.ps1'
[9.984s] INFO:colcon.colcon_core.shell:Creating package descriptor '/home/ashmitha/ros_ws/install/behaviors/share/behaviors/package.dsv'
[9.985s] INFO:colcon.colcon_core.shell:Creating package script '/home/ashmitha/ros_ws/install/behaviors/share/behaviors/package.sh'
[9.985s] INFO:colcon.colcon_core.shell:Creating package script '/home/ashmitha/ros_ws/install/behaviors/share/behaviors/package.bash'
[9.985s] INFO:colcon.colcon_core.shell:Creating package script '/home/ashmitha/ros_ws/install/behaviors/share/behaviors/package.zsh'
[9.985s] Level 1:colcon.colcon_core.environment:create_file_with_runtime_dependencies(/home/ashmitha/ros_ws/install/behaviors/share/colcon-core/packages/behaviors)
[9.996s] DEBUG:colcon.colcon_parallel_executor.executor.parallel:closing loop
[9.996s] DEBUG:colcon.colcon_parallel_executor.executor.parallel:loop closed
[9.996s] DEBUG:colcon.colcon_parallel_executor.executor.parallel:run_until_complete finished with '2'
[9.996s] DEBUG:colcon.colcon_core.event_reactor:joining thread
[10.010s] INFO:colcon.colcon_core.plugin_system:Skipping extension 'colcon_notification.desktop_notification.terminal_notifier': Not used on non-Darwin systems
[10.010s] INFO:colcon.colcon_core.plugin_system:Skipping extension 'colcon_notification.desktop_notification.win32': Not used on non-Windows systems
[10.010s] INFO:colcon.colcon_notification.desktop_notification:Sending desktop notification using 'notify2'
[10.012s] ERROR:colcon.colcon_notification.desktop_notification:Exception in desktop notification extension 'notify2': Expected a string or unicode object
Traceback (most recent call last):
  File "/usr/lib/python3/dist-packages/colcon_notification/desktop_notification/__init__.py", line 106, in notify
    retval = extension.notify(
  File "/usr/lib/python3/dist-packages/colcon_notification/desktop_notification/notify2.py", line 51, in notify
    self._last_notification.show()
  File "/usr/lib/python3/dist-packages/notify2.py", line 181, in show
    nid = dbus_iface.Notify(appname,       # app_name       (spec names)
  File "/usr/lib/python3/dist-packages/dbus/proxies.py", line 72, in __call__
    return self._proxy_method(*args, **keywords)
  File "/usr/lib/python3/dist-packages/dbus/proxies.py", line 141, in __call__
    return self._connection.call_blocking(self._named_service,
  File "/usr/lib/python3/dist-packages/dbus/connection.py", line 643, in call_blocking
    message.append(signature=signature, *args)
TypeError: Expected a string or unicode object

[10.012s] INFO:colcon.colcon_notification.desktop_notification:Sending desktop notification using 'notify_send'
[10.018s] DEBUG:colcon.colcon_core.event_reactor:joined thread
[10.029s] INFO:colcon.colcon_core.shell:Creating prefix script '/home/ashmitha/ros_ws/install/local_setup.ps1'
[10.030s] INFO:colcon.colcon_core.shell:Creating prefix util module '/home/ashmitha/ros_ws/install/_local_setup_util_ps1.py'
[10.031s] INFO:colcon.colcon_core.shell:Creating prefix chain script '/home/ashmitha/ros_ws/install/setup.ps1'
[10.041s] INFO:colcon.colcon_core.shell:Creating prefix script '/home/ashmitha/ros_ws/install/local_setup.sh'
[10.042s] INFO:colcon.colcon_core.shell:Creating prefix util module '/home/ashmitha/ros_ws/install/_local_setup_util_sh.py'
[10.042s] INFO:colcon.colcon_core.shell:Creating prefix chain script '/home/ashmitha/ros_ws/install/setup.sh'
[10.052s] INFO:colcon.colcon_core.shell:Creating prefix script '/home/ashmitha/ros_ws/install/local_setup.bash'
[10.053s] INFO:colcon.colcon_core.shell:Creating prefix chain script '/home/ashmitha/ros_ws/install/setup.bash'
[10.064s] INFO:colcon.colcon_core.shell:Creating prefix script '/home/ashmitha/ros_ws/install/local_setup.zsh'
[10.064s] INFO:colcon.colcon_core.shell:Creating prefix chain script '/home/ashmitha/ros_ws/install/setup.zsh'
