[0.099s] Invoking command in '/home/ashmitha/ros_ws/build/msgs': CMAKE_PREFIX_PATH=/opt/ros/foxy CONDA_PROMPT_MODIFIER=(base) /home/ashmitha/.local/bin/cmake --build /home/ashmitha/ros_ws/build/msgs -- -j8 -l8
[0.138s] -- Found ament_cmake: 0.9.12 (/opt/ros/foxy/share/ament_cmake/cmake)
[0.141s] [33mCMake Warning (dev) at /opt/ros/foxy/share/ament_cmake_core/cmake/core/python.cmake:22 (find_package):
[0.142s]   Policy CMP0148 is not set: The FindPythonInterp and FindPythonLibs modules
[0.142s]   are removed.  Run "cmake --help-policy CMP0148" for policy details.  Use
[0.142s]   the cmake_policy command to set the policy and suppress this warning.
[0.142s] 
[0.142s] Call Stack (most recent call first):
[0.142s]   /opt/ros/foxy/share/ament_cmake_core/cmake/core/all.cmake:53 (include)
[0.142s]   /opt/ros/foxy/share/ament_cmake_core/cmake/ament_cmake_core-extras.cmake:17 (include)
[0.142s]   /opt/ros/foxy/share/ament_cmake_core/cmake/ament_cmake_coreConfig.cmake:41 (include)
[0.142s]   /opt/ros/foxy/share/ament_cmake/cmake/ament_cmake_export_dependencies-extras.cmake:15 (find_package)
[0.142s]   /opt/ros/foxy/share/ament_cmake/cmake/ament_cmakeConfig.cmake:41 (include)
[0.142s]   CMakeLists.txt:22 (find_package)
[0.142s] This warning is for project developers.  Use -Wno-dev to suppress it.
[0.142s] [0m
[0.157s] -- Found PythonInterp: /home/ashmitha/anaconda3/bin/python3 (found suitable version "3.11.4", minimum required is "3") 
[0.157s] -- Using PYTHON_EXECUTABLE: /home/ashmitha/anaconda3/bin/python3
[0.336s] -- Found nav2_common: 0.4.7 (/opt/ros/foxy/share/nav2_common/cmake)
[0.336s] -- Found builtin_interfaces: 1.0.0 (/opt/ros/foxy/share/builtin_interfaces/cmake)
[0.355s] -- Using all available rosidl_typesupport_c: rosidl_typesupport_fastrtps_c;rosidl_typesupport_introspection_c
[0.359s] -- Found rosidl_adapter: 1.3.1 (/opt/ros/foxy/share/rosidl_adapter/cmake)
[0.466s] -- Using all available rosidl_typesupport_cpp: rosidl_typesupport_fastrtps_cpp;rosidl_typesupport_introspection_cpp
[0.485s] -- Found rosidl_default_generators: 1.0.1 (/opt/ros/foxy/share/rosidl_default_generators/cmake)
[0.493s] -- Found action_msgs: 1.0.0 (/opt/ros/foxy/share/action_msgs/cmake)
[0.522s] -- Found nav_msgs: 2.0.5 (/opt/ros/foxy/share/nav_msgs/cmake)
[0.621s] -- Found ament_lint_auto: 0.9.8 (/opt/ros/foxy/share/ament_lint_auto/cmake)
[0.690s] [33mCMake Warning (dev) at /opt/ros/foxy/share/rosidl_adapter/cmake/rosidl_adapt_interfaces.cmake:40 (find_package):
[0.690s]   Policy CMP0148 is not set: The FindPythonInterp and FindPythonLibs modules
[0.690s]   are removed.  Run "cmake --help-policy CMP0148" for policy details.  Use
[0.690s]   the cmake_policy command to set the policy and suppress this warning.
[0.690s] 
[0.690s] Call Stack (most recent call first):
[0.690s]   /opt/ros/foxy/share/rosidl_cmake/cmake/rosidl_generate_interfaces.cmake:130 (rosidl_adapt_interfaces)
[0.690s]   CMakeLists.txt:57 (rosidl_generate_interfaces)
[0.690s] This warning is for project developers.  Use -Wno-dev to suppress it.
[0.690s] [0m
[0.702s] -- Found PythonInterp: /home/ashmitha/anaconda3/bin/python3 (found version "3.11.4") 
[0.777s] -- Found ament_cmake_ros: 0.9.2 (/opt/ros/foxy/share/ament_cmake_ros/cmake)
[0.920s] -- Using all available rosidl_typesupport_c: rosidl_typesupport_fastrtps_c;rosidl_typesupport_introspection_c
[0.969s] -- Using all available rosidl_typesupport_cpp: rosidl_typesupport_fastrtps_cpp;rosidl_typesupport_introspection_cpp
[0.972s] [33mCMake Warning (dev) at /opt/ros/foxy/share/rosidl_generator_py/cmake/rosidl_generator_py_generate_interfaces.cmake:20 (find_package):
[0.972s]   Policy CMP0148 is not set: The FindPythonInterp and FindPythonLibs modules
[0.972s]   are removed.  Run "cmake --help-policy CMP0148" for policy details.  Use
[0.972s]   the cmake_policy command to set the policy and suppress this warning.
[0.972s] 
[0.972s] Call Stack (most recent call first):
[0.972s]   /opt/ros/foxy/share/ament_cmake_core/cmake/core/ament_execute_extensions.cmake:48 (include)
[0.973s]   /opt/ros/foxy/share/rosidl_cmake/cmake/rosidl_generate_interfaces.cmake:286 (ament_execute_extensions)
[0.973s]   CMakeLists.txt:57 (rosidl_generate_interfaces)
[0.973s] This warning is for project developers.  Use -Wno-dev to suppress it.
[0.973s] [0m
[0.985s] -- Found PythonInterp: /home/ashmitha/anaconda3/bin/python3 (found suitable version "3.11.4", minimum required is "3.5") 
[0.985s] -- Found python_cmake_module: 0.8.1 (/opt/ros/foxy/share/python_cmake_module/cmake)
[0.986s] [33mCMake Warning (dev) at /opt/ros/foxy/share/python_cmake_module/cmake/Modules/FindPythonExtra.cmake:45 (find_package):
[0.986s]   Policy CMP0148 is not set: The FindPythonInterp and FindPythonLibs modules
[0.986s]   are removed.  Run "cmake --help-policy CMP0148" for policy details.  Use
[0.986s]   the cmake_policy command to set the policy and suppress this warning.
[0.986s] 
[0.986s] Call Stack (most recent call first):
[0.986s]   /opt/ros/foxy/share/rosidl_generator_py/cmake/rosidl_generator_py_generate_interfaces.cmake:23 (find_package)
[0.986s]   /opt/ros/foxy/share/ament_cmake_core/cmake/core/ament_execute_extensions.cmake:48 (include)
[0.986s]   /opt/ros/foxy/share/rosidl_cmake/cmake/rosidl_generate_interfaces.cmake:286 (ament_execute_extensions)
[0.986s]   CMakeLists.txt:57 (rosidl_generate_interfaces)
[0.986s] This warning is for project developers.  Use -Wno-dev to suppress it.
[0.986s] [0m
[0.999s] [33mCMake Warning (dev) at /opt/ros/foxy/share/python_cmake_module/cmake/Modules/FindPythonExtra.cmake:133 (find_package):
[1.000s]   Policy CMP0148 is not set: The FindPythonInterp and FindPythonLibs modules
[1.000s]   are removed.  Run "cmake --help-policy CMP0148" for policy details.  Use
[1.000s]   the cmake_policy command to set the policy and suppress this warning.
[1.000s] 
[1.000s] Call Stack (most recent call first):
[1.000s]   /opt/ros/foxy/share/rosidl_generator_py/cmake/rosidl_generator_py_generate_interfaces.cmake:23 (find_package)
[1.000s]   /opt/ros/foxy/share/ament_cmake_core/cmake/core/ament_execute_extensions.cmake:48 (include)
[1.000s]   /opt/ros/foxy/share/rosidl_cmake/cmake/rosidl_generate_interfaces.cmake:286 (ament_execute_extensions)
[1.000s]   CMakeLists.txt:57 (rosidl_generate_interfaces)
[1.000s] This warning is for project developers.  Use -Wno-dev to suppress it.
[1.000s] [0m
[1.003s] -- Using PYTHON_EXECUTABLE: /home/ashmitha/anaconda3/bin/python3
[1.003s] -- Using PYTHON_INCLUDE_DIRS: /home/ashmitha/anaconda3/include/python3.11
[1.003s] -- Using PYTHON_LIBRARIES: /home/ashmitha/anaconda3/lib/libpython3.11.so
[1.359s] -- Using numpy include directory: /home/ashmitha/anaconda3/lib/python3.11/site-packages/numpy/core/include
[1.371s] -- Added test 'copyright' to check source files copyright and LICENSE
[1.373s] -- Added test 'lint_cmake' to check CMake code style
[1.373s] -- Added test 'xmllint' to check XML markup files
[1.379s] -- Configuring done (1.3s)
[1.416s] [33mCMake Warning at /opt/ros/foxy/share/rosidl_generator_py/cmake/rosidl_generator_py_generate_interfaces.cmake:235 (add_library):
[1.416s]   Cannot generate a safe runtime search path for target
[1.416s]   msgs__rosidl_typesupport_fastrtps_c__pyext because files in some
[1.416s]   directories may conflict with libraries in implicit directories:
[1.416s] 
[1.416s]     runtime library [libssl.so.1.1] in /usr/lib/x86_64-linux-gnu may be hidden by files in:
[1.416s]       /home/ashmitha/anaconda3/lib
[1.416s]     runtime library [libcrypto.so.1.1] in /usr/lib/x86_64-linux-gnu may be hidden by files in:
[1.416s]       /home/ashmitha/anaconda3/lib
[1.416s] 
[1.416s]   Some of these libraries may not be found correctly.
[1.416s] Call Stack (most recent call first):
[1.416s]   /opt/ros/foxy/share/ament_cmake_core/cmake/core/ament_execute_extensions.cmake:48 (include)
[1.416s]   /opt/ros/foxy/share/rosidl_cmake/cmake/rosidl_generate_interfaces.cmake:286 (ament_execute_extensions)
[1.416s]   CMakeLists.txt:57 (rosidl_generate_interfaces)
[1.416s] 
[1.416s] [0m
[1.424s] -- Generating done (0.0s)
[1.425s] -- Build files have been written to: /home/ashmitha/ros_ws/build/msgs
[1.438s] [  3%] Built target msgs__cpp
[1.439s] [  6%] [32m[1mLinking C shared library libmsgs__rosidl_generator_c.so[0m
[1.446s] [ 12%] [32m[1mLinking CXX shared library libmsgs__rosidl_typesupport_introspection_cpp.so[0m
[1.446s] [ 12%] [32m[1mLinking CXX shared library libmsgs__rosidl_typesupport_cpp.so[0m
[1.446s] [ 16%] [32m[1mLinking CXX shared library libmsgs__rosidl_typesupport_fastrtps_cpp.so[0m
[1.475s] [ 22%] Built target msgs__rosidl_generator_c
[1.478s] [ 29%] Built target msgs__rosidl_typesupport_cpp
[1.483s] [ 35%] [32m[1mLinking CXX shared library libmsgs__rosidl_typesupport_c.so[0m
[1.483s] [ 35%] [32m[1mLinking C shared library libmsgs__rosidl_typesupport_introspection_c.so[0m
[1.498s] [ 41%] Built target msgs__rosidl_typesupport_introspection_c
[1.502s] [ 48%] Built target msgs__rosidl_typesupport_introspection_cpp
[1.506s] [ 54%] Built target msgs__rosidl_typesupport_c
[1.522s] [ 61%] Built target msgs__rosidl_typesupport_fastrtps_cpp
[1.531s] [ 64%] [32mBuilding CXX object CMakeFiles/msgs__rosidl_typesupport_fastrtps_c.dir/rosidl_typesupport_fastrtps_c/msgs/action/detail/teleop__type_support_c.cpp.o[0m
[1.872s] [ 67%] [32m[1mLinking CXX shared library libmsgs__rosidl_typesupport_fastrtps_c.so[0m
[1.920s] [ 70%] Built target msgs__rosidl_typesupport_fastrtps_c
[1.926s] [ 70%] Built target msgs
[1.932s] [ 74%] Built target msgs__py
[1.940s] [ 77%] [32m[1mLinking C shared library rosidl_generator_py/msgs/libmsgs__python.so[0m
[1.961s] [ 80%] Built target msgs__python
[1.969s] [ 87%] [32m[1mLinking C shared library rosidl_generator_py/msgs/msgs_s__rosidl_typesupport_introspection_c.cpython-311-x86_64-linux-gnu.so[0m
[1.969s] [ 87%] [32mBuilding C object CMakeFiles/msgs__rosidl_typesupport_fastrtps_c__pyext.dir/rosidl_generator_py/msgs/_msgs_s.ep.rosidl_typesupport_fastrtps_c.c.o[0m
[1.969s] [ 90%] [32m[1mLinking C shared library rosidl_generator_py/msgs/msgs_s__rosidl_typesupport_c.cpython-311-x86_64-linux-gnu.so[0m
[1.986s] [ 96%] Built target msgs__rosidl_typesupport_introspection_c__pyext
[1.986s] [ 96%] Built target msgs__rosidl_typesupport_c__pyext
[2.149s] [100%] [32m[1mLinking CXX shared library rosidl_generator_py/msgs/msgs_s__rosidl_typesupport_fastrtps_c.cpython-311-x86_64-linux-gnu.so[0m
[2.184s] [100%] Built target msgs__rosidl_typesupport_fastrtps_c__pyext
[2.191s] Invoked command in '/home/ashmitha/ros_ws/build/msgs' returned '0': CMAKE_PREFIX_PATH=/opt/ros/foxy CONDA_PROMPT_MODIFIER=(base) /home/ashmitha/.local/bin/cmake --build /home/ashmitha/ros_ws/build/msgs -- -j8 -l8
[2.234s] Invoking command in '/home/ashmitha/ros_ws/build/msgs': CMAKE_PREFIX_PATH=/opt/ros/foxy CONDA_PROMPT_MODIFIER=(base) /home/ashmitha/.local/bin/cmake --install /home/ashmitha/ros_ws/build/msgs
[2.257s] -- Install configuration: "Release"
[2.258s] -- Up-to-date: /home/ashmitha/ros_ws/install/msgs/share/ament_index/resource_index/rosidl_interfaces/msgs
[2.258s] -- Up-to-date: /home/ashmitha/ros_ws/install/msgs/include/msgs
[2.258s] -- Up-to-date: /home/ashmitha/ros_ws/install/msgs/include/msgs/msg
[2.258s] -- Up-to-date: /home/ashmitha/ros_ws/install/msgs/include/msgs/msg/rosidl_generator_c__visibility_control.h
[2.258s] -- Up-to-date: /home/ashmitha/ros_ws/install/msgs/include/msgs/action
[2.258s] -- Up-to-date: /home/ashmitha/ros_ws/install/msgs/include/msgs/action/teleop.h
[2.258s] -- Up-to-date: /home/ashmitha/ros_ws/install/msgs/include/msgs/action/detail
[2.258s] -- Up-to-date: /home/ashmitha/ros_ws/install/msgs/include/msgs/action/detail/teleop__functions.c
[2.259s] -- Up-to-date: /home/ashmitha/ros_ws/install/msgs/include/msgs/action/detail/teleop__type_support.h
[2.259s] -- Up-to-date: /home/ashmitha/ros_ws/install/msgs/include/msgs/action/detail/teleop__functions.h
[2.259s] -- Up-to-date: /home/ashmitha/ros_ws/install/msgs/include/msgs/action/detail/teleop__struct.h
[2.259s] -- Up-to-date: /home/ashmitha/ros_ws/install/msgs/share/msgs/environment/library_path.sh
[2.259s] -- Installing: /home/ashmitha/ros_ws/install/msgs/share/msgs/environment/library_path.dsv
[2.259s] -- Installing: /home/ashmitha/ros_ws/install/msgs/lib/libmsgs__rosidl_generator_c.so
[2.259s] -- Set runtime path of "/home/ashmitha/ros_ws/install/msgs/lib/libmsgs__rosidl_generator_c.so" to ""
[2.259s] -- Up-to-date: /home/ashmitha/ros_ws/install/msgs/include/msgs
[2.259s] -- Up-to-date: /home/ashmitha/ros_ws/install/msgs/include/msgs/msg
[2.259s] -- Up-to-date: /home/ashmitha/ros_ws/install/msgs/include/msgs/msg/rosidl_typesupport_fastrtps_c__visibility_control.h
[2.259s] -- Up-to-date: /home/ashmitha/ros_ws/install/msgs/include/msgs/action
[2.259s] -- Up-to-date: /home/ashmitha/ros_ws/install/msgs/include/msgs/action/detail
[2.260s] -- Up-to-date: /home/ashmitha/ros_ws/install/msgs/include/msgs/action/detail/teleop__rosidl_typesupport_fastrtps_c.h
[2.260s] -- Installing: /home/ashmitha/ros_ws/install/msgs/lib/libmsgs__rosidl_typesupport_fastrtps_c.so
[2.260s] -- Set runtime path of "/home/ashmitha/ros_ws/install/msgs/lib/libmsgs__rosidl_typesupport_fastrtps_c.so" to ""
[2.260s] -- Up-to-date: /home/ashmitha/ros_ws/install/msgs/include/msgs
[2.260s] -- Up-to-date: /home/ashmitha/ros_ws/install/msgs/include/msgs/msg
[2.260s] -- Up-to-date: /home/ashmitha/ros_ws/install/msgs/include/msgs/msg/rosidl_typesupport_fastrtps_cpp__visibility_control.h
[2.260s] -- Up-to-date: /home/ashmitha/ros_ws/install/msgs/include/msgs/action
[2.260s] -- Up-to-date: /home/ashmitha/ros_ws/install/msgs/include/msgs/action/detail
[2.260s] -- Up-to-date: /home/ashmitha/ros_ws/install/msgs/include/msgs/action/detail/dds_fastrtps
[2.260s] -- Up-to-date: /home/ashmitha/ros_ws/install/msgs/include/msgs/action/detail/teleop__rosidl_typesupport_fastrtps_cpp.hpp
[2.260s] -- Installing: /home/ashmitha/ros_ws/install/msgs/lib/libmsgs__rosidl_typesupport_fastrtps_cpp.so
[2.261s] -- Set runtime path of "/home/ashmitha/ros_ws/install/msgs/lib/libmsgs__rosidl_typesupport_fastrtps_cpp.so" to ""
[2.261s] -- Up-to-date: /home/ashmitha/ros_ws/install/msgs/include/msgs
[2.261s] -- Up-to-date: /home/ashmitha/ros_ws/install/msgs/include/msgs/msg
[2.261s] -- Up-to-date: /home/ashmitha/ros_ws/install/msgs/include/msgs/msg/rosidl_typesupport_introspection_c__visibility_control.h
[2.261s] -- Up-to-date: /home/ashmitha/ros_ws/install/msgs/include/msgs/action
[2.261s] -- Up-to-date: /home/ashmitha/ros_ws/install/msgs/include/msgs/action/detail
[2.261s] -- Up-to-date: /home/ashmitha/ros_ws/install/msgs/include/msgs/action/detail/teleop__type_support.c
[2.261s] -- Up-to-date: /home/ashmitha/ros_ws/install/msgs/include/msgs/action/detail/teleop__rosidl_typesupport_introspection_c.h
[2.261s] -- Installing: /home/ashmitha/ros_ws/install/msgs/lib/libmsgs__rosidl_typesupport_introspection_c.so
[2.261s] -- Set runtime path of "/home/ashmitha/ros_ws/install/msgs/lib/libmsgs__rosidl_typesupport_introspection_c.so" to ""
[2.261s] -- Installing: /home/ashmitha/ros_ws/install/msgs/lib/libmsgs__rosidl_typesupport_c.so
[2.262s] -- Set runtime path of "/home/ashmitha/ros_ws/install/msgs/lib/libmsgs__rosidl_typesupport_c.so" to ""
[2.262s] -- Up-to-date: /home/ashmitha/ros_ws/install/msgs/include/msgs
[2.262s] -- Up-to-date: /home/ashmitha/ros_ws/install/msgs/include/msgs/msg
[2.262s] -- Up-to-date: /home/ashmitha/ros_ws/install/msgs/include/msgs/msg/rosidl_generator_cpp__visibility_control.hpp
[2.262s] -- Up-to-date: /home/ashmitha/ros_ws/install/msgs/include/msgs/action
[2.262s] -- Up-to-date: /home/ashmitha/ros_ws/install/msgs/include/msgs/action/teleop.hpp
[2.262s] -- Up-to-date: /home/ashmitha/ros_ws/install/msgs/include/msgs/action/detail
[2.262s] -- Up-to-date: /home/ashmitha/ros_ws/install/msgs/include/msgs/action/detail/teleop__struct.hpp
[2.262s] -- Up-to-date: /home/ashmitha/ros_ws/install/msgs/include/msgs/action/detail/teleop__type_support.hpp
[2.262s] -- Up-to-date: /home/ashmitha/ros_ws/install/msgs/include/msgs/action/detail/teleop__traits.hpp
[2.262s] -- Up-to-date: /home/ashmitha/ros_ws/install/msgs/include/msgs/action/detail/teleop__builder.hpp
[2.262s] -- Up-to-date: /home/ashmitha/ros_ws/install/msgs/include/msgs
[2.262s] -- Up-to-date: /home/ashmitha/ros_ws/install/msgs/include/msgs/action
[2.262s] -- Up-to-date: /home/ashmitha/ros_ws/install/msgs/include/msgs/action/detail
[2.263s] -- Up-to-date: /home/ashmitha/ros_ws/install/msgs/include/msgs/action/detail/teleop__type_support.cpp
[2.263s] -- Up-to-date: /home/ashmitha/ros_ws/install/msgs/include/msgs/action/detail/teleop__rosidl_typesupport_introspection_cpp.hpp
[2.263s] -- Installing: /home/ashmitha/ros_ws/install/msgs/lib/libmsgs__rosidl_typesupport_introspection_cpp.so
[2.263s] -- Set runtime path of "/home/ashmitha/ros_ws/install/msgs/lib/libmsgs__rosidl_typesupport_introspection_cpp.so" to ""
[2.263s] -- Installing: /home/ashmitha/ros_ws/install/msgs/lib/libmsgs__rosidl_typesupport_cpp.so
[2.263s] -- Set runtime path of "/home/ashmitha/ros_ws/install/msgs/lib/libmsgs__rosidl_typesupport_cpp.so" to ""
[2.263s] -- Up-to-date: /home/ashmitha/ros_ws/install/msgs/share/msgs/environment/pythonpath.sh
[2.263s] -- Installing: /home/ashmitha/ros_ws/install/msgs/share/msgs/environment/pythonpath.dsv
[2.263s] -- Installing: /home/ashmitha/ros_ws/install/msgs/lib/python3.11/site-packages/msgs/__init__.py
[2.285s] Compiling '/home/ashmitha/ros_ws/install/msgs/lib/python3.11/site-packages/msgs/__init__.py'...
[2.288s] -- Up-to-date: /home/ashmitha/ros_ws/install/msgs/lib/python3.11/site-packages/msgs/action
[2.288s] -- Up-to-date: /home/ashmitha/ros_ws/install/msgs/lib/python3.11/site-packages/msgs/action/__init__.py
[2.288s] -- Up-to-date: /home/ashmitha/ros_ws/install/msgs/lib/python3.11/site-packages/msgs/action/_teleop.py
[2.288s] -- Up-to-date: /home/ashmitha/ros_ws/install/msgs/lib/python3.11/site-packages/msgs/action/_teleop_s.c
[2.288s] -- Installing: /home/ashmitha/ros_ws/install/msgs/lib/python3.11/site-packages/msgs/msgs_s__rosidl_typesupport_fastrtps_c.cpython-311-x86_64-linux-gnu.so
[2.288s] -- Set runtime path of "/home/ashmitha/ros_ws/install/msgs/lib/python3.11/site-packages/msgs/msgs_s__rosidl_typesupport_fastrtps_c.cpython-311-x86_64-linux-gnu.so" to ""
[2.288s] -- Installing: /home/ashmitha/ros_ws/install/msgs/lib/python3.11/site-packages/msgs/msgs_s__rosidl_typesupport_introspection_c.cpython-311-x86_64-linux-gnu.so
[2.288s] -- Set runtime path of "/home/ashmitha/ros_ws/install/msgs/lib/python3.11/site-packages/msgs/msgs_s__rosidl_typesupport_introspection_c.cpython-311-x86_64-linux-gnu.so" to ""
[2.288s] -- Installing: /home/ashmitha/ros_ws/install/msgs/lib/python3.11/site-packages/msgs/msgs_s__rosidl_typesupport_c.cpython-311-x86_64-linux-gnu.so
[2.288s] -- Set runtime path of "/home/ashmitha/ros_ws/install/msgs/lib/python3.11/site-packages/msgs/msgs_s__rosidl_typesupport_c.cpython-311-x86_64-linux-gnu.so" to ""
[2.289s] -- Installing: /home/ashmitha/ros_ws/install/msgs/lib/libmsgs__python.so
[2.289s] -- Set runtime path of "/home/ashmitha/ros_ws/install/msgs/lib/libmsgs__python.so" to ""
[2.289s] -- Up-to-date: /home/ashmitha/ros_ws/install/msgs/share/msgs/action/Teleop.idl
[2.289s] -- Up-to-date: /home/ashmitha/ros_ws/install/msgs/share/msgs/action/Teleop.action
[2.289s] -- Installing: /home/ashmitha/ros_ws/install/msgs/share/ament_index/resource_index/package_run_dependencies/msgs
[2.289s] -- Installing: /home/ashmitha/ros_ws/install/msgs/share/ament_index/resource_index/parent_prefix_path/msgs
[2.289s] -- Up-to-date: /home/ashmitha/ros_ws/install/msgs/share/msgs/environment/ament_prefix_path.sh
[2.289s] -- Installing: /home/ashmitha/ros_ws/install/msgs/share/msgs/environment/ament_prefix_path.dsv
[2.289s] -- Up-to-date: /home/ashmitha/ros_ws/install/msgs/share/msgs/environment/path.sh
[2.289s] -- Installing: /home/ashmitha/ros_ws/install/msgs/share/msgs/environment/path.dsv
[2.289s] -- Up-to-date: /home/ashmitha/ros_ws/install/msgs/share/msgs/local_setup.bash
[2.289s] -- Up-to-date: /home/ashmitha/ros_ws/install/msgs/share/msgs/local_setup.sh
[2.289s] -- Up-to-date: /home/ashmitha/ros_ws/install/msgs/share/msgs/local_setup.zsh
[2.289s] -- Installing: /home/ashmitha/ros_ws/install/msgs/share/msgs/local_setup.dsv
[2.289s] -- Installing: /home/ashmitha/ros_ws/install/msgs/share/msgs/package.dsv
[2.289s] -- Up-to-date: /home/ashmitha/ros_ws/install/msgs/share/ament_index/resource_index/packages/msgs
[2.289s] -- Old export file "/home/ashmitha/ros_ws/install/msgs/share/msgs/cmake/msgs__rosidl_generator_cExport.cmake" will be replaced.  Removing files [/home/ashmitha/ros_ws/install/msgs/share/msgs/cmake/msgs__rosidl_generator_cExport-release.cmake].
[2.290s] -- Installing: /home/ashmitha/ros_ws/install/msgs/share/msgs/cmake/msgs__rosidl_generator_cExport.cmake
[2.290s] -- Installing: /home/ashmitha/ros_ws/install/msgs/share/msgs/cmake/msgs__rosidl_generator_cExport-release.cmake
[2.290s] -- Old export file "/home/ashmitha/ros_ws/install/msgs/share/msgs/cmake/msgs__rosidl_typesupport_introspection_cExport.cmake" will be replaced.  Removing files [/home/ashmitha/ros_ws/install/msgs/share/msgs/cmake/msgs__rosidl_typesupport_introspection_cExport-release.cmake].
[2.290s] -- Installing: /home/ashmitha/ros_ws/install/msgs/share/msgs/cmake/msgs__rosidl_typesupport_introspection_cExport.cmake
[2.290s] -- Installing: /home/ashmitha/ros_ws/install/msgs/share/msgs/cmake/msgs__rosidl_typesupport_introspection_cExport-release.cmake
[2.290s] -- Old export file "/home/ashmitha/ros_ws/install/msgs/share/msgs/cmake/msgs__rosidl_typesupport_cExport.cmake" will be replaced.  Removing files [/home/ashmitha/ros_ws/install/msgs/share/msgs/cmake/msgs__rosidl_typesupport_cExport-release.cmake].
[2.290s] -- Installing: /home/ashmitha/ros_ws/install/msgs/share/msgs/cmake/msgs__rosidl_typesupport_cExport.cmake
[2.290s] -- Installing: /home/ashmitha/ros_ws/install/msgs/share/msgs/cmake/msgs__rosidl_typesupport_cExport-release.cmake
[2.290s] -- Installing: /home/ashmitha/ros_ws/install/msgs/share/msgs/cmake/msgs__rosidl_generator_cppExport.cmake
[2.290s] -- Old export file "/home/ashmitha/ros_ws/install/msgs/share/msgs/cmake/msgs__rosidl_typesupport_introspection_cppExport.cmake" will be replaced.  Removing files [/home/ashmitha/ros_ws/install/msgs/share/msgs/cmake/msgs__rosidl_typesupport_introspection_cppExport-release.cmake].
[2.290s] -- Installing: /home/ashmitha/ros_ws/install/msgs/share/msgs/cmake/msgs__rosidl_typesupport_introspection_cppExport.cmake
[2.290s] -- Installing: /home/ashmitha/ros_ws/install/msgs/share/msgs/cmake/msgs__rosidl_typesupport_introspection_cppExport-release.cmake
[2.290s] -- Old export file "/home/ashmitha/ros_ws/install/msgs/share/msgs/cmake/msgs__rosidl_typesupport_cppExport.cmake" will be replaced.  Removing files [/home/ashmitha/ros_ws/install/msgs/share/msgs/cmake/msgs__rosidl_typesupport_cppExport-release.cmake].
[2.290s] -- Installing: /home/ashmitha/ros_ws/install/msgs/share/msgs/cmake/msgs__rosidl_typesupport_cppExport.cmake
[2.290s] -- Installing: /home/ashmitha/ros_ws/install/msgs/share/msgs/cmake/msgs__rosidl_typesupport_cppExport-release.cmake
[2.290s] -- Up-to-date: /home/ashmitha/ros_ws/install/msgs/share/msgs/cmake/rosidl_cmake-extras.cmake
[2.291s] -- Installing: /home/ashmitha/ros_ws/install/msgs/share/msgs/cmake/ament_cmake_export_dependencies-extras.cmake
[2.291s] -- Up-to-date: /home/ashmitha/ros_ws/install/msgs/share/msgs/cmake/ament_cmake_export_libraries-extras.cmake
[2.291s] -- Up-to-date: /home/ashmitha/ros_ws/install/msgs/share/msgs/cmake/ament_cmake_export_targets-extras.cmake
[2.291s] -- Up-to-date: /home/ashmitha/ros_ws/install/msgs/share/msgs/cmake/ament_cmake_export_include_directories-extras.cmake
[2.291s] -- Up-to-date: /home/ashmitha/ros_ws/install/msgs/share/msgs/cmake/rosidl_cmake_export_typesupport_libraries-extras.cmake
[2.291s] -- Up-to-date: /home/ashmitha/ros_ws/install/msgs/share/msgs/cmake/rosidl_cmake_export_typesupport_targets-extras.cmake
[2.291s] -- Up-to-date: /home/ashmitha/ros_ws/install/msgs/share/msgs/cmake/msgsConfig.cmake
[2.291s] -- Up-to-date: /home/ashmitha/ros_ws/install/msgs/share/msgs/cmake/msgsConfig-version.cmake
[2.291s] -- Installing: /home/ashmitha/ros_ws/install/msgs/share/msgs/package.xml
[2.295s] Invoked command in '/home/ashmitha/ros_ws/build/msgs' returned '0': CMAKE_PREFIX_PATH=/opt/ros/foxy CONDA_PROMPT_MODIFIER=(base) /home/ashmitha/.local/bin/cmake --install /home/ashmitha/ros_ws/build/msgs
