-- The C compiler identification is GNU 9.4.0
-- The CXX compiler identification is GNU 9.4.0
-- Detecting C compiler ABI info
-- Detecting C compiler ABI info - done
-- Check for working C compiler: /usr/bin/cc - skipped
-- Detecting C compile features
-- Detecting C compile features - done
-- Detecting CXX compiler ABI info
-- Detecting CXX compiler ABI info - done
-- Check for working CXX compiler: /usr/bin/c++ - skipped
-- Detecting CXX compile features
-- Detecting CXX compile features - done
-- Found ament_cmake: 0.9.12 (/opt/ros/foxy/share/ament_cmake/cmake)
-- Found PythonInterp: /home/ashmitha/anaconda3/bin/python3 (found suitable version "3.11.4", minimum required is "3") 
-- Using PYTHON_EXECUTABLE: /home/ashmitha/anaconda3/bin/python3
-- Found ament_lint_auto: 0.9.8 (/opt/ros/foxy/share/ament_lint_auto/cmake)
-- Added test 'copyright' to check source files copyright and LICENSE
-- Added test 'cppcheck' to perform static code analysis on C / C++ code
-- Configured cppcheck include dirs: 
-- Configured cppcheck exclude dirs and/or files: 
-- Added test 'cpplint' to check C / C++ code against the Google style
-- Configured cpplint exclude dirs and/or files: 
-- Added test 'lint_cmake' to check CMake code style
-- Added test 'uncrustify' to check C / C++ code style
-- Configured uncrustify additional arguments: 
-- Added test 'xmllint' to check XML markup files
-- Configuring done (0.5s)
-- Generating done (0.0s)
-- Build files have been written to: /home/ashmitha/ros_ws/build/behavior_trees
-- Install configuration: ""
-- Installing: /home/ashmitha/ros_ws/install/behavior_trees/share/ament_index/resource_index/package_run_dependencies/behavior_trees
-- Installing: /home/ashmitha/ros_ws/install/behavior_trees/share/ament_index/resource_index/parent_prefix_path/behavior_trees
-- Installing: /home/ashmitha/ros_ws/install/behavior_trees/share/behavior_trees/environment/ament_prefix_path.sh
-- Installing: /home/ashmitha/ros_ws/install/behavior_trees/share/behavior_trees/environment/ament_prefix_path.dsv
-- Installing: /home/ashmitha/ros_ws/install/behavior_trees/share/behavior_trees/environment/path.sh
-- Installing: /home/ashmitha/ros_ws/install/behavior_trees/share/behavior_trees/environment/path.dsv
-- Installing: /home/ashmitha/ros_ws/install/behavior_trees/share/behavior_trees/local_setup.bash
-- Installing: /home/ashmitha/ros_ws/install/behavior_trees/share/behavior_trees/local_setup.sh
-- Installing: /home/ashmitha/ros_ws/install/behavior_trees/share/behavior_trees/local_setup.zsh
-- Installing: /home/ashmitha/ros_ws/install/behavior_trees/share/behavior_trees/local_setup.dsv
-- Installing: /home/ashmitha/ros_ws/install/behavior_trees/share/behavior_trees/package.dsv
-- Installing: /home/ashmitha/ros_ws/install/behavior_trees/share/ament_index/resource_index/packages/behavior_trees
-- Installing: /home/ashmitha/ros_ws/install/behavior_trees/share/behavior_trees/cmake/behavior_treesConfig.cmake
-- Installing: /home/ashmitha/ros_ws/install/behavior_trees/share/behavior_trees/cmake/behavior_treesConfig-version.cmake
-- Installing: /home/ashmitha/ros_ws/install/behavior_trees/share/behavior_trees/package.xml
