[0.167s] Invoking command in '/home/ashmitha/ros_ws/build/behavior_trees': CMAKE_PREFIX_PATH=${CMAKE_PREFIX_PATH}:/opt/ros/foxy CONDA_PROMPT_MODIFIER=(base) /home/ashmitha/.local/bin/cmake /home/ashmitha/ros_ws/src/behavior_trees -DCMAKE_INSTALL_PREFIX=/home/ashmitha/ros_ws/install/behavior_trees
[0.230s] -- The C compiler identification is GNU 9.4.0
[0.276s] -- The CXX compiler identification is GNU 9.4.0
[0.291s] -- Detecting C compiler ABI info
[0.336s] -- Detecting C compiler ABI info - done
[0.350s] -- Check for working C compiler: /usr/bin/cc - skipped
[0.350s] -- Detecting C compile features
[0.351s] -- Detecting C compile features - done
[0.361s] -- Detecting CXX compiler ABI info
[0.415s] -- Detecting CXX compiler ABI info - done
[0.432s] -- Check for working CXX compiler: /usr/bin/c++ - skipped
[0.432s] -- Detecting CXX compile features
[0.433s] -- Detecting CXX compile features - done
[0.438s] -- Found ament_cmake: 0.9.12 (/opt/ros/foxy/share/ament_cmake/cmake)
[0.443s] [33mCMake Warning (dev) at /opt/ros/foxy/share/ament_cmake_core/cmake/core/python.cmake:22 (find_package):
[0.443s]   Policy CMP0148 is not set: The FindPythonInterp and FindPythonLibs modules
[0.443s]   are removed.  Run "cmake --help-policy CMP0148" for policy details.  Use
[0.443s]   the cmake_policy command to set the policy and suppress this warning.
[0.443s] 
[0.443s] Call Stack (most recent call first):
[0.443s]   /opt/ros/foxy/share/ament_cmake_core/cmake/core/all.cmake:53 (include)
[0.443s]   /opt/ros/foxy/share/ament_cmake_core/cmake/ament_cmake_core-extras.cmake:17 (include)
[0.443s]   /opt/ros/foxy/share/ament_cmake_core/cmake/ament_cmake_coreConfig.cmake:41 (include)
[0.443s]   /opt/ros/foxy/share/ament_cmake/cmake/ament_cmake_export_dependencies-extras.cmake:15 (find_package)
[0.443s]   /opt/ros/foxy/share/ament_cmake/cmake/ament_cmakeConfig.cmake:41 (include)
[0.444s]   CMakeLists.txt:19 (find_package)
[0.444s] This warning is for project developers.  Use -Wno-dev to suppress it.
[0.444s] [0m
[0.458s] -- Found PythonInterp: /home/ashmitha/anaconda3/bin/python3 (found suitable version "3.11.4", minimum required is "3") 
[0.458s] -- Using PYTHON_EXECUTABLE: /home/ashmitha/anaconda3/bin/python3
[0.623s] -- Found ament_lint_auto: 0.9.8 (/opt/ros/foxy/share/ament_lint_auto/cmake)
[0.702s] -- Added test 'copyright' to check source files copyright and LICENSE
[0.703s] -- Added test 'cppcheck' to perform static code analysis on C / C++ code
[0.703s] -- Configured cppcheck include dirs: 
[0.704s] -- Configured cppcheck exclude dirs and/or files: 
[0.705s] -- Added test 'cpplint' to check C / C++ code against the Google style
[0.705s] -- Configured cpplint exclude dirs and/or files: 
[0.706s] -- Added test 'lint_cmake' to check CMake code style
[0.707s] -- Added test 'uncrustify' to check C / C++ code style
[0.707s] -- Configured uncrustify additional arguments: 
[0.708s] -- Added test 'xmllint' to check XML markup files
[0.709s] -- Configuring done (0.5s)
[0.712s] -- Generating done (0.0s)
[0.713s] -- Build files have been written to: /home/ashmitha/ros_ws/build/behavior_trees
[0.722s] Invoked command in '/home/ashmitha/ros_ws/build/behavior_trees' returned '0': CMAKE_PREFIX_PATH=${CMAKE_PREFIX_PATH}:/opt/ros/foxy CONDA_PROMPT_MODIFIER=(base) /home/ashmitha/.local/bin/cmake /home/ashmitha/ros_ws/src/behavior_trees -DCMAKE_INSTALL_PREFIX=/home/ashmitha/ros_ws/install/behavior_trees
[0.725s] Invoking command in '/home/ashmitha/ros_ws/build/behavior_trees': CMAKE_PREFIX_PATH=${CMAKE_PREFIX_PATH}:/opt/ros/foxy CONDA_PROMPT_MODIFIER=(base) /home/ashmitha/.local/bin/cmake --build /home/ashmitha/ros_ws/build/behavior_trees -- -j8 -l8
[0.759s] Invoked command in '/home/ashmitha/ros_ws/build/behavior_trees' returned '0': CMAKE_PREFIX_PATH=${CMAKE_PREFIX_PATH}:/opt/ros/foxy CONDA_PROMPT_MODIFIER=(base) /home/ashmitha/.local/bin/cmake --build /home/ashmitha/ros_ws/build/behavior_trees -- -j8 -l8
[0.823s] Invoking command in '/home/ashmitha/ros_ws/build/behavior_trees': CMAKE_PREFIX_PATH=${CMAKE_PREFIX_PATH}:/opt/ros/foxy CONDA_PROMPT_MODIFIER=(base) /home/ashmitha/.local/bin/cmake --install /home/ashmitha/ros_ws/build/behavior_trees
[0.844s] -- Install configuration: ""
[0.844s] -- Installing: /home/ashmitha/ros_ws/install/behavior_trees/share/ament_index/resource_index/package_run_dependencies/behavior_trees
[0.844s] -- Installing: /home/ashmitha/ros_ws/install/behavior_trees/share/ament_index/resource_index/parent_prefix_path/behavior_trees
[0.844s] -- Installing: /home/ashmitha/ros_ws/install/behavior_trees/share/behavior_trees/environment/ament_prefix_path.sh
[0.845s] -- Installing: /home/ashmitha/ros_ws/install/behavior_trees/share/behavior_trees/environment/ament_prefix_path.dsv
[0.845s] -- Installing: /home/ashmitha/ros_ws/install/behavior_trees/share/behavior_trees/environment/path.sh
[0.845s] -- Installing: /home/ashmitha/ros_ws/install/behavior_trees/share/behavior_trees/environment/path.dsv
[0.845s] -- Installing: /home/ashmitha/ros_ws/install/behavior_trees/share/behavior_trees/local_setup.bash
[0.845s] -- Installing: /home/ashmitha/ros_ws/install/behavior_trees/share/behavior_trees/local_setup.sh
[0.845s] -- Installing: /home/ashmitha/ros_ws/install/behavior_trees/share/behavior_trees/local_setup.zsh
[0.845s] -- Installing: /home/ashmitha/ros_ws/install/behavior_trees/share/behavior_trees/local_setup.dsv
[0.845s] -- Installing: /home/ashmitha/ros_ws/install/behavior_trees/share/behavior_trees/package.dsv
[0.845s] -- Installing: /home/ashmitha/ros_ws/install/behavior_trees/share/ament_index/resource_index/packages/behavior_trees
[0.845s] -- Installing: /home/ashmitha/ros_ws/install/behavior_trees/share/behavior_trees/cmake/behavior_treesConfig.cmake
[0.845s] -- Installing: /home/ashmitha/ros_ws/install/behavior_trees/share/behavior_trees/cmake/behavior_treesConfig-version.cmake
[0.845s] -- Installing: /home/ashmitha/ros_ws/install/behavior_trees/share/behavior_trees/package.xml
[0.850s] Invoked command in '/home/ashmitha/ros_ws/build/behavior_trees' returned '0': CMAKE_PREFIX_PATH=${CMAKE_PREFIX_PATH}:/opt/ros/foxy CONDA_PROMPT_MODIFIER=(base) /home/ashmitha/.local/bin/cmake --install /home/ashmitha/ros_ws/build/behavior_trees
